#
# There is insufficient memory for the Java Runtime Environment to continue.
# Native memory allocation (mmap) failed to map 285212672 bytes for G1 virtual space
# Possible reasons:
#   The system is out of physical RAM or swap space
#   The process is running with CompressedOops enabled, and the Java Heap may be blocking the growth of the native heap
# Possible solutions:
#   Reduce memory load on the system
#   Increase physical memory or swap space
#   Check if swap backing store is full
#   Decrease Java heap size (-Xmx/-Xms)
#   Decrease number of Java threads
#   Decrease Java thread stack sizes (-Xss)
#   Set larger code cache with -XX:ReservedCodeCacheSize=
#   JVM is running with Zero Based Compressed Oops mode in which the Java heap is
#     placed in the first 32GB address space. The Java Heap base address is the
#     maximum limit for the native heap growth. Please use -XX:HeapBaseMinAddress
#     to set the Java Heap base and to place the Java Heap above 32GB virtual address.
# This output file may be truncated or incomplete.
#
#  Out of Memory Error (os_windows.cpp:3530), pid=2924, tid=1660
#
# JRE version: OpenJDK Runtime Environment (18.0.2.1+1) (build 18.0.2.1+1-1)
# Java VM: OpenJDK 64-Bit Server VM (18.0.2.1+1-1, mixed mode, emulated-client, sharing, tiered, compressed oops, compressed class ptrs, g1 gc, windows-amd64)
# No core dump will be written. Minidumps are not enabled by default on client versions of Windows
#

---------------  S U M M A R Y ------------

Command Line: -Dquarkus-internal.serialized-app-model.path=C:\Users\OVERY\IdeaProjects\fin-app\target\quarkus\bootstrap\dev-app-model.dat -javaagent:C:\Users\OVERY\.m2\repository\io\quarkus\quarkus-class-change-agent\3.5.0\quarkus-class-change-agent-3.5.0.jar -XX:TieredStopAtLevel=1 -agentlib:jdwp=transport=dt_socket,address=localhost:59952,server=y,suspend=n -Djava.util.logging.manager=org.jboss.logmanager.LogManager C:\Users\OVERY\IdeaProjects\fin-app\target\code-with-quarkus-dev.jar

Host: 12th Gen Intel(R) Core(TM) i5-12400F, 12 cores, 15G,  Windows 11 , 64 bit Build 22621 (10.0.22621.2428)
Time: Wed Nov  8 00:50:40 2023  Windows 11 , 64 bit Build 22621 (10.0.22621.2428) elapsed time: 2.180849 seconds (0d 0h 0m 2s)

---------------  T H R E A D  ---------------

Current thread (0x000001c3fe668b40):  VMThread "VM Thread" [stack: 0x000000586f000000,0x000000586f100000] [id=1660]

Stack: [0x000000586f000000,0x000000586f100000]
Native frames: (J=compiled Java code, j=interpreted, Vv=VM code, C=native code)
V  [jvm.dll+0x6993aa]
V  [jvm.dll+0x7f46dd]
V  [jvm.dll+0x7f5fee]
V  [jvm.dll+0x7f66a3]
V  [jvm.dll+0x25cf1f]
V  [jvm.dll+0x6962f9]
V  [jvm.dll+0x68ae2a]
V  [jvm.dll+0x32255b]
V  [jvm.dll+0x329f36]
V  [jvm.dll+0x37eade]
V  [jvm.dll+0x37ed0f]
V  [jvm.dll+0x2fa2da]
V  [jvm.dll+0x2fa387]
V  [jvm.dll+0x33e8c2]
V  [jvm.dll+0x33ce64]
V  [jvm.dll+0x2fd847]
V  [jvm.dll+0x34e7f6]
V  [jvm.dll+0x7fb48b]
V  [jvm.dll+0x7fc224]
V  [jvm.dll+0x7fc75c]
V  [jvm.dll+0x7fcbb4]
V  [jvm.dll+0x7fcc77]
V  [jvm.dll+0x7a120a]
V  [jvm.dll+0x698255]
C  [ucrtbase.dll+0x29363]
C  [KERNEL32.DLL+0x1257d]
C  [ntdll.dll+0x5aa78]

VM_Operation (0x00000058737fc970): CollectForMetadataAllocation, mode: safepoint, requested by thread 0x000001c397927b80


---------------  P R O C E S S  ---------------

Threads class SMR info:
_java_thread_list=0x000001c3989daad0, length=97, elements={
0x000001c3f953df80, 0x000001c3fe66d420, 0x000001c3fe66df90, 0x000001c3fe686eb0,
0x000001c3fe687a20, 0x000001c3fe689440, 0x000001c3fe689cf0, 0x000001c3fe68a5a0,
0x000001c3fe68b8c0, 0x000001c3fe655780, 0x000001c3959b5600, 0x000001c3959b7b10,
0x000001c395fdf4b0, 0x000001c39600bb20, 0x000001c39600f180, 0x000001c39606e660,
0x000001c39606eb20, 0x000001c396072ff0, 0x000001c3960c4000, 0x000001c3972b50c0,
0x000001c3972afa20, 0x000001c39788e7d0, 0x000001c397806590, 0x000001c397806a50,
0x000001c397f7a580, 0x000001c397f7aa50, 0x000001c397f7b3f0, 0x000001c397f79240,
0x000001c397f788a0, 0x000001c397f78d70, 0x000001c397f7af20, 0x000001c397f79710,
0x000001c397f79be0, 0x000001c397f7b8c0, 0x000001c397f7bd90, 0x000001c397f783d0,
0x000001c397f7a0b0, 0x000001c397920800, 0x000001c397921b40, 0x000001c397925030,
0x000001c397925ea0, 0x000001c397924b60, 0x000001c397926840, 0x000001c3979259d0,
0x000001c397920cd0, 0x000001c3979271e0, 0x000001c397921670, 0x000001c397925500,
0x000001c397926370, 0x000001c397924690, 0x000001c397926d10, 0x000001c397922010,
0x000001c3979276b0, 0x000001c397920330, 0x000001c397927b80, 0x000001c3979211a0,
0x000001c3979224e0, 0x000001c397922e80, 0x000001c3979229b0, 0x000001c397923350,
0x000001c397923820, 0x000001c397923cf0, 0x000001c398110450, 0x000001c39810bc20,
0x000001c39810e770, 0x000001c398110920, 0x000001c39810c5c0, 0x000001c398110df0,
0x000001c398112130, 0x000001c39810b280, 0x000001c39810ddd0, 0x000001c39810c0f0,
0x000001c398112600, 0x000001c39810ca90, 0x000001c3981112c0, 0x000001c39810fab0,
0x000001c39810f5e0, 0x000001c39810b750, 0x000001c39810ec40, 0x000001c398111790,
0x000001c39810cf60, 0x000001c398112ad0, 0x000001c39810d900, 0x000001c39810f110,
0x000001c39810ff80, 0x000001c39810d430, 0x000001c398111c60, 0x000001c3987577c0,
0x000001c39875acb0, 0x000001c39875a310, 0x000001c398758b00, 0x000001c398757c90,
0x000001c3987594a0, 0x000001c398755fb0, 0x000001c398756950, 0x000001c39875b650,
0x000001c39875bb20
}

Java Threads: ( => current thread )
  0x000001c3f953df80 JavaThread "main" [_thread_blocked, id=6092, stack(0x000000586ea00000,0x000000586eb00000)]
  0x000001c3fe66d420 JavaThread "Reference Handler" daemon [_thread_blocked, id=7596, stack(0x000000586f100000,0x000000586f200000)]
  0x000001c3fe66df90 JavaThread "Finalizer" daemon [_thread_blocked, id=12968, stack(0x000000586f200000,0x000000586f300000)]
  0x000001c3fe686eb0 JavaThread "Signal Dispatcher" daemon [_thread_blocked, id=15364, stack(0x000000586f300000,0x000000586f400000)]
  0x000001c3fe687a20 JavaThread "Attach Listener" daemon [_thread_blocked, id=2188, stack(0x000000586f400000,0x000000586f500000)]
  0x000001c3fe689440 JavaThread "Service Thread" daemon [_thread_blocked, id=4456, stack(0x000000586f500000,0x000000586f600000)]
  0x000001c3fe689cf0 JavaThread "Monitor Deflation Thread" daemon [_thread_blocked, id=17188, stack(0x000000586f600000,0x000000586f700000)]
  0x000001c3fe68a5a0 JavaThread "C1 CompilerThread0" daemon [_thread_blocked, id=12152, stack(0x000000586f700000,0x000000586f800000)]
  0x000001c3fe68b8c0 JavaThread "Sweeper thread" daemon [_thread_blocked, id=7176, stack(0x000000586f800000,0x000000586f900000)]
  0x000001c3fe655780 JavaThread "Common-Cleaner" daemon [_thread_blocked, id=17932, stack(0x000000586f900000,0x000000586fa00000)]
  0x000001c3959b5600 JavaThread "C1 CompilerThread1" daemon [_thread_blocked, id=15016, stack(0x000000586fa00000,0x000000586fb00000)]
  0x000001c3959b7b10 JavaThread "C1 CompilerThread2" daemon [_thread_blocked, id=6224, stack(0x000000586fb00000,0x000000586fc00000)]
  0x000001c395fdf4b0 JavaThread "JDWP Transport Listener: dt_socket" daemon [_thread_in_native, id=3964, stack(0x000000586fc00000,0x000000586fd00000)]
  0x000001c39600bb20 JavaThread "JDWP Event Helper Thread" daemon [_thread_blocked, id=5380, stack(0x000000586fd00000,0x000000586fe00000)]
  0x000001c39600f180 JavaThread "Notification Thread" daemon [_thread_blocked, id=2972, stack(0x000000586fe00000,0x000000586ff00000)]
  0x000001c39606e660 JavaThread "Reference Reaper #1" daemon [_thread_blocked, id=2260, stack(0x0000005870000000,0x0000005870100000)]
  0x000001c39606eb20 JavaThread "Reference Reaper #2" daemon [_thread_blocked, id=17464, stack(0x0000005870100000,0x0000005870200000)]
  0x000001c396072ff0 JavaThread "Reference Reaper #3" daemon [_thread_blocked, id=6620, stack(0x0000005870200000,0x0000005870300000)]
  0x000001c3960c4000 JavaThread "C1 CompilerThread3" daemon [_thread_blocked, id=18396, stack(0x0000005870300000,0x0000005870400000)]
  0x000001c3972b50c0 JavaThread "Quarkus Devmode keep alive thread" [_thread_blocked, id=5340, stack(0x0000005870c00000,0x0000005870d00000)]
  0x000001c3972afa20 JavaThread "ForkJoinPool.commonPool-worker-1" daemon [_thread_blocked, id=11900, stack(0x0000005870d00000,0x0000005870e00000)]
  0x000001c39788e7d0 JavaThread "build-2" [_thread_blocked, id=19020, stack(0x0000005871600000,0x0000005871700000)]
  0x000001c397806590 JavaThread "build-3" [_thread_blocked, id=9996, stack(0x0000005871700000,0x0000005871800000)]
  0x000001c397806a50 JavaThread "build-4" [_thread_blocked, id=17252, stack(0x0000005871800000,0x0000005871900000)]
  0x000001c397f7a580 JavaThread "build-5" [_thread_blocked, id=5408, stack(0x0000005871900000,0x0000005871a00000)]
  0x000001c397f7aa50 JavaThread "build-6" [_thread_blocked, id=19040, stack(0x0000005871a00000,0x0000005871b00000)]
  0x000001c397f7b3f0 JavaThread "build-7" [_thread_blocked, id=15548, stack(0x0000005871b00000,0x0000005871c00000)]
  0x000001c397f79240 JavaThread "build-8" [_thread_blocked, id=11252, stack(0x0000005871c00000,0x0000005871d00000)]
  0x000001c397f788a0 JavaThread "build-9" [_thread_blocked, id=14464, stack(0x0000005871d00000,0x0000005871e00000)]
  0x000001c397f78d70 JavaThread "build-10" [_thread_blocked, id=9776, stack(0x0000005871e00000,0x0000005871f00000)]
  0x000001c397f7af20 JavaThread "build-11" [_thread_blocked, id=19068, stack(0x0000005871f00000,0x0000005872000000)]
  0x000001c397f79710 JavaThread "build-12" [_thread_blocked, id=1956, stack(0x0000005872000000,0x0000005872100000)]
  0x000001c397f79be0 JavaThread "build-13" [_thread_blocked, id=14908, stack(0x0000005872100000,0x0000005872200000)]
  0x000001c397f7b8c0 JavaThread "build-14" [_thread_blocked, id=14412, stack(0x0000005872200000,0x0000005872300000)]
  0x000001c397f7bd90 JavaThread "build-15" [_thread_blocked, id=8036, stack(0x0000005872300000,0x0000005872400000)]
  0x000001c397f783d0 JavaThread "build-16" [_thread_blocked, id=1904, stack(0x0000005872400000,0x0000005872500000)]
  0x000001c397f7a0b0 JavaThread "build-17" [_thread_blocked, id=2124, stack(0x0000005872500000,0x0000005872600000)]
  0x000001c397920800 JavaThread "build-18" [_thread_blocked, id=12616, stack(0x0000005872600000,0x0000005872700000)]
  0x000001c397921b40 JavaThread "build-19" [_thread_blocked, id=18908, stack(0x0000005872700000,0x0000005872800000)]
  0x000001c397925030 JavaThread "build-20" [_thread_blocked, id=2312, stack(0x0000005872800000,0x0000005872900000)]
  0x000001c397925ea0 JavaThread "build-21" [_thread_blocked, id=9532, stack(0x0000005872900000,0x0000005872a00000)]
  0x000001c397924b60 JavaThread "build-22" [_thread_blocked, id=17160, stack(0x0000005872a00000,0x0000005872b00000)]
  0x000001c397926840 JavaThread "build-23" [_thread_blocked, id=5736, stack(0x0000005872b00000,0x0000005872c00000)]
  0x000001c3979259d0 JavaThread "build-24" [_thread_blocked, id=7560, stack(0x0000005872c00000,0x0000005872d00000)]
  0x000001c397920cd0 JavaThread "build-25" [_thread_blocked, id=10764, stack(0x0000005872d00000,0x0000005872e00000)]
  0x000001c3979271e0 JavaThread "build-26" [_thread_blocked, id=412, stack(0x0000005872e00000,0x0000005872f00000)]
  0x000001c397921670 JavaThread "build-27" [_thread_blocked, id=19400, stack(0x0000005872f00000,0x0000005873000000)]
  0x000001c397925500 JavaThread "build-28" [_thread_blocked, id=15868, stack(0x0000005873000000,0x0000005873100000)]
  0x000001c397926370 JavaThread "build-29" [_thread_blocked, id=3592, stack(0x0000005873100000,0x0000005873200000)]
  0x000001c397924690 JavaThread "build-30" [_thread_blocked, id=18948, stack(0x0000005873200000,0x0000005873300000)]
  0x000001c397926d10 JavaThread "build-31" [_thread_blocked, id=13492, stack(0x0000005873300000,0x0000005873400000)]
  0x000001c397922010 JavaThread "build-32" [_thread_blocked, id=16952, stack(0x0000005873400000,0x0000005873500000)]
  0x000001c3979276b0 JavaThread "build-33" [_thread_blocked, id=4208, stack(0x0000005873500000,0x0000005873600000)]
  0x000001c397920330 JavaThread "build-34" [_thread_blocked, id=976, stack(0x0000005873600000,0x0000005873700000)]
  0x000001c397927b80 JavaThread "build-35" [_thread_blocked, id=3760, stack(0x0000005873700000,0x0000005873800000)]
  0x000001c3979211a0 JavaThread "build-36" [_thread_blocked, id=18132, stack(0x0000005873800000,0x0000005873900000)]
  0x000001c3979224e0 JavaThread "build-37" [_thread_blocked, id=11048, stack(0x0000005873900000,0x0000005873a00000)]
  0x000001c397922e80 JavaThread "build-38" [_thread_blocked, id=17480, stack(0x0000005873a00000,0x0000005873b00000)]
  0x000001c3979229b0 JavaThread "build-39" [_thread_blocked, id=16580, stack(0x0000005873b00000,0x0000005873c00000)]
  0x000001c397923350 JavaThread "build-40" [_thread_blocked, id=16788, stack(0x0000005873c00000,0x0000005873d00000)]
  0x000001c397923820 JavaThread "build-41" [_thread_blocked, id=11328, stack(0x0000005873d00000,0x0000005873e00000)]
  0x000001c397923cf0 JavaThread "build-42" [_thread_blocked, id=8676, stack(0x0000005873e00000,0x0000005873f00000)]
  0x000001c398110450 JavaThread "build-43" [_thread_blocked, id=6136, stack(0x0000005873f00000,0x0000005874000000)]
  0x000001c39810bc20 JavaThread "build-44" [_thread_blocked, id=15864, stack(0x0000005874000000,0x0000005874100000)]
  0x000001c39810e770 JavaThread "build-45" [_thread_blocked, id=1240, stack(0x0000005874100000,0x0000005874200000)]
  0x000001c398110920 JavaThread "build-46" [_thread_blocked, id=17092, stack(0x0000005874200000,0x0000005874300000)]
  0x000001c39810c5c0 JavaThread "build-47" [_thread_blocked, id=9248, stack(0x0000005874300000,0x0000005874400000)]
  0x000001c398110df0 JavaThread "build-48" [_thread_blocked, id=4888, stack(0x0000005874400000,0x0000005874500000)]
  0x000001c398112130 JavaThread "build-49" [_thread_blocked, id=13176, stack(0x0000005874500000,0x0000005874600000)]
  0x000001c39810b280 JavaThread "build-50" [_thread_blocked, id=7880, stack(0x0000005874600000,0x0000005874700000)]
  0x000001c39810ddd0 JavaThread "build-51" [_thread_blocked, id=16640, stack(0x0000005874700000,0x0000005874800000)]
  0x000001c39810c0f0 JavaThread "build-52" [_thread_blocked, id=17172, stack(0x0000005874800000,0x0000005874900000)]
  0x000001c398112600 JavaThread "build-53" [_thread_blocked, id=6916, stack(0x0000005874900000,0x0000005874a00000)]
  0x000001c39810ca90 JavaThread "build-54" [_thread_blocked, id=4664, stack(0x0000005874a00000,0x0000005874b00000)]
  0x000001c3981112c0 JavaThread "build-55" [_thread_blocked, id=17856, stack(0x0000005874b00000,0x0000005874c00000)]
  0x000001c39810fab0 JavaThread "build-56" [_thread_blocked, id=7140, stack(0x0000005874c00000,0x0000005874d00000)]
  0x000001c39810f5e0 JavaThread "build-57" [_thread_blocked, id=9352, stack(0x0000005874d00000,0x0000005874e00000)]
  0x000001c39810b750 JavaThread "build-58" [_thread_blocked, id=6180, stack(0x0000005874e00000,0x0000005874f00000)]
  0x000001c39810ec40 JavaThread "build-59" [_thread_blocked, id=2552, stack(0x0000005874f00000,0x0000005875000000)]
  0x000001c398111790 JavaThread "build-60" [_thread_blocked, id=10468, stack(0x0000005875000000,0x0000005875100000)]
  0x000001c39810cf60 JavaThread "build-61" [_thread_blocked, id=4056, stack(0x0000005875100000,0x0000005875200000)]
  0x000001c398112ad0 JavaThread "build-62" [_thread_blocked, id=16660, stack(0x0000005875200000,0x0000005875300000)]
  0x000001c39810d900 JavaThread "build-63" [_thread_blocked, id=17016, stack(0x0000005875300000,0x0000005875400000)]
  0x000001c39810f110 JavaThread "org.aesh.readline.terminal.impl.WinExternalTerminal@3ae973ce input pump thread" daemon [_thread_in_native, id=336, stack(0x0000005875400000,0x0000005875500000)]
  0x000001c39810ff80 JavaThread "Aesh InputStream Reader" daemon [_thread_blocked, id=17596, stack(0x0000005875500000,0x0000005875600000)]
  0x000001c39810d430 JavaThread "Quarkus Terminal Reader" daemon [_thread_blocked, id=10960, stack(0x0000005875600000,0x0000005875700000)]
  0x000001c398111c60 JavaThread "build-64" [_thread_blocked, id=18624, stack(0x0000005875900000,0x0000005875a00000)]
  0x000001c3987577c0 JavaThread "build-65" [_thread_blocked, id=5740, stack(0x0000005875a00000,0x0000005875b00000)]
  0x000001c39875acb0 JavaThread "build-66" [_thread_blocked, id=6476, stack(0x0000005875b00000,0x0000005875c00000)]
  0x000001c39875a310 JavaThread "build-67" [_thread_blocked, id=4000, stack(0x0000005875c00000,0x0000005875d00000)]
  0x000001c398758b00 JavaThread "build-68" [_thread_blocked, id=17176, stack(0x0000005875d00000,0x0000005875e00000)]
  0x000001c398757c90 JavaThread "build-69" [_thread_blocked, id=5348, stack(0x0000005875e00000,0x0000005875f00000)]
  0x000001c3987594a0 JavaThread "build-70" [_thread_blocked, id=5892, stack(0x0000005875f00000,0x0000005876000000)]
  0x000001c398755fb0 JavaThread "build-71" [_thread_blocked, id=11180, stack(0x0000005876000000,0x0000005876100000)]
  0x000001c398756950 JavaThread "build-72" [_thread_blocked, id=9012, stack(0x0000005876100000,0x0000005876200000)]
  0x000001c39875b650 JavaThread "build-73" [_thread_blocked, id=14460, stack(0x0000005876200000,0x0000005876300000)]
  0x000001c39875bb20 JavaThread "build-74" [_thread_blocked, id=14540, stack(0x0000005876300000,0x0000005876400000)]

Other Threads:
=>0x000001c3fe668b40 VMThread "VM Thread" [stack: 0x000000586f000000,0x000000586f100000] [id=1660]
  0x000001c3f953ebf0 WatcherThread "VM Periodic Task Thread" [stack: 0x000000586ff00000,0x0000005870000000] [id=18216]
  0x000001c3f95ac5a0 WorkerThread "GC Thread#0" [stack: 0x000000586eb00000,0x000000586ec00000] [id=8228]
  0x000001c39622c7f0 WorkerThread "GC Thread#1" [stack: 0x0000005870400000,0x0000005870500000] [id=10912]
  0x000001c39622ca90 WorkerThread "GC Thread#2" [stack: 0x0000005870500000,0x0000005870600000] [id=19064]
  0x000001c39622cd30 WorkerThread "GC Thread#3" [stack: 0x0000005870600000,0x0000005870700000] [id=4368]
  0x000001c39622efe0 WorkerThread "GC Thread#4" [stack: 0x0000005870700000,0x0000005870800000] [id=13920]
  0x000001c39622f280 WorkerThread "GC Thread#5" [stack: 0x0000005870800000,0x0000005870900000] [id=17212]
  0x000001c396245260 WorkerThread "GC Thread#6" [stack: 0x0000005870900000,0x0000005870a00000] [id=17820]
  0x000001c3974c7ff0 WorkerThread "GC Thread#7" [stack: 0x0000005870e00000,0x0000005870f00000] [id=15760]
  0x000001c3974c8290 WorkerThread "GC Thread#8" [stack: 0x0000005870f00000,0x0000005871000000] [id=16420]
  0x000001c3974c8530 WorkerThread "GC Thread#9" [stack: 0x0000005871000000,0x0000005871100000] [id=5744]
  0x000001c3f95bf180 ConcurrentGCThread "G1 Main Marker" [stack: 0x000000586ec00000,0x000000586ed00000] [id=11848]
  0x000001c3f95bfa80 WorkerThread "G1 Conc#0" [stack: 0x000000586ed00000,0x000000586ee00000] [id=3932]
  0x000001c397746be0 WorkerThread "G1 Conc#1" [stack: 0x0000005875700000,0x0000005875800000] [id=18720]
  0x000001c3977451a0 WorkerThread "G1 Conc#2" [stack: 0x0000005875800000,0x0000005875900000] [id=9628]
  0x000001c3f95fcd90 ConcurrentGCThread "G1 Refine#0" [stack: 0x000000586ee00000,0x000000586ef00000] [id=9660]
  0x000001c3962222c0 ConcurrentGCThread "G1 Refine#1" [stack: 0x0000005870a00000,0x0000005870b00000] [id=10092]
  0x000001c3964564d0 ConcurrentGCThread "G1 Refine#2" [stack: 0x0000005870b00000,0x0000005870c00000] [id=18504]
  0x000001c39650eb20 ConcurrentGCThread "G1 Refine#3" [stack: 0x0000005871100000,0x0000005871200000] [id=11288]
  0x000001c3974c9c00 ConcurrentGCThread "G1 Refine#4" [stack: 0x0000005871200000,0x0000005871300000] [id=1276]
  0x000001c396fd59e0 ConcurrentGCThread "G1 Refine#5" [stack: 0x0000005871300000,0x0000005871400000] [id=19004]
  0x000001c396efee20 ConcurrentGCThread "G1 Refine#6" [stack: 0x0000005871400000,0x0000005871500000] [id=3004]
  0x000001c3974bf550 ConcurrentGCThread "G1 Refine#7" [stack: 0x0000005871500000,0x0000005871600000] [id=7080]
  0x000001c3f95fd5b0 ConcurrentGCThread "G1 Service" [stack: 0x000000586ef00000,0x000000586f000000] [id=19444]

Threads with active compile tasks:
C1 CompilerThread0     2194 5720       1       net.bytebuddy.description.method.MethodList$Explicit::size (10 bytes)
C1 CompilerThread1     2194 5718       1       net.bytebuddy.pool.TypePool$AbstractBase::describe (160 bytes)
C1 CompilerThread2     2194 5719       1       net.bytebuddy.jar.asm.Type::getClassName (180 bytes)
C1 CompilerThread3     2194 5721       1       net.bytebuddy.pool.TypePool$Default$LazyTypeDescription$LazyMethodDescription::getReturnType (26 bytes)

VM state: at safepoint (normal execution)

VM Mutex/Monitor currently owned by a thread:  ([mutex/lock_event])
[0x000001c3f953b3a0] Threads_lock - owner thread: 0x000001c3fe668b40
[0x000001c3f953b0d0] Heap_lock - owner thread: 0x000001c397927b80

Heap address: 0x0000000702600000, size: 4058 MB, Compressed Oops mode: Zero based, Oop shift amount: 3

CDS archive(s) mapped at: [0x0000000800000000-0x0000000800ba0000-0x0000000800ba0000), size 12189696, SharedBaseAddress: 0x0000000800000000, ArchiveRelocationMode: 0.
Compressed class space mapped at: 0x0000000800c00000-0x0000000840c00000, reserved size: 1073741824
Narrow klass base: 0x0000000800000000, Narrow klass shift: 0, Narrow klass range: 0x100000000

GC Precious Log:
 CardTable entry size: 512
 Card Set container configuration: InlinePtr #cards 4 size 8 Array Of Cards #cards 16 size 48 Howl #buckets 8 coarsen threshold 3686 Howl Bitmap #cards 512 size 80 coarsen threshold 460 Card regions per heap region 1 cards per card region 4096
 CPUs: 12 total, 12 available
 Memory: 16225M
 Large Page Support: Disabled
 NUMA Support: Disabled
 Compressed Oops: Enabled (Zero based)
 Heap Region Size: 2M
 Heap Min Capacity: 8M
 Heap Initial Capacity: 254M
 Heap Max Capacity: 4058M
 Pre-touch: Disabled
 Parallel Workers: 10
 Concurrent Workers: 3
 Concurrent Refinement Workers: 10
 Periodic GC: Disabled

Heap:
 garbage-first heap   total 356352K, used 63557K [0x0000000702600000, 0x0000000800000000)
  region size 2048K, 1 young (2048K), 1 survivors (2048K)
 Metaspace       used 35982K, committed 37440K, reserved 1114112K
  class space    used 5220K, committed 6016K, reserved 1048576K

Heap Regions: E=young(eden), S=young(survivor), O=old, HS=humongous(starts), HC=humongous(continues), CS=collection set, F=free, OA=open archive, CA=closed archive, TAMS=top-at-mark-start (previous, next)
|   0|0x0000000702600000, 0x0000000702800000, 0x0000000702800000|100%| O|  |TAMS 0x0000000702800000, 0x0000000702800000| Untracked 
|   1|0x0000000702800000, 0x0000000702a00000, 0x0000000702a00000|100%| O|  |TAMS 0x0000000702a00000, 0x0000000702a00000| Untracked 
|   2|0x0000000702a00000, 0x0000000702c00000, 0x0000000702c00000|100%| O|  |TAMS 0x0000000702c00000, 0x0000000702c00000| Untracked 
|   3|0x0000000702c00000, 0x0000000702e00000, 0x0000000702e00000|100%| O|  |TAMS 0x0000000702e00000, 0x0000000702e00000| Untracked 
|   4|0x0000000702e00000, 0x0000000703000000, 0x0000000703000000|100%|HS|  |TAMS 0x0000000703000000, 0x0000000703000000| Complete 
|   5|0x0000000703000000, 0x0000000703200000, 0x0000000703200000|100%| O|  |TAMS 0x0000000703200000, 0x0000000703200000| Untracked 
|   6|0x0000000703200000, 0x0000000703400000, 0x0000000703400000|100%| O|  |TAMS 0x0000000703400000, 0x0000000703400000| Untracked 
|   7|0x0000000703400000, 0x0000000703600000, 0x0000000703600000|100%| O|  |TAMS 0x0000000703600000, 0x0000000703600000| Untracked 
|   8|0x0000000703600000, 0x0000000703800000, 0x0000000703800000|100%| O|  |TAMS 0x0000000703800000, 0x0000000703800000| Untracked 
|   9|0x0000000703800000, 0x0000000703a00000, 0x0000000703a00000|100%| O|  |TAMS 0x0000000703a00000, 0x0000000703a00000| Untracked 
|  10|0x0000000703a00000, 0x0000000703c00000, 0x0000000703c00000|100%| O|  |TAMS 0x0000000703c00000, 0x0000000703c00000| Untracked 
|  11|0x0000000703c00000, 0x0000000703e00000, 0x0000000703e00000|100%| O|  |TAMS 0x0000000703e00000, 0x0000000703e00000| Untracked 
|  12|0x0000000703e00000, 0x0000000703e00000, 0x0000000704000000|  0%| F|  |TAMS 0x0000000703e00000, 0x0000000703e00000| Untracked 
|  13|0x0000000704000000, 0x0000000704200000, 0x0000000704200000|100%| O|  |TAMS 0x0000000704200000, 0x0000000704200000| Untracked 
|  14|0x0000000704200000, 0x0000000704400000, 0x0000000704400000|100%| O|  |TAMS 0x0000000704400000, 0x0000000704400000| Untracked 
|  15|0x0000000704400000, 0x0000000704600000, 0x0000000704600000|100%| O|  |TAMS 0x0000000704600000, 0x0000000704600000| Untracked 
|  16|0x0000000704600000, 0x0000000704800000, 0x0000000704800000|100%| O|  |TAMS 0x0000000704800000, 0x0000000704800000| Untracked 
|  17|0x0000000704800000, 0x0000000704a00000, 0x0000000704a00000|100%| O|  |TAMS 0x0000000704a00000, 0x0000000704a00000| Untracked 
|  18|0x0000000704a00000, 0x0000000704c00000, 0x0000000704c00000|100%| O|  |TAMS 0x0000000704c00000, 0x0000000704c00000| Untracked 
|  19|0x0000000704c00000, 0x0000000704e00000, 0x0000000704e00000|100%| O|  |TAMS 0x0000000704e00000, 0x0000000704e00000| Untracked 
|  20|0x0000000704e00000, 0x0000000705000000, 0x0000000705000000|100%| O|  |TAMS 0x0000000705000000, 0x0000000705000000| Untracked 
|  21|0x0000000705000000, 0x0000000705200000, 0x0000000705200000|100%| O|  |TAMS 0x0000000705200000, 0x0000000705200000| Untracked 
|  22|0x0000000705200000, 0x0000000705315000, 0x0000000705400000| 54%| O|  |TAMS 0x0000000705315000, 0x0000000705315000| Untracked 
|  23|0x0000000705400000, 0x0000000705400000, 0x0000000705600000|  0%| F|  |TAMS 0x0000000705400000, 0x0000000705400000| Untracked 
|  24|0x0000000705600000, 0x0000000705600000, 0x0000000705800000|  0%| F|  |TAMS 0x0000000705600000, 0x0000000705600000| Untracked 
|  25|0x0000000705800000, 0x0000000705800000, 0x0000000705a00000|  0%| F|  |TAMS 0x0000000705800000, 0x0000000705800000| Untracked 
|  26|0x0000000705a00000, 0x0000000705a00000, 0x0000000705c00000|  0%| F|  |TAMS 0x0000000705a00000, 0x0000000705a00000| Untracked 
|  27|0x0000000705c00000, 0x0000000705c00000, 0x0000000705e00000|  0%| F|  |TAMS 0x0000000705c00000, 0x0000000705c00000| Untracked 
|  28|0x0000000705e00000, 0x0000000705e00000, 0x0000000706000000|  0%| F|  |TAMS 0x0000000705e00000, 0x0000000705e00000| Untracked 
|  29|0x0000000706000000, 0x0000000706200000, 0x0000000706200000|100%| O|  |TAMS 0x0000000706000000, 0x0000000706200000| Untracked 
|  30|0x0000000706200000, 0x0000000706400000, 0x0000000706400000|100%| O|  |TAMS 0x0000000706200000, 0x0000000706400000| Untracked 
|  31|0x0000000706400000, 0x0000000706600000, 0x0000000706600000|100%| O|  |TAMS 0x0000000706400000, 0x0000000706600000| Untracked 
|  32|0x0000000706600000, 0x0000000706800000, 0x0000000706800000|100%| O|  |TAMS 0x0000000706600000, 0x0000000706800000| Untracked 
|  33|0x0000000706800000, 0x0000000706a00000, 0x0000000706a00000|100%| O|  |TAMS 0x0000000706800000, 0x0000000706a00000| Untracked 
|  34|0x0000000706a00000, 0x0000000706c00000, 0x0000000706c00000|100%| O|  |TAMS 0x0000000706a00000, 0x0000000706c00000| Untracked 
|  35|0x0000000706c00000, 0x0000000706e00000, 0x0000000706e00000|100%| O|  |TAMS 0x0000000706c00000, 0x0000000706e00000| Untracked 
|  36|0x0000000706e00000, 0x0000000707000000, 0x0000000707000000|100%| O|  |TAMS 0x0000000706e00000, 0x0000000707000000| Untracked 
|  37|0x0000000707000000, 0x00000007071d0a00, 0x0000000707200000| 90%| O|  |TAMS 0x0000000707000000, 0x00000007071d0a00| Untracked 
|  38|0x0000000707200000, 0x0000000707200000, 0x0000000707400000|  0%| F|  |TAMS 0x0000000707200000, 0x0000000707200000| Untracked 
|  39|0x0000000707400000, 0x0000000707400000, 0x0000000707600000|  0%| F|  |TAMS 0x0000000707400000, 0x0000000707400000| Untracked 
|  40|0x0000000707600000, 0x0000000707600000, 0x0000000707800000|  0%| F|  |TAMS 0x0000000707600000, 0x0000000707600000| Untracked 
|  41|0x0000000707800000, 0x0000000707800000, 0x0000000707a00000|  0%| F|  |TAMS 0x0000000707800000, 0x0000000707800000| Untracked 
|  42|0x0000000707a00000, 0x0000000707a00000, 0x0000000707c00000|  0%| F|  |TAMS 0x0000000707a00000, 0x0000000707a00000| Untracked 
|  43|0x0000000707c00000, 0x0000000707c00000, 0x0000000707e00000|  0%| F|  |TAMS 0x0000000707c00000, 0x0000000707c00000| Untracked 
|  44|0x0000000707e00000, 0x0000000707e00000, 0x0000000708000000|  0%| F|  |TAMS 0x0000000707e00000, 0x0000000707e00000| Untracked 
|  45|0x0000000708000000, 0x0000000708000000, 0x0000000708200000|  0%| F|  |TAMS 0x0000000708000000, 0x0000000708000000| Untracked 
|  46|0x0000000708200000, 0x0000000708200000, 0x0000000708400000|  0%| F|  |TAMS 0x0000000708200000, 0x0000000708200000| Untracked 
|  47|0x0000000708400000, 0x0000000708400000, 0x0000000708600000|  0%| F|  |TAMS 0x0000000708400000, 0x0000000708400000| Untracked 
|  48|0x0000000708600000, 0x0000000708600000, 0x0000000708800000|  0%| F|  |TAMS 0x0000000708600000, 0x0000000708600000| Untracked 
|  49|0x0000000708800000, 0x0000000708800000, 0x0000000708a00000|  0%| F|  |TAMS 0x0000000708800000, 0x0000000708800000| Untracked 
|  50|0x0000000708a00000, 0x0000000708a00000, 0x0000000708c00000|  0%| F|  |TAMS 0x0000000708a00000, 0x0000000708a00000| Untracked 
|  51|0x0000000708c00000, 0x0000000708c00000, 0x0000000708e00000|  0%| F|  |TAMS 0x0000000708c00000, 0x0000000708c00000| Untracked 
|  52|0x0000000708e00000, 0x0000000708e00000, 0x0000000709000000|  0%| F|  |TAMS 0x0000000708e00000, 0x0000000708e00000| Untracked 
|  53|0x0000000709000000, 0x0000000709000000, 0x0000000709200000|  0%| F|  |TAMS 0x0000000709000000, 0x0000000709000000| Untracked 
|  54|0x0000000709200000, 0x0000000709200000, 0x0000000709400000|  0%| F|  |TAMS 0x0000000709200000, 0x0000000709200000| Untracked 
|  55|0x0000000709400000, 0x0000000709400000, 0x0000000709600000|  0%| F|  |TAMS 0x0000000709400000, 0x0000000709400000| Untracked 
|  56|0x0000000709600000, 0x0000000709600000, 0x0000000709800000|  0%| F|  |TAMS 0x0000000709600000, 0x0000000709600000| Untracked 
|  57|0x0000000709800000, 0x0000000709800000, 0x0000000709a00000|  0%| F|  |TAMS 0x0000000709800000, 0x0000000709800000| Untracked 
|  58|0x0000000709a00000, 0x0000000709a00000, 0x0000000709c00000|  0%| F|  |TAMS 0x0000000709a00000, 0x0000000709a00000| Untracked 
|  59|0x0000000709c00000, 0x0000000709c00000, 0x0000000709e00000|  0%| F|  |TAMS 0x0000000709c00000, 0x0000000709c00000| Untracked 
|  60|0x0000000709e00000, 0x0000000709e00000, 0x000000070a000000|  0%| F|  |TAMS 0x0000000709e00000, 0x0000000709e00000| Untracked 
|  61|0x000000070a000000, 0x000000070a000000, 0x000000070a200000|  0%| F|  |TAMS 0x000000070a000000, 0x000000070a000000| Untracked 
|  62|0x000000070a200000, 0x000000070a200000, 0x000000070a400000|  0%| F|  |TAMS 0x000000070a200000, 0x000000070a200000| Untracked 
|  63|0x000000070a400000, 0x000000070a400000, 0x000000070a600000|  0%| F|  |TAMS 0x000000070a400000, 0x000000070a400000| Untracked 
|  64|0x000000070a600000, 0x000000070a600000, 0x000000070a800000|  0%| F|  |TAMS 0x000000070a600000, 0x000000070a600000| Untracked 
|  65|0x000000070a800000, 0x000000070a800000, 0x000000070aa00000|  0%| F|  |TAMS 0x000000070a800000, 0x000000070a800000| Untracked 
|  66|0x000000070aa00000, 0x000000070aa00000, 0x000000070ac00000|  0%| F|  |TAMS 0x000000070aa00000, 0x000000070aa00000| Untracked 
|  67|0x000000070ac00000, 0x000000070ac00000, 0x000000070ae00000|  0%| F|  |TAMS 0x000000070ac00000, 0x000000070ac00000| Untracked 
|  68|0x000000070ae00000, 0x000000070ae00000, 0x000000070b000000|  0%| F|  |TAMS 0x000000070ae00000, 0x000000070ae00000| Untracked 
|  69|0x000000070b000000, 0x000000070b000000, 0x000000070b200000|  0%| F|  |TAMS 0x000000070b000000, 0x000000070b000000| Untracked 
|  70|0x000000070b200000, 0x000000070b200000, 0x000000070b400000|  0%| F|  |TAMS 0x000000070b200000, 0x000000070b200000| Untracked 
|  71|0x000000070b400000, 0x000000070b400000, 0x000000070b600000|  0%| F|  |TAMS 0x000000070b400000, 0x000000070b400000| Untracked 
|  72|0x000000070b600000, 0x000000070b600000, 0x000000070b800000|  0%| F|  |TAMS 0x000000070b600000, 0x000000070b600000| Untracked 
|  73|0x000000070b800000, 0x000000070b800000, 0x000000070ba00000|  0%| F|  |TAMS 0x000000070b800000, 0x000000070b800000| Untracked 
|  74|0x000000070ba00000, 0x000000070ba00000, 0x000000070bc00000|  0%| F|  |TAMS 0x000000070ba00000, 0x000000070ba00000| Untracked 
|  75|0x000000070bc00000, 0x000000070bc00000, 0x000000070be00000|  0%| F|  |TAMS 0x000000070bc00000, 0x000000070bc00000| Untracked 
|  76|0x000000070be00000, 0x000000070be00000, 0x000000070c000000|  0%| F|  |TAMS 0x000000070be00000, 0x000000070be00000| Untracked 
|  77|0x000000070c000000, 0x000000070c000000, 0x000000070c200000|  0%| F|  |TAMS 0x000000070c000000, 0x000000070c000000| Untracked 
|  78|0x000000070c200000, 0x000000070c200000, 0x000000070c400000|  0%| F|  |TAMS 0x000000070c200000, 0x000000070c200000| Untracked 
|  79|0x000000070c400000, 0x000000070c400000, 0x000000070c600000|  0%| F|  |TAMS 0x000000070c400000, 0x000000070c400000| Untracked 
|  80|0x000000070c600000, 0x000000070c600000, 0x000000070c800000|  0%| F|  |TAMS 0x000000070c600000, 0x000000070c600000| Untracked 
|  81|0x000000070c800000, 0x000000070c800000, 0x000000070ca00000|  0%| F|  |TAMS 0x000000070c800000, 0x000000070c800000| Untracked 
|  82|0x000000070ca00000, 0x000000070ca00000, 0x000000070cc00000|  0%| F|  |TAMS 0x000000070ca00000, 0x000000070ca00000| Untracked 
|  83|0x000000070cc00000, 0x000000070cc00000, 0x000000070ce00000|  0%| F|  |TAMS 0x000000070cc00000, 0x000000070cc00000| Untracked 
|  84|0x000000070ce00000, 0x000000070ce00000, 0x000000070d000000|  0%| F|  |TAMS 0x000000070ce00000, 0x000000070ce00000| Untracked 
|  85|0x000000070d000000, 0x000000070d000000, 0x000000070d200000|  0%| F|  |TAMS 0x000000070d000000, 0x000000070d000000| Untracked 
|  86|0x000000070d200000, 0x000000070d200000, 0x000000070d400000|  0%| F|  |TAMS 0x000000070d200000, 0x000000070d200000| Untracked 
|  87|0x000000070d400000, 0x000000070d400000, 0x000000070d600000|  0%| F|  |TAMS 0x000000070d400000, 0x000000070d400000| Untracked 
|  88|0x000000070d600000, 0x000000070d600000, 0x000000070d800000|  0%| F|  |TAMS 0x000000070d600000, 0x000000070d600000| Untracked 
|  89|0x000000070d800000, 0x000000070d800000, 0x000000070da00000|  0%| F|  |TAMS 0x000000070d800000, 0x000000070d800000| Untracked 
|  90|0x000000070da00000, 0x000000070da00000, 0x000000070dc00000|  0%| F|  |TAMS 0x000000070da00000, 0x000000070da00000| Untracked 
|  91|0x000000070dc00000, 0x000000070dc00000, 0x000000070de00000|  0%| F|  |TAMS 0x000000070dc00000, 0x000000070dc00000| Untracked 
|  92|0x000000070de00000, 0x000000070de00000, 0x000000070e000000|  0%| F|  |TAMS 0x000000070de00000, 0x000000070de00000| Untracked 
|  93|0x000000070e000000, 0x000000070e000000, 0x000000070e200000|  0%| F|  |TAMS 0x000000070e000000, 0x000000070e000000| Untracked 
|  94|0x000000070e200000, 0x000000070e200000, 0x000000070e400000|  0%| F|  |TAMS 0x000000070e200000, 0x000000070e200000| Untracked 
|  95|0x000000070e400000, 0x000000070e400000, 0x000000070e600000|  0%| F|  |TAMS 0x000000070e400000, 0x000000070e400000| Untracked 
|  96|0x000000070e600000, 0x000000070e600000, 0x000000070e800000|  0%| F|  |TAMS 0x000000070e600000, 0x000000070e600000| Untracked 
|  97|0x000000070e800000, 0x000000070e800000, 0x000000070ea00000|  0%| F|  |TAMS 0x000000070e800000, 0x000000070e800000| Untracked 
|  98|0x000000070ea00000, 0x000000070ea00000, 0x000000070ec00000|  0%| F|  |TAMS 0x000000070ea00000, 0x000000070ea00000| Untracked 
|  99|0x000000070ec00000, 0x000000070ec00000, 0x000000070ee00000|  0%| F|  |TAMS 0x000000070ec00000, 0x000000070ec00000| Untracked 
| 100|0x000000070ee00000, 0x000000070ee00000, 0x000000070f000000|  0%| F|  |TAMS 0x000000070ee00000, 0x000000070ee00000| Untracked 
| 101|0x000000070f000000, 0x000000070f000000, 0x000000070f200000|  0%| F|  |TAMS 0x000000070f000000, 0x000000070f000000| Untracked 
| 102|0x000000070f200000, 0x000000070f200000, 0x000000070f400000|  0%| F|  |TAMS 0x000000070f200000, 0x000000070f200000| Untracked 
| 103|0x000000070f400000, 0x000000070f400000, 0x000000070f600000|  0%| F|  |TAMS 0x000000070f400000, 0x000000070f400000| Untracked 
| 104|0x000000070f600000, 0x000000070f600000, 0x000000070f800000|  0%| F|  |TAMS 0x000000070f600000, 0x000000070f600000| Untracked 
| 105|0x000000070f800000, 0x000000070f800000, 0x000000070fa00000|  0%| F|  |TAMS 0x000000070f800000, 0x000000070f800000| Untracked 
| 106|0x000000070fa00000, 0x000000070fa00000, 0x000000070fc00000|  0%| F|  |TAMS 0x000000070fa00000, 0x000000070fa00000| Untracked 
| 107|0x000000070fc00000, 0x000000070fc00000, 0x000000070fe00000|  0%| F|  |TAMS 0x000000070fc00000, 0x000000070fc00000| Untracked 
| 108|0x000000070fe00000, 0x000000070fe00000, 0x0000000710000000|  0%| F|  |TAMS 0x000000070fe00000, 0x000000070fe00000| Untracked 
| 109|0x0000000710000000, 0x0000000710000000, 0x0000000710200000|  0%| F|  |TAMS 0x0000000710000000, 0x0000000710000000| Untracked 
| 110|0x0000000710200000, 0x0000000710200000, 0x0000000710400000|  0%| F|  |TAMS 0x0000000710200000, 0x0000000710200000| Untracked 
| 111|0x0000000710400000, 0x0000000710400000, 0x0000000710600000|  0%| F|  |TAMS 0x0000000710400000, 0x0000000710400000| Untracked 
| 112|0x0000000710600000, 0x0000000710600000, 0x0000000710800000|  0%| F|  |TAMS 0x0000000710600000, 0x0000000710600000| Untracked 
| 113|0x0000000710800000, 0x0000000710800000, 0x0000000710a00000|  0%| F|  |TAMS 0x0000000710800000, 0x0000000710800000| Untracked 
| 114|0x0000000710a00000, 0x0000000710a00000, 0x0000000710c00000|  0%| F|  |TAMS 0x0000000710a00000, 0x0000000710a00000| Untracked 
| 115|0x0000000710c00000, 0x0000000710c00000, 0x0000000710e00000|  0%| F|  |TAMS 0x0000000710c00000, 0x0000000710c00000| Untracked 
| 116|0x0000000710e00000, 0x0000000710e00000, 0x0000000711000000|  0%| F|  |TAMS 0x0000000710e00000, 0x0000000710e00000| Untracked 
| 117|0x0000000711000000, 0x0000000711000000, 0x0000000711200000|  0%| F|  |TAMS 0x0000000711000000, 0x0000000711000000| Untracked 
| 118|0x0000000711200000, 0x0000000711200000, 0x0000000711400000|  0%| F|  |TAMS 0x0000000711200000, 0x0000000711200000| Untracked 
| 119|0x0000000711400000, 0x0000000711400000, 0x0000000711600000|  0%| F|  |TAMS 0x0000000711400000, 0x0000000711400000| Untracked 
| 120|0x0000000711600000, 0x0000000711600000, 0x0000000711800000|  0%| F|  |TAMS 0x0000000711600000, 0x0000000711600000| Untracked 
| 121|0x0000000711800000, 0x0000000711800000, 0x0000000711a00000|  0%| F|  |TAMS 0x0000000711800000, 0x0000000711800000| Untracked 
| 122|0x0000000711a00000, 0x0000000711a00000, 0x0000000711c00000|  0%| F|  |TAMS 0x0000000711a00000, 0x0000000711a00000| Untracked 
| 123|0x0000000711c00000, 0x0000000711c00000, 0x0000000711e00000|  0%| F|  |TAMS 0x0000000711c00000, 0x0000000711c00000| Untracked 
| 124|0x0000000711e00000, 0x0000000711e00000, 0x0000000712000000|  0%| F|  |TAMS 0x0000000711e00000, 0x0000000711e00000| Untracked 
| 125|0x0000000712000000, 0x0000000712000000, 0x0000000712200000|  0%| F|  |TAMS 0x0000000712000000, 0x0000000712000000| Untracked 
| 126|0x0000000712200000, 0x0000000712200000, 0x0000000712400000|  0%| F|  |TAMS 0x0000000712200000, 0x0000000712200000| Untracked 
| 127|0x0000000712400000, 0x0000000712400000, 0x0000000712600000|  0%| F|  |TAMS 0x0000000712400000, 0x0000000712400000| Untracked 
| 128|0x0000000712600000, 0x0000000712600000, 0x0000000712800000|  0%| F|  |TAMS 0x0000000712600000, 0x0000000712600000| Untracked 
| 129|0x0000000712800000, 0x0000000712800000, 0x0000000712a00000|  0%| F|  |TAMS 0x0000000712800000, 0x0000000712800000| Untracked 
| 130|0x0000000712a00000, 0x0000000712a00000, 0x0000000712c00000|  0%| F|  |TAMS 0x0000000712a00000, 0x0000000712a00000| Untracked 
| 131|0x0000000712c00000, 0x0000000712c00000, 0x0000000712e00000|  0%| F|  |TAMS 0x0000000712c00000, 0x0000000712c00000| Untracked 
| 132|0x0000000712e00000, 0x0000000712e00000, 0x0000000713000000|  0%| F|  |TAMS 0x0000000712e00000, 0x0000000712e00000| Untracked 
| 133|0x0000000713000000, 0x0000000713000000, 0x0000000713200000|  0%| F|  |TAMS 0x0000000713000000, 0x0000000713000000| Untracked 
| 134|0x0000000713200000, 0x0000000713200000, 0x0000000713400000|  0%| F|  |TAMS 0x0000000713200000, 0x0000000713200000| Untracked 
| 135|0x0000000713400000, 0x0000000713400000, 0x0000000713600000|  0%| F|  |TAMS 0x0000000713400000, 0x0000000713400000| Untracked 
| 136|0x0000000713600000, 0x0000000713600000, 0x0000000713800000|  0%| F|  |TAMS 0x0000000713600000, 0x0000000713600000| Untracked 
| 137|0x0000000713800000, 0x0000000713800000, 0x0000000713a00000|  0%| F|  |TAMS 0x0000000713800000, 0x0000000713800000| Untracked 
| 138|0x0000000713a00000, 0x0000000713a00000, 0x0000000713c00000|  0%| F|  |TAMS 0x0000000713a00000, 0x0000000713a00000| Untracked 
| 139|0x0000000713c00000, 0x0000000713c00000, 0x0000000713e00000|  0%| F|  |TAMS 0x0000000713c00000, 0x0000000713c00000| Untracked 
| 140|0x0000000713e00000, 0x0000000713e00000, 0x0000000714000000|  0%| F|  |TAMS 0x0000000713e00000, 0x0000000713e00000| Untracked 
| 141|0x0000000714000000, 0x0000000714000000, 0x0000000714200000|  0%| F|  |TAMS 0x0000000714000000, 0x0000000714000000| Untracked 
| 142|0x0000000714200000, 0x0000000714200000, 0x0000000714400000|  0%| F|  |TAMS 0x0000000714200000, 0x0000000714200000| Untracked 
| 143|0x0000000714400000, 0x0000000714400000, 0x0000000714600000|  0%| F|  |TAMS 0x0000000714400000, 0x0000000714400000| Untracked 
| 144|0x0000000714600000, 0x0000000714600000, 0x0000000714800000|  0%| F|  |TAMS 0x0000000714600000, 0x0000000714600000| Untracked 
| 145|0x0000000714800000, 0x0000000714800000, 0x0000000714a00000|  0%| F|  |TAMS 0x0000000714800000, 0x0000000714800000| Untracked 
| 146|0x0000000714a00000, 0x0000000714a00000, 0x0000000714c00000|  0%| F|  |TAMS 0x0000000714a00000, 0x0000000714a00000| Untracked 
| 147|0x0000000714c00000, 0x0000000714c00000, 0x0000000714e00000|  0%| F|  |TAMS 0x0000000714c00000, 0x0000000714c00000| Untracked 
| 148|0x0000000714e00000, 0x0000000714e00000, 0x0000000715000000|  0%| F|  |TAMS 0x0000000714e00000, 0x0000000714e00000| Untracked 
| 149|0x0000000715000000, 0x0000000715000000, 0x0000000715200000|  0%| F|  |TAMS 0x0000000715000000, 0x0000000715000000| Untracked 
| 150|0x0000000715200000, 0x0000000715200000, 0x0000000715400000|  0%| F|  |TAMS 0x0000000715200000, 0x0000000715200000| Untracked 
| 151|0x0000000715400000, 0x0000000715400000, 0x0000000715600000|  0%| F|  |TAMS 0x0000000715400000, 0x0000000715400000| Untracked 
| 152|0x0000000715600000, 0x0000000715600000, 0x0000000715800000|  0%| F|  |TAMS 0x0000000715600000, 0x0000000715600000| Untracked 
| 153|0x0000000715800000, 0x0000000715800000, 0x0000000715a00000|  0%| F|  |TAMS 0x0000000715800000, 0x0000000715800000| Untracked 
| 154|0x0000000715a00000, 0x0000000715a00000, 0x0000000715c00000|  0%| F|  |TAMS 0x0000000715a00000, 0x0000000715a00000| Untracked 
| 155|0x0000000715c00000, 0x0000000715c00000, 0x0000000715e00000|  0%| F|  |TAMS 0x0000000715c00000, 0x0000000715c00000| Untracked 
| 156|0x0000000715e00000, 0x0000000715e00000, 0x0000000716000000|  0%| F|  |TAMS 0x0000000715e00000, 0x0000000715e00000| Untracked 
| 157|0x0000000716000000, 0x0000000716000000, 0x0000000716200000|  0%| F|  |TAMS 0x0000000716000000, 0x0000000716000000| Untracked 
| 158|0x0000000716200000, 0x0000000716200000, 0x0000000716400000|  0%| F|  |TAMS 0x0000000716200000, 0x0000000716200000| Untracked 
| 159|0x0000000716400000, 0x0000000716400000, 0x0000000716600000|  0%| F|  |TAMS 0x0000000716400000, 0x0000000716400000| Untracked 
| 160|0x0000000716600000, 0x0000000716600000, 0x0000000716800000|  0%| F|  |TAMS 0x0000000716600000, 0x0000000716600000| Untracked 
| 161|0x0000000716800000, 0x0000000716800000, 0x0000000716a00000|  0%| F|  |TAMS 0x0000000716800000, 0x0000000716800000| Untracked 
| 162|0x0000000716a00000, 0x0000000716a00000, 0x0000000716c00000|  0%| F|  |TAMS 0x0000000716a00000, 0x0000000716a00000| Untracked 
| 163|0x0000000716c00000, 0x0000000716c00000, 0x0000000716e00000|  0%| F|  |TAMS 0x0000000716c00000, 0x0000000716c00000| Untracked 
| 164|0x0000000716e00000, 0x0000000716e00000, 0x0000000717000000|  0%| F|  |TAMS 0x0000000716e00000, 0x0000000716e00000| Untracked 
| 165|0x0000000717000000, 0x0000000717000000, 0x0000000717200000|  0%| F|  |TAMS 0x0000000717000000, 0x0000000717000000| Untracked 
| 166|0x0000000717200000, 0x0000000717200000, 0x0000000717400000|  0%| F|  |TAMS 0x0000000717200000, 0x0000000717200000| Untracked 
| 167|0x0000000717400000, 0x0000000717400000, 0x0000000717600000|  0%| F|  |TAMS 0x0000000717400000, 0x0000000717400000| Untracked 
| 168|0x0000000717600000, 0x0000000717600000, 0x0000000717800000|  0%| F|  |TAMS 0x0000000717600000, 0x0000000717600000| Untracked 
| 169|0x0000000717800000, 0x0000000717800000, 0x0000000717a00000|  0%| F|  |TAMS 0x0000000717800000, 0x0000000717800000| Untracked 
| 170|0x0000000717a00000, 0x0000000717b2bdd8, 0x0000000717c00000| 58%| S|CS|TAMS 0x0000000717a00000, 0x0000000717a00000| Complete 
| 171|0x0000000717c00000, 0x0000000717c00000, 0x0000000717e00000|  0%| F|  |TAMS 0x0000000717c00000, 0x0000000717c00000| Untracked 
| 172|0x0000000717e00000, 0x0000000717e00000, 0x0000000718000000|  0%| F|  |TAMS 0x0000000717e00000, 0x0000000717e00000| Untracked 
| 173|0x0000000718000000, 0x0000000718000000, 0x0000000718200000|  0%| F|  |TAMS 0x0000000718000000, 0x0000000718000000| Untracked 

Card table byte_map: [0x000001c3fd130000,0x000001c3fd920000] _byte_map_base: 0x000001c3f991d000

Marking Bits (Prev, Next): (CMBitMap*) 0x000001c3f95acaf0, (CMBitMap*) 0x000001c3f95acab0
 Prev Bits: [0x000001c38b7e0000, 0x000001c38f748000)
 Next Bits: [0x000001c387870000, 0x000001c38b7d8000)

Polling page: 0x000001c3f74a0000

Metaspace:

Usage:
  Non-class:     30.04 MB used.
      Class:      5.10 MB used.
       Both:     35.14 MB used.

Virtual space:
  Non-class space:       64.00 MB reserved,      30.69 MB ( 48%) committed,  1 nodes.
      Class space:        1.00 GB reserved,       5.88 MB ( <1%) committed,  1 nodes.
             Both:        1.06 GB reserved,      36.56 MB (  3%) committed. 

Chunk freelists:
   Non-Class:  896.00 KB
       Class:  2.03 MB
        Both:  2.90 MB

MaxMetaspaceSize: unlimited
CompressedClassSpaceSize: 1.00 GB
Initial GC threshold: 21.00 MB
Current GC threshold: 36.56 MB
CDS: on
MetaspaceReclaimPolicy: balanced
 - commit_granule_bytes: 65536.
 - commit_granule_words: 8192.
 - virtual_space_node_default_size: 8388608.
 - enlarge_chunks_in_place: 1.
 - new_chunks_are_fully_committed: 0.
 - uncommit_free_chunks: 1.
 - use_allocation_guard: 0.


Internal statistics:

num_allocs_failed_limit: 21.
num_arena_births: 2660.
num_arena_deaths: 0.
num_vsnodes_births: 2.
num_vsnodes_deaths: 0.
num_space_committed: 585.
num_space_uncommitted: 0.
num_chunks_returned_to_freelist: 21.
num_chunks_taken_from_freelist: 4810.
num_chunk_merges: 16.
num_chunk_splits: 2841.
num_chunks_enlarged: 1279.
num_inconsistent_stats: 0.

CodeCache: size=49152Kb used=12625Kb max_used=12625Kb free=36526Kb
 bounds [0x000001c3f9600000, 0x000001c3fa260000, 0x000001c3fc600000]
 total_blobs=6265 nmethods=5707 adapters=482
 compilation: enabled
              stopped_count=0, restarted_count=0
 full_count=0

Compilation events (20 events):
Event: 2.176 Thread 0x000001c3fe68a5a0 5711       1       com.fasterxml.jackson.databind.util.internal.PrivateMaxEntriesMap$WriteThroughEntry::<init> (18 bytes)
Event: 2.176 Thread 0x000001c3959b5600 5712       1       com.fasterxml.jackson.databind.ser.impl.ReadOnlyClassToSerializerMap$$Lambda$975/0x00000008011ae220::accept (20 bytes)
Event: 2.176 Thread 0x000001c3960c4000 nmethod 5710 0x000001c3fa251590 code [0x000001c3fa251740, 0x000001c3fa251ac8]
Event: 2.177 Thread 0x000001c3959b7b10 nmethod 5709 0x000001c3fa251c10 code [0x000001c3fa251dc0, 0x000001c3fa252148]
Event: 2.177 Thread 0x000001c3959b7b10 5713       1       com.fasterxml.jackson.databind.ser.impl.ReadOnlyClassToSerializerMap::lambda$new$0 (29 bytes)
Event: 2.177 Thread 0x000001c3959b5600 nmethod 5712 0x000001c3fa252310 code [0x000001c3fa2524c0, 0x000001c3fa252828]
Event: 2.177 Thread 0x000001c3960c4000 5714       1       com.fasterxml.jackson.databind.ser.impl.ReadOnlyClassToSerializerMap$Bucket::<init> (39 bytes)
Event: 2.177 Thread 0x000001c3fe68a5a0 nmethod 5711 0x000001c3fa252a10 code [0x000001c3fa252ba0, 0x000001c3fa252df8]
Event: 2.177 Thread 0x000001c3959b7b10 nmethod 5713 0x000001c3fa252f10 code [0x000001c3fa2530c0, 0x000001c3fa253348]
Event: 2.177 Thread 0x000001c3960c4000 nmethod 5714 0x000001c3fa253510 code [0x000001c3fa2536a0, 0x000001c3fa253918]
Event: 2.177 Thread 0x000001c3960c4000 5715       1       net.bytebuddy.pool.TypePool$AbstractBase$Hierarchical::describe (30 bytes)
Event: 2.177 Thread 0x000001c3fe68a5a0 5716       1       net.bytebuddy.pool.TypePool$Empty::describe (9 bytes)
Event: 2.177 Thread 0x000001c3959b7b10 5717       1       net.bytebuddy.pool.TypePool$Resolution$Illegal::<init> (10 bytes)
Event: 2.177 Thread 0x000001c3959b5600 5718       1       net.bytebuddy.pool.TypePool$AbstractBase::describe (160 bytes)
Event: 2.177 Thread 0x000001c3959b7b10 nmethod 5717 0x000001c3fa253a10 code [0x000001c3fa253ba0, 0x000001c3fa253cb8]
Event: 2.177 Thread 0x000001c3fe68a5a0 nmethod 5716 0x000001c3fa253d90 code [0x000001c3fa253f20, 0x000001c3fa254098]
Event: 2.177 Thread 0x000001c3960c4000 nmethod 5715 0x000001c3fa254110 code [0x000001c3fa2542c0, 0x000001c3fa254448]
Event: 2.178 Thread 0x000001c3959b7b10 5719       1       net.bytebuddy.jar.asm.Type::getClassName (180 bytes)
Event: 2.178 Thread 0x000001c3fe68a5a0 5720       1       net.bytebuddy.description.method.MethodList$Explicit::size (10 bytes)
Event: 2.178 Thread 0x000001c3960c4000 5721       1       net.bytebuddy.pool.TypePool$Default$LazyTypeDescription$LazyMethodDescription::getReturnType (26 bytes)

GC Heap History (19 events):
Event: 0.348 GC heap before
{Heap before GC invocations=0 (full 0):
 garbage-first heap   total 260096K, used 22528K [0x0000000702600000, 0x0000000800000000)
  region size 2048K, 11 young (22528K), 0 survivors (0K)
 Metaspace       used 3234K, committed 3520K, reserved 1114112K
  class space    used 374K, committed 512K, reserved 1048576K
}
Event: 0.352 GC heap after
{Heap after GC invocations=1 (full 0):
 garbage-first heap   total 260096K, used 10906K [0x0000000702600000, 0x0000000800000000)
  region size 2048K, 2 young (4096K), 2 survivors (4096K)
 Metaspace       used 3234K, committed 3520K, reserved 1114112K
  class space    used 374K, committed 512K, reserved 1048576K
}
Event: 0.461 GC heap before
{Heap before GC invocations=1 (full 0):
 garbage-first heap   total 260096K, used 31386K [0x0000000702600000, 0x0000000800000000)
  region size 2048K, 11 young (22528K), 2 survivors (4096K)
 Metaspace       used 3455K, committed 3712K, reserved 1114112K
  class space    used 417K, committed 512K, reserved 1048576K
}
Event: 0.467 GC heap after
{Heap after GC invocations=2 (full 0):
 garbage-first heap   total 260096K, used 23659K [0x0000000702600000, 0x0000000800000000)
  region size 2048K, 2 young (4096K), 2 survivors (4096K)
 Metaspace       used 3455K, committed 3712K, reserved 1114112K
  class space    used 417K, committed 512K, reserved 1048576K
}
Event: 0.552 GC heap before
{Heap before GC invocations=2 (full 0):
 garbage-first heap   total 260096K, used 50283K [0x0000000702600000, 0x0000000800000000)
  region size 2048K, 15 young (30720K), 2 survivors (4096K)
 Metaspace       used 3456K, committed 3712K, reserved 1114112K
  class space    used 417K, committed 512K, reserved 1048576K
}
Event: 0.557 GC heap after
{Heap after GC invocations=3 (full 0):
 garbage-first heap   total 260096K, used 30720K [0x0000000702600000, 0x0000000800000000)
  region size 2048K, 2 young (4096K), 2 survivors (4096K)
 Metaspace       used 3456K, committed 3712K, reserved 1114112K
  class space    used 417K, committed 512K, reserved 1048576K
}
Event: 0.892 GC heap before
{Heap before GC invocations=3 (full 0):
 garbage-first heap   total 260096K, used 86016K [0x0000000702600000, 0x0000000800000000)
  region size 2048K, 29 young (59392K), 2 survivors (4096K)
 Metaspace       used 7536K, committed 7872K, reserved 1114112K
  class space    used 971K, committed 1088K, reserved 1048576K
}
Event: 0.902 GC heap after
{Heap after GC invocations=4 (full 0):
 garbage-first heap   total 260096K, used 45056K [0x0000000702600000, 0x0000000800000000)
  region size 2048K, 4 young (8192K), 4 survivors (8192K)
 Metaspace       used 7536K, committed 7872K, reserved 1114112K
  class space    used 971K, committed 1088K, reserved 1048576K
}
Event: 1.218 GC heap before
{Heap before GC invocations=4 (full 0):
 garbage-first heap   total 260096K, used 86016K [0x0000000702600000, 0x0000000800000000)
  region size 2048K, 24 young (49152K), 4 survivors (8192K)
 Metaspace       used 12382K, committed 12800K, reserved 1114112K
  class space    used 1631K, committed 1856K, reserved 1048576K
}
Event: 1.241 GC heap after
{Heap after GC invocations=5 (full 0):
 garbage-first heap   total 356352K, used 50471K [0x0000000702600000, 0x0000000800000000)
  region size 2048K, 3 young (6144K), 3 survivors (6144K)
 Metaspace       used 12382K, committed 12800K, reserved 1114112K
  class space    used 1631K, committed 1856K, reserved 1048576K
}
Event: 1.510 GC heap before
{Heap before GC invocations=5 (full 0):
 garbage-first heap   total 356352K, used 140583K [0x0000000702600000, 0x0000000800000000)
  region size 2048K, 48 young (98304K), 3 survivors (6144K)
 Metaspace       used 19714K, committed 20608K, reserved 1114112K
  class space    used 2741K, committed 3200K, reserved 1048576K
}
Event: 1.516 GC heap after
{Heap after GC invocations=6 (full 0):
 garbage-first heap   total 356352K, used 57383K [0x0000000702600000, 0x0000000800000000)
  region size 2048K, 6 young (12288K), 6 survivors (12288K)
 Metaspace       used 19714K, committed 20608K, reserved 1114112K
  class space    used 2741K, committed 3200K, reserved 1048576K
}
Event: 1.536 GC heap before
{Heap before GC invocations=6 (full 0):
 garbage-first heap   total 356352K, used 73767K [0x0000000702600000, 0x0000000800000000)
  region size 2048K, 15 young (30720K), 6 survivors (12288K)
 Metaspace       used 20529K, committed 21568K, reserved 1114112K
  class space    used 2861K, committed 3392K, reserved 1048576K
}
Event: 1.540 GC heap after
{Heap after GC invocations=7 (full 0):
 garbage-first heap   total 356352K, used 57919K [0x0000000702600000, 0x0000000800000000)
  region size 2048K, 6 young (12288K), 6 survivors (12288K)
 Metaspace       used 20529K, committed 21568K, reserved 1114112K
  class space    used 2861K, committed 3392K, reserved 1048576K
}
Event: 2.147 GC heap before
{Heap before GC invocations=8 (full 0):
 garbage-first heap   total 225280K, used 207423K [0x0000000702600000, 0x0000000800000000)
  region size 2048K, 81 young (165888K), 6 survivors (12288K)
 Metaspace       used 35636K, committed 37120K, reserved 1114112K
  class space    used 5163K, committed 5952K, reserved 1048576K
}
Event: 2.154 GC heap after
{Heap after GC invocations=9 (full 0):
 garbage-first heap   total 233472K, used 65042K [0x0000000702600000, 0x0000000800000000)
  region size 2048K, 10 young (20480K), 10 survivors (20480K)
 Metaspace       used 35636K, committed 37120K, reserved 1114112K
  class space    used 5163K, committed 5952K, reserved 1048576K
}
Event: 2.155 GC heap before
{Heap before GC invocations=9 (full 0):
 garbage-first heap   total 233472K, used 67090K [0x0000000702600000, 0x0000000800000000)
  region size 2048K, 11 young (22528K), 10 survivors (20480K)
 Metaspace       used 35638K, committed 37184K, reserved 1114112K
  class space    used 5163K, committed 5952K, reserved 1048576K
}
Event: 2.160 GC heap after
{Heap after GC invocations=10 (full 0):
 garbage-first heap   total 233472K, used 63288K [0x0000000702600000, 0x0000000800000000)
  region size 2048K, 1 young (2048K), 1 survivors (2048K)
 Metaspace       used 35638K, committed 37184K, reserved 1114112K
  class space    used 5163K, committed 5952K, reserved 1048576K
}
Event: 2.178 GC heap before
{Heap before GC invocations=10 (full 0):
 garbage-first heap   total 233472K, used 63288K [0x0000000702600000, 0x0000000800000000)
  region size 2048K, 3 young (6144K), 1 survivors (2048K)
 Metaspace       used 35982K, committed 37440K, reserved 1114112K
  class space    used 5220K, committed 6016K, reserved 1048576K
}

Deoptimization events (20 events):
Event: 2.089 Thread 0x000001c39810ddd0 DEOPT PACKING pc=0x000001c3f9de0d1c sp=0x00000058747fce50
Event: 2.089 Thread 0x000001c39810ddd0 DEOPT UNPACKING pc=0x000001c3f9652b43 sp=0x00000058747fc470 mode 1
Event: 2.089 Thread 0x000001c39810ddd0 DEOPT PACKING pc=0x000001c3f9b87174 sp=0x00000058747fd0a0
Event: 2.089 Thread 0x000001c39810ddd0 DEOPT UNPACKING pc=0x000001c3f9652b43 sp=0x00000058747fc558 mode 1
Event: 2.089 Thread 0x000001c39810ddd0 DEOPT PACKING pc=0x000001c3f9bc14e4 sp=0x00000058747fda70
Event: 2.089 Thread 0x000001c39810ddd0 DEOPT UNPACKING pc=0x000001c3f9652b43 sp=0x00000058747fcf38 mode 1
Event: 2.089 Thread 0x000001c39810ddd0 DEOPT PACKING pc=0x000001c3f9bc0a5c sp=0x00000058747fdb00
Event: 2.089 Thread 0x000001c39810ddd0 DEOPT UNPACKING pc=0x000001c3f9652b43 sp=0x00000058747fcfd8 mode 1
Event: 2.089 Thread 0x000001c39810ddd0 DEOPT PACKING pc=0x000001c3f99e59c9 sp=0x00000058747fcd70
Event: 2.089 Thread 0x000001c39810ddd0 DEOPT UNPACKING pc=0x000001c3f9652b43 sp=0x00000058747fc1c8 mode 1
Event: 2.089 Thread 0x000001c39810ddd0 DEOPT PACKING pc=0x000001c3f99e517c sp=0x00000058747fce00
Event: 2.089 Thread 0x000001c39810ddd0 DEOPT UNPACKING pc=0x000001c3f9652b43 sp=0x00000058747fc2a8 mode 1
Event: 2.089 Thread 0x000001c39810ddd0 DEOPT PACKING pc=0x000001c3f9de0d1c sp=0x00000058747fce50
Event: 2.089 Thread 0x000001c39810ddd0 DEOPT UNPACKING pc=0x000001c3f9652b43 sp=0x00000058747fc470 mode 1
Event: 2.089 Thread 0x000001c39810ddd0 DEOPT PACKING pc=0x000001c3f9b87174 sp=0x00000058747fd0a0
Event: 2.089 Thread 0x000001c39810ddd0 DEOPT UNPACKING pc=0x000001c3f9652b43 sp=0x00000058747fc558 mode 1
Event: 2.089 Thread 0x000001c39810ddd0 DEOPT PACKING pc=0x000001c3f9bc14e4 sp=0x00000058747fda70
Event: 2.089 Thread 0x000001c39810ddd0 DEOPT UNPACKING pc=0x000001c3f9652b43 sp=0x00000058747fcf38 mode 1
Event: 2.089 Thread 0x000001c39810ddd0 DEOPT PACKING pc=0x000001c3f9bc0a5c sp=0x00000058747fdb00
Event: 2.089 Thread 0x000001c39810ddd0 DEOPT UNPACKING pc=0x000001c3f9652b43 sp=0x00000058747fcfd8 mode 1

Classes loaded (20 events):
Event: 2.029 Loading class java/util/concurrent/atomic/AtomicReferenceArray
Event: 2.029 Loading class java/util/concurrent/atomic/AtomicReferenceArray done
Event: 2.042 Loading class sun/text/resources/cldr/FormatData_en
Event: 2.043 Loading class sun/text/resources/cldr/FormatData_en done
Event: 2.043 Loading class sun/text/resources/cldr/FormatData_en_US
Event: 2.043 Loading class sun/text/resources/cldr/FormatData_en_US done
Event: 2.111 Loading class sun/reflect/generics/tree/BooleanSignature
Event: 2.111 Loading class sun/reflect/generics/tree/BooleanSignature done
Event: 2.114 Loading class java/util/LinkedList$ListItr
Event: 2.114 Loading class java/util/LinkedList$ListItr done
Event: 2.114 Loading class org/w3c/dom/Document
Event: 2.114 Loading class org/w3c/dom/Document done
Event: 2.124 Loading class sun/reflect/generics/tree/IntSignature
Event: 2.124 Loading class sun/reflect/generics/tree/IntSignature done
Event: 2.168 Loading class java/lang/StrictMath
Event: 2.168 Loading class java/lang/StrictMath done
Event: 2.173 Loading class java/net/UrlDeserializedState
Event: 2.173 Loading class java/net/UrlDeserializedState done
Event: 2.173 Loading class java/net/Proxy
Event: 2.173 Loading class java/net/Proxy done

Classes unloaded (0 events):
No events

Classes redefined (0 events):
No events

Internal exceptions (20 events):
Event: 2.017 Thread 0x000001c3979271e0 Exception <a 'sun/nio/fs/WindowsException'{0x0000000707af1be0}> (0x0000000707af1be0) 
thrown [s\open\src\hotspot\share\prims\jni.cpp, line 516]
Event: 2.017 Thread 0x000001c3979271e0 Exception <a 'sun/nio/fs/WindowsException'{0x0000000707af2340}> (0x0000000707af2340) 
thrown [s\open\src\hotspot\share\prims\jni.cpp, line 516]
Event: 2.018 Thread 0x000001c3979271e0 Exception <a 'sun/nio/fs/WindowsException'{0x0000000707b031f8}> (0x0000000707b031f8) 
thrown [s\open\src\hotspot\share\prims\jni.cpp, line 516]
Event: 2.024 Thread 0x000001c3979271e0 Exception <a 'sun/nio/fs/WindowsException'{0x0000000707b598c8}> (0x0000000707b598c8) 
thrown [s\open\src\hotspot\share\prims\jni.cpp, line 516]
Event: 2.024 Thread 0x000001c3979271e0 Exception <a 'sun/nio/fs/WindowsException'{0x0000000707b59de0}> (0x0000000707b59de0) 
thrown [s\open\src\hotspot\share\prims\jni.cpp, line 516]
Event: 2.024 Thread 0x000001c3979271e0 Exception <a 'sun/nio/fs/WindowsException'{0x0000000707b5a200}> (0x0000000707b5a200) 
thrown [s\open\src\hotspot\share\prims\jni.cpp, line 516]
Event: 2.024 Thread 0x000001c3979271e0 Exception <a 'sun/nio/fs/WindowsException'{0x0000000707b5a960}> (0x0000000707b5a960) 
thrown [s\open\src\hotspot\share\prims\jni.cpp, line 516]
Event: 2.026 Thread 0x000001c3979271e0 Exception <a 'sun/nio/fs/WindowsException'{0x0000000707b654b0}> (0x0000000707b654b0) 
thrown [s\open\src\hotspot\share\prims\jni.cpp, line 516]
Event: 2.028 Thread 0x000001c3979271e0 Exception <a 'sun/nio/fs/WindowsException'{0x00000007079460b8}> (0x00000007079460b8) 
thrown [s\open\src\hotspot\share\prims\jni.cpp, line 516]
Event: 2.028 Thread 0x000001c3979271e0 Exception <a 'sun/nio/fs/WindowsException'{0x00000007079465c8}> (0x00000007079465c8) 
thrown [s\open\src\hotspot\share\prims\jni.cpp, line 516]
Event: 2.029 Thread 0x000001c3979271e0 Exception <a 'sun/nio/fs/WindowsException'{0x00000007079469e0}> (0x00000007079469e0) 
thrown [s\open\src\hotspot\share\prims\jni.cpp, line 516]
Event: 2.029 Thread 0x000001c3979271e0 Exception <a 'sun/nio/fs/WindowsException'{0x0000000707947140}> (0x0000000707947140) 
thrown [s\open\src\hotspot\share\prims\jni.cpp, line 516]
Event: 2.030 Thread 0x000001c3979271e0 Exception <a 'sun/nio/fs/WindowsException'{0x000000070794b7c8}> (0x000000070794b7c8) 
thrown [s\open\src\hotspot\share\prims\jni.cpp, line 516]
Event: 2.031 Thread 0x000001c3979271e0 Exception <a 'sun/nio/fs/WindowsException'{0x0000000707955d30}> (0x0000000707955d30) 
thrown [s\open\src\hotspot\share\prims\jni.cpp, line 516]
Event: 2.031 Thread 0x000001c3979271e0 Exception <a 'sun/nio/fs/WindowsException'{0x0000000707956240}> (0x0000000707956240) 
thrown [s\open\src\hotspot\share\prims\jni.cpp, line 516]
Event: 2.031 Thread 0x000001c3979271e0 Exception <a 'sun/nio/fs/WindowsException'{0x0000000707956650}> (0x0000000707956650) 
thrown [s\open\src\hotspot\share\prims\jni.cpp, line 516]
Event: 2.032 Thread 0x000001c3979271e0 Exception <a 'sun/nio/fs/WindowsException'{0x0000000707956db0}> (0x0000000707956db0) 
thrown [s\open\src\hotspot\share\prims\jni.cpp, line 516]
Event: 2.032 Thread 0x000001c3979271e0 Exception <a 'sun/nio/fs/WindowsException'{0x000000070795b168}> (0x000000070795b168) 
thrown [s\open\src\hotspot\share\prims\jni.cpp, line 516]
Event: 2.133 Thread 0x000001c3979259d0 Exception <a 'java/lang/IncompatibleClassChangeError'{0x00000007062dc648}: Found class java.lang.Object, but interface was expected> (0x00000007062dc648) 
thrown [s\open\src\hotspot\share\interpreter\linkResolver.cpp, line 826]
Event: 2.141 Thread 0x000001c3979259d0 Exception <a 'java/lang/NoSuchMethodError'{0x0000000706323768}: 'int java.lang.invoke.Invokers$Holder.invokeExact_MT(java.lang.Object, java.lang.Object, java.lang.Object)'> (0x0000000706323768) 
thrown [s\open\src\hotspot\share\interpreter\linkResolver.cpp, line 759]

VM Operations (20 events):
Event: 1.910 Executing VM operation: HandshakeAllThreads done
Event: 1.912 Executing VM operation: ICBufferFull
Event: 1.912 Executing VM operation: ICBufferFull done
Event: 1.934 Executing VM operation: HandshakeAllThreads
Event: 1.934 Executing VM operation: HandshakeAllThreads done
Event: 1.935 Executing VM operation: HandshakeAllThreads
Event: 1.935 Executing VM operation: HandshakeAllThreads done
Event: 2.051 Executing VM operation: HandshakeAllThreads
Event: 2.051 Executing VM operation: HandshakeAllThreads done
Event: 2.099 Executing VM operation: HandshakeAllThreads
Event: 2.099 Executing VM operation: HandshakeAllThreads done
Event: 2.101 Executing VM operation: HandshakeAllThreads
Event: 2.101 Executing VM operation: HandshakeAllThreads done
Event: 2.107 Executing VM operation: HandshakeAllThreads
Event: 2.107 Executing VM operation: HandshakeAllThreads done
Event: 2.147 Executing VM operation: CollectForMetadataAllocation
Event: 2.154 Executing VM operation: CollectForMetadataAllocation done
Event: 2.155 Executing VM operation: G1CollectForAllocation
Event: 2.160 Executing VM operation: G1CollectForAllocation done
Event: 2.178 Executing VM operation: CollectForMetadataAllocation

Events (20 events):
Event: 1.289 Thread 0x000001c398111790 Thread added: 0x000001c398111790
Event: 1.290 Thread 0x000001c39810cf60 Thread added: 0x000001c39810cf60
Event: 1.292 Thread 0x000001c398112ad0 Thread added: 0x000001c398112ad0
Event: 1.293 Thread 0x000001c39810d900 Thread added: 0x000001c39810d900
Event: 1.387 Loaded shared library C:\Users\OVERY\.jdks\openjdk-18.0.2.1\bin\management.dll
Event: 1.391 Loaded shared library C:\Users\OVERY\.jdks\openjdk-18.0.2.1\bin\management_ext.dll
Event: 1.414 Thread 0x000001c39810f110 Thread added: 0x000001c39810f110
Event: 1.423 Thread 0x000001c39810ff80 Thread added: 0x000001c39810ff80
Event: 1.427 Thread 0x000001c39810d430 Thread added: 0x000001c39810d430
Event: 1.875 Thread 0x000001c398111c60 Thread added: 0x000001c398111c60
Event: 1.875 Thread 0x000001c3987577c0 Thread added: 0x000001c3987577c0
Event: 1.876 Thread 0x000001c39875acb0 Thread added: 0x000001c39875acb0
Event: 1.876 Thread 0x000001c39875a310 Thread added: 0x000001c39875a310
Event: 1.876 Thread 0x000001c398758b00 Thread added: 0x000001c398758b00
Event: 1.876 Thread 0x000001c398757c90 Thread added: 0x000001c398757c90
Event: 1.877 Thread 0x000001c3987594a0 Thread added: 0x000001c3987594a0
Event: 1.880 Thread 0x000001c398755fb0 Thread added: 0x000001c398755fb0
Event: 1.880 Thread 0x000001c398756950 Thread added: 0x000001c398756950
Event: 1.880 Thread 0x000001c39875b650 Thread added: 0x000001c39875b650
Event: 1.880 Thread 0x000001c39875bb20 Thread added: 0x000001c39875bb20


Dynamic libraries:
0x00007ff64b8a0000 - 0x00007ff64b8ae000 	C:\Users\OVERY\.jdks\openjdk-18.0.2.1\bin\java.EXE
0x00007ff9e4950000 - 0x00007ff9e4b67000 	C:\WINDOWS\SYSTEM32\ntdll.dll
0x00007ff9e3360000 - 0x00007ff9e3424000 	C:\WINDOWS\System32\KERNEL32.DLL
0x00007ff9e1cd0000 - 0x00007ff9e2076000 	C:\WINDOWS\System32\KERNELBASE.dll
0x00007ff9e20b0000 - 0x00007ff9e21c1000 	C:\WINDOWS\System32\ucrtbase.dll
0x00007ff9d5a80000 - 0x00007ff9d5a9a000 	C:\Users\OVERY\.jdks\openjdk-18.0.2.1\bin\VCRUNTIME140.dll
0x00007ff9d5a60000 - 0x00007ff9d5a77000 	C:\Users\OVERY\.jdks\openjdk-18.0.2.1\bin\jli.dll
0x00007ff9e3650000 - 0x00007ff9e37fd000 	C:\WINDOWS\System32\USER32.dll
0x00007ff9cbb50000 - 0x00007ff9cbde3000 	C:\WINDOWS\WinSxS\amd64_microsoft.windows.common-controls_6595b64144ccf1df_6.0.22621.2361_none_2712ced57382f843\COMCTL32.dll
0x00007ff9e2080000 - 0x00007ff9e20a6000 	C:\WINDOWS\System32\win32u.dll
0x00007ff9e3470000 - 0x00007ff9e3517000 	C:\WINDOWS\System32\msvcrt.dll
0x00007ff9e3430000 - 0x00007ff9e3459000 	C:\WINDOWS\System32\GDI32.dll
0x00007ff9e21d0000 - 0x00007ff9e22e8000 	C:\WINDOWS\System32\gdi32full.dll
0x00007ff9e2610000 - 0x00007ff9e26aa000 	C:\WINDOWS\System32\msvcp_win.dll
0x00007ff9e2940000 - 0x00007ff9e2971000 	C:\WINDOWS\System32\IMM32.DLL
0x00007ff9d6270000 - 0x00007ff9d627c000 	C:\Users\OVERY\.jdks\openjdk-18.0.2.1\bin\vcruntime140_1.dll
0x00007ff9c5ab0000 - 0x00007ff9c5b3d000 	C:\Users\OVERY\.jdks\openjdk-18.0.2.1\bin\msvcp140.dll
0x00007ff9a0110000 - 0x00007ff9a0d21000 	C:\Users\OVERY\.jdks\openjdk-18.0.2.1\bin\server\jvm.dll
0x00007ff9e3800000 - 0x00007ff9e38b0000 	C:\WINDOWS\System32\ADVAPI32.dll
0x00007ff9e3580000 - 0x00007ff9e3626000 	C:\WINDOWS\System32\sechost.dll
0x00007ff9e38b0000 - 0x00007ff9e39c7000 	C:\WINDOWS\System32\RPCRT4.dll
0x00007ff9e41d0000 - 0x00007ff9e41d8000 	C:\WINDOWS\System32\PSAPI.DLL
0x00007ff9b2410000 - 0x00007ff9b2419000 	C:\WINDOWS\SYSTEM32\WSOCK32.dll
0x00007ff9daec0000 - 0x00007ff9daeca000 	C:\WINDOWS\SYSTEM32\VERSION.dll
0x00007ff9e2720000 - 0x00007ff9e2791000 	C:\WINDOWS\System32\WS2_32.dll
0x00007ff9d6d80000 - 0x00007ff9d6db4000 	C:\WINDOWS\SYSTEM32\WINMM.dll
0x00007ff9e0c70000 - 0x00007ff9e0c88000 	C:\WINDOWS\SYSTEM32\kernel.appcore.dll
0x00007ff9d61d0000 - 0x00007ff9d61da000 	C:\Users\OVERY\.jdks\openjdk-18.0.2.1\bin\jimage.dll
0x00007ff9df4c0000 - 0x00007ff9df6ee000 	C:\WINDOWS\SYSTEM32\DBGHELP.DLL
0x00007ff9e4480000 - 0x00007ff9e480a000 	C:\WINDOWS\System32\combase.dll
0x00007ff9e27b0000 - 0x00007ff9e2887000 	C:\WINDOWS\System32\OLEAUT32.dll
0x00007ff9cee00000 - 0x00007ff9cee32000 	C:\WINDOWS\SYSTEM32\dbgcore.DLL
0x00007ff9e23b0000 - 0x00007ff9e242a000 	C:\WINDOWS\System32\bcryptPrimitives.dll
0x00007ff9d1870000 - 0x00007ff9d187e000 	C:\Users\OVERY\.jdks\openjdk-18.0.2.1\bin\instrument.dll
0x00007ff9d5770000 - 0x00007ff9d5795000 	C:\Users\OVERY\.jdks\openjdk-18.0.2.1\bin\java.dll
0x00007ff9d1380000 - 0x00007ff9d13bb000 	C:\Users\OVERY\.jdks\openjdk-18.0.2.1\bin\jdwp.dll
0x00007ff9aa640000 - 0x00007ff9aa716000 	C:\Users\OVERY\.jdks\openjdk-18.0.2.1\bin\jsvml.dll
0x00007ff9e2a90000 - 0x00007ff9e32e8000 	C:\WINDOWS\System32\SHELL32.dll
0x00007ff9dfbe0000 - 0x00007ff9e04d2000 	C:\WINDOWS\SYSTEM32\windows.storage.dll
0x00007ff9dfaa0000 - 0x00007ff9dfbde000 	C:\WINDOWS\SYSTEM32\wintypes.dll
0x00007ff9e4810000 - 0x00007ff9e4903000 	C:\WINDOWS\System32\SHCORE.dll
0x00007ff9e3520000 - 0x00007ff9e357e000 	C:\WINDOWS\System32\shlwapi.dll
0x00007ff9e1c00000 - 0x00007ff9e1c26000 	C:\WINDOWS\SYSTEM32\profapi.dll
0x00007ff9d18a0000 - 0x00007ff9d18b8000 	C:\Users\OVERY\.jdks\openjdk-18.0.2.1\bin\zip.dll
0x00007ff9d5a40000 - 0x00007ff9d5a53000 	C:\Users\OVERY\.jdks\openjdk-18.0.2.1\bin\net.dll
0x00007ff9dbef0000 - 0x00007ff9dc027000 	C:\WINDOWS\SYSTEM32\WINHTTP.dll
0x00007ff9e11b0000 - 0x00007ff9e1219000 	C:\WINDOWS\system32\mswsock.dll
0x00007ff9d4300000 - 0x00007ff9d4316000 	C:\Users\OVERY\.jdks\openjdk-18.0.2.1\bin\nio.dll
0x00007ff9d1780000 - 0x00007ff9d178c000 	C:\Users\OVERY\.jdks\openjdk-18.0.2.1\bin\dt_socket.dll
0x00007ff9e0780000 - 0x00007ff9e07ad000 	C:\WINDOWS\SYSTEM32\IPHLPAPI.DLL
0x00007ff9e07b0000 - 0x00007ff9e08a9000 	C:\WINDOWS\SYSTEM32\DNSAPI.dll
0x00007ff9e27a0000 - 0x00007ff9e27a9000 	C:\WINDOWS\System32\NSI.dll
0x00007ff9cc3f0000 - 0x00007ff9cc3fa000 	C:\Windows\System32\rasadhlp.dll
0x00007ff9db110000 - 0x00007ff9db194000 	C:\WINDOWS\System32\fwpuclnt.dll
0x00007ff9d1880000 - 0x00007ff9d1890000 	C:\Users\OVERY\.jdks\openjdk-18.0.2.1\bin\verify.dll
0x00007ff9d1840000 - 0x00007ff9d1849000 	C:\Users\OVERY\.jdks\openjdk-18.0.2.1\bin\management.dll
0x00007ff9d1790000 - 0x00007ff9d179b000 	C:\Users\OVERY\.jdks\openjdk-18.0.2.1\bin\management_ext.dll
0x00007ff9e14d0000 - 0x00007ff9e14eb000 	C:\WINDOWS\SYSTEM32\CRYPTSP.dll
0x00007ff9e0c30000 - 0x00007ff9e0c65000 	C:\WINDOWS\system32\rsaenh.dll
0x00007ff9e1250000 - 0x00007ff9e127c000 	C:\WINDOWS\SYSTEM32\USERENV.dll
0x00007ff9e1670000 - 0x00007ff9e1698000 	C:\WINDOWS\SYSTEM32\bcrypt.dll
0x00007ff9e13b0000 - 0x00007ff9e13bc000 	C:\WINDOWS\SYSTEM32\CRYPTBASE.dll
0x00007ff9dbc70000 - 0x00007ff9dbc89000 	C:\WINDOWS\SYSTEM32\dhcpcsvc6.DLL
0x00007ff9dbc50000 - 0x00007ff9dbc6f000 	C:\WINDOWS\SYSTEM32\dhcpcsvc.DLL

dbghelp: loaded successfully - version: 4.0.5 - missing functions: none
symbol engine: initialized successfully - sym options: 0x614 - pdb path: .;C:\Users\OVERY\.jdks\openjdk-18.0.2.1\bin;C:\WINDOWS\SYSTEM32;C:\WINDOWS\WinSxS\amd64_microsoft.windows.common-controls_6595b64144ccf1df_6.0.22621.2361_none_2712ced57382f843;C:\Users\OVERY\.jdks\openjdk-18.0.2.1\bin\server

VM Arguments:
jvm_args: -Dquarkus-internal.serialized-app-model.path=C:\Users\OVERY\IdeaProjects\fin-app\target\quarkus\bootstrap\dev-app-model.dat -javaagent:C:\Users\OVERY\.m2\repository\io\quarkus\quarkus-class-change-agent\3.5.0\quarkus-class-change-agent-3.5.0.jar -XX:TieredStopAtLevel=1 -agentlib:jdwp=transport=dt_socket,address=localhost:59952,server=y,suspend=n -Djava.util.logging.manager=org.jboss.logmanager.LogManager 
java_command: C:\Users\OVERY\IdeaProjects\fin-app\target\code-with-quarkus-dev.jar
java_class_path (initial): C:\Users\OVERY\IdeaProjects\fin-app\target\code-with-quarkus-dev.jar
Launcher Type: SUN_STANDARD

[Global flags]
     intx CICompilerCount                          = 4                                         {product} {ergonomic}
     uint ConcGCThreads                            = 3                                         {product} {ergonomic}
     uint G1ConcRefinementThreads                  = 10                                        {product} {ergonomic}
   size_t G1HeapRegionSize                         = 2097152                                   {product} {ergonomic}
    uintx GCDrainStackTargetSize                   = 64                                        {product} {ergonomic}
   size_t InitialHeapSize                          = 266338304                                 {product} {ergonomic}
   size_t MarkStackSize                            = 4194304                                   {product} {ergonomic}
   size_t MaxHeapSize                              = 4255121408                                {product} {ergonomic}
   size_t MaxNewSize                               = 2552233984                                {product} {ergonomic}
   size_t MinHeapDeltaBytes                        = 2097152                                   {product} {ergonomic}
   size_t MinHeapSize                              = 8388608                                   {product} {ergonomic}
    uintx NonProfiledCodeHeapSize                  = 0                                      {pd product} {ergonomic}
     bool ProfileInterpreter                       = false                                  {pd product} {command line}
    uintx ProfiledCodeHeapSize                     = 0                                      {pd product} {ergonomic}
   size_t SoftMaxHeapSize                          = 4255121408                             {manageable} {ergonomic}
     intx TieredStopAtLevel                        = 1                                         {product} {command line}
     bool UseCompressedClassPointers               = true                           {product lp64_product} {ergonomic}
     bool UseCompressedOops                        = true                           {product lp64_product} {ergonomic}
     bool UseG1GC                                  = true                                      {product} {ergonomic}
     bool UseLargePagesIndividualAllocation        = false                                  {pd product} {ergonomic}

Logging:
Log output configuration:
 #0: stdout all=warning uptime,level,tags foldmultilines=false
 #1: stderr all=off uptime,level,tags foldmultilines=false

Environment Variables:
JAVA_HOME=C:\Program Files\graalvm-ce-java11-22.3.1
PATH=C:\Windows\System32\Wbem;C:\Windows\System32\WindowsPowerShell\v1.0\;C:\Windows\System32\OpenSSH\;C:\Program Files (x86)\NVIDIA Corporation\PhysX\Common;C:\Program Files\NVIDIA Corporation\NVIDIA NvDLISR;C:\Program Files\Git\cmd;C:\Program Files\apache-maven-3.8.6\bin;C:\Program Files\graalvm-ce-java11-22.3.0\bin;C:\WINDOWS\system32;C:\WINDOWS;C:\WINDOWS\System32\Wbem;C:\WINDOWS\System32\WindowsPowerShell\v1.0\;C:\WINDOWS\System32\OpenSSH\;C:\Program Files\nodejs\;C:\Program Files\dotnet\;C:\Program Files (x86)\Microsoft Visual Studio\2022\BuildTools\VC\Tools\MSVC\14.30.30705\bin\HostX64\x64;;C:\Program Files\Docker\Docker\resources\bin;C:\Users\OVERY\AppData\Local\Microsoft\WindowsApps;C:\Users\OVERY\AppData\Local\Programs\Microsoft VS Code\bin;C:\Program Files\JetBrains\IntelliJ IDEA 2023.1.2\bin;;C:\Users\OVERY\AppData\Roaming\npm;C:\Program Files\heroku\bin;C:\Program Files\graalvm-ce-java11-22.3.1\bin;C:\Program Files (x86)\Microsoft Visual Studio\2022\BuildTools\VC\Tools\MSVC\14.30.30705\bin\HostX64\x64;
USERNAME=OVERY
OS=Windows_NT
PROCESSOR_IDENTIFIER=Intel64 Family 6 Model 151 Stepping 5, GenuineIntel



---------------  S Y S T E M  ---------------

OS:
 Windows 11 , 64 bit Build 22621 (10.0.22621.2428)
OS uptime: 0 days 3:47 hours
Hyper-V role detected

CPU: total 12 (initial active 12) (6 cores per cpu, 2 threads per core) family 6 model 151 stepping 5 microcode 0x1e, cx8, cmov, fxsr, ht, mmx, 3dnowpref, sse, sse2, sse3, ssse3, sse4.1, sse4.2, popcnt, lzcnt, tsc, tscinvbit, avx, avx2, aes, erms, clmul, bmi1, bmi2, adx, sha, fma, vzeroupper, clflush, clflushopt, clwb, hv, serialize

Memory: 4k page, system-wide physical 16225M (2388M free)
TotalPageFile size 18190M (AvailPageFile size 154M)
current process WorkingSet (physical memory assigned to process): 340M, peak: 340M
current process commit charge ("private bytes"): 540M, peak: 812M

vm_info: OpenJDK 64-Bit Server VM (18.0.2.1+1-1) for windows-amd64 JRE (18.0.2.1+1-1), built on Aug 16 2022 01:44:29 by "mach5one" with MS VC++ 16.8 / 16.9 (VS2019)

END.
