#
# There is insufficient memory for the Java Runtime Environment to continue.
# Native memory allocation (mmap) failed to map 65536 bytes for Failed to commit metaspace.
# Possible reasons:
#   The system is out of physical RAM or swap space
#   The process is running with CompressedOops enabled, and the Java Heap may be blocking the growth of the native heap
# Possible solutions:
#   Reduce memory load on the system
#   Increase physical memory or swap space
#   Check if swap backing store is full
#   Decrease Java heap size (-Xmx/-Xms)
#   Decrease number of Java threads
#   Decrease Java thread stack sizes (-Xss)
#   Set larger code cache with -XX:ReservedCodeCacheSize=
#   JVM is running with Zero Based Compressed Oops mode in which the Java heap is
#     placed in the first 32GB address space. The Java Heap base address is the
#     maximum limit for the native heap growth. Please use -XX:HeapBaseMinAddress
#     to set the Java Heap base and to place the Java Heap above 32GB virtual address.
# This output file may be truncated or incomplete.
#
#  Out of Memory Error (virtualSpaceNode.cpp:110), pid=17400, tid=17324
#
# JRE version: OpenJDK Runtime Environment (18.0.2.1+1) (build 18.0.2.1+1-1)
# Java VM: OpenJDK 64-Bit Server VM (18.0.2.1+1-1, mixed mode, emulated-client, sharing, tiered, compressed oops, compressed class ptrs, g1 gc, windows-amd64)
# No core dump will be written. Minidumps are not enabled by default on client versions of Windows
#

---------------  S U M M A R Y ------------

Command Line: -Dquarkus-internal.serialized-app-model.path=C:\Users\OVERY\IdeaProjects\fin-app\target\quarkus\bootstrap\dev-app-model.dat -javaagent:C:\Users\OVERY\.m2\repository\io\quarkus\quarkus-class-change-agent\3.5.0\quarkus-class-change-agent-3.5.0.jar -XX:TieredStopAtLevel=1 -agentlib:jdwp=transport=dt_socket,address=localhost:60139,server=y,suspend=n -Djava.util.logging.manager=org.jboss.logmanager.LogManager C:\Users\OVERY\IdeaProjects\fin-app\target\code-with-quarkus-dev.jar

Host: 12th Gen Intel(R) Core(TM) i5-12400F, 12 cores, 15G,  Windows 11 , 64 bit Build 22621 (10.0.22621.2428)
Time: Wed Nov  8 00:52:05 2023  Windows 11 , 64 bit Build 22621 (10.0.22621.2428) elapsed time: 3.210614 seconds (0d 0h 0m 3s)

---------------  T H R E A D  ---------------

Current thread (0x0000018b503103e0):  JavaThread "build-40" [_thread_in_vm, id=17324, stack(0x0000001930c00000,0x0000001930d00000)]

Stack: [0x0000001930c00000,0x0000001930d00000]
Native frames: (J=compiled Java code, j=interpreted, Vv=VM code, C=native code)
V  [jvm.dll+0x6993aa]
V  [jvm.dll+0x7f46dd]
V  [jvm.dll+0x7f5fee]
V  [jvm.dll+0x7f66a3]
V  [jvm.dll+0x25cf1f]
V  [jvm.dll+0x7f03eb]
V  [jvm.dll+0x63f526]
V  [jvm.dll+0x1d75ce]
V  [jvm.dll+0x641ecb]
V  [jvm.dll+0x641cce]
V  [jvm.dll+0x63feee]
V  [jvm.dll+0x64a567]
V  [jvm.dll+0x202961]
V  [jvm.dll+0x202e95]
V  [jvm.dll+0x2038cf]
V  [jvm.dll+0x1f8d61]
V  [jvm.dll+0x55dc05]
V  [jvm.dll+0x76e943]
V  [jvm.dll+0x76ea24]
V  [jvm.dll+0x42d7b4]
V  [jvm.dll+0x4334bf]
C  [java.dll+0x17ec]

Java frames: (J=compiled Java code, j=interpreted, Vv=VM code)
j  java.lang.ClassLoader.defineClass1(Ljava/lang/ClassLoader;Ljava/lang/String;[BIILjava/security/ProtectionDomain;Ljava/lang/String;)Ljava/lang/Class;+0 java.base@18.0.2.1
j  java.lang.ClassLoader.defineClass(Ljava/lang/String;[BIILjava/security/ProtectionDomain;)Ljava/lang/Class;+27 java.base@18.0.2.1
j  io.quarkus.bootstrap.classloading.QuarkusClassLoader.loadClass(Ljava/lang/String;Z)Ljava/lang/Class;+301
j  io.quarkus.bootstrap.classloading.QuarkusClassLoader.loadClass(Ljava/lang/String;)Ljava/lang/Class;+3
v  ~StubRoutines::call_stub
j  io.quarkus.deployment.steps.ApplicationIndexBuildStep.build(Lio/quarkus/deployment/builditem/ArchiveRootBuildItem;Lio/quarkus/deployment/pkg/builditem/CurateOutcomeBuildItem;Lio/quarkus/deployment/configuration/ClassLoadingConfig;)Lio/quarkus/deployment/builditem/ApplicationIndexBuildItem;+0
j  java.lang.invoke.LambdaForm$DMH+0x0000000800df1c00.invokeVirtual(Ljava/lang/Object;Ljava/lang/Object;Ljava/lang/Object;Ljava/lang/Object;Ljava/lang/Object;)Ljava/lang/Object;+16 java.base@18.0.2.1
j  java.lang.invoke.LambdaForm$MH+0x0000000800e0a800.invoke(Ljava/lang/Object;Ljava/lang/Object;Ljava/lang/Object;Ljava/lang/Object;Ljava/lang/Object;)Ljava/lang/Object;+93 java.base@18.0.2.1
j  java.lang.invoke.LambdaForm$MH+0x0000000800d14800.invokeExact_MT(Ljava/lang/Object;Ljava/lang/Object;Ljava/lang/Object;Ljava/lang/Object;Ljava/lang/Object;Ljava/lang/Object;)Ljava/lang/Object;+24 java.base@18.0.2.1
J 917 c1 java.lang.reflect.Method.invoke(Ljava/lang/Object;[Ljava/lang/Object;)Ljava/lang/Object; java.base@18.0.2.1 (108 bytes) @ 0x0000018b3b0d5434 [0x0000018b3b0d4ba0+0x0000000000000894]
j  io.quarkus.deployment.ExtensionLoader$3.execute(Lio/quarkus/builder/BuildContext;)V+265
j  io.quarkus.builder.BuildContext.run()V+70
j  io.quarkus.builder.BuildContext$$Lambda$246+0x0000000800de6968.run()V+4
j  org.jboss.threads.ContextHandler$1.runWith(Ljava/lang/Runnable;Ljava/lang/Object;)V+1
j  org.jboss.threads.EnhancedQueueExecutor$Task.run()V+67
j  org.jboss.threads.EnhancedQueueExecutor$ThreadBody.run()V+177
j  java.lang.Thread.run()V+11 java.base@18.0.2.1
j  org.jboss.threads.JBossThread.run()V+12
v  ~StubRoutines::call_stub

---------------  P R O C E S S  ---------------

Threads class SMR info:
_java_thread_list=0x0000018b5047da00, length=85, elements={
0x0000018b3338cfa0, 0x0000018b4a2b7090, 0x0000018b4a2b7cf0, 0x0000018b4a2d3d60,
0x0000018b4a2d49c0, 0x0000018b4a2d64d0, 0x0000018b4a2d6e70, 0x0000018b4a2d8730,
0x0000018b4a2e4530, 0x0000018b4a2a0c00, 0x0000018b4e58bff0, 0x0000018b4e58e500,
0x0000018b4ebd0190, 0x0000018b4ebd3e50, 0x0000018b4ebd74b0, 0x0000018b4ec0e2e0,
0x0000018b4ebdd9c0, 0x0000018b4ebdde80, 0x0000018b4ec8b410, 0x0000018b4fe30ae0,
0x0000018b4fec8f10, 0x0000018b50179d90, 0x0000018b5026c7d0, 0x0000018b5026cc90,
0x0000018b502d7d80, 0x0000018b502d73e0, 0x0000018b502d8720, 0x0000018b502d9a60,
0x0000018b502d8250, 0x0000018b502da8d0, 0x0000018b502d6f10, 0x0000018b502d8bf0,
0x0000018b502d78b0, 0x0000018b502d90c0, 0x0000018b502d9590, 0x0000018b502d9f30,
0x0000018b502da400, 0x0000018b5030dd60, 0x0000018b50311250, 0x0000018b50311bf0,
0x0000018b5030d890, 0x0000018b5030f570, 0x0000018b5030bbb0, 0x0000018b5030c550,
0x0000018b50310d80, 0x0000018b5030e230, 0x0000018b5030ca20, 0x0000018b5030ebd0,
0x0000018b5030fa40, 0x0000018b503120c0, 0x0000018b5030b6e0, 0x0000018b503108b0,
0x0000018b5030ff10, 0x0000018b5030f0a0, 0x0000018b5030b210, 0x0000018b5030c080,
0x0000018b50312590, 0x0000018b5030ad40, 0x0000018b5030cef0, 0x0000018b503103e0,
0x0000018b50311720, 0x0000018b5030d3c0, 0x0000018b50421d00, 0x0000018b50424380,
0x0000018b504239e0, 0x0000018b504221d0, 0x0000018b50425b90, 0x0000018b50420e90,
0x0000018b504226a0, 0x0000018b50424850, 0x0000018b50422b70, 0x0000018b50426ed0,
0x0000018b50421360, 0x0000018b5041f680, 0x0000018b50426060, 0x0000018b5041fb50,
0x0000018b50426530, 0x0000018b504209c0, 0x0000018b50423040, 0x0000018b50423510,
0x0000018b504204f0, 0x0000018b50424d20, 0x0000018b50420020, 0x0000018b504251f0,
0x0000018b50423eb0
}
_to_delete_list=0x0000018b4ed285c0, length=69, elements={
0x0000018b3338cfa0, 0x0000018b4a2b7090, 0x0000018b4a2b7cf0, 0x0000018b4a2d3d60,
0x0000018b4a2d49c0, 0x0000018b4a2d64d0, 0x0000018b4a2d6e70, 0x0000018b4a2d8730,
0x0000018b4a2e4530, 0x0000018b4a2a0c00, 0x0000018b4e58bff0, 0x0000018b4e58e500,
0x0000018b4ebd0190, 0x0000018b4ebd3e50, 0x0000018b4ebd74b0, 0x0000018b4ec0e2e0,
0x0000018b4ebdd9c0, 0x0000018b4ebdde80, 0x0000018b4ec8b410, 0x0000018b4fe30ae0,
0x0000018b4fec8f10, 0x0000018b50179d90, 0x0000018b5026c7d0, 0x0000018b5026cc90,
0x0000018b502d7d80, 0x0000018b502d73e0, 0x0000018b502d8720, 0x0000018b502d9a60,
0x0000018b502d8250, 0x0000018b502da8d0, 0x0000018b502d6f10, 0x0000018b502d8bf0,
0x0000018b502d78b0, 0x0000018b502d90c0, 0x0000018b502d9590, 0x0000018b502d9f30,
0x0000018b502da400, 0x0000018b5030dd60, 0x0000018b50311250, 0x0000018b50311bf0,
0x0000018b5030d890, 0x0000018b5030f570, 0x0000018b5030bbb0, 0x0000018b5030c550,
0x0000018b50310d80, 0x0000018b5030e230, 0x0000018b5030ca20, 0x0000018b5030ebd0,
0x0000018b5030fa40, 0x0000018b503120c0, 0x0000018b5030b6e0, 0x0000018b503108b0,
0x0000018b5030ff10, 0x0000018b5030f0a0, 0x0000018b5030b210, 0x0000018b5030c080,
0x0000018b50312590, 0x0000018b5030ad40, 0x0000018b5030cef0, 0x0000018b503103e0,
0x0000018b50311720, 0x0000018b5030d3c0, 0x0000018b50421d00, 0x0000018b50424380,
0x0000018b504239e0, 0x0000018b504221d0, 0x0000018b50425b90, 0x0000018b50420e90,
0x0000018b504226a0
}

Java Threads: ( => current thread )
  0x0000018b3338cfa0 JavaThread "main" [_thread_in_vm, id=14448, stack(0x000000192b900000,0x000000192ba00000)]
  0x0000018b4a2b7090 JavaThread "Reference Handler" daemon [_thread_blocked, id=16736, stack(0x000000192c000000,0x000000192c100000)]
  0x0000018b4a2b7cf0 JavaThread "Finalizer" daemon [_thread_blocked, id=14168, stack(0x000000192c100000,0x000000192c200000)]
  0x0000018b4a2d3d60 JavaThread "Signal Dispatcher" daemon [_thread_blocked, id=16780, stack(0x000000192c200000,0x000000192c300000)]
  0x0000018b4a2d49c0 JavaThread "Attach Listener" daemon [_thread_blocked, id=11240, stack(0x000000192c300000,0x000000192c400000)]
  0x0000018b4a2d64d0 JavaThread "Service Thread" daemon [_thread_blocked, id=11160, stack(0x000000192c400000,0x000000192c500000)]
  0x0000018b4a2d6e70 JavaThread "Monitor Deflation Thread" daemon [_thread_blocked, id=2120, stack(0x000000192c500000,0x000000192c600000)]
  0x0000018b4a2d8730 JavaThread "C1 CompilerThread0" daemon [_thread_blocked, id=11324, stack(0x000000192c600000,0x000000192c700000)]
  0x0000018b4a2e4530 JavaThread "Sweeper thread" daemon [_thread_blocked, id=8680, stack(0x000000192c700000,0x000000192c800000)]
  0x0000018b4a2a0c00 JavaThread "Common-Cleaner" daemon [_thread_blocked, id=12196, stack(0x000000192c800000,0x000000192c900000)]
  0x0000018b4e58bff0 JavaThread "C1 CompilerThread1" daemon [_thread_blocked, id=15988, stack(0x000000192c900000,0x000000192ca00000)]
  0x0000018b4e58e500 JavaThread "C1 CompilerThread2" daemon [_thread_blocked, id=6732, stack(0x000000192ca00000,0x000000192cb00000)]
  0x0000018b4ebd0190 JavaThread "JDWP Transport Listener: dt_socket" daemon [_thread_in_native, id=19436, stack(0x000000192cb00000,0x000000192cc00000)]
  0x0000018b4ebd3e50 JavaThread "JDWP Event Helper Thread" daemon [_thread_blocked, id=5176, stack(0x000000192cc00000,0x000000192cd00000)]
  0x0000018b4ebd74b0 JavaThread "Notification Thread" daemon [_thread_blocked, id=14372, stack(0x000000192cd00000,0x000000192ce00000)]
  0x0000018b4ec0e2e0 JavaThread "Reference Reaper #1" daemon [_thread_blocked, id=9264, stack(0x000000192cf00000,0x000000192d000000)]
  0x0000018b4ebdd9c0 JavaThread "Reference Reaper #2" daemon [_thread_blocked, id=14480, stack(0x000000192d000000,0x000000192d100000)]
  0x0000018b4ebdde80 JavaThread "Reference Reaper #3" daemon [_thread_blocked, id=13896, stack(0x000000192d100000,0x000000192d200000)]
  0x0000018b4ec8b410 JavaThread "C1 CompilerThread3" daemon [_thread_blocked, id=18900, stack(0x000000192d200000,0x000000192d300000)]
  0x0000018b4fe30ae0 JavaThread "Quarkus Devmode keep alive thread" [_thread_blocked, id=10532, stack(0x000000192db00000,0x000000192dc00000)]
  0x0000018b4fec8f10 JavaThread "ForkJoinPool.commonPool-worker-1" daemon [_thread_blocked, id=2684, stack(0x000000192dc00000,0x000000192dd00000)]
  0x0000018b50179d90 JavaThread "build-2" [_thread_blocked, id=11396, stack(0x000000192e500000,0x000000192e600000)]
  0x0000018b5026c7d0 JavaThread "build-3" [_thread_blocked, id=8768, stack(0x000000192e600000,0x000000192e700000)]
  0x0000018b5026cc90 JavaThread "build-4" [_thread_blocked, id=11996, stack(0x000000192e700000,0x000000192e800000)]
  0x0000018b502d7d80 JavaThread "build-5" [_thread_in_vm, id=8860, stack(0x000000192e900000,0x000000192ea00000)]
  0x0000018b502d73e0 JavaThread "build-6" [_thread_blocked, id=6692, stack(0x000000192ea00000,0x000000192eb00000)]
  0x0000018b502d8720 JavaThread "build-7" [_thread_in_vm, id=11736, stack(0x000000192eb00000,0x000000192ec00000)]
  0x0000018b502d9a60 JavaThread "build-8" [_thread_in_vm, id=15168, stack(0x000000192ec00000,0x000000192ed00000)]
  0x0000018b502d8250 JavaThread "build-9" [_thread_in_vm, id=4880, stack(0x000000192ed00000,0x000000192ee00000)]
  0x0000018b502da8d0 JavaThread "build-10" [_thread_in_vm, id=4792, stack(0x000000192ee00000,0x000000192ef00000)]
  0x0000018b502d6f10 JavaThread "build-11" [_thread_blocked, id=11964, stack(0x000000192ef00000,0x000000192f000000)]
  0x0000018b502d8bf0 JavaThread "build-12" [_thread_in_vm, id=15968, stack(0x000000192f000000,0x000000192f100000)]
  0x0000018b502d78b0 JavaThread "build-13" [_thread_blocked, id=12592, stack(0x000000192f100000,0x000000192f200000)]
  0x0000018b502d90c0 JavaThread "build-14" [_thread_in_vm, id=7660, stack(0x000000192f200000,0x000000192f300000)]
  0x0000018b502d9590 JavaThread "build-15" [_thread_blocked, id=19284, stack(0x000000192f300000,0x000000192f400000)]
  0x0000018b502d9f30 JavaThread "build-16" [_thread_blocked, id=14768, stack(0x000000192f400000,0x000000192f500000)]
  0x0000018b502da400 JavaThread "build-17" [_thread_blocked, id=1300, stack(0x000000192f500000,0x000000192f600000)]
  0x0000018b5030dd60 JavaThread "build-18" [_thread_in_vm, id=4916, stack(0x000000192f600000,0x000000192f700000)]
  0x0000018b50311250 JavaThread "build-19" [_thread_blocked, id=18912, stack(0x000000192f700000,0x000000192f800000)]
  0x0000018b50311bf0 JavaThread "build-20" [_thread_blocked, id=8756, stack(0x000000192f800000,0x000000192f900000)]
  0x0000018b5030d890 JavaThread "build-21" [_thread_blocked, id=14556, stack(0x000000192f900000,0x000000192fa00000)]
  0x0000018b5030f570 JavaThread "build-22" [_thread_blocked, id=11960, stack(0x000000192fa00000,0x000000192fb00000)]
  0x0000018b5030bbb0 JavaThread "build-23" [_thread_blocked, id=4592, stack(0x000000192fb00000,0x000000192fc00000)]
  0x0000018b5030c550 JavaThread "build-25" [_thread_blocked, id=6860, stack(0x000000192fc00000,0x000000192fd00000)]
  0x0000018b50310d80 JavaThread "build-24" [_thread_blocked, id=9360, stack(0x000000192fd00000,0x000000192fe00000)]
  0x0000018b5030e230 JavaThread "build-26" [_thread_blocked, id=13216, stack(0x000000192fe00000,0x000000192ff00000)]
  0x0000018b5030ca20 JavaThread "build-27" [_thread_in_vm, id=18752, stack(0x000000192ff00000,0x0000001930000000)]
  0x0000018b5030ebd0 JavaThread "build-28" [_thread_in_vm, id=18696, stack(0x0000001930000000,0x0000001930100000)]
  0x0000018b5030fa40 JavaThread "build-29" [_thread_in_vm, id=17456, stack(0x0000001930100000,0x0000001930200000)]
  0x0000018b503120c0 JavaThread "build-30" [_thread_blocked, id=15176, stack(0x0000001930200000,0x0000001930300000)]
  0x0000018b5030b6e0 JavaThread "build-31" [_thread_in_vm, id=2824, stack(0x0000001930300000,0x0000001930400000)]
  0x0000018b503108b0 JavaThread "build-32" [_thread_blocked, id=12468, stack(0x0000001930400000,0x0000001930500000)]
  0x0000018b5030ff10 JavaThread "build-33" [_thread_in_vm, id=8064, stack(0x0000001930500000,0x0000001930600000)]
  0x0000018b5030f0a0 JavaThread "build-34" [_thread_blocked, id=2840, stack(0x0000001930600000,0x0000001930700000)]
  0x0000018b5030b210 JavaThread "build-35" [_thread_in_vm, id=17420, stack(0x0000001930700000,0x0000001930800000)]
  0x0000018b5030c080 JavaThread "build-36" [_thread_blocked, id=6156, stack(0x0000001930800000,0x0000001930900000)]
  0x0000018b50312590 JavaThread "build-37" [_thread_in_vm, id=2828, stack(0x0000001930900000,0x0000001930a00000)]
  0x0000018b5030ad40 JavaThread "build-38" [_thread_blocked, id=16904, stack(0x0000001930a00000,0x0000001930b00000)]
  0x0000018b5030cef0 JavaThread "build-39" [_thread_blocked, id=19256, stack(0x0000001930b00000,0x0000001930c00000)]
=>0x0000018b503103e0 JavaThread "build-40" [_thread_in_vm, id=17324, stack(0x0000001930c00000,0x0000001930d00000)]
  0x0000018b50311720 JavaThread "build-41" [_thread_blocked, id=13184, stack(0x0000001930d00000,0x0000001930e00000)]
  0x0000018b5030d3c0 JavaThread "build-42" [_thread_blocked, id=10208, stack(0x0000001930e00000,0x0000001930f00000)]
  0x0000018b50421d00 JavaThread "build-43" [_thread_blocked, id=18988, stack(0x0000001930f00000,0x0000001931000000)]
  0x0000018b50424380 JavaThread "build-44" [_thread_blocked, id=4360, stack(0x0000001931000000,0x0000001931100000)]
  0x0000018b504239e0 JavaThread "build-45" [_thread_in_vm, id=15672, stack(0x0000001931100000,0x0000001931200000)]
  0x0000018b504221d0 JavaThread "build-46" [_thread_in_vm, id=12028, stack(0x0000001931200000,0x0000001931300000)]
  0x0000018b50425b90 JavaThread "build-47" [_thread_blocked, id=2252, stack(0x0000001931300000,0x0000001931400000)]
  0x0000018b50420e90 JavaThread "build-48" [_thread_blocked, id=2412, stack(0x0000001931400000,0x0000001931500000)]
  0x0000018b504226a0 JavaThread "build-49" [_thread_blocked, id=2888, stack(0x0000001931500000,0x0000001931600000)]
  0x0000018b50424850 JavaThread "build-50" [_thread_in_vm, id=15788, stack(0x0000001931600000,0x0000001931700000)]
  0x0000018b50422b70 JavaThread "build-51" [_thread_blocked, id=15604, stack(0x0000001931700000,0x0000001931800000)]
  0x0000018b50426ed0 JavaThread "build-52" [_thread_in_vm, id=5752, stack(0x0000001931800000,0x0000001931900000)]
  0x0000018b50421360 JavaThread "build-53" [_thread_in_vm, id=14240, stack(0x0000001931900000,0x0000001931a00000)]
  0x0000018b5041f680 JavaThread "build-54" [_thread_blocked, id=19384, stack(0x0000001931a00000,0x0000001931b00000)]
  0x0000018b50426060 JavaThread "build-55" [_thread_blocked, id=17308, stack(0x0000001931b00000,0x0000001931c00000)]
  0x0000018b5041fb50 JavaThread "build-56" [_thread_in_vm, id=16168, stack(0x0000001931c00000,0x0000001931d00000)]
  0x0000018b50426530 JavaThread "build-57" [_thread_in_vm, id=7424, stack(0x0000001931d00000,0x0000001931e00000)]
  0x0000018b504209c0 JavaThread "build-58" [_thread_in_vm, id=18248, stack(0x0000001931e00000,0x0000001931f00000)]
  0x0000018b50423040 JavaThread "build-59" [_thread_in_vm, id=15096, stack(0x0000001931f00000,0x0000001932000000)]
  0x0000018b50423510 JavaThread "build-60" [_thread_blocked, id=17264, stack(0x0000001932000000,0x0000001932100000)]
  0x0000018b504204f0 JavaThread "build-61" [_thread_blocked, id=6176, stack(0x0000001932100000,0x0000001932200000)]
  0x0000018b50424d20 JavaThread "build-62" [_thread_in_vm, id=19228, stack(0x0000001932200000,0x0000001932300000)]
  0x0000018b50420020 JavaThread "build-63" [_thread_in_vm, id=15312, stack(0x0000001932300000,0x0000001932400000)]
  0x0000018b504251f0 JavaThread "build-64" [_thread_in_vm, id=9128, stack(0x0000001932400000,0x0000001932500000)]
  0x0000018b50423eb0 JavaThread "build-65" [_thread_in_vm, id=13088, stack(0x0000001932500000,0x0000001932600000)]

Other Threads:
  0x0000018b4a2b06b0 VMThread "VM Thread" [stack: 0x000000192bf00000,0x000000192c000000] [id=9340]
  0x0000018b3338de00 WatcherThread "VM Periodic Task Thread" [stack: 0x000000192ce00000,0x000000192cf00000] [id=3296]
  0x0000018b333fbf90 WorkerThread "GC Thread#0" [stack: 0x000000192ba00000,0x000000192bb00000] [id=18952]
  0x0000018b4ed1df60 WorkerThread "GC Thread#1" [stack: 0x000000192d300000,0x000000192d400000] [id=15684]
  0x0000018b4ed1e6c0 WorkerThread "GC Thread#2" [stack: 0x000000192d400000,0x000000192d500000] [id=19080]
  0x0000018b4ed1e960 WorkerThread "GC Thread#3" [stack: 0x000000192d500000,0x000000192d600000] [id=14948]
  0x0000018b4ed20c10 WorkerThread "GC Thread#4" [stack: 0x000000192d600000,0x000000192d700000] [id=18108]
  0x0000018b4ed20eb0 WorkerThread "GC Thread#5" [stack: 0x000000192d700000,0x000000192d800000] [id=15992]
  0x0000018b4ee09700 WorkerThread "GC Thread#6" [stack: 0x000000192d800000,0x000000192d900000] [id=18120]
  0x0000018b4fedc850 WorkerThread "GC Thread#7" [stack: 0x000000192dd00000,0x000000192de00000] [id=7112]
  0x0000018b4feac6f0 WorkerThread "GC Thread#8" [stack: 0x000000192de00000,0x000000192df00000] [id=4288]
  0x0000018b501ab800 WorkerThread "GC Thread#9" [stack: 0x000000192e800000,0x000000192e900000] [id=18660]
  0x0000018b3340ec70 ConcurrentGCThread "G1 Main Marker" [stack: 0x000000192bb00000,0x000000192bc00000] [id=16968]
  0x0000018b3340f660 WorkerThread "G1 Conc#0" [stack: 0x000000192bc00000,0x000000192bd00000] [id=2544]
  0x0000018b3344e1c0 ConcurrentGCThread "G1 Refine#0" [stack: 0x000000192bd00000,0x000000192be00000] [id=5628]
  0x0000018b4edf00d0 ConcurrentGCThread "G1 Refine#1" [stack: 0x000000192d900000,0x000000192da00000] [id=5004]
  0x0000018b4ed27430 ConcurrentGCThread "G1 Refine#2" [stack: 0x000000192da00000,0x000000192db00000] [id=5776]
  0x0000018b4f107580 ConcurrentGCThread "G1 Refine#3" [stack: 0x000000192df00000,0x000000192e000000] [id=16916]
  0x0000018b4f017a20 ConcurrentGCThread "G1 Refine#4" [stack: 0x000000192e000000,0x000000192e100000] [id=18920]
  0x0000018b4ecf9c20 ConcurrentGCThread "G1 Refine#5" [stack: 0x000000192e100000,0x000000192e200000] [id=11112]
  0x0000018b4ff18740 ConcurrentGCThread "G1 Refine#6" [stack: 0x000000192e200000,0x000000192e300000] [id=8452]
  0x0000018b4ff19820 ConcurrentGCThread "G1 Refine#7" [stack: 0x000000192e300000,0x000000192e400000] [id=2300]
  0x0000018b4ff18ce0 ConcurrentGCThread "G1 Refine#8" [stack: 0x000000192e400000,0x000000192e500000] [id=19116]
  0x0000018b3344ead0 ConcurrentGCThread "G1 Service" [stack: 0x000000192be00000,0x000000192bf00000] [id=14436]

Threads with active compile tasks:

VM state: not at safepoint (normal execution)

VM Mutex/Monitor currently owned by a thread:  ([mutex/lock_event])
[0x0000018b31249820] Metaspace_lock - owner thread: 0x0000018b503103e0

OutOfMemory and StackOverflow Exception counts:
OutOfMemoryError java_heap_errors=2
LinkageErrors=85

Heap address: 0x0000000702600000, size: 4058 MB, Compressed Oops mode: Zero based, Oop shift amount: 3

CDS archive(s) mapped at: [0x0000000800000000-0x0000000800ba0000-0x0000000800ba0000), size 12189696, SharedBaseAddress: 0x0000000800000000, ArchiveRelocationMode: 0.
Compressed class space mapped at: 0x0000000800c00000-0x0000000840c00000, reserved size: 1073741824
Narrow klass base: 0x0000000800000000, Narrow klass shift: 0, Narrow klass range: 0x100000000

GC Precious Log:
 CardTable entry size: 512
 Card Set container configuration: InlinePtr #cards 4 size 8 Array Of Cards #cards 16 size 48 Howl #buckets 8 coarsen threshold 3686 Howl Bitmap #cards 512 size 80 coarsen threshold 460 Card regions per heap region 1 cards per card region 4096
 CPUs: 12 total, 12 available
 Memory: 16225M
 Large Page Support: Disabled
 NUMA Support: Disabled
 Compressed Oops: Enabled (Zero based)
 Heap Region Size: 2M
 Heap Min Capacity: 8M
 Heap Initial Capacity: 254M
 Heap Max Capacity: 4058M
 Pre-touch: Disabled
 Parallel Workers: 10
 Concurrent Workers: 3
 Concurrent Refinement Workers: 10
 Periodic GC: Disabled

Heap:
 garbage-first heap   total 260096K, used 112937K [0x0000000702600000, 0x0000000800000000)
  region size 2048K, 35 young (71680K), 3 survivors (6144K)
 Metaspace       used 14155K, committed 14592K, reserved 1114112K
  class space    used 1913K, committed 2112K, reserved 1048576K

Heap Regions: E=young(eden), S=young(survivor), O=old, HS=humongous(starts), HC=humongous(continues), CS=collection set, F=free, OA=open archive, CA=closed archive, TAMS=top-at-mark-start (previous, next)
|   0|0x0000000702600000, 0x0000000702800000, 0x0000000702800000|100%| O|  |TAMS 0x0000000702600000, 0x0000000702600000| Untracked 
|   1|0x0000000702800000, 0x0000000702a00000, 0x0000000702a00000|100%| O|  |TAMS 0x0000000702800000, 0x0000000702800000| Untracked 
|   2|0x0000000702a00000, 0x0000000702c00000, 0x0000000702c00000|100%| O|  |TAMS 0x0000000702a00000, 0x0000000702a00000| Untracked 
|   3|0x0000000702c00000, 0x0000000702e00000, 0x0000000702e00000|100%| O|  |TAMS 0x0000000702c00000, 0x0000000702c00000| Untracked 
|   4|0x0000000702e00000, 0x0000000703000000, 0x0000000703000000|100%|HS|  |TAMS 0x0000000702e00000, 0x0000000702e00000| Complete 
|   5|0x0000000703000000, 0x0000000703200000, 0x0000000703200000|100%| O|  |TAMS 0x0000000703000000, 0x0000000703000000| Untracked 
|   6|0x0000000703200000, 0x0000000703400000, 0x0000000703400000|100%| O|  |TAMS 0x0000000703200000, 0x0000000703200000| Untracked 
|   7|0x0000000703400000, 0x0000000703600000, 0x0000000703600000|100%| O|  |TAMS 0x0000000703400000, 0x0000000703400000| Untracked 
|   8|0x0000000703600000, 0x0000000703800000, 0x0000000703800000|100%| O|  |TAMS 0x0000000703600000, 0x0000000703600000| Untracked 
|   9|0x0000000703800000, 0x0000000703a00000, 0x0000000703a00000|100%| O|  |TAMS 0x0000000703800000, 0x0000000703800000| Untracked 
|  10|0x0000000703a00000, 0x0000000703c00000, 0x0000000703c00000|100%| O|  |TAMS 0x0000000703a00000, 0x0000000703a00000| Untracked 
|  11|0x0000000703c00000, 0x0000000703e00000, 0x0000000703e00000|100%| O|  |TAMS 0x0000000703c00000, 0x0000000703c00000| Untracked 
|  12|0x0000000703e00000, 0x0000000704000000, 0x0000000704000000|100%| O|  |TAMS 0x0000000703e00000, 0x0000000703e00000| Untracked 
|  13|0x0000000704000000, 0x0000000704200000, 0x0000000704200000|100%| O|  |TAMS 0x0000000704000000, 0x0000000704000000| Untracked 
|  14|0x0000000704200000, 0x0000000704400000, 0x0000000704400000|100%| O|  |TAMS 0x0000000704200000, 0x0000000704200000| Untracked 
|  15|0x0000000704400000, 0x0000000704600000, 0x0000000704600000|100%| O|  |TAMS 0x0000000704400000, 0x0000000704400000| Untracked 
|  16|0x0000000704600000, 0x0000000704800000, 0x0000000704800000|100%| O|  |TAMS 0x0000000704600000, 0x0000000704600000| Untracked 
|  17|0x0000000704800000, 0x0000000704a00000, 0x0000000704a00000|100%| O|  |TAMS 0x0000000704800000, 0x0000000704800000| Untracked 
|  18|0x0000000704a00000, 0x0000000704c00000, 0x0000000704c00000|100%| O|  |TAMS 0x0000000704a00000, 0x0000000704a00000| Untracked 
|  19|0x0000000704c00000, 0x0000000704e00000, 0x0000000704e00000|100%| O|  |TAMS 0x0000000704c00000, 0x0000000704c00000| Untracked 
|  20|0x0000000704e00000, 0x0000000705000000, 0x0000000705000000|100%| O|  |TAMS 0x0000000704e00000, 0x0000000704e00000| Untracked 
|  21|0x0000000705000000, 0x00000007050e6200, 0x0000000705200000| 44%| O|  |TAMS 0x0000000705000000, 0x0000000705000000| Untracked 
|  22|0x0000000705200000, 0x0000000705200000, 0x0000000705400000|  0%| F|  |TAMS 0x0000000705200000, 0x0000000705200000| Untracked 
|  23|0x0000000705400000, 0x0000000705400000, 0x0000000705600000|  0%| F|  |TAMS 0x0000000705400000, 0x0000000705400000| Untracked 
|  24|0x0000000705600000, 0x0000000705600000, 0x0000000705800000|  0%| F|  |TAMS 0x0000000705600000, 0x0000000705600000| Untracked 
|  25|0x0000000705800000, 0x0000000705800000, 0x0000000705a00000|  0%| F|  |TAMS 0x0000000705800000, 0x0000000705800000| Untracked 
|  26|0x0000000705a00000, 0x0000000705a00000, 0x0000000705c00000|  0%| F|  |TAMS 0x0000000705a00000, 0x0000000705a00000| Untracked 
|  27|0x0000000705c00000, 0x0000000705c00000, 0x0000000705e00000|  0%| F|  |TAMS 0x0000000705c00000, 0x0000000705c00000| Untracked 
|  28|0x0000000705e00000, 0x0000000705e00000, 0x0000000706000000|  0%| F|  |TAMS 0x0000000705e00000, 0x0000000705e00000| Untracked 
|  29|0x0000000706000000, 0x0000000706000000, 0x0000000706200000|  0%| F|  |TAMS 0x0000000706000000, 0x0000000706000000| Untracked 
|  30|0x0000000706200000, 0x0000000706200000, 0x0000000706400000|  0%| F|  |TAMS 0x0000000706200000, 0x0000000706200000| Untracked 
|  31|0x0000000706400000, 0x0000000706400000, 0x0000000706600000|  0%| F|  |TAMS 0x0000000706400000, 0x0000000706400000| Untracked 
|  32|0x0000000706600000, 0x0000000706600000, 0x0000000706800000|  0%| F|  |TAMS 0x0000000706600000, 0x0000000706600000| Untracked 
|  33|0x0000000706800000, 0x0000000706800000, 0x0000000706a00000|  0%| F|  |TAMS 0x0000000706800000, 0x0000000706800000| Untracked 
|  34|0x0000000706a00000, 0x0000000706a00000, 0x0000000706c00000|  0%| F|  |TAMS 0x0000000706a00000, 0x0000000706a00000| Untracked 
|  35|0x0000000706c00000, 0x0000000706c00000, 0x0000000706e00000|  0%| F|  |TAMS 0x0000000706c00000, 0x0000000706c00000| Untracked 
|  36|0x0000000706e00000, 0x0000000706e00000, 0x0000000707000000|  0%| F|  |TAMS 0x0000000706e00000, 0x0000000706e00000| Untracked 
|  37|0x0000000707000000, 0x0000000707000000, 0x0000000707200000|  0%| F|  |TAMS 0x0000000707000000, 0x0000000707000000| Untracked 
|  38|0x0000000707200000, 0x0000000707200000, 0x0000000707400000|  0%| F|  |TAMS 0x0000000707200000, 0x0000000707200000| Untracked 
|  39|0x0000000707400000, 0x0000000707400000, 0x0000000707600000|  0%| F|  |TAMS 0x0000000707400000, 0x0000000707400000| Untracked 
|  40|0x0000000707600000, 0x0000000707600000, 0x0000000707800000|  0%| F|  |TAMS 0x0000000707600000, 0x0000000707600000| Untracked 
|  41|0x0000000707800000, 0x0000000707800000, 0x0000000707a00000|  0%| F|  |TAMS 0x0000000707800000, 0x0000000707800000| Untracked 
|  42|0x0000000707a00000, 0x0000000707a00000, 0x0000000707c00000|  0%| F|  |TAMS 0x0000000707a00000, 0x0000000707a00000| Untracked 
|  43|0x0000000707c00000, 0x0000000707c00000, 0x0000000707e00000|  0%| F|  |TAMS 0x0000000707c00000, 0x0000000707c00000| Untracked 
|  44|0x0000000707e00000, 0x0000000707e00000, 0x0000000708000000|  0%| F|  |TAMS 0x0000000707e00000, 0x0000000707e00000| Untracked 
|  45|0x0000000708000000, 0x0000000708000000, 0x0000000708200000|  0%| F|  |TAMS 0x0000000708000000, 0x0000000708000000| Untracked 
|  46|0x0000000708200000, 0x0000000708200000, 0x0000000708400000|  0%| F|  |TAMS 0x0000000708200000, 0x0000000708200000| Untracked 
|  47|0x0000000708400000, 0x0000000708400000, 0x0000000708600000|  0%| F|  |TAMS 0x0000000708400000, 0x0000000708400000| Untracked 
|  48|0x0000000708600000, 0x0000000708600000, 0x0000000708800000|  0%| F|  |TAMS 0x0000000708600000, 0x0000000708600000| Untracked 
|  49|0x0000000708800000, 0x0000000708800000, 0x0000000708a00000|  0%| F|  |TAMS 0x0000000708800000, 0x0000000708800000| Untracked 
|  50|0x0000000708a00000, 0x0000000708a00000, 0x0000000708c00000|  0%| F|  |TAMS 0x0000000708a00000, 0x0000000708a00000| Untracked 
|  51|0x0000000708c00000, 0x0000000708c00000, 0x0000000708e00000|  0%| F|  |TAMS 0x0000000708c00000, 0x0000000708c00000| Untracked 
|  52|0x0000000708e00000, 0x0000000708e00000, 0x0000000709000000|  0%| F|  |TAMS 0x0000000708e00000, 0x0000000708e00000| Untracked 
|  53|0x0000000709000000, 0x0000000709000000, 0x0000000709200000|  0%| F|  |TAMS 0x0000000709000000, 0x0000000709000000| Untracked 
|  54|0x0000000709200000, 0x0000000709200000, 0x0000000709400000|  0%| F|  |TAMS 0x0000000709200000, 0x0000000709200000| Untracked 
|  55|0x0000000709400000, 0x0000000709400000, 0x0000000709600000|  0%| F|  |TAMS 0x0000000709400000, 0x0000000709400000| Untracked 
|  56|0x0000000709600000, 0x0000000709600000, 0x0000000709800000|  0%| F|  |TAMS 0x0000000709600000, 0x0000000709600000| Untracked 
|  57|0x0000000709800000, 0x0000000709800000, 0x0000000709a00000|  0%| F|  |TAMS 0x0000000709800000, 0x0000000709800000| Untracked 
|  58|0x0000000709a00000, 0x0000000709a00000, 0x0000000709c00000|  0%| F|  |TAMS 0x0000000709a00000, 0x0000000709a00000| Untracked 
|  59|0x0000000709c00000, 0x0000000709c00000, 0x0000000709e00000|  0%| F|  |TAMS 0x0000000709c00000, 0x0000000709c00000| Untracked 
|  60|0x0000000709e00000, 0x0000000709e00000, 0x000000070a000000|  0%| F|  |TAMS 0x0000000709e00000, 0x0000000709e00000| Untracked 
|  61|0x000000070a000000, 0x000000070a000000, 0x000000070a200000|  0%| F|  |TAMS 0x000000070a000000, 0x000000070a000000| Untracked 
|  62|0x000000070a200000, 0x000000070a200000, 0x000000070a400000|  0%| F|  |TAMS 0x000000070a200000, 0x000000070a200000| Untracked 
|  63|0x000000070a400000, 0x000000070a400000, 0x000000070a600000|  0%| F|  |TAMS 0x000000070a400000, 0x000000070a400000| Untracked 
|  64|0x000000070a600000, 0x000000070a600000, 0x000000070a800000|  0%| F|  |TAMS 0x000000070a600000, 0x000000070a600000| Untracked 
|  65|0x000000070a800000, 0x000000070a800000, 0x000000070aa00000|  0%| F|  |TAMS 0x000000070a800000, 0x000000070a800000| Untracked 
|  66|0x000000070aa00000, 0x000000070aa00000, 0x000000070ac00000|  0%| F|  |TAMS 0x000000070aa00000, 0x000000070aa00000| Untracked 
|  67|0x000000070ac00000, 0x000000070ac00000, 0x000000070ae00000|  0%| F|  |TAMS 0x000000070ac00000, 0x000000070ac00000| Untracked 
|  68|0x000000070ae00000, 0x000000070ae00000, 0x000000070b000000|  0%| F|  |TAMS 0x000000070ae00000, 0x000000070ae00000| Untracked 
|  69|0x000000070b000000, 0x000000070b000000, 0x000000070b200000|  0%| F|  |TAMS 0x000000070b000000, 0x000000070b000000| Untracked 
|  70|0x000000070b200000, 0x000000070b200000, 0x000000070b400000|  0%| F|  |TAMS 0x000000070b200000, 0x000000070b200000| Untracked 
|  71|0x000000070b400000, 0x000000070b400000, 0x000000070b600000|  0%| F|  |TAMS 0x000000070b400000, 0x000000070b400000| Untracked 
|  72|0x000000070b600000, 0x000000070b600000, 0x000000070b800000|  0%| F|  |TAMS 0x000000070b600000, 0x000000070b600000| Untracked 
|  73|0x000000070b800000, 0x000000070b800000, 0x000000070ba00000|  0%| F|  |TAMS 0x000000070b800000, 0x000000070b800000| Untracked 
|  74|0x000000070ba00000, 0x000000070ba00000, 0x000000070bc00000|  0%| F|  |TAMS 0x000000070ba00000, 0x000000070ba00000| Untracked 
|  75|0x000000070bc00000, 0x000000070bc00000, 0x000000070be00000|  0%| F|  |TAMS 0x000000070bc00000, 0x000000070bc00000| Untracked 
|  76|0x000000070be00000, 0x000000070be00000, 0x000000070c000000|  0%| F|  |TAMS 0x000000070be00000, 0x000000070be00000| Untracked 
|  77|0x000000070c000000, 0x000000070c000000, 0x000000070c200000|  0%| F|  |TAMS 0x000000070c000000, 0x000000070c000000| Untracked 
|  78|0x000000070c200000, 0x000000070c200000, 0x000000070c400000|  0%| F|  |TAMS 0x000000070c200000, 0x000000070c200000| Untracked 
|  79|0x000000070c400000, 0x000000070c400000, 0x000000070c600000|  0%| F|  |TAMS 0x000000070c400000, 0x000000070c400000| Untracked 
|  80|0x000000070c600000, 0x000000070c600000, 0x000000070c800000|  0%| F|  |TAMS 0x000000070c600000, 0x000000070c600000| Untracked 
|  81|0x000000070c800000, 0x000000070c800000, 0x000000070ca00000|  0%| F|  |TAMS 0x000000070c800000, 0x000000070c800000| Untracked 
|  82|0x000000070ca00000, 0x000000070ca00000, 0x000000070cc00000|  0%| F|  |TAMS 0x000000070ca00000, 0x000000070ca00000| Untracked 
|  83|0x000000070cc00000, 0x000000070cc00000, 0x000000070ce00000|  0%| F|  |TAMS 0x000000070cc00000, 0x000000070cc00000| Untracked 
|  84|0x000000070ce00000, 0x000000070ce00000, 0x000000070d000000|  0%| F|  |TAMS 0x000000070ce00000, 0x000000070ce00000| Untracked 
|  85|0x000000070d000000, 0x000000070d000000, 0x000000070d200000|  0%| F|  |TAMS 0x000000070d000000, 0x000000070d000000| Untracked 
|  86|0x000000070d200000, 0x000000070d200000, 0x000000070d400000|  0%| F|  |TAMS 0x000000070d200000, 0x000000070d200000| Untracked 
|  87|0x000000070d400000, 0x000000070d400000, 0x000000070d600000|  0%| F|  |TAMS 0x000000070d400000, 0x000000070d400000| Untracked 
|  88|0x000000070d600000, 0x000000070d600000, 0x000000070d800000|  0%| F|  |TAMS 0x000000070d600000, 0x000000070d600000| Untracked 
|  89|0x000000070d800000, 0x000000070d800000, 0x000000070da00000|  0%| F|  |TAMS 0x000000070d800000, 0x000000070d800000| Untracked 
|  90|0x000000070da00000, 0x000000070da00000, 0x000000070dc00000|  0%| F|  |TAMS 0x000000070da00000, 0x000000070da00000| Untracked 
|  91|0x000000070dc00000, 0x000000070dc00000, 0x000000070de00000|  0%| F|  |TAMS 0x000000070dc00000, 0x000000070dc00000| Untracked 
|  92|0x000000070de00000, 0x000000070df00800, 0x000000070e000000| 50%| E|  |TAMS 0x000000070de00000, 0x000000070de00000| Complete 
|  93|0x000000070e000000, 0x000000070e200000, 0x000000070e200000|100%| E|CS|TAMS 0x000000070e000000, 0x000000070e000000| Complete 
|  94|0x000000070e200000, 0x000000070e364230, 0x000000070e400000| 69%| S|CS|TAMS 0x000000070e200000, 0x000000070e200000| Complete 
|  95|0x000000070e400000, 0x000000070e600000, 0x000000070e600000|100%| S|CS|TAMS 0x000000070e400000, 0x000000070e400000| Complete 
|  96|0x000000070e600000, 0x000000070e800000, 0x000000070e800000|100%| S|CS|TAMS 0x000000070e600000, 0x000000070e600000| Complete 
|  97|0x000000070e800000, 0x000000070ea00000, 0x000000070ea00000|100%| E|CS|TAMS 0x000000070e800000, 0x000000070e800000| Complete 
|  98|0x000000070ea00000, 0x000000070ec00000, 0x000000070ec00000|100%| E|CS|TAMS 0x000000070ea00000, 0x000000070ea00000| Complete 
|  99|0x000000070ec00000, 0x000000070ee00000, 0x000000070ee00000|100%| E|CS|TAMS 0x000000070ec00000, 0x000000070ec00000| Complete 
| 100|0x000000070ee00000, 0x000000070f000000, 0x000000070f000000|100%| E|CS|TAMS 0x000000070ee00000, 0x000000070ee00000| Complete 
| 101|0x000000070f000000, 0x000000070f200000, 0x000000070f200000|100%| E|CS|TAMS 0x000000070f000000, 0x000000070f000000| Complete 
| 102|0x000000070f200000, 0x000000070f400000, 0x000000070f400000|100%| E|CS|TAMS 0x000000070f200000, 0x000000070f200000| Complete 
| 103|0x000000070f400000, 0x000000070f600000, 0x000000070f600000|100%| E|CS|TAMS 0x000000070f400000, 0x000000070f400000| Complete 
| 104|0x000000070f600000, 0x000000070f800000, 0x000000070f800000|100%| E|CS|TAMS 0x000000070f600000, 0x000000070f600000| Complete 
| 105|0x000000070f800000, 0x000000070fa00000, 0x000000070fa00000|100%| E|CS|TAMS 0x000000070f800000, 0x000000070f800000| Complete 
| 106|0x000000070fa00000, 0x000000070fc00000, 0x000000070fc00000|100%| E|CS|TAMS 0x000000070fa00000, 0x000000070fa00000| Complete 
| 107|0x000000070fc00000, 0x000000070fe00000, 0x000000070fe00000|100%| E|CS|TAMS 0x000000070fc00000, 0x000000070fc00000| Complete 
| 108|0x000000070fe00000, 0x0000000710000000, 0x0000000710000000|100%| E|CS|TAMS 0x000000070fe00000, 0x000000070fe00000| Complete 
| 109|0x0000000710000000, 0x0000000710200000, 0x0000000710200000|100%| E|CS|TAMS 0x0000000710000000, 0x0000000710000000| Complete 
| 110|0x0000000710200000, 0x0000000710400000, 0x0000000710400000|100%| E|CS|TAMS 0x0000000710200000, 0x0000000710200000| Complete 
| 111|0x0000000710400000, 0x0000000710600000, 0x0000000710600000|100%| E|CS|TAMS 0x0000000710400000, 0x0000000710400000| Complete 
| 112|0x0000000710600000, 0x0000000710800000, 0x0000000710800000|100%| E|CS|TAMS 0x0000000710600000, 0x0000000710600000| Complete 
| 113|0x0000000710800000, 0x0000000710a00000, 0x0000000710a00000|100%| E|CS|TAMS 0x0000000710800000, 0x0000000710800000| Complete 
| 114|0x0000000710a00000, 0x0000000710c00000, 0x0000000710c00000|100%| E|CS|TAMS 0x0000000710a00000, 0x0000000710a00000| Complete 
| 115|0x0000000710c00000, 0x0000000710e00000, 0x0000000710e00000|100%| E|CS|TAMS 0x0000000710c00000, 0x0000000710c00000| Complete 
| 116|0x0000000710e00000, 0x0000000711000000, 0x0000000711000000|100%| E|CS|TAMS 0x0000000710e00000, 0x0000000710e00000| Complete 
| 117|0x0000000711000000, 0x0000000711200000, 0x0000000711200000|100%| E|CS|TAMS 0x0000000711000000, 0x0000000711000000| Complete 
| 118|0x0000000711200000, 0x0000000711400000, 0x0000000711400000|100%| E|CS|TAMS 0x0000000711200000, 0x0000000711200000| Complete 
| 119|0x0000000711400000, 0x0000000711600000, 0x0000000711600000|100%| E|CS|TAMS 0x0000000711400000, 0x0000000711400000| Complete 
| 120|0x0000000711600000, 0x0000000711800000, 0x0000000711800000|100%| E|CS|TAMS 0x0000000711600000, 0x0000000711600000| Complete 
| 121|0x0000000711800000, 0x0000000711a00000, 0x0000000711a00000|100%| E|CS|TAMS 0x0000000711800000, 0x0000000711800000| Complete 
| 122|0x0000000711a00000, 0x0000000711c00000, 0x0000000711c00000|100%| E|CS|TAMS 0x0000000711a00000, 0x0000000711a00000| Complete 
| 123|0x0000000711c00000, 0x0000000711e00000, 0x0000000711e00000|100%| E|CS|TAMS 0x0000000711c00000, 0x0000000711c00000| Complete 
| 124|0x0000000711e00000, 0x0000000712000000, 0x0000000712000000|100%| E|CS|TAMS 0x0000000711e00000, 0x0000000711e00000| Complete 
| 125|0x0000000712000000, 0x0000000712200000, 0x0000000712200000|100%| E|CS|TAMS 0x0000000712000000, 0x0000000712000000| Complete 
| 126|0x0000000712200000, 0x0000000712400000, 0x0000000712400000|100%| E|CS|TAMS 0x0000000712200000, 0x0000000712200000| Complete 

Card table byte_map: [0x0000018b3e7e0000,0x0000018b3efd0000] _byte_map_base: 0x0000018b3afcd000

Marking Bits (Prev, Next): (CMBitMap*) 0x0000018b333fc590, (CMBitMap*) 0x0000018b333fc5d0
 Prev Bits: [0x0000018b3f7c0000, 0x0000018b43728000)
 Next Bits: [0x0000018b43730000, 0x0000018b47698000)

Polling page: 0x0000018b312c0000

Metaspace:

Usage:
  Non-class:     11.96 MB used.
      Class:      1.87 MB used.
       Both:     13.82 MB used.

Virtual space:
  Non-class space:       64.00 MB reserved,      12.19 MB ( 19%) committed,  1 nodes.
      Class space:        1.00 GB reserved,       2.06 MB ( <1%) committed,  1 nodes.
             Both:        1.06 GB reserved,      14.25 MB (  1%) committed. 

Chunk freelists:
   Non-Class:  2.67 MB
       Class:  1.88 MB
        Both:  4.55 MB

MaxMetaspaceSize: unlimited
CompressedClassSpaceSize: 1.00 GB
Initial GC threshold: 21.00 MB
Current GC threshold: 21.00 MB
CDS: on
MetaspaceReclaimPolicy: balanced
 - commit_granule_bytes: 65536.
 - commit_granule_words: 8192.
 - virtual_space_node_default_size: 8388608.
 - enlarge_chunks_in_place: 1.
 - new_chunks_are_fully_committed: 0.
 - uncommit_free_chunks: 1.
 - use_allocation_guard: 0.


Internal statistics:

num_allocs_failed_limit: 0.
num_arena_births: 604.
num_arena_deaths: 0.
num_vsnodes_births: 2.
num_vsnodes_deaths: 0.
num_space_committed: 228.
num_space_uncommitted: 0.
num_chunks_returned_to_freelist: 0.
num_chunks_taken_from_freelist: 1271.
num_chunk_merges: 0.
num_chunk_splits: 762.
num_chunks_enlarged: 416.
num_inconsistent_stats: 0.

CodeCache: size=49152Kb used=4593Kb max_used=4593Kb free=44558Kb
 bounds [0x0000018b3acc0000, 0x0000018b3b140000, 0x0000018b3dcc0000]
 total_blobs=1666 nmethods=1181 adapters=410
 compilation: disabled (not enough contiguous free space left)
              stopped_count=1, restarted_count=0
 full_count=1

Compilation events (20 events):
Event: 0.315 Thread 0x0000018b4ec8b410 nmethod 1097 0x0000018b3b11d090 code [0x0000018b3b11d220, 0x0000018b3b11d2f8]
Event: 0.315 Thread 0x0000018b4e58e500 nmethod 1096 0x0000018b3b11d390 code [0x0000018b3b11d520, 0x0000018b3b11d618]
Event: 0.316 Thread 0x0000018b4ec8b410 1098       1       java.util.concurrent.locks.ReentrantReadWriteLock::<init> (6 bytes)
Event: 0.316 Thread 0x0000018b4e58bff0 1100       1       java.util.concurrent.locks.ReentrantReadWriteLock$NonfairSync::<init> (5 bytes)
Event: 0.316 Thread 0x0000018b4e58e500 1101       1       java.util.concurrent.locks.ReentrantReadWriteLock$Sync::<init> (24 bytes)
Event: 0.316 Thread 0x0000018b4a2d8730 1099       1       java.util.concurrent.locks.ReentrantReadWriteLock::<init> (54 bytes)
Event: 0.316 Thread 0x0000018b4ec8b410 nmethod 1098 0x0000018b3b11d710 code [0x0000018b3b11d8a0, 0x0000018b3b11d988]
Event: 0.316 Thread 0x0000018b4ec8b410 1102       1       java.util.concurrent.locks.ReentrantReadWriteLock$Sync$ThreadLocalHoldCounter::<init> (5 bytes)
Event: 0.316 Thread 0x0000018b4ec8b410 nmethod 1102 0x0000018b3b11da10 code [0x0000018b3b11dba0, 0x0000018b3b11dc98]
Event: 0.316 Thread 0x0000018b4e58bff0 nmethod 1100 0x0000018b3b11dd90 code [0x0000018b3b11df20, 0x0000018b3b11e0d8]
Event: 0.316 Thread 0x0000018b4e58e500 nmethod 1101 0x0000018b3b11e210 code [0x0000018b3b11e3a0, 0x0000018b3b11e558]
Event: 0.316 Thread 0x0000018b4ec8b410 1103       1       java.util.concurrent.locks.ReentrantReadWriteLock$ReadLock::<init> (13 bytes)
Event: 0.316 Thread 0x0000018b4e58bff0 1104       1       java.util.concurrent.locks.ReentrantReadWriteLock$WriteLock::<init> (13 bytes)
Event: 0.316 Thread 0x0000018b4a2d8730 nmethod 1099 0x0000018b3b11e690 code [0x0000018b3b11e860, 0x0000018b3b11edc8]
Event: 0.316 Thread 0x0000018b4ec8b410 nmethod 1103 0x0000018b3b11f010 code [0x0000018b3b11f1a0, 0x0000018b3b11f2d8]
Event: 0.316 Thread 0x0000018b4e58bff0 nmethod 1104 0x0000018b3b11f390 code [0x0000018b3b11f520, 0x0000018b3b11f658]
Event: 0.318 Thread 0x0000018b4ec8b410 1105       1       java.lang.invoke.DirectMethodHandle::allocateInstance (16 bytes)
Event: 0.318 Thread 0x0000018b4e58bff0 1107       1       java.lang.invoke.DirectMethodHandle::constructorMethod (10 bytes)
Event: 0.318 Thread 0x0000018b4ec8b410 nmethod 1105 0x0000018b3b11fb90 code [0x0000018b3b11fd20, 0x0000018b3b11fe48]
Event: 0.318 Thread 0x0000018b4e58bff0 


GC Heap History (10 events):
Event: 0.358 GC heap before
{Heap before GC invocations=0 (full 0):
 garbage-first heap   total 260096K, used 20480K [0x0000000702600000, 0x0000000800000000)
  region size 2048K, 11 young (22528K), 0 survivors (0K)
 Metaspace       used 3234K, committed 3520K, reserved 1114112K
  class space    used 374K, committed 512K, reserved 1048576K
}
Event: 0.362 GC heap after
{Heap after GC invocations=1 (full 0):
 garbage-first heap   total 260096K, used 10573K [0x0000000702600000, 0x0000000800000000)
  region size 2048K, 2 young (4096K), 2 survivors (4096K)
 Metaspace       used 3234K, committed 3520K, reserved 1114112K
  class space    used 374K, committed 512K, reserved 1048576K
}
Event: 0.670 GC heap before
{Heap before GC invocations=1 (full 0):
 garbage-first heap   total 260096K, used 29005K [0x0000000702600000, 0x0000000800000000)
  region size 2048K, 11 young (22528K), 2 survivors (4096K)
 Metaspace       used 3454K, committed 3712K, reserved 1114112K
  class space    used 416K, committed 512K, reserved 1048576K
}
Event: 0.676 GC heap after
{Heap after GC invocations=2 (full 0):
 garbage-first heap   total 260096K, used 23513K [0x0000000702600000, 0x0000000800000000)
  region size 2048K, 2 young (4096K), 2 survivors (4096K)
 Metaspace       used 3454K, committed 3712K, reserved 1114112K
  class space    used 416K, committed 512K, reserved 1048576K
}
Event: 1.443 GC heap before
{Heap before GC invocations=2 (full 0):
 garbage-first heap   total 260096K, used 50137K [0x0000000702600000, 0x0000000800000000)
  region size 2048K, 15 young (30720K), 2 survivors (4096K)
 Metaspace       used 3455K, committed 3712K, reserved 1114112K
  class space    used 416K, committed 512K, reserved 1048576K
}
Event: 1.448 GC heap after
{Heap after GC invocations=3 (full 0):
 garbage-first heap   total 260096K, used 30720K [0x0000000702600000, 0x0000000800000000)
  region size 2048K, 2 young (4096K), 2 survivors (4096K)
 Metaspace       used 3455K, committed 3712K, reserved 1114112K
  class space    used 416K, committed 512K, reserved 1048576K
}
Event: 2.310 GC heap before
{Heap before GC invocations=3 (full 0):
 garbage-first heap   total 260096K, used 69632K [0x0000000702600000, 0x0000000800000000)
  region size 2048K, 22 young (45056K), 2 survivors (4096K)
 Metaspace       used 5757K, committed 6144K, reserved 1114112K
  class space    used 694K, committed 896K, reserved 1048576K
}
Event: 2.319 GC heap after
{Heap after GC invocations=4 (full 0):
 garbage-first heap   total 260096K, used 43903K [0x0000000702600000, 0x0000000800000000)
  region size 2048K, 3 young (6144K), 3 survivors (6144K)
 Metaspace       used 5757K, committed 6144K, reserved 1114112K
  class space    used 694K, committed 896K, reserved 1048576K
}
Event: 3.169 GC heap before
{Heap before GC invocations=4 (full 0):
 garbage-first heap   total 260096K, used 99199K [0x0000000702600000, 0x0000000800000000)
  region size 2048K, 30 young (61440K), 3 survivors (6144K)
 Metaspace       used 12703K, committed 13056K, reserved 1114112K
  class space    used 1676K, committed 1856K, reserved 1048576K
}
Event: 3.173 GC heap after
{Heap after GC invocations=5 (full 0):
 garbage-first heap   total 260096K, used 49449K [0x0000000702600000, 0x0000000800000000)
  region size 2048K, 3 young (6144K), 3 survivors (6144K)
 Metaspace       used 12703K, committed 13056K, reserved 1114112K
  class space    used 1676K, committed 1856K, reserved 1048576K
}

Deoptimization events (20 events):
Event: 3.165 Thread 0x0000018b3338cfa0 DEOPT PACKING pc=0x0000018b3b0a4c49 sp=0x000000192b9fce10
Event: 3.165 Thread 0x0000018b3338cfa0 DEOPT UNPACKING pc=0x0000018b3ad12b43 sp=0x000000192b9fc268 mode 1
Event: 3.165 Thread 0x0000018b3338cfa0 DEOPT PACKING pc=0x0000018b3b0a43fc sp=0x000000192b9fcea0
Event: 3.165 Thread 0x0000018b3338cfa0 DEOPT UNPACKING pc=0x0000018b3ad12b43 sp=0x000000192b9fc358 mode 1
Event: 3.166 Thread 0x0000018b3338cfa0 DEOPT PACKING pc=0x0000018b3b0a4c49 sp=0x000000192b9fce10
Event: 3.166 Thread 0x0000018b3338cfa0 DEOPT UNPACKING pc=0x0000018b3ad12b43 sp=0x000000192b9fc268 mode 1
Event: 3.166 Thread 0x0000018b3338cfa0 DEOPT PACKING pc=0x0000018b3b0a43fc sp=0x000000192b9fcea0
Event: 3.166 Thread 0x0000018b3338cfa0 DEOPT UNPACKING pc=0x0000018b3ad12b43 sp=0x000000192b9fc358 mode 1
Event: 3.166 Thread 0x0000018b3338cfa0 DEOPT PACKING pc=0x0000018b3b0a4c49 sp=0x000000192b9fce10
Event: 3.166 Thread 0x0000018b3338cfa0 DEOPT UNPACKING pc=0x0000018b3ad12b43 sp=0x000000192b9fc268 mode 1
Event: 3.166 Thread 0x0000018b3338cfa0 DEOPT PACKING pc=0x0000018b3b0a43fc sp=0x000000192b9fcea0
Event: 3.166 Thread 0x0000018b3338cfa0 DEOPT UNPACKING pc=0x0000018b3ad12b43 sp=0x000000192b9fc358 mode 1
Event: 3.204 Thread 0x0000018b504251f0 DEOPT PACKING pc=0x0000018b3afcc17c sp=0x00000019324fdb80
Event: 3.204 Thread 0x0000018b504251f0 DEOPT UNPACKING pc=0x0000018b3ad12b43 sp=0x00000019324fd0c8 mode 1
Event: 3.204 Thread 0x0000018b504251f0 DEOPT PACKING pc=0x0000018b3b0a4b9c sp=0x00000019324fdcb0
Event: 3.204 Thread 0x0000018b504251f0 DEOPT UNPACKING pc=0x0000018b3ad12b43 sp=0x00000019324fd108 mode 1
Event: 3.205 Thread 0x0000018b504251f0 DEOPT PACKING pc=0x0000018b3b0a43fc sp=0x00000019324fdd40
Event: 3.205 Thread 0x0000018b504251f0 DEOPT UNPACKING pc=0x0000018b3ad12b43 sp=0x00000019324fd1f8 mode 1
Event: 3.205 Thread 0x0000018b504251f0 DEOPT PACKING pc=0x0000018b3b0d5434 sp=0x00000019324fea30
Event: 3.205 Thread 0x0000018b504251f0 DEOPT UNPACKING pc=0x0000018b3ad12b43 sp=0x00000019324fdfc8 mode 1

Classes loaded (20 events):
Event: 3.188 Loading class java/util/LinkedList
Event: 3.189 Loading class java/util/AbstractSequentialList
Event: 3.189 Loading class java/util/AbstractSequentialList done
Event: 3.189 Loading class java/util/LinkedList done
Event: 3.199 Loading class org/xml/sax/SAXException
Event: 3.199 Loading class org/xml/sax/SAXException done
Event: 3.199 Loading class org/xml/sax/ErrorHandler
Event: 3.199 Loading class org/xml/sax/ErrorHandler done
Event: 3.199 Loading class org/w3c/dom/Node
Event: 3.199 Loading class org/w3c/dom/Node done
Event: 3.199 Loading class javax/xml/transform/Source
Event: 3.199 Loading class javax/xml/transform/Source done
Event: 3.201 Loading class javax/xml/parsers/ParserConfigurationException
Event: 3.201 Loading class javax/xml/parsers/ParserConfigurationException done
Event: 3.201 Loading class java/net/BindException
Event: 3.202 Loading class java/net/SocketException
Event: 3.203 Loading class java/net/SocketException done
Event: 3.203 Loading class java/net/BindException done
Event: 3.206 Loading class java/lang/invoke/WrongMethodTypeException
Event: 3.206 Loading class java/lang/invoke/WrongMethodTypeException done

Classes unloaded (0 events):
No events

Classes redefined (0 events):
No events

Internal exceptions (20 events):
Event: 3.187 Thread 0x0000018b5030d3c0 Exception <a 'java/lang/IncompatibleClassChangeError'{0x00000007100014a0}: Found class java.lang.Object, but interface was expected> (0x00000007100014a0) 
thrown [s\open\src\hotspot\share\interpreter\linkResolver.cpp, line 826]
Event: 3.187 Thread 0x0000018b5026c7d0 Exception <a 'java/lang/IncompatibleClassChangeError'{0x0000000711059550}: Found class java.lang.Object, but interface was expected> (0x0000000711059550) 
thrown [s\open\src\hotspot\share\interpreter\linkResolver.cpp, line 826]
Event: 3.187 Thread 0x0000018b5030cef0 Exception <a 'java/lang/NoSuchMethodError'{0x000000071020d7c0}: 'void java.lang.invoke.DelegatingMethodHandle$Holder.reinvoke_L(java.lang.Object, java.lang.Object, java.lang.Object, java.lang.Object, java.lang.Object, java.lang.Object)'> (0x000000071020d7c0) 
thrown [s\open\src\hotspot\share\interpreter\linkResolver.cpp, line 759]
Event: 3.187 Thread 0x0000018b50424380 Exception <a 'java/lang/IncompatibleClassChangeError'{0x000000070ff016e8}: Found class java.lang.Object, but interface was expected> (0x000000070ff016e8) 
thrown [s\open\src\hotspot\share\interpreter\linkResolver.cpp, line 826]
Event: 3.187 Thread 0x0000018b504221d0 Exception <a 'java/lang/NoSuchMethodError'{0x000000070fa012a8}: 'void java.lang.invoke.DelegatingMethodHandle$Holder.reinvoke_L(java.lang.Object, java.lang.Object, java.lang.Object, java.lang.Object, java.lang.Object, java.lang.Object, java.lang.Object)'> (0x000000070fa012a8) 
thrown [s\open\src\hotspot\share\interpreter\linkResolver.cpp, line 759]
Event: 3.188 Thread 0x0000018b5030ca20 Exception <a 'java/lang/NoSuchMethodError'{0x0000000710f09938}: 'void java.lang.invoke.DelegatingMethodHandle$Holder.reinvoke_L(java.lang.Object, java.lang.Object, java.lang.Object, java.lang.Object, java.lang.Object, java.lang.Object)'> (0x0000000710f09938) 
thrown [s\open\src\hotspot\share\interpreter\linkResolver.cpp, line 759]
Event: 3.188 Thread 0x0000018b5030f0a0 Exception <a 'java/lang/IncompatibleClassChangeError'{0x000000070fb00968}: Found class java.lang.Object, but interface was expected> (0x000000070fb00968) 
thrown [s\open\src\hotspot\share\interpreter\linkResolver.cpp, line 826]
Event: 3.188 Thread 0x0000018b503120c0 Exception <a 'java/lang/IncompatibleClassChangeError'{0x0000000710d01470}: Found class java.lang.Object, but interface was expected> (0x0000000710d01470) 
thrown [s\open\src\hotspot\share\interpreter\linkResolver.cpp, line 826]
Event: 3.188 Thread 0x0000018b50310d80 Exception <a 'java/lang/IncompatibleClassChangeError'{0x000000071115e400}: Found class java.lang.Object, but interface was expected> (0x000000071115e400) 
thrown [s\open\src\hotspot\share\interpreter\linkResolver.cpp, line 826]
Event: 3.188 Thread 0x0000018b50311bf0 Exception <a 'java/lang/IncompatibleClassChangeError'{0x0000000711401220}: Found class java.lang.Object, but interface was expected> (0x0000000711401220) 
thrown [s\open\src\hotspot\share\interpreter\linkResolver.cpp, line 826]
Event: 3.188 Thread 0x0000018b5030bbb0 Exception <a 'java/lang/IncompatibleClassChangeError'{0x00000007113011f0}: Found class java.lang.Object, but interface was expected> (0x00000007113011f0) 
thrown [s\open\src\hotspot\share\interpreter\linkResolver.cpp, line 826]
Event: 3.188 Thread 0x0000018b50311250 Exception <a 'java/lang/IncompatibleClassChangeError'{0x000000070fd00c60}: Found class java.lang.Object, but interface was expected> (0x000000070fd00c60) 
thrown [s\open\src\hotspot\share\interpreter\linkResolver.cpp, line 826]
Event: 3.188 Thread 0x0000018b50179d90 Exception <a 'java/lang/IncompatibleClassChangeError'{0x0000000711d0c988}: Found class java.lang.Object, but interface was expected> (0x0000000711d0c988) 
thrown [s\open\src\hotspot\share\interpreter\linkResolver.cpp, line 826]
Event: 3.188 Thread 0x0000018b502d9f30 Exception <a 'java/lang/IncompatibleClassChangeError'{0x0000000711901468}: Found class java.lang.Object, but interface was expected> (0x0000000711901468) 
thrown [s\open\src\hotspot\share\interpreter\linkResolver.cpp, line 826]
Event: 3.188 Thread 0x0000018b502d73e0 Exception <a 'java/lang/IncompatibleClassChangeError'{0x000000070fa00460}: Found class java.lang.Object, but interface was expected> (0x000000070fa00460) 
thrown [s\open\src\hotspot\share\interpreter\linkResolver.cpp, line 826]
Event: 3.188 Thread 0x0000018b5030ad40 Exception <a 'java/lang/IncompatibleClassChangeError'{0x00000007105011d8}: Found class java.lang.Object, but interface was expected> (0x00000007105011d8) 
thrown [s\open\src\hotspot\share\interpreter\linkResolver.cpp, line 826]
Event: 3.191 Thread 0x0000018b50426ed0 Exception <a 'java/lang/NoSuchMethodError'{0x000000070f200dd0}: 'void java.lang.invoke.DirectMethodHandle$Holder.invokeVirtual(java.lang.Object, java.lang.Object, java.lang.Object, java.lang.Object, java.lang.Object)'> (0x000000070f200dd0) 
thrown [s\open\src\hotspot\share\interpreter\linkResolver.cpp, line 759]
Event: 3.193 Thread 0x0000018b3338cfa0 Exception <a 'java/lang/OutOfMemoryError'{0x0000000712274c30}: unable to create native thread: possibly out of memory or process/resource limits reached> (0x0000000712274c30) 
thrown [s\open\src\hotspot\share\prims\jvm.cpp, line 2936]
Event: 3.193 Thread 0x0000018b504251f0 Exception <a 'java/lang/NoSuchMethodError'{0x000000070e900db8}: 'void java.lang.invoke.DirectMethodHandle$Holder.invokeVirtual(java.lang.Object, java.lang.Object, java.lang.Object, java.lang.Object, java.lang.Object)'> (0x000000070e900db8) 
thrown [s\open\src\hotspot\share\interpreter\linkResolver.cpp, line 759]
Event: 3.203 Thread 0x0000018b504251f0 Exception <a 'java/lang/OutOfMemoryError'{0x000000070e918460}> (0x000000070e918460) 
thrown [s\open\src\hotspot\share\prims\jni.cpp, line 535]

VM Operations (20 events):
Event: 0.288 Executing VM operation: HandshakeAllThreads
Event: 0.288 Executing VM operation: HandshakeAllThreads done
Event: 0.290 Executing VM operation: HandshakeAllThreads
Event: 0.290 Executing VM operation: HandshakeAllThreads done
Event: 0.358 Executing VM operation: G1CollectForAllocation
Event: 0.362 Executing VM operation: G1CollectForAllocation done
Event: 0.670 Executing VM operation: G1CollectForAllocation
Event: 0.676 Executing VM operation: G1CollectForAllocation done
Event: 1.443 Executing VM operation: G1CollectForAllocation
Event: 1.448 Executing VM operation: G1CollectForAllocation done
Event: 2.159 Executing VM operation: HandshakeAllThreads
Event: 2.159 Executing VM operation: HandshakeAllThreads done
Event: 2.184 Executing VM operation: HandshakeAllThreads
Event: 2.184 Executing VM operation: HandshakeAllThreads done
Event: 2.310 Executing VM operation: G1CollectForAllocation
Event: 2.319 Executing VM operation: G1CollectForAllocation done
Event: 3.168 Executing VM operation: G1CollectForAllocation
Event: 3.173 Executing VM operation: G1CollectForAllocation done
Event: 3.190 Executing VM operation: HandshakeAllThreads
Event: 3.196 Executing VM operation: HandshakeAllThreads done

Events (20 events):
Event: 3.187 Thread 0x0000018b504221d0 Thread added: 0x0000018b504221d0
Event: 3.188 Thread 0x0000018b50425b90 Thread added: 0x0000018b50425b90
Event: 3.188 Thread 0x0000018b50420e90 Thread added: 0x0000018b50420e90
Event: 3.189 Thread 0x0000018b504226a0 Thread added: 0x0000018b504226a0
Event: 3.190 Thread 0x0000018b50424850 Thread added: 0x0000018b50424850
Event: 3.190 Thread 0x0000018b50422b70 Thread added: 0x0000018b50422b70
Event: 3.190 Thread 0x0000018b50426ed0 Thread added: 0x0000018b50426ed0
Event: 3.191 Thread 0x0000018b50421360 Thread added: 0x0000018b50421360
Event: 3.191 Thread 0x0000018b5041f680 Thread added: 0x0000018b5041f680
Event: 3.192 Thread 0x0000018b50426060 Thread added: 0x0000018b50426060
Event: 3.192 Thread 0x0000018b5041fb50 Thread added: 0x0000018b5041fb50
Event: 3.192 Thread 0x0000018b50426530 Thread added: 0x0000018b50426530
Event: 3.192 Thread 0x0000018b504209c0 Thread added: 0x0000018b504209c0
Event: 3.192 Thread 0x0000018b50423040 Thread added: 0x0000018b50423040
Event: 3.192 Thread 0x0000018b50423510 Thread added: 0x0000018b50423510
Event: 3.193 Thread 0x0000018b504204f0 Thread added: 0x0000018b504204f0
Event: 3.193 Thread 0x0000018b50424d20 Thread added: 0x0000018b50424d20
Event: 3.193 Thread 0x0000018b50420020 Thread added: 0x0000018b50420020
Event: 3.193 Thread 0x0000018b504251f0 Thread added: 0x0000018b504251f0
Event: 3.193 Thread 0x0000018b50423eb0 Thread added: 0x0000018b50423eb0


Dynamic libraries:
0x00007ff64b8a0000 - 0x00007ff64b8ae000 	C:\Users\OVERY\.jdks\openjdk-18.0.2.1\bin\java.EXE
0x00007ff9e4950000 - 0x00007ff9e4b67000 	C:\WINDOWS\SYSTEM32\ntdll.dll
0x00007ff9e3360000 - 0x00007ff9e3424000 	C:\WINDOWS\System32\KERNEL32.DLL
0x00007ff9e1cd0000 - 0x00007ff9e2076000 	C:\WINDOWS\System32\KERNELBASE.dll
0x00007ff9e20b0000 - 0x00007ff9e21c1000 	C:\WINDOWS\System32\ucrtbase.dll
0x00007ff9d5a60000 - 0x00007ff9d5a77000 	C:\Users\OVERY\.jdks\openjdk-18.0.2.1\bin\jli.dll
0x00007ff9d5a80000 - 0x00007ff9d5a9a000 	C:\Users\OVERY\.jdks\openjdk-18.0.2.1\bin\VCRUNTIME140.dll
0x00007ff9e3650000 - 0x00007ff9e37fd000 	C:\WINDOWS\System32\USER32.dll
0x00007ff9cbb50000 - 0x00007ff9cbde3000 	C:\WINDOWS\WinSxS\amd64_microsoft.windows.common-controls_6595b64144ccf1df_6.0.22621.2361_none_2712ced57382f843\COMCTL32.dll
0x00007ff9e2080000 - 0x00007ff9e20a6000 	C:\WINDOWS\System32\win32u.dll
0x00007ff9e3470000 - 0x00007ff9e3517000 	C:\WINDOWS\System32\msvcrt.dll
0x00007ff9e3430000 - 0x00007ff9e3459000 	C:\WINDOWS\System32\GDI32.dll
0x00007ff9e21d0000 - 0x00007ff9e22e8000 	C:\WINDOWS\System32\gdi32full.dll
0x00007ff9e2610000 - 0x00007ff9e26aa000 	C:\WINDOWS\System32\msvcp_win.dll
0x00007ff9e2940000 - 0x00007ff9e2971000 	C:\WINDOWS\System32\IMM32.DLL
0x00007ff9d6270000 - 0x00007ff9d627c000 	C:\Users\OVERY\.jdks\openjdk-18.0.2.1\bin\vcruntime140_1.dll
0x00007ff9c5ab0000 - 0x00007ff9c5b3d000 	C:\Users\OVERY\.jdks\openjdk-18.0.2.1\bin\msvcp140.dll
0x00007ff9a0110000 - 0x00007ff9a0d21000 	C:\Users\OVERY\.jdks\openjdk-18.0.2.1\bin\server\jvm.dll
0x00007ff9e3800000 - 0x00007ff9e38b0000 	C:\WINDOWS\System32\ADVAPI32.dll
0x00007ff9e3580000 - 0x00007ff9e3626000 	C:\WINDOWS\System32\sechost.dll
0x00007ff9e38b0000 - 0x00007ff9e39c7000 	C:\WINDOWS\System32\RPCRT4.dll
0x00007ff9e41d0000 - 0x00007ff9e41d8000 	C:\WINDOWS\System32\PSAPI.DLL
0x00007ff9daec0000 - 0x00007ff9daeca000 	C:\WINDOWS\SYSTEM32\VERSION.dll
0x00007ff9d6d80000 - 0x00007ff9d6db4000 	C:\WINDOWS\SYSTEM32\WINMM.dll
0x00007ff9b2410000 - 0x00007ff9b2419000 	C:\WINDOWS\SYSTEM32\WSOCK32.dll
0x00007ff9e2720000 - 0x00007ff9e2791000 	C:\WINDOWS\System32\WS2_32.dll
0x00007ff9e0c70000 - 0x00007ff9e0c88000 	C:\WINDOWS\SYSTEM32\kernel.appcore.dll
0x00007ff9d61d0000 - 0x00007ff9d61da000 	C:\Users\OVERY\.jdks\openjdk-18.0.2.1\bin\jimage.dll
0x00007ff9df4c0000 - 0x00007ff9df6ee000 	C:\WINDOWS\SYSTEM32\DBGHELP.DLL
0x00007ff9e4480000 - 0x00007ff9e480a000 	C:\WINDOWS\System32\combase.dll
0x00007ff9e27b0000 - 0x00007ff9e2887000 	C:\WINDOWS\System32\OLEAUT32.dll
0x00007ff9cee00000 - 0x00007ff9cee32000 	C:\WINDOWS\SYSTEM32\dbgcore.DLL
0x00007ff9e23b0000 - 0x00007ff9e242a000 	C:\WINDOWS\System32\bcryptPrimitives.dll
0x00007ff9d1870000 - 0x00007ff9d187e000 	C:\Users\OVERY\.jdks\openjdk-18.0.2.1\bin\instrument.dll
0x00007ff9d5770000 - 0x00007ff9d5795000 	C:\Users\OVERY\.jdks\openjdk-18.0.2.1\bin\java.dll
0x00007ff9d1380000 - 0x00007ff9d13bb000 	C:\Users\OVERY\.jdks\openjdk-18.0.2.1\bin\jdwp.dll
0x00007ff9aa640000 - 0x00007ff9aa716000 	C:\Users\OVERY\.jdks\openjdk-18.0.2.1\bin\jsvml.dll
0x00007ff9e2a90000 - 0x00007ff9e32e8000 	C:\WINDOWS\System32\SHELL32.dll
0x00007ff9dfbe0000 - 0x00007ff9e04d2000 	C:\WINDOWS\SYSTEM32\windows.storage.dll
0x00007ff9dfaa0000 - 0x00007ff9dfbde000 	C:\WINDOWS\SYSTEM32\wintypes.dll
0x00007ff9e4810000 - 0x00007ff9e4903000 	C:\WINDOWS\System32\SHCORE.dll
0x00007ff9e3520000 - 0x00007ff9e357e000 	C:\WINDOWS\System32\shlwapi.dll
0x00007ff9e1c00000 - 0x00007ff9e1c26000 	C:\WINDOWS\SYSTEM32\profapi.dll
0x00007ff9d18a0000 - 0x00007ff9d18b8000 	C:\Users\OVERY\.jdks\openjdk-18.0.2.1\bin\zip.dll
0x00007ff9d5a40000 - 0x00007ff9d5a53000 	C:\Users\OVERY\.jdks\openjdk-18.0.2.1\bin\net.dll
0x00007ff9dbef0000 - 0x00007ff9dc027000 	C:\WINDOWS\SYSTEM32\WINHTTP.dll
0x00007ff9e11b0000 - 0x00007ff9e1219000 	C:\WINDOWS\system32\mswsock.dll
0x00007ff9d4300000 - 0x00007ff9d4316000 	C:\Users\OVERY\.jdks\openjdk-18.0.2.1\bin\nio.dll
0x00007ff9d1780000 - 0x00007ff9d178c000 	C:\Users\OVERY\.jdks\openjdk-18.0.2.1\bin\dt_socket.dll
0x00007ff9e0780000 - 0x00007ff9e07ad000 	C:\WINDOWS\SYSTEM32\IPHLPAPI.DLL
0x00007ff9e07b0000 - 0x00007ff9e08a9000 	C:\WINDOWS\SYSTEM32\DNSAPI.dll
0x00007ff9e27a0000 - 0x00007ff9e27a9000 	C:\WINDOWS\System32\NSI.dll
0x00007ff9cc3f0000 - 0x00007ff9cc3fa000 	C:\Windows\System32\rasadhlp.dll
0x00007ff9db110000 - 0x00007ff9db194000 	C:\WINDOWS\System32\fwpuclnt.dll
0x00007ff9d1880000 - 0x00007ff9d1890000 	C:\Users\OVERY\.jdks\openjdk-18.0.2.1\bin\verify.dll

dbghelp: loaded successfully - version: 4.0.5 - missing functions: none
symbol engine: initialized successfully - sym options: 0x614 - pdb path: .;C:\Users\OVERY\.jdks\openjdk-18.0.2.1\bin;C:\WINDOWS\SYSTEM32;C:\WINDOWS\WinSxS\amd64_microsoft.windows.common-controls_6595b64144ccf1df_6.0.22621.2361_none_2712ced57382f843;C:\Users\OVERY\.jdks\openjdk-18.0.2.1\bin\server

VM Arguments:
jvm_args: -Dquarkus-internal.serialized-app-model.path=C:\Users\OVERY\IdeaProjects\fin-app\target\quarkus\bootstrap\dev-app-model.dat -javaagent:C:\Users\OVERY\.m2\repository\io\quarkus\quarkus-class-change-agent\3.5.0\quarkus-class-change-agent-3.5.0.jar -XX:TieredStopAtLevel=1 -agentlib:jdwp=transport=dt_socket,address=localhost:60139,server=y,suspend=n -Djava.util.logging.manager=org.jboss.logmanager.LogManager 
java_command: C:\Users\OVERY\IdeaProjects\fin-app\target\code-with-quarkus-dev.jar
java_class_path (initial): C:\Users\OVERY\IdeaProjects\fin-app\target\code-with-quarkus-dev.jar
Launcher Type: SUN_STANDARD

[Global flags]
     intx CICompilerCount                          = 4                                         {product} {ergonomic}
     uint ConcGCThreads                            = 3                                         {product} {ergonomic}
     uint G1ConcRefinementThreads                  = 10                                        {product} {ergonomic}
   size_t G1HeapRegionSize                         = 2097152                                   {product} {ergonomic}
    uintx GCDrainStackTargetSize                   = 64                                        {product} {ergonomic}
   size_t InitialHeapSize                          = 266338304                                 {product} {ergonomic}
   size_t MarkStackSize                            = 4194304                                   {product} {ergonomic}
   size_t MaxHeapSize                              = 4255121408                                {product} {ergonomic}
   size_t MaxNewSize                               = 2552233984                                {product} {ergonomic}
   size_t MinHeapDeltaBytes                        = 2097152                                   {product} {ergonomic}
   size_t MinHeapSize                              = 8388608                                   {product} {ergonomic}
    uintx NonProfiledCodeHeapSize                  = 0                                      {pd product} {ergonomic}
     bool ProfileInterpreter                       = false                                  {pd product} {command line}
    uintx ProfiledCodeHeapSize                     = 0                                      {pd product} {ergonomic}
   size_t SoftMaxHeapSize                          = 4255121408                             {manageable} {ergonomic}
     intx TieredStopAtLevel                        = 1                                         {product} {command line}
     bool UseCompressedClassPointers               = true                           {product lp64_product} {ergonomic}
     bool UseCompressedOops                        = true                           {product lp64_product} {ergonomic}
     bool UseG1GC                                  = true                                      {product} {ergonomic}
     bool UseLargePagesIndividualAllocation        = false                                  {pd product} {ergonomic}

Logging:
Log output configuration:
 #0: stdout all=warning uptime,level,tags foldmultilines=false
 #1: stderr all=off uptime,level,tags foldmultilines=false

Environment Variables:
JAVA_HOME=C:\Program Files\graalvm-ce-java11-22.3.1
PATH=C:\Windows\System32\Wbem;C:\Windows\System32\WindowsPowerShell\v1.0\;C:\Windows\System32\OpenSSH\;C:\Program Files (x86)\NVIDIA Corporation\PhysX\Common;C:\Program Files\NVIDIA Corporation\NVIDIA NvDLISR;C:\Program Files\Git\cmd;C:\Program Files\apache-maven-3.8.6\bin;C:\Program Files\graalvm-ce-java11-22.3.0\bin;C:\WINDOWS\system32;C:\WINDOWS;C:\WINDOWS\System32\Wbem;C:\WINDOWS\System32\WindowsPowerShell\v1.0\;C:\WINDOWS\System32\OpenSSH\;C:\Program Files\nodejs\;C:\Program Files\dotnet\;C:\Program Files (x86)\Microsoft Visual Studio\2022\BuildTools\VC\Tools\MSVC\14.30.30705\bin\HostX64\x64;;C:\Program Files\Docker\Docker\resources\bin;C:\Users\OVERY\AppData\Local\Microsoft\WindowsApps;C:\Users\OVERY\AppData\Local\Programs\Microsoft VS Code\bin;C:\Program Files\JetBrains\IntelliJ IDEA 2023.1.2\bin;;C:\Users\OVERY\AppData\Roaming\npm;C:\Program Files\heroku\bin;C:\Program Files\graalvm-ce-java11-22.3.1\bin;C:\Program Files (x86)\Microsoft Visual Studio\2022\BuildTools\VC\Tools\MSVC\14.30.30705\bin\HostX64\x64;
USERNAME=OVERY
OS=Windows_NT
PROCESSOR_IDENTIFIER=Intel64 Family 6 Model 151 Stepping 5, GenuineIntel



---------------  S Y S T E M  ---------------

OS:
 Windows 11 , 64 bit Build 22621 (10.0.22621.2428)
OS uptime: 0 days 3:49 hours
Hyper-V role detected

CPU: total 12 (initial active 12) (6 cores per cpu, 2 threads per core) family 6 model 151 stepping 5 microcode 0x1e, cx8, cmov, fxsr, ht, mmx, 3dnowpref, sse, sse2, sse3, ssse3, sse4.1, sse4.2, popcnt, lzcnt, tsc, tscinvbit, avx, avx2, aes, erms, clmul, bmi1, bmi2, adx, sha, fma, vzeroupper, clflush, clflushopt, clwb, hv, serialize

Memory: 4k page, system-wide physical 16225M (2360M free)
TotalPageFile size 18273M (AvailPageFile size 2M)
current process WorkingSet (physical memory assigned to process): 178M, peak: 178M
current process commit charge ("private bytes"): 389M, peak: 389M

vm_info: OpenJDK 64-Bit Server VM (18.0.2.1+1-1) for windows-amd64 JRE (18.0.2.1+1-1), built on Aug 16 2022 01:44:29 by "mach5one" with MS VC++ 16.8 / 16.9 (VS2019)

END.
