#
# There is insufficient memory for the Java Runtime Environment to continue.
# Native memory allocation (mmap) failed to map 147849216 bytes for Failed to commit area from 0x0000000719400000 to 0x0000000722100000 of length 147849216.
# Possible reasons:
#   The system is out of physical RAM or swap space
#   The process is running with CompressedOops enabled, and the Java Heap may be blocking the growth of the native heap
# Possible solutions:
#   Reduce memory load on the system
#   Increase physical memory or swap space
#   Check if swap backing store is full
#   Decrease Java heap size (-Xmx/-Xms)
#   Decrease number of Java threads
#   Decrease Java thread stack sizes (-Xss)
#   Set larger code cache with -XX:ReservedCodeCacheSize=
#   JVM is running with Zero Based Compressed Oops mode in which the Java heap is
#     placed in the first 32GB address space. The Java Heap base address is the
#     maximum limit for the native heap growth. Please use -XX:HeapBaseMinAddress
#     to set the Java Heap base and to place the Java Heap above 32GB virtual address.
# This output file may be truncated or incomplete.
#
#  Out of Memory Error (./src/hotspot/os/windows/os_windows.cpp:3386), pid=11788, tid=952
#
# JRE version: OpenJDK Runtime Environment GraalVM CE 22.3.1 (11.0.18+10) (build 11.0.18+10-jvmci-22.3-b13)
# Java VM: OpenJDK 64-Bit Server VM GraalVM CE 22.3.1 (11.0.18+10-jvmci-22.3-b13, mixed mode, sharing, tiered, jvmci, jvmci compiler, compressed oops, g1 gc, windows-amd64)
# No core dump will be written. Minidumps are not enabled by default on client versions of Windows
#

---------------  S U M M A R Y ------------

Command Line: -XX:ThreadPriorityPolicy=1 -XX:+UnlockExperimentalVMOptions -XX:+EnableJVMCIProduct -XX:JVMCIThreadsPerNativeLibraryRuntime=1 -XX:-UnlockExperimentalVMOptions -Dclassworlds.conf=C:\Program Files\apache-maven-3.8.6\bin\m2.conf -Dmaven.home=C:\Program Files\apache-maven-3.8.6 -Dlibrary.jansi.path=C:\Program Files\apache-maven-3.8.6\lib\jansi-native -Dmaven.multiModuleProjectDirectory=C:\Users\OVERY\IdeaProjects\fin-app org.codehaus.plexus.classworlds.launcher.Launcher compile quarkus:dev

Host: 12th Gen Intel(R) Core(TM) i5-12400F, 12 cores, 15G,  Windows 11 , 64 bit Build 22621 (10.0.22621.2428)
Time: Tue Nov  7 21:41:49 2023  Windows 11 , 64 bit Build 22621 (10.0.22621.2428) elapsed time: 5.453461 seconds (0d 0h 0m 5s)

---------------  T H R E A D  ---------------

Current thread (0x000001fd7feda000):  VMThread "VM Thread" [stack: 0x0000005893100000,0x0000005893200000] [id=952]

Stack: [0x0000005893100000,0x0000005893200000]
[error occurred during error reporting (printing stack bounds), id 0xc0000005, EXCEPTION_ACCESS_VIOLATION (0xc0000005) at pc=0x000001fd654e112d]

Native frames: (J=compiled Java code, j=interpreted, Vv=VM code, C=native code)
V  [jvm.dll+0x63aa8a]
V  [jvm.dll+0x777ea9]
V  [jvm.dll+0x779598]
V  [jvm.dll+0x779c25]
V  [jvm.dll+0x779bdb]
V  [jvm.dll+0x639ea7]
V  [jvm.dll+0x63a5b8]
C  [ntdll.dll+0xa449f]
C  [ntdll.dll+0x1e456]
C  [ntdll.dll+0xa348e]
C  0x000001fd654e112d

VM_Operation (0x0000005892bfb640): G1CollectForAllocation, mode: safepoint, requested by thread 0x000001fd5bba9800


---------------  P R O C E S S  ---------------

Threads class SMR info:
_java_thread_list=0x000001fd06868880, length=12, elements={
0x000001fd5bba9800, 0x000001fd7fedd000, 0x000001fd7fede000, 0x000001fd7ff03800,
0x000001fd7ff04800, 0x000001fd7ff06000, 0x000001fd7ff0a000, 0x000001fd7ff0e800,
0x000001fd7ff1b800, 0x000001fd068f6800, 0x000001fd06907000, 0x000001fd06908000
}

Java Threads: ( => current thread )
  0x000001fd5bba9800 JavaThread "main" [_thread_blocked, id=13424, stack(0x0000005892b00000,0x0000005892c00000)]
  0x000001fd7fedd000 JavaThread "Reference Handler" daemon [_thread_blocked, id=7472, stack(0x0000005893200000,0x0000005893300000)]
  0x000001fd7fede000 JavaThread "Finalizer" daemon [_thread_blocked, id=3988, stack(0x0000005893300000,0x0000005893400000)]
  0x000001fd7ff03800 JavaThread "Signal Dispatcher" daemon [_thread_blocked, id=17324, stack(0x0000005893400000,0x0000005893500000)]
  0x000001fd7ff04800 JavaThread "Attach Listener" daemon [_thread_blocked, id=15864, stack(0x0000005893500000,0x0000005893600000)]
  0x000001fd7ff06000 JavaThread "Service Thread" daemon [_thread_blocked, id=16996, stack(0x0000005893600000,0x0000005893700000)]
  0x000001fd7ff0a000 JavaThread "JVMCI-native CompilerThread0" daemon [_thread_blocked, id=17920, stack(0x0000005893700000,0x0000005893800000)]
  0x000001fd7ff0e800 JavaThread "C1 CompilerThread0" daemon [_thread_blocked, id=11780, stack(0x0000005893800000,0x0000005893900000)]
  0x000001fd7ff1b800 JavaThread "Sweeper thread" daemon [_thread_blocked, id=19032, stack(0x0000005893900000,0x0000005893a00000)]
  0x000001fd068f6800 JavaThread "Common-Cleaner" daemon [_thread_blocked, id=17752, stack(0x0000005893a00000,0x0000005893b00000)]
  0x000001fd06907000 JavaThread "C1 CompilerThread1" daemon [_thread_blocked, id=12032, stack(0x0000005893b00000,0x0000005893c00000)]
  0x000001fd06908000 JavaThread "C1 CompilerThread2" daemon [_thread_blocked, id=16888, stack(0x0000005893c00000,0x0000005893d00000)]

Other Threads:
=>0x000001fd7feda000 VMThread "VM Thread" [stack: 0x0000005893100000,0x0000005893200000] [id=952]
  0x000001fd0694b800 WatcherThread [stack: 0x0000005893d00000,0x0000005893e00000] [id=3832]
  0x000001fd5bbc1000 GCTaskThread "GC Thread#0" [stack: 0x0000005892c00000,0x0000005892d00000] [id=5780]
  0x000001fd07360000 GCTaskThread "GC Thread#1" [stack: 0x0000005893e00000,0x0000005893f00000] [id=6696]
  0x000001fd0731c800 GCTaskThread "GC Thread#2" [stack: 0x0000005893f00000,0x0000005894000000] [id=13148]
  0x000001fd07295000 GCTaskThread "GC Thread#3" [stack: 0x0000005894000000,0x0000005894100000] [id=18220]
  0x000001fd07354800 GCTaskThread "GC Thread#4" [stack: 0x0000005894100000,0x0000005894200000] [id=16976]
  0x000001fd07355800 GCTaskThread "GC Thread#5" [stack: 0x0000005894200000,0x0000005894300000] [id=1984]
  0x000001fd0822a000 GCTaskThread "GC Thread#6" [stack: 0x0000005894500000,0x0000005894600000] [id=10556]
  0x000001fd09a9a800 GCTaskThread "GC Thread#7" [stack: 0x0000005894f00000,0x0000005895000000] [id=16132]
  0x000001fd5bc1d800 ConcurrentGCThread "G1 Main Marker" [stack: 0x0000005892d00000,0x0000005892e00000] [id=17060]
  0x000001fd5bc1e800 ConcurrentGCThread "G1 Conc#0" [stack: 0x0000005892e00000,0x0000005892f00000] [id=17308]
  0x000001fd08084000 ConcurrentGCThread "G1 Conc#1" [stack: 0x0000005894300000,0x0000005894400000] [id=4416]
  0x000001fd08089000 ConcurrentGCThread "G1 Conc#2" [stack: 0x0000005894400000,0x0000005894500000] [id=4672]
  0x000001fd7fdec800 ConcurrentGCThread "G1 Refine#0" [stack: 0x0000005892f00000,0x0000005893000000] [id=7412]
  0x000001fd08234800 ConcurrentGCThread "G1 Refine#1" [stack: 0x0000005894600000,0x0000005894700000] [id=6196]
  0x000001fd0825f800 ConcurrentGCThread "G1 Refine#2" [stack: 0x0000005894700000,0x0000005894800000] [id=5116]
  0x000001fd08260800 ConcurrentGCThread "G1 Refine#3" [stack: 0x0000005894800000,0x0000005894900000] [id=17236]
  0x000001fd08261000 ConcurrentGCThread "G1 Refine#4" [stack: 0x0000005894900000,0x0000005894a00000] [id=8320]
  0x000001fd08261800 ConcurrentGCThread "G1 Refine#5" [stack: 0x0000005894a00000,0x0000005894b00000] [id=5180]
  0x000001fd0819c800 ConcurrentGCThread "G1 Refine#6" [stack: 0x0000005894b00000,0x0000005894c00000] [id=7104]
  0x000001fd081a1000 ConcurrentGCThread "G1 Refine#7" [stack: 0x0000005894c00000,0x0000005894d00000] [id=18352]
  0x000001fd081a2000 ConcurrentGCThread "G1 Refine#8" [stack: 0x0000005894d00000,0x0000005894e00000] [id=18720]
  0x000001fd081a3000 ConcurrentGCThread "G1 Refine#9" [stack: 0x0000005894e00000,0x0000005894f00000] [id=14424]
  0x000001fd7fded800 ConcurrentGCThread "G1 Young RemSet Sampling" [stack: 0x0000005893000000,0x0000005893100000] [id=6476]

Threads with active compile tasks:
JVMCI-native CompilerThread0     5458 6744       4       org.apache.maven.model.inheritance.DefaultInheritanceAssembler$InheritanceModelMerger::mergePluginContainer_Plugins (430 bytes)

VM state:at safepoint (normal execution)

VM Mutex/Monitor currently owned by a thread:  ([mutex/lock_event])
[0x000001fd5bba6bf0] Threads_lock - owner thread: 0x000001fd7feda000
[0x000001fd5bba5c30] Heap_lock - owner thread: 0x000001fd5bba9800

Heap address: 0x0000000702600000, size: 4058 MB, Compressed Oops mode: Zero based, Oop shift amount: 3
Narrow klass base: 0x0000000800000000, Narrow klass shift: 3
Compressed class space size: 1073741824 Address: 0x0000000840000000

Heap:
 garbage-first heap   total 519168K, used 163597K [0x0000000702600000, 0x0000000800000000)
  region size 1024K, 11 young (11264K), 11 survivors (11264K)
 Metaspace       used 26367K, capacity 27400K, committed 27776K, reserved 1075200K
  class space    used 2521K, capacity 2895K, committed 2944K, reserved 1048576K
Heap Regions: E=young(eden), S=young(survivor), O=old, HS=humongous(starts), HC=humongous(continues), CS=collection set, F=free, A=archive, TAMS=top-at-mark-start (previous, next)
|   0|0x0000000702600000, 0x0000000702700000, 0x0000000702700000|100%| O|  |TAMS 0x0000000702700000, 0x0000000702600000| Untracked 
|   1|0x0000000702700000, 0x0000000702800000, 0x0000000702800000|100%| O|  |TAMS 0x0000000702800000, 0x0000000702700000| Untracked 
|   2|0x0000000702800000, 0x0000000702900000, 0x0000000702900000|100%| O|  |TAMS 0x0000000702900000, 0x0000000702800000| Untracked 
|   3|0x0000000702900000, 0x0000000702a00000, 0x0000000702a00000|100%| O|  |TAMS 0x0000000702a00000, 0x0000000702900000| Untracked 
|   4|0x0000000702a00000, 0x0000000702b00000, 0x0000000702b00000|100%| O|  |TAMS 0x0000000702b00000, 0x0000000702a00000| Untracked 
|   5|0x0000000702b00000, 0x0000000702c00000, 0x0000000702c00000|100%| O|  |TAMS 0x0000000702c00000, 0x0000000702b00000| Untracked 
|   6|0x0000000702c00000, 0x0000000702d00000, 0x0000000702d00000|100%| O|  |TAMS 0x0000000702d00000, 0x0000000702c00000| Untracked 
|   7|0x0000000702d00000, 0x0000000702e00000, 0x0000000702e00000|100%| O|  |TAMS 0x0000000702e00000, 0x0000000702d00000| Untracked 
|   8|0x0000000702e00000, 0x0000000702f00000, 0x0000000702f00000|100%| O|  |TAMS 0x0000000702f00000, 0x0000000702e00000| Untracked 
|   9|0x0000000702f00000, 0x0000000703000000, 0x0000000703000000|100%| O|  |TAMS 0x0000000703000000, 0x0000000702f00000| Untracked 
|  10|0x0000000703000000, 0x0000000703100000, 0x0000000703100000|100%| O|  |TAMS 0x0000000703100000, 0x0000000703000000| Untracked 
|  11|0x0000000703100000, 0x0000000703200000, 0x0000000703200000|100%| O|  |TAMS 0x0000000703200000, 0x0000000703100000| Untracked 
|  12|0x0000000703200000, 0x0000000703300000, 0x0000000703300000|100%| O|  |TAMS 0x0000000703300000, 0x0000000703200000| Untracked 
|  13|0x0000000703300000, 0x0000000703400000, 0x0000000703400000|100%| O|  |TAMS 0x0000000703400000, 0x0000000703300000| Untracked 
|  14|0x0000000703400000, 0x0000000703500000, 0x0000000703500000|100%| O|  |TAMS 0x0000000703500000, 0x0000000703400000| Untracked 
|  15|0x0000000703500000, 0x0000000703600000, 0x0000000703600000|100%| O|  |TAMS 0x0000000703600000, 0x0000000703500000| Untracked 
|  16|0x0000000703600000, 0x0000000703700000, 0x0000000703700000|100%| O|  |TAMS 0x0000000703700000, 0x0000000703600000| Untracked 
|  17|0x0000000703700000, 0x0000000703800000, 0x0000000703800000|100%| O|  |TAMS 0x0000000703800000, 0x0000000703700000| Untracked 
|  18|0x0000000703800000, 0x0000000703900000, 0x0000000703900000|100%| O|  |TAMS 0x0000000703900000, 0x0000000703800000| Untracked 
|  19|0x0000000703900000, 0x0000000703a00000, 0x0000000703a00000|100%| O|  |TAMS 0x0000000703a00000, 0x0000000703900000| Complete 
|  20|0x0000000703a00000, 0x0000000703b00000, 0x0000000703b00000|100%| O|  |TAMS 0x0000000703b00000, 0x0000000703a00000| Untracked 
|  21|0x0000000703b00000, 0x0000000703c00000, 0x0000000703c00000|100%| O|  |TAMS 0x0000000703c00000, 0x0000000703b00000| Untracked 
|  22|0x0000000703c00000, 0x0000000703d00000, 0x0000000703d00000|100%| O|  |TAMS 0x0000000703d00000, 0x0000000703c00000| Complete 
|  23|0x0000000703d00000, 0x0000000703e00000, 0x0000000703e00000|100%| O|  |TAMS 0x0000000703e00000, 0x0000000703d00000| Untracked 
|  24|0x0000000703e00000, 0x0000000703f00000, 0x0000000703f00000|100%| O|  |TAMS 0x0000000703f00000, 0x0000000703e00000| Untracked 
|  25|0x0000000703f00000, 0x0000000704000000, 0x0000000704000000|100%| O|  |TAMS 0x0000000704000000, 0x0000000703f00000| Complete 
|  26|0x0000000704000000, 0x0000000704100000, 0x0000000704100000|100%| O|  |TAMS 0x0000000704100000, 0x0000000704000000| Untracked 
|  27|0x0000000704100000, 0x0000000704200000, 0x0000000704200000|100%| O|  |TAMS 0x0000000704200000, 0x0000000704100000| Untracked 
|  28|0x0000000704200000, 0x0000000704300000, 0x0000000704300000|100%| O|  |TAMS 0x0000000704300000, 0x0000000704200000| Untracked 
|  29|0x0000000704300000, 0x0000000704400000, 0x0000000704400000|100%| O|  |TAMS 0x0000000704400000, 0x0000000704300000| Untracked 
|  30|0x0000000704400000, 0x0000000704500000, 0x0000000704500000|100%| O|  |TAMS 0x0000000704500000, 0x0000000704400000| Untracked 
|  31|0x0000000704500000, 0x0000000704600000, 0x0000000704600000|100%| O|  |TAMS 0x0000000704600000, 0x0000000704500000| Untracked 
|  32|0x0000000704600000, 0x0000000704700000, 0x0000000704700000|100%| O|  |TAMS 0x0000000704700000, 0x0000000704600000| Untracked 
|  33|0x0000000704700000, 0x0000000704800000, 0x0000000704800000|100%| O|  |TAMS 0x0000000704800000, 0x0000000704700000| Untracked 
|  34|0x0000000704800000, 0x0000000704900000, 0x0000000704900000|100%| O|  |TAMS 0x0000000704900000, 0x0000000704800000| Complete 
|  35|0x0000000704900000, 0x0000000704a00000, 0x0000000704a00000|100%| O|  |TAMS 0x0000000704a00000, 0x0000000704900000| Complete 
|  36|0x0000000704a00000, 0x0000000704b00000, 0x0000000704b00000|100%| O|  |TAMS 0x0000000704b00000, 0x0000000704a00000| Complete 
|  37|0x0000000704b00000, 0x0000000704c00000, 0x0000000704c00000|100%| O|  |TAMS 0x0000000704c00000, 0x0000000704b00000| Untracked 
|  38|0x0000000704c00000, 0x0000000704d00000, 0x0000000704d00000|100%| O|  |TAMS 0x0000000704d00000, 0x0000000704c00000| Untracked 
|  39|0x0000000704d00000, 0x0000000704e00000, 0x0000000704e00000|100%| O|  |TAMS 0x0000000704e00000, 0x0000000704d00000| Untracked 
|  40|0x0000000704e00000, 0x0000000704f00000, 0x0000000704f00000|100%| O|  |TAMS 0x0000000704f00000, 0x0000000704e00000| Untracked 
|  41|0x0000000704f00000, 0x0000000705000000, 0x0000000705000000|100%| O|  |TAMS 0x0000000705000000, 0x0000000704f00000| Untracked 
|  42|0x0000000705000000, 0x0000000705100000, 0x0000000705100000|100%| O|  |TAMS 0x0000000705100000, 0x0000000705000000| Untracked 
|  43|0x0000000705100000, 0x0000000705200000, 0x0000000705200000|100%| O|  |TAMS 0x0000000705200000, 0x0000000705100000| Untracked 
|  44|0x0000000705200000, 0x0000000705300000, 0x0000000705300000|100%| O|  |TAMS 0x0000000705300000, 0x0000000705200000| Untracked 
|  45|0x0000000705300000, 0x0000000705400000, 0x0000000705400000|100%| O|  |TAMS 0x0000000705400000, 0x0000000705300000| Untracked 
|  46|0x0000000705400000, 0x0000000705500000, 0x0000000705500000|100%| O|  |TAMS 0x0000000705500000, 0x0000000705400000| Untracked 
|  47|0x0000000705500000, 0x0000000705600000, 0x0000000705600000|100%| O|  |TAMS 0x0000000705600000, 0x0000000705500000| Complete 
|  48|0x0000000705600000, 0x0000000705700000, 0x0000000705700000|100%| O|  |TAMS 0x0000000705700000, 0x0000000705600000| Complete 
|  49|0x0000000705700000, 0x0000000705800000, 0x0000000705800000|100%| O|  |TAMS 0x0000000705800000, 0x0000000705700000| Complete 
|  50|0x0000000705800000, 0x0000000705900000, 0x0000000705900000|100%| O|  |TAMS 0x0000000705800000, 0x0000000705800000| Untracked 
|  51|0x0000000705900000, 0x0000000705a00000, 0x0000000705a00000|100%| O|  |TAMS 0x0000000705900000, 0x0000000705900000| Untracked 
|  52|0x0000000705a00000, 0x0000000705b00000, 0x0000000705b00000|100%| O|  |TAMS 0x0000000705a00000, 0x0000000705a00000| Untracked 
|  53|0x0000000705b00000, 0x0000000705c00000, 0x0000000705c00000|100%| O|  |TAMS 0x0000000705b00000, 0x0000000705b00000| Untracked 
|  54|0x0000000705c00000, 0x0000000705d00000, 0x0000000705d00000|100%| O|  |TAMS 0x0000000705c00000, 0x0000000705c00000| Untracked 
|  55|0x0000000705d00000, 0x0000000705e00000, 0x0000000705e00000|100%| O|  |TAMS 0x0000000705d00000, 0x0000000705d00000| Untracked 
|  56|0x0000000705e00000, 0x0000000705f00000, 0x0000000705f00000|100%| O|  |TAMS 0x0000000705e00000, 0x0000000705e00000| Untracked 
|  57|0x0000000705f00000, 0x0000000706000000, 0x0000000706000000|100%| O|  |TAMS 0x0000000705f00000, 0x0000000705f00000| Untracked 
|  58|0x0000000706000000, 0x0000000706100000, 0x0000000706100000|100%| O|  |TAMS 0x0000000706000000, 0x0000000706000000| Untracked 
|  59|0x0000000706100000, 0x0000000706200000, 0x0000000706200000|100%| O|  |TAMS 0x0000000706100000, 0x0000000706100000| Untracked 
|  60|0x0000000706200000, 0x0000000706300000, 0x0000000706300000|100%| O|  |TAMS 0x0000000706200000, 0x0000000706200000| Untracked 
|  61|0x0000000706300000, 0x0000000706400000, 0x0000000706400000|100%| O|  |TAMS 0x0000000706300000, 0x0000000706300000| Untracked 
|  62|0x0000000706400000, 0x0000000706500000, 0x0000000706500000|100%| O|  |TAMS 0x0000000706400000, 0x0000000706400000| Untracked 
|  63|0x0000000706500000, 0x0000000706600000, 0x0000000706600000|100%| O|  |TAMS 0x0000000706500000, 0x0000000706500000| Untracked 
|  64|0x0000000706600000, 0x0000000706700000, 0x0000000706700000|100%| O|  |TAMS 0x0000000706600000, 0x0000000706600000| Untracked 
|  65|0x0000000706700000, 0x0000000706800000, 0x0000000706800000|100%| O|  |TAMS 0x0000000706800000, 0x0000000706700000| Complete 
|  66|0x0000000706800000, 0x0000000706900000, 0x0000000706900000|100%| O|  |TAMS 0x0000000706900000, 0x0000000706800000| Complete 
|  67|0x0000000706900000, 0x0000000706a00000, 0x0000000706a00000|100%| O|  |TAMS 0x0000000706a00000, 0x0000000706900000| Complete 
|  68|0x0000000706a00000, 0x0000000706b00000, 0x0000000706b00000|100%| O|  |TAMS 0x0000000706b00000, 0x0000000706a00000| Complete 
|  69|0x0000000706b00000, 0x0000000706c00000, 0x0000000706c00000|100%| O|  |TAMS 0x0000000706c00000, 0x0000000706b00000| Complete 
|  70|0x0000000706c00000, 0x0000000706d00000, 0x0000000706d00000|100%| O|  |TAMS 0x0000000706d00000, 0x0000000706c00000| Complete 
|  71|0x0000000706d00000, 0x0000000706e00000, 0x0000000706e00000|100%| O|  |TAMS 0x0000000706e00000, 0x0000000706d00000| Complete 
|  72|0x0000000706e00000, 0x0000000706f00000, 0x0000000706f00000|100%| O|  |TAMS 0x0000000706f00000, 0x0000000706e00000| Complete 
|  73|0x0000000706f00000, 0x0000000707000000, 0x0000000707000000|100%| O|  |TAMS 0x0000000707000000, 0x0000000706f00000| Complete 
|  74|0x0000000707000000, 0x0000000707100000, 0x0000000707100000|100%| O|  |TAMS 0x0000000707100000, 0x0000000707000000| Complete 
|  75|0x0000000707100000, 0x0000000707200000, 0x0000000707200000|100%| O|  |TAMS 0x0000000707200000, 0x0000000707100000| Complete 
|  76|0x0000000707200000, 0x0000000707300000, 0x0000000707300000|100%| O|  |TAMS 0x0000000707300000, 0x0000000707200000| Complete 
|  77|0x0000000707300000, 0x0000000707400000, 0x0000000707400000|100%| O|  |TAMS 0x0000000707400000, 0x0000000707300000| Complete 
|  78|0x0000000707400000, 0x0000000707500000, 0x0000000707500000|100%| O|  |TAMS 0x0000000707500000, 0x0000000707400000| Complete 
|  79|0x0000000707500000, 0x0000000707600000, 0x0000000707600000|100%| O|  |TAMS 0x0000000707500000, 0x0000000707500000| Untracked 
|  80|0x0000000707600000, 0x00000007076c3600, 0x0000000707700000| 76%| O|  |TAMS 0x0000000707600000, 0x0000000707600000| Untracked 
|  81|0x0000000707700000, 0x0000000707700000, 0x0000000707800000|  0%| F|  |TAMS 0x0000000707700000, 0x0000000707700000| Untracked 
|  82|0x0000000707800000, 0x0000000707900000, 0x0000000707900000|100%| O|  |TAMS 0x0000000707900000, 0x0000000707800000| Complete 
|  83|0x0000000707900000, 0x0000000707900000, 0x0000000707a00000|  0%| F|  |TAMS 0x0000000707900000, 0x0000000707900000| Untracked 
|  84|0x0000000707a00000, 0x0000000707a00000, 0x0000000707b00000|  0%| F|  |TAMS 0x0000000707a00000, 0x0000000707a00000| Untracked 
|  85|0x0000000707b00000, 0x0000000707b00000, 0x0000000707c00000|  0%| F|  |TAMS 0x0000000707b00000, 0x0000000707b00000| Untracked 
|  86|0x0000000707c00000, 0x0000000707c00000, 0x0000000707d00000|  0%| F|  |TAMS 0x0000000707c00000, 0x0000000707c00000| Untracked 
|  87|0x0000000707d00000, 0x0000000707e00000, 0x0000000707e00000|100%|HS|  |TAMS 0x0000000707e00000, 0x0000000707d00000| Complete 
|  88|0x0000000707e00000, 0x0000000707f00000, 0x0000000707f00000|100%| O|  |TAMS 0x0000000707f00000, 0x0000000707e00000| Complete 
|  89|0x0000000707f00000, 0x0000000707f00000, 0x0000000708000000|  0%| F|  |TAMS 0x0000000707f00000, 0x0000000707f00000| Untracked 
|  90|0x0000000708000000, 0x0000000708000000, 0x0000000708100000|  0%| F|  |TAMS 0x0000000708000000, 0x0000000708000000| Untracked 
|  91|0x0000000708100000, 0x0000000708200000, 0x0000000708200000|100%| O|  |TAMS 0x0000000708200000, 0x0000000708100000| Complete 
|  92|0x0000000708200000, 0x0000000708300000, 0x0000000708300000|100%| O|  |TAMS 0x0000000708300000, 0x0000000708200000| Complete 
|  93|0x0000000708300000, 0x0000000708400000, 0x0000000708400000|100%| O|  |TAMS 0x0000000708400000, 0x0000000708300000| Complete 
|  94|0x0000000708400000, 0x0000000708400000, 0x0000000708500000|  0%| F|  |TAMS 0x0000000708400000, 0x0000000708400000| Untracked 
|  95|0x0000000708500000, 0x0000000708500000, 0x0000000708600000|  0%| F|  |TAMS 0x0000000708500000, 0x0000000708500000| Untracked 
|  96|0x0000000708600000, 0x0000000708600000, 0x0000000708700000|  0%| F|  |TAMS 0x0000000708600000, 0x0000000708600000| Untracked 
|  97|0x0000000708700000, 0x0000000708700000, 0x0000000708800000|  0%| F|  |TAMS 0x0000000708700000, 0x0000000708700000| Untracked 
|  98|0x0000000708800000, 0x0000000708800000, 0x0000000708900000|  0%| F|  |TAMS 0x0000000708800000, 0x0000000708800000| Untracked 
|  99|0x0000000708900000, 0x0000000708900000, 0x0000000708a00000|  0%| F|  |TAMS 0x0000000708900000, 0x0000000708900000| Untracked 
| 100|0x0000000708a00000, 0x0000000708a00000, 0x0000000708b00000|  0%| F|  |TAMS 0x0000000708a00000, 0x0000000708a00000| Untracked 
| 101|0x0000000708b00000, 0x0000000708b00000, 0x0000000708c00000|  0%| F|  |TAMS 0x0000000708b00000, 0x0000000708b00000| Untracked 
| 102|0x0000000708c00000, 0x0000000708c00000, 0x0000000708d00000|  0%| F|  |TAMS 0x0000000708c00000, 0x0000000708c00000| Untracked 
| 103|0x0000000708d00000, 0x0000000708d00000, 0x0000000708e00000|  0%| F|  |TAMS 0x0000000708d00000, 0x0000000708d00000| Untracked 
| 104|0x0000000708e00000, 0x0000000708e00000, 0x0000000708f00000|  0%| F|  |TAMS 0x0000000708e00000, 0x0000000708e00000| Untracked 
| 105|0x0000000708f00000, 0x0000000708f00000, 0x0000000709000000|  0%| F|  |TAMS 0x0000000708f00000, 0x0000000708f00000| Untracked 
| 106|0x0000000709000000, 0x0000000709100000, 0x0000000709100000|100%| O|  |TAMS 0x0000000709100000, 0x0000000709000000| Complete 
| 107|0x0000000709100000, 0x0000000709200000, 0x0000000709200000|100%| O|  |TAMS 0x0000000709200000, 0x0000000709100000| Complete 
| 108|0x0000000709200000, 0x0000000709300000, 0x0000000709300000|100%| O|  |TAMS 0x0000000709300000, 0x0000000709200000| Complete 
| 109|0x0000000709300000, 0x0000000709400000, 0x0000000709400000|100%| O|  |TAMS 0x0000000709400000, 0x0000000709300000| Complete 
| 110|0x0000000709400000, 0x0000000709400000, 0x0000000709500000|  0%| F|  |TAMS 0x0000000709400000, 0x0000000709400000| Untracked 
| 111|0x0000000709500000, 0x0000000709500000, 0x0000000709600000|  0%| F|  |TAMS 0x0000000709500000, 0x0000000709500000| Untracked 
| 112|0x0000000709600000, 0x0000000709600000, 0x0000000709700000|  0%| F|  |TAMS 0x0000000709600000, 0x0000000709600000| Untracked 
| 113|0x0000000709700000, 0x0000000709700000, 0x0000000709800000|  0%| F|  |TAMS 0x0000000709700000, 0x0000000709700000| Untracked 
| 114|0x0000000709800000, 0x0000000709800000, 0x0000000709900000|  0%| F|  |TAMS 0x0000000709800000, 0x0000000709800000| Untracked 
| 115|0x0000000709900000, 0x0000000709900000, 0x0000000709a00000|  0%| F|  |TAMS 0x0000000709900000, 0x0000000709900000| Untracked 
| 116|0x0000000709a00000, 0x0000000709a00000, 0x0000000709b00000|  0%| F|  |TAMS 0x0000000709a00000, 0x0000000709a00000| Untracked 
| 117|0x0000000709b00000, 0x0000000709b00000, 0x0000000709c00000|  0%| F|  |TAMS 0x0000000709b00000, 0x0000000709b00000| Untracked 
| 118|0x0000000709c00000, 0x0000000709c00000, 0x0000000709d00000|  0%| F|  |TAMS 0x0000000709c00000, 0x0000000709c00000| Untracked 
| 119|0x0000000709d00000, 0x0000000709d00000, 0x0000000709e00000|  0%| F|  |TAMS 0x0000000709d00000, 0x0000000709d00000| Untracked 
| 120|0x0000000709e00000, 0x0000000709e00000, 0x0000000709f00000|  0%| F|  |TAMS 0x0000000709e00000, 0x0000000709e00000| Untracked 
| 121|0x0000000709f00000, 0x0000000709f00000, 0x000000070a000000|  0%| F|  |TAMS 0x0000000709f00000, 0x0000000709f00000| Untracked 
| 122|0x000000070a000000, 0x000000070a000000, 0x000000070a100000|  0%| F|  |TAMS 0x000000070a000000, 0x000000070a000000| Untracked 
| 123|0x000000070a100000, 0x000000070a100000, 0x000000070a200000|  0%| F|  |TAMS 0x000000070a100000, 0x000000070a100000| Untracked 
| 124|0x000000070a200000, 0x000000070a200000, 0x000000070a300000|  0%| F|  |TAMS 0x000000070a200000, 0x000000070a200000| Untracked 
| 125|0x000000070a300000, 0x000000070a300000, 0x000000070a400000|  0%| F|  |TAMS 0x000000070a300000, 0x000000070a300000| Untracked 
| 126|0x000000070a400000, 0x000000070a400000, 0x000000070a500000|  0%| F|  |TAMS 0x000000070a400000, 0x000000070a400000| Untracked 
| 127|0x000000070a500000, 0x000000070a500000, 0x000000070a600000|  0%| F|  |TAMS 0x000000070a500000, 0x000000070a500000| Untracked 
| 128|0x000000070a600000, 0x000000070a600000, 0x000000070a700000|  0%| F|  |TAMS 0x000000070a600000, 0x000000070a600000| Untracked 
| 129|0x000000070a700000, 0x000000070a700000, 0x000000070a800000|  0%| F|  |TAMS 0x000000070a700000, 0x000000070a700000| Untracked 
| 130|0x000000070a800000, 0x000000070a900000, 0x000000070a900000|100%| O|  |TAMS 0x000000070a900000, 0x000000070a800000| Complete 
| 131|0x000000070a900000, 0x000000070aa00000, 0x000000070aa00000|100%|HS|  |TAMS 0x000000070aa00000, 0x000000070a900000| Complete 
| 132|0x000000070aa00000, 0x000000070ab00000, 0x000000070ab00000|100%|HC|  |TAMS 0x000000070ab00000, 0x000000070aa00000| Complete 
| 133|0x000000070ab00000, 0x000000070ac00000, 0x000000070ac00000|100%| O|  |TAMS 0x000000070ac00000, 0x000000070ab00000| Complete 
| 134|0x000000070ac00000, 0x000000070ad00000, 0x000000070ad00000|100%| O|  |TAMS 0x000000070ad00000, 0x000000070ac00000| Complete 
| 135|0x000000070ad00000, 0x000000070ad00000, 0x000000070ae00000|  0%| F|  |TAMS 0x000000070ad00000, 0x000000070ad00000| Untracked 
| 136|0x000000070ae00000, 0x000000070af00000, 0x000000070af00000|100%| O|  |TAMS 0x000000070af00000, 0x000000070ae00000| Complete 
| 137|0x000000070af00000, 0x000000070af00000, 0x000000070b000000|  0%| F|  |TAMS 0x000000070af00000, 0x000000070af00000| Untracked 
| 138|0x000000070b000000, 0x000000070b000000, 0x000000070b100000|  0%| F|  |TAMS 0x000000070b000000, 0x000000070b000000| Untracked 
| 139|0x000000070b100000, 0x000000070b200000, 0x000000070b200000|100%| O|  |TAMS 0x000000070b200000, 0x000000070b100000| Complete 
| 140|0x000000070b200000, 0x000000070b200000, 0x000000070b300000|  0%| F|  |TAMS 0x000000070b200000, 0x000000070b200000| Untracked 
| 141|0x000000070b300000, 0x000000070b400000, 0x000000070b400000|100%| O|  |TAMS 0x000000070b400000, 0x000000070b300000| Complete 
| 142|0x000000070b400000, 0x000000070b500000, 0x000000070b500000|100%| O|  |TAMS 0x000000070b500000, 0x000000070b400000| Complete 
| 143|0x000000070b500000, 0x000000070b600000, 0x000000070b600000|100%| O|  |TAMS 0x000000070b600000, 0x000000070b500000| Complete 
| 144|0x000000070b600000, 0x000000070b700000, 0x000000070b700000|100%| O|  |TAMS 0x000000070b700000, 0x000000070b600000| Untracked 
| 145|0x000000070b700000, 0x000000070b800000, 0x000000070b800000|100%| O|  |TAMS 0x000000070b800000, 0x000000070b700000| Untracked 
| 146|0x000000070b800000, 0x000000070b900000, 0x000000070b900000|100%| O|  |TAMS 0x000000070b900000, 0x000000070b800000| Complete 
| 147|0x000000070b900000, 0x000000070ba00000, 0x000000070ba00000|100%| O|  |TAMS 0x000000070ba00000, 0x000000070b900000| Complete 
| 148|0x000000070ba00000, 0x000000070bb00000, 0x000000070bb00000|100%| O|  |TAMS 0x000000070bb00000, 0x000000070ba00000| Complete 
| 149|0x000000070bb00000, 0x000000070bc00000, 0x000000070bc00000|100%| O|  |TAMS 0x000000070bc00000, 0x000000070bb00000| Complete 
| 150|0x000000070bc00000, 0x000000070bd00000, 0x000000070bd00000|100%| O|  |TAMS 0x000000070bd00000, 0x000000070bc00000| Complete 
| 151|0x000000070bd00000, 0x000000070be00000, 0x000000070be00000|100%| O|  |TAMS 0x000000070be00000, 0x000000070bd00000| Complete 
| 152|0x000000070be00000, 0x000000070bf00000, 0x000000070bf00000|100%| O|  |TAMS 0x000000070bf00000, 0x000000070be00000| Complete 
| 153|0x000000070bf00000, 0x000000070c000000, 0x000000070c000000|100%| O|  |TAMS 0x000000070c000000, 0x000000070bf00000| Complete 
| 154|0x000000070c000000, 0x000000070c100000, 0x000000070c100000|100%| O|  |TAMS 0x000000070c100000, 0x000000070c000000| Complete 
| 155|0x000000070c100000, 0x000000070c200000, 0x000000070c200000|100%| O|  |TAMS 0x000000070c200000, 0x000000070c100000| Complete 
| 156|0x000000070c200000, 0x000000070c300000, 0x000000070c300000|100%| O|  |TAMS 0x000000070c300000, 0x000000070c200000| Complete 
| 157|0x000000070c300000, 0x000000070c300000, 0x000000070c400000|  0%| F|  |TAMS 0x000000070c300000, 0x000000070c300000| Untracked 
| 158|0x000000070c400000, 0x000000070c400000, 0x000000070c500000|  0%| F|  |TAMS 0x000000070c400000, 0x000000070c400000| Untracked 
| 159|0x000000070c500000, 0x000000070c500000, 0x000000070c600000|  0%| F|  |TAMS 0x000000070c500000, 0x000000070c500000| Untracked 
| 160|0x000000070c600000, 0x000000070c700000, 0x000000070c700000|100%|HS|  |TAMS 0x000000070c700000, 0x000000070c600000| Complete 
| 161|0x000000070c700000, 0x000000070c800000, 0x000000070c800000|100%| O|  |TAMS 0x000000070c800000, 0x000000070c700000| Untracked 
| 162|0x000000070c800000, 0x000000070c900000, 0x000000070c900000|100%| O|  |TAMS 0x000000070c900000, 0x000000070c800000| Untracked 
| 163|0x000000070c900000, 0x000000070ca00000, 0x000000070ca00000|100%| O|  |TAMS 0x000000070ca00000, 0x000000070c900000| Untracked 
| 164|0x000000070ca00000, 0x000000070cb00000, 0x000000070cb00000|100%| O|  |TAMS 0x000000070cb00000, 0x000000070ca00000| Untracked 
| 165|0x000000070cb00000, 0x000000070cc00000, 0x000000070cc00000|100%| O|  |TAMS 0x000000070cc00000, 0x000000070cb00000| Untracked 
| 166|0x000000070cc00000, 0x000000070cd00000, 0x000000070cd00000|100%| O|  |TAMS 0x000000070cd00000, 0x000000070cc00000| Untracked 
| 167|0x000000070cd00000, 0x000000070ce00000, 0x000000070ce00000|100%| O|  |TAMS 0x000000070ce00000, 0x000000070cd00000| Untracked 
| 168|0x000000070ce00000, 0x000000070cf00000, 0x000000070cf00000|100%| O|  |TAMS 0x000000070cf00000, 0x000000070ce00000| Untracked 
| 169|0x000000070cf00000, 0x000000070d000000, 0x000000070d000000|100%| O|  |TAMS 0x000000070d000000, 0x000000070cf00000| Complete 
| 170|0x000000070d000000, 0x000000070d100000, 0x000000070d100000|100%| O|  |TAMS 0x000000070d100000, 0x000000070d000000| Complete 
| 171|0x000000070d100000, 0x000000070d200000, 0x000000070d200000|100%| O|  |TAMS 0x000000070d200000, 0x000000070d100000| Complete 
| 172|0x000000070d200000, 0x000000070d300000, 0x000000070d300000|100%| O|  |TAMS 0x000000070d300000, 0x000000070d200000| Complete 
| 173|0x000000070d300000, 0x000000070d400000, 0x000000070d400000|100%| O|  |TAMS 0x000000070d400000, 0x000000070d300000| Untracked 
| 174|0x000000070d400000, 0x000000070d500000, 0x000000070d500000|100%| O|  |TAMS 0x000000070d500000, 0x000000070d400000| Untracked 
| 175|0x000000070d500000, 0x000000070d600000, 0x000000070d600000|100%| O|  |TAMS 0x000000070d600000, 0x000000070d500000| Complete 
| 176|0x000000070d600000, 0x000000070d700000, 0x000000070d700000|100%| O|  |TAMS 0x000000070d700000, 0x000000070d600000| Complete 
| 177|0x000000070d700000, 0x000000070d800000, 0x000000070d800000|100%| O|  |TAMS 0x000000070d800000, 0x000000070d700000| Complete 
| 178|0x000000070d800000, 0x000000070d900000, 0x000000070d900000|100%| O|  |TAMS 0x000000070d900000, 0x000000070d800000| Untracked 
| 179|0x000000070d900000, 0x000000070da00000, 0x000000070da00000|100%| O|  |TAMS 0x000000070da00000, 0x000000070d900000| Untracked 
| 180|0x000000070da00000, 0x000000070db00000, 0x000000070db00000|100%| O|  |TAMS 0x000000070db00000, 0x000000070da00000| Untracked 
| 181|0x000000070db00000, 0x000000070dc00000, 0x000000070dc00000|100%| O|  |TAMS 0x000000070dc00000, 0x000000070db00000| Untracked 
| 182|0x000000070dc00000, 0x000000070dd00000, 0x000000070dd00000|100%| O|  |TAMS 0x000000070dd00000, 0x000000070dc00000| Untracked 
| 183|0x000000070dd00000, 0x000000070de00000, 0x000000070de00000|100%| O|  |TAMS 0x000000070de00000, 0x000000070dd00000| Untracked 
| 184|0x000000070de00000, 0x000000070df00000, 0x000000070df00000|100%| O|  |TAMS 0x000000070df00000, 0x000000070de00000| Untracked 
| 185|0x000000070df00000, 0x000000070e000000, 0x000000070e000000|100%| O|  |TAMS 0x000000070e000000, 0x000000070df00000| Untracked 
| 186|0x000000070e000000, 0x000000070e100000, 0x000000070e100000|100%| O|  |TAMS 0x000000070e100000, 0x000000070e000000| Untracked 
| 187|0x000000070e100000, 0x000000070e200000, 0x000000070e200000|100%| O|  |TAMS 0x000000070e200000, 0x000000070e100000| Untracked 
| 188|0x000000070e200000, 0x000000070e300000, 0x000000070e300000|100%| O|  |TAMS 0x000000070e300000, 0x000000070e200000| Untracked 
| 189|0x000000070e300000, 0x000000070e400000, 0x000000070e400000|100%| O|  |TAMS 0x000000070e400000, 0x000000070e300000| Untracked 
| 190|0x000000070e400000, 0x000000070e500000, 0x000000070e500000|100%| O|  |TAMS 0x000000070e500000, 0x000000070e400000| Untracked 
| 191|0x000000070e500000, 0x000000070e600000, 0x000000070e600000|100%| O|  |TAMS 0x000000070e600000, 0x000000070e500000| Complete 
| 192|0x000000070e600000, 0x000000070e700000, 0x000000070e700000|100%| O|  |TAMS 0x000000070e700000, 0x000000070e600000| Complete 
| 193|0x000000070e700000, 0x000000070e800000, 0x000000070e800000|100%| O|  |TAMS 0x000000070e800000, 0x000000070e700000| Complete 
| 194|0x000000070e800000, 0x000000070e900000, 0x000000070e900000|100%| O|  |TAMS 0x000000070e86c800, 0x000000070e800000| Untracked 
| 195|0x000000070e900000, 0x000000070e900000, 0x000000070ea00000|  0%| F|  |TAMS 0x000000070e900000, 0x000000070e900000| Untracked 
| 196|0x000000070ea00000, 0x000000070ea00000, 0x000000070eb00000|  0%| F|  |TAMS 0x000000070ea00000, 0x000000070ea00000| Untracked 
| 197|0x000000070eb00000, 0x000000070eb00000, 0x000000070ec00000|  0%| F|  |TAMS 0x000000070eb00000, 0x000000070eb00000| Untracked 
| 198|0x000000070ec00000, 0x000000070ec00000, 0x000000070ed00000|  0%| F|  |TAMS 0x000000070ec00000, 0x000000070ec00000| Untracked 
| 199|0x000000070ed00000, 0x000000070ed00000, 0x000000070ee00000|  0%| F|  |TAMS 0x000000070ed00000, 0x000000070ed00000| Untracked 
| 200|0x000000070ee00000, 0x000000070ee00000, 0x000000070ef00000|  0%| F|  |TAMS 0x000000070ee00000, 0x000000070ee00000| Untracked 
| 201|0x000000070ef00000, 0x000000070ef00000, 0x000000070f000000|  0%| F|  |TAMS 0x000000070ef00000, 0x000000070ef00000| Untracked 
| 202|0x000000070f000000, 0x000000070f000000, 0x000000070f100000|  0%| F|  |TAMS 0x000000070f000000, 0x000000070f000000| Untracked 
| 203|0x000000070f100000, 0x000000070f100000, 0x000000070f200000|  0%| F|  |TAMS 0x000000070f100000, 0x000000070f100000| Untracked 
| 204|0x000000070f200000, 0x000000070f200000, 0x000000070f300000|  0%| F|  |TAMS 0x000000070f200000, 0x000000070f200000| Untracked 
| 205|0x000000070f300000, 0x000000070f300000, 0x000000070f400000|  0%| F|  |TAMS 0x000000070f300000, 0x000000070f300000| Untracked 
| 206|0x000000070f400000, 0x000000070f400000, 0x000000070f500000|  0%| F|  |TAMS 0x000000070f400000, 0x000000070f400000| Untracked 
| 207|0x000000070f500000, 0x000000070f500000, 0x000000070f600000|  0%| F|  |TAMS 0x000000070f500000, 0x000000070f500000| Untracked 
| 208|0x000000070f600000, 0x000000070f600000, 0x000000070f700000|  0%| F|  |TAMS 0x000000070f600000, 0x000000070f600000| Untracked 
| 209|0x000000070f700000, 0x000000070f700000, 0x000000070f800000|  0%| F|  |TAMS 0x000000070f700000, 0x000000070f700000| Untracked 
| 210|0x000000070f800000, 0x000000070f800000, 0x000000070f900000|  0%| F|  |TAMS 0x000000070f800000, 0x000000070f800000| Untracked 
| 211|0x000000070f900000, 0x000000070f900000, 0x000000070fa00000|  0%| F|  |TAMS 0x000000070f900000, 0x000000070f900000| Untracked 
| 212|0x000000070fa00000, 0x000000070fa00000, 0x000000070fb00000|  0%| F|  |TAMS 0x000000070fa00000, 0x000000070fa00000| Untracked 
| 213|0x000000070fb00000, 0x000000070fb00000, 0x000000070fc00000|  0%| F|  |TAMS 0x000000070fb00000, 0x000000070fb00000| Untracked 
| 214|0x000000070fc00000, 0x000000070fc00000, 0x000000070fd00000|  0%| F|  |TAMS 0x000000070fc00000, 0x000000070fc00000| Untracked 
| 215|0x000000070fd00000, 0x000000070fd00000, 0x000000070fe00000|  0%| F|  |TAMS 0x000000070fd00000, 0x000000070fd00000| Untracked 
| 216|0x000000070fe00000, 0x000000070fe00000, 0x000000070ff00000|  0%| F|  |TAMS 0x000000070fe00000, 0x000000070fe00000| Untracked 
| 217|0x000000070ff00000, 0x000000070ff00000, 0x0000000710000000|  0%| F|  |TAMS 0x000000070ff00000, 0x000000070ff00000| Untracked 
| 218|0x0000000710000000, 0x0000000710000000, 0x0000000710100000|  0%| F|  |TAMS 0x0000000710000000, 0x0000000710000000| Untracked 
| 219|0x0000000710100000, 0x0000000710100000, 0x0000000710200000|  0%| F|  |TAMS 0x0000000710100000, 0x0000000710100000| Untracked 
| 220|0x0000000710200000, 0x0000000710200000, 0x0000000710300000|  0%| F|  |TAMS 0x0000000710200000, 0x0000000710200000| Untracked 
| 221|0x0000000710300000, 0x0000000710300000, 0x0000000710400000|  0%| F|  |TAMS 0x0000000710300000, 0x0000000710300000| Untracked 
| 222|0x0000000710400000, 0x0000000710400000, 0x0000000710500000|  0%| F|  |TAMS 0x0000000710400000, 0x0000000710400000| Untracked 
| 223|0x0000000710500000, 0x0000000710500000, 0x0000000710600000|  0%| F|  |TAMS 0x0000000710500000, 0x0000000710500000| Untracked 
| 224|0x0000000710600000, 0x0000000710600000, 0x0000000710700000|  0%| F|  |TAMS 0x0000000710600000, 0x0000000710600000| Untracked 
| 225|0x0000000710700000, 0x0000000710700000, 0x0000000710800000|  0%| F|  |TAMS 0x0000000710700000, 0x0000000710700000| Untracked 
| 226|0x0000000710800000, 0x0000000710800000, 0x0000000710900000|  0%| F|  |TAMS 0x0000000710800000, 0x0000000710800000| Untracked 
| 227|0x0000000710900000, 0x0000000710900000, 0x0000000710a00000|  0%| F|  |TAMS 0x0000000710900000, 0x0000000710900000| Untracked 
| 228|0x0000000710a00000, 0x0000000710a00000, 0x0000000710b00000|  0%| F|  |TAMS 0x0000000710a00000, 0x0000000710a00000| Untracked 
| 229|0x0000000710b00000, 0x0000000710b00000, 0x0000000710c00000|  0%| F|  |TAMS 0x0000000710b00000, 0x0000000710b00000| Untracked 
| 230|0x0000000710c00000, 0x0000000710c00000, 0x0000000710d00000|  0%| F|  |TAMS 0x0000000710c00000, 0x0000000710c00000| Untracked 
| 231|0x0000000710d00000, 0x0000000710d00000, 0x0000000710e00000|  0%| F|  |TAMS 0x0000000710d00000, 0x0000000710d00000| Untracked 
| 232|0x0000000710e00000, 0x0000000710e00000, 0x0000000710f00000|  0%| F|  |TAMS 0x0000000710e00000, 0x0000000710e00000| Untracked 
| 233|0x0000000710f00000, 0x0000000710f00000, 0x0000000711000000|  0%| F|  |TAMS 0x0000000710f00000, 0x0000000710f00000| Untracked 
| 234|0x0000000711000000, 0x0000000711000000, 0x0000000711100000|  0%| F|  |TAMS 0x0000000711000000, 0x0000000711000000| Untracked 
| 235|0x0000000711100000, 0x0000000711100000, 0x0000000711200000|  0%| F|  |TAMS 0x0000000711100000, 0x0000000711100000| Untracked 
| 236|0x0000000711200000, 0x0000000711200000, 0x0000000711300000|  0%| F|  |TAMS 0x0000000711200000, 0x0000000711200000| Untracked 
| 237|0x0000000711300000, 0x0000000711300000, 0x0000000711400000|  0%| F|  |TAMS 0x0000000711300000, 0x0000000711300000| Untracked 
| 238|0x0000000711400000, 0x0000000711400000, 0x0000000711500000|  0%| F|  |TAMS 0x0000000711400000, 0x0000000711400000| Untracked 
| 239|0x0000000711500000, 0x0000000711500000, 0x0000000711600000|  0%| F|  |TAMS 0x0000000711500000, 0x0000000711500000| Untracked 
| 240|0x0000000711600000, 0x0000000711600000, 0x0000000711700000|  0%| F|  |TAMS 0x0000000711600000, 0x0000000711600000| Untracked 
| 241|0x0000000711700000, 0x0000000711700000, 0x0000000711800000|  0%| F|  |TAMS 0x0000000711700000, 0x0000000711700000| Untracked 
| 242|0x0000000711800000, 0x0000000711800000, 0x0000000711900000|  0%| F|  |TAMS 0x0000000711800000, 0x0000000711800000| Untracked 
| 243|0x0000000711900000, 0x0000000711900000, 0x0000000711a00000|  0%| F|  |TAMS 0x0000000711900000, 0x0000000711900000| Untracked 
| 244|0x0000000711a00000, 0x0000000711a00000, 0x0000000711b00000|  0%| F|  |TAMS 0x0000000711a00000, 0x0000000711a00000| Untracked 
| 245|0x0000000711b00000, 0x0000000711b00000, 0x0000000711c00000|  0%| F|  |TAMS 0x0000000711b00000, 0x0000000711b00000| Untracked 
| 246|0x0000000711c00000, 0x0000000711c00000, 0x0000000711d00000|  0%| F|  |TAMS 0x0000000711c00000, 0x0000000711c00000| Untracked 
| 247|0x0000000711d00000, 0x0000000711d00000, 0x0000000711e00000|  0%| F|  |TAMS 0x0000000711d00000, 0x0000000711d00000| Untracked 
| 248|0x0000000711e00000, 0x0000000711e00000, 0x0000000711f00000|  0%| F|  |TAMS 0x0000000711e00000, 0x0000000711e00000| Untracked 
| 249|0x0000000711f00000, 0x0000000711f00000, 0x0000000712000000|  0%| F|  |TAMS 0x0000000711f00000, 0x0000000711f00000| Untracked 
| 250|0x0000000712000000, 0x0000000712000000, 0x0000000712100000|  0%| F|  |TAMS 0x0000000712000000, 0x0000000712000000| Untracked 
| 251|0x0000000712100000, 0x0000000712100000, 0x0000000712200000|  0%| F|  |TAMS 0x0000000712100000, 0x0000000712100000| Untracked 
| 252|0x0000000712200000, 0x0000000712200000, 0x0000000712300000|  0%| F|  |TAMS 0x0000000712200000, 0x0000000712200000| Untracked 
| 253|0x0000000712300000, 0x0000000712300000, 0x0000000712400000|  0%| F|  |TAMS 0x0000000712300000, 0x0000000712300000| Untracked 
| 254|0x0000000712400000, 0x0000000712400000, 0x0000000712500000|  0%| F|  |TAMS 0x0000000712400000, 0x0000000712400000| Untracked 
| 255|0x0000000712500000, 0x0000000712500000, 0x0000000712600000|  0%| F|  |TAMS 0x0000000712500000, 0x0000000712500000| Untracked 
| 256|0x0000000712600000, 0x0000000712600000, 0x0000000712700000|  0%| F|  |TAMS 0x0000000712600000, 0x0000000712600000| Untracked 
| 257|0x0000000712700000, 0x0000000712700000, 0x0000000712800000|  0%| F|  |TAMS 0x0000000712700000, 0x0000000712700000| Untracked 
| 258|0x0000000712800000, 0x0000000712800000, 0x0000000712900000|  0%| F|  |TAMS 0x0000000712800000, 0x0000000712800000| Untracked 
| 259|0x0000000712900000, 0x0000000712900000, 0x0000000712a00000|  0%| F|  |TAMS 0x0000000712900000, 0x0000000712900000| Untracked 
| 260|0x0000000712a00000, 0x0000000712a00000, 0x0000000712b00000|  0%| F|  |TAMS 0x0000000712a00000, 0x0000000712a00000| Untracked 
| 261|0x0000000712b00000, 0x0000000712b00000, 0x0000000712c00000|  0%| F|  |TAMS 0x0000000712b00000, 0x0000000712b00000| Untracked 
| 262|0x0000000712c00000, 0x0000000712c00000, 0x0000000712d00000|  0%| F|  |TAMS 0x0000000712c00000, 0x0000000712c00000| Untracked 
| 263|0x0000000712d00000, 0x0000000712d00000, 0x0000000712e00000|  0%| F|  |TAMS 0x0000000712d00000, 0x0000000712d00000| Untracked 
| 264|0x0000000712e00000, 0x0000000712e00000, 0x0000000712f00000|  0%| F|  |TAMS 0x0000000712e00000, 0x0000000712e00000| Untracked 
| 265|0x0000000712f00000, 0x0000000712f00000, 0x0000000713000000|  0%| F|  |TAMS 0x0000000712f00000, 0x0000000712f00000| Untracked 
| 266|0x0000000713000000, 0x0000000713000000, 0x0000000713100000|  0%| F|  |TAMS 0x0000000713000000, 0x0000000713000000| Untracked 
| 267|0x0000000713100000, 0x0000000713100000, 0x0000000713200000|  0%| F|  |TAMS 0x0000000713100000, 0x0000000713100000| Untracked 
| 268|0x0000000713200000, 0x0000000713200000, 0x0000000713300000|  0%| F|  |TAMS 0x0000000713200000, 0x0000000713200000| Untracked 
| 269|0x0000000713300000, 0x0000000713300000, 0x0000000713400000|  0%| F|  |TAMS 0x0000000713300000, 0x0000000713300000| Untracked 
| 270|0x0000000713400000, 0x0000000713400000, 0x0000000713500000|  0%| F|  |TAMS 0x0000000713400000, 0x0000000713400000| Untracked 
| 271|0x0000000713500000, 0x0000000713500000, 0x0000000713600000|  0%| F|  |TAMS 0x0000000713500000, 0x0000000713500000| Untracked 
| 272|0x0000000713600000, 0x0000000713600000, 0x0000000713700000|  0%| F|  |TAMS 0x0000000713600000, 0x0000000713600000| Untracked 
| 273|0x0000000713700000, 0x0000000713700000, 0x0000000713800000|  0%| F|  |TAMS 0x0000000713700000, 0x0000000713700000| Untracked 
| 274|0x0000000713800000, 0x0000000713800000, 0x0000000713900000|  0%| F|  |TAMS 0x0000000713800000, 0x0000000713800000| Untracked 
| 275|0x0000000713900000, 0x0000000713a00000, 0x0000000713a00000|100%| S|CS|TAMS 0x0000000713900000, 0x0000000713900000| Complete 
| 276|0x0000000713a00000, 0x0000000713b00000, 0x0000000713b00000|100%| S|CS|TAMS 0x0000000713a00000, 0x0000000713a00000| Complete 
| 277|0x0000000713b00000, 0x0000000713c00000, 0x0000000713c00000|100%| S|CS|TAMS 0x0000000713b00000, 0x0000000713b00000| Complete 
| 278|0x0000000713c00000, 0x0000000713d00000, 0x0000000713d00000|100%| S|CS|TAMS 0x0000000713c00000, 0x0000000713c00000| Complete 
| 279|0x0000000713d00000, 0x0000000713d00000, 0x0000000713e00000|  0%| F|  |TAMS 0x0000000713d00000, 0x0000000713d00000| Untracked 
| 280|0x0000000713e00000, 0x0000000713e00000, 0x0000000713f00000|  0%| F|  |TAMS 0x0000000713e00000, 0x0000000713e00000| Untracked 
| 281|0x0000000713f00000, 0x0000000713f00000, 0x0000000714000000|  0%| F|  |TAMS 0x0000000713f00000, 0x0000000713f00000| Untracked 
| 282|0x0000000714000000, 0x0000000714000000, 0x0000000714100000|  0%| F|  |TAMS 0x0000000714000000, 0x0000000714000000| Untracked 
| 283|0x0000000714100000, 0x0000000714100000, 0x0000000714200000|  0%| F|  |TAMS 0x0000000714100000, 0x0000000714100000| Untracked 
| 284|0x0000000714200000, 0x0000000714200000, 0x0000000714300000|  0%| F|  |TAMS 0x0000000714200000, 0x0000000714200000| Untracked 
| 285|0x0000000714300000, 0x0000000714400000, 0x0000000714400000|100%| S|CS|TAMS 0x0000000714300000, 0x0000000714300000| Complete 
| 286|0x0000000714400000, 0x0000000714500000, 0x0000000714500000|100%| S|CS|TAMS 0x0000000714400000, 0x0000000714400000| Complete 
| 287|0x0000000714500000, 0x0000000714600000, 0x0000000714600000|100%| S|CS|TAMS 0x0000000714500000, 0x0000000714500000| Complete 
| 288|0x0000000714600000, 0x0000000714700000, 0x0000000714700000|100%| S|CS|TAMS 0x0000000714600000, 0x0000000714600000| Complete 
| 289|0x0000000714700000, 0x0000000714800000, 0x0000000714800000|100%| S|CS|TAMS 0x0000000714700000, 0x0000000714700000| Complete 
| 290|0x0000000714800000, 0x0000000714900000, 0x0000000714900000|100%| S|CS|TAMS 0x0000000714800000, 0x0000000714800000| Complete 
| 291|0x0000000714900000, 0x0000000714a00000, 0x0000000714a00000|100%| S|CS|TAMS 0x0000000714900000, 0x0000000714900000| Complete 
| 292|0x0000000714a00000, 0x0000000714a00000, 0x0000000714b00000|  0%| F|  |TAMS 0x0000000714a00000, 0x0000000714a00000| Untracked 
| 293|0x0000000714b00000, 0x0000000714b00000, 0x0000000714c00000|  0%| F|  |TAMS 0x0000000714b00000, 0x0000000714b00000| Untracked 
| 294|0x0000000714c00000, 0x0000000714c00000, 0x0000000714d00000|  0%| F|  |TAMS 0x0000000714c00000, 0x0000000714c00000| Untracked 
| 295|0x0000000714d00000, 0x0000000714d00000, 0x0000000714e00000|  0%| F|  |TAMS 0x0000000714d00000, 0x0000000714d00000| Untracked 
| 296|0x0000000714e00000, 0x0000000714e00000, 0x0000000714f00000|  0%| F|  |TAMS 0x0000000714e00000, 0x0000000714e00000| Untracked 
| 297|0x0000000714f00000, 0x0000000714f00000, 0x0000000715000000|  0%| F|  |TAMS 0x0000000714f00000, 0x0000000714f00000| Untracked 
| 298|0x0000000715000000, 0x0000000715000000, 0x0000000715100000|  0%| F|  |TAMS 0x0000000715000000, 0x0000000715000000| Untracked 
| 299|0x0000000715100000, 0x0000000715100000, 0x0000000715200000|  0%| F|  |TAMS 0x0000000715100000, 0x0000000715100000| Untracked 
| 300|0x0000000715200000, 0x0000000715200000, 0x0000000715300000|  0%| F|  |TAMS 0x0000000715200000, 0x0000000715200000| Untracked 
| 301|0x0000000715300000, 0x0000000715300000, 0x0000000715400000|  0%| F|  |TAMS 0x0000000715300000, 0x0000000715300000| Untracked 
| 302|0x0000000715400000, 0x0000000715400000, 0x0000000715500000|  0%| F|  |TAMS 0x0000000715400000, 0x0000000715400000| Untracked 
| 303|0x0000000715500000, 0x0000000715500000, 0x0000000715600000|  0%| F|  |TAMS 0x0000000715500000, 0x0000000715500000| Untracked 
| 304|0x0000000715600000, 0x0000000715600000, 0x0000000715700000|  0%| F|  |TAMS 0x0000000715600000, 0x0000000715600000| Untracked 
| 305|0x0000000715700000, 0x0000000715700000, 0x0000000715800000|  0%| F|  |TAMS 0x0000000715700000, 0x0000000715700000| Untracked 
| 306|0x0000000715800000, 0x0000000715800000, 0x0000000715900000|  0%| F|  |TAMS 0x0000000715800000, 0x0000000715800000| Untracked 
| 307|0x0000000715900000, 0x0000000715900000, 0x0000000715a00000|  0%| F|  |TAMS 0x0000000715900000, 0x0000000715900000| Untracked 
| 308|0x0000000715a00000, 0x0000000715a00000, 0x0000000715b00000|  0%| F|  |TAMS 0x0000000715a00000, 0x0000000715a00000| Untracked 
| 309|0x0000000715b00000, 0x0000000715b00000, 0x0000000715c00000|  0%| F|  |TAMS 0x0000000715b00000, 0x0000000715b00000| Untracked 
| 310|0x0000000715c00000, 0x0000000715c00000, 0x0000000715d00000|  0%| F|  |TAMS 0x0000000715c00000, 0x0000000715c00000| Untracked 
| 311|0x0000000715d00000, 0x0000000715d00000, 0x0000000715e00000|  0%| F|  |TAMS 0x0000000715d00000, 0x0000000715d00000| Untracked 
| 312|0x0000000715e00000, 0x0000000715e00000, 0x0000000715f00000|  0%| F|  |TAMS 0x0000000715e00000, 0x0000000715e00000| Untracked 
| 313|0x0000000715f00000, 0x0000000715f00000, 0x0000000716000000|  0%| F|  |TAMS 0x0000000715f00000, 0x0000000715f00000| Untracked 
| 314|0x0000000716000000, 0x0000000716000000, 0x0000000716100000|  0%| F|  |TAMS 0x0000000716000000, 0x0000000716000000| Untracked 
| 315|0x0000000716100000, 0x0000000716100000, 0x0000000716200000|  0%| F|  |TAMS 0x0000000716100000, 0x0000000716100000| Untracked 
| 316|0x0000000716200000, 0x0000000716200000, 0x0000000716300000|  0%| F|  |TAMS 0x0000000716200000, 0x0000000716200000| Untracked 
| 317|0x0000000716300000, 0x0000000716300000, 0x0000000716400000|  0%| F|  |TAMS 0x0000000716300000, 0x0000000716300000| Untracked 
| 318|0x0000000716400000, 0x0000000716400000, 0x0000000716500000|  0%| F|  |TAMS 0x0000000716400000, 0x0000000716400000| Untracked 
| 319|0x0000000716500000, 0x0000000716500000, 0x0000000716600000|  0%| F|  |TAMS 0x0000000716500000, 0x0000000716500000| Untracked 
| 320|0x0000000716600000, 0x0000000716600000, 0x0000000716700000|  0%| F|  |TAMS 0x0000000716600000, 0x0000000716600000| Untracked 
| 321|0x0000000716700000, 0x0000000716700000, 0x0000000716800000|  0%| F|  |TAMS 0x0000000716700000, 0x0000000716700000| Untracked 
| 322|0x0000000716800000, 0x0000000716800000, 0x0000000716900000|  0%| F|  |TAMS 0x0000000716800000, 0x0000000716800000| Untracked 
| 323|0x0000000716900000, 0x0000000716900000, 0x0000000716a00000|  0%| F|  |TAMS 0x0000000716900000, 0x0000000716900000| Untracked 
| 324|0x0000000716a00000, 0x0000000716a00000, 0x0000000716b00000|  0%| F|  |TAMS 0x0000000716a00000, 0x0000000716a00000| Untracked 
| 325|0x0000000716b00000, 0x0000000716b00000, 0x0000000716c00000|  0%| F|  |TAMS 0x0000000716b00000, 0x0000000716b00000| Untracked 
| 326|0x0000000716c00000, 0x0000000716c00000, 0x0000000716d00000|  0%| F|  |TAMS 0x0000000716c00000, 0x0000000716c00000| Untracked 
| 327|0x0000000716d00000, 0x0000000716d00000, 0x0000000716e00000|  0%| F|  |TAMS 0x0000000716d00000, 0x0000000716d00000| Untracked 
| 328|0x0000000716e00000, 0x0000000716e00000, 0x0000000716f00000|  0%| F|  |TAMS 0x0000000716e00000, 0x0000000716e00000| Untracked 
| 329|0x0000000716f00000, 0x0000000716f00000, 0x0000000717000000|  0%| F|  |TAMS 0x0000000716f00000, 0x0000000716f00000| Untracked 
| 330|0x0000000717000000, 0x0000000717000000, 0x0000000717100000|  0%| F|  |TAMS 0x0000000717000000, 0x0000000717000000| Untracked 
| 331|0x0000000717100000, 0x0000000717100000, 0x0000000717200000|  0%| F|  |TAMS 0x0000000717100000, 0x0000000717100000| Untracked 
| 332|0x0000000717200000, 0x0000000717200000, 0x0000000717300000|  0%| F|  |TAMS 0x0000000717200000, 0x0000000717200000| Untracked 
| 333|0x0000000717300000, 0x0000000717300000, 0x0000000717400000|  0%| F|  |TAMS 0x0000000717300000, 0x0000000717300000| Untracked 
| 334|0x0000000717400000, 0x0000000717400000, 0x0000000717500000|  0%| F|  |TAMS 0x0000000717400000, 0x0000000717400000| Untracked 
| 335|0x0000000717500000, 0x0000000717500000, 0x0000000717600000|  0%| F|  |TAMS 0x0000000717500000, 0x0000000717500000| Untracked 
| 336|0x0000000717600000, 0x0000000717600000, 0x0000000717700000|  0%| F|  |TAMS 0x0000000717600000, 0x0000000717600000| Untracked 
| 337|0x0000000717700000, 0x0000000717700000, 0x0000000717800000|  0%| F|  |TAMS 0x0000000717700000, 0x0000000717700000| Untracked 
| 338|0x0000000717800000, 0x0000000717800000, 0x0000000717900000|  0%| F|  |TAMS 0x0000000717800000, 0x0000000717800000| Untracked 
| 339|0x0000000717900000, 0x0000000717900000, 0x0000000717a00000|  0%| F|  |TAMS 0x0000000717900000, 0x0000000717900000| Untracked 
| 340|0x0000000717a00000, 0x0000000717a00000, 0x0000000717b00000|  0%| F|  |TAMS 0x0000000717a00000, 0x0000000717a00000| Untracked 
| 341|0x0000000717b00000, 0x0000000717b00000, 0x0000000717c00000|  0%| F|  |TAMS 0x0000000717b00000, 0x0000000717b00000| Untracked 
| 342|0x0000000717c00000, 0x0000000717c00000, 0x0000000717d00000|  0%| F|  |TAMS 0x0000000717c00000, 0x0000000717c00000| Untracked 
| 343|0x0000000717d00000, 0x0000000717d00000, 0x0000000717e00000|  0%| F|  |TAMS 0x0000000717d00000, 0x0000000717d00000| Untracked 
| 344|0x0000000717e00000, 0x0000000717e00000, 0x0000000717f00000|  0%| F|  |TAMS 0x0000000717e00000, 0x0000000717e00000| Untracked 
| 345|0x0000000717f00000, 0x0000000717f00000, 0x0000000718000000|  0%| F|  |TAMS 0x0000000717f00000, 0x0000000717f00000| Untracked 
| 346|0x0000000718000000, 0x0000000718000000, 0x0000000718100000|  0%| F|  |TAMS 0x0000000718000000, 0x0000000718000000| Untracked 
| 347|0x0000000718100000, 0x0000000718100000, 0x0000000718200000|  0%| F|  |TAMS 0x0000000718100000, 0x0000000718100000| Untracked 
| 348|0x0000000718200000, 0x0000000718200000, 0x0000000718300000|  0%| F|  |TAMS 0x0000000718200000, 0x0000000718200000| Untracked 
| 349|0x0000000718300000, 0x0000000718300000, 0x0000000718400000|  0%| F|  |TAMS 0x0000000718300000, 0x0000000718300000| Untracked 
| 350|0x0000000718400000, 0x0000000718400000, 0x0000000718500000|  0%| F|  |TAMS 0x0000000718400000, 0x0000000718400000| Untracked 
| 351|0x0000000718500000, 0x0000000718500000, 0x0000000718600000|  0%| F|  |TAMS 0x0000000718500000, 0x0000000718500000| Untracked 
| 352|0x0000000718600000, 0x0000000718600000, 0x0000000718700000|  0%| F|  |TAMS 0x0000000718600000, 0x0000000718600000| Untracked 
| 353|0x0000000718700000, 0x0000000718700000, 0x0000000718800000|  0%| F|  |TAMS 0x0000000718700000, 0x0000000718700000| Untracked 
| 354|0x0000000718800000, 0x0000000718800000, 0x0000000718900000|  0%| F|  |TAMS 0x0000000718800000, 0x0000000718800000| Untracked 
| 355|0x0000000718900000, 0x0000000718900000, 0x0000000718a00000|  0%| F|  |TAMS 0x0000000718900000, 0x0000000718900000| Untracked 
| 356|0x0000000718a00000, 0x0000000718a00000, 0x0000000718b00000|  0%| F|  |TAMS 0x0000000718a00000, 0x0000000718a00000| Untracked 
| 357|0x0000000718b00000, 0x0000000718b00000, 0x0000000718c00000|  0%| F|  |TAMS 0x0000000718b00000, 0x0000000718b00000| Untracked 
| 358|0x0000000718c00000, 0x0000000718c00000, 0x0000000718d00000|  0%| F|  |TAMS 0x0000000718c00000, 0x0000000718c00000| Untracked 
| 359|0x0000000718d00000, 0x0000000718d00000, 0x0000000718e00000|  0%| F|  |TAMS 0x0000000718d00000, 0x0000000718d00000| Untracked 
| 360|0x0000000718e00000, 0x0000000718e00000, 0x0000000718f00000|  0%| F|  |TAMS 0x0000000718e00000, 0x0000000718e00000| Untracked 
| 361|0x0000000718f00000, 0x0000000718f00000, 0x0000000719000000|  0%| F|  |TAMS 0x0000000718f00000, 0x0000000718f00000| Untracked 
| 362|0x0000000719000000, 0x0000000719000000, 0x0000000719100000|  0%| F|  |TAMS 0x0000000719000000, 0x0000000719000000| Untracked 
| 363|0x0000000719100000, 0x0000000719100000, 0x0000000719200000|  0%| F|  |TAMS 0x0000000719100000, 0x0000000719100000| Untracked 
| 364|0x0000000719200000, 0x0000000719200000, 0x0000000719300000|  0%| F|  |TAMS 0x0000000719200000, 0x0000000719200000| Untracked 
| 365|0x0000000719300000, 0x0000000719300000, 0x0000000719400000|  0%| F|  |TAMS 0x0000000719300000, 0x0000000719300000| Untracked 

Card table byte_map: [0x000001fd7a220000,0x000001fd7aa10000] _byte_map_base: 0x000001fd76a0d000

Marking Bits (Prev, Next): (CMBitMap*) 0x000001fd5bc0ca18, (CMBitMap*) 0x000001fd5bc0ca50
 Prev Bits: [0x000001fd7b200000, 0x000001fd7f168000)
 Next Bits: [0x000001fd00000000, 0x000001fd03f68000)

Polling page: 0x000001fd5b380000

Metaspace:

Usage:
  Non-class:     23.93 MB capacity,    23.29 MB ( 97%) used,   588.21 KB (  2%) free+waste,    70.56 KB ( <1%) overhead. 
      Class:      2.83 MB capacity,     2.46 MB ( 87%) used,   341.28 KB ( 12%) free+waste,    32.25 KB (  1%) overhead. 
       Both:     26.76 MB capacity,    25.75 MB ( 96%) used,   929.49 KB (  3%) free+waste,   102.81 KB ( <1%) overhead. 

Virtual space:
  Non-class space:       26.00 MB reserved,      24.25 MB ( 93%) committed 
      Class space:        1.00 GB reserved,       2.88 MB ( <1%) committed 
             Both:        1.03 GB reserved,      27.13 MB (  3%) committed 

Chunk freelists:
   Non-Class:  135.00 KB
       Class:  49.00 KB
        Both:  184.00 KB

MaxMetaspaceSize: 17179869184.00 GB
CompressedClassSpaceSize: 1.00 GB
Initial GC threshold: 20.80 MB
Current GC threshold: 45.21 MB
CDS: on

CodeHeap 'non-profiled nmethods': size=160448Kb used=2728Kb max_used=2728Kb free=157719Kb
 bounds [0x000001fd6f830000, 0x000001fd70830000, 0x000001fd794e0000]
CodeHeap 'profiled nmethods': size=160384Kb used=17563Kb max_used=17563Kb free=142820Kb
 bounds [0x000001fd65b90000, 0x000001fd66cc0000, 0x000001fd6f830000]
CodeHeap 'non-nmethods': size=6848Kb used=2373Kb max_used=2407Kb free=4474Kb
 bounds [0x000001fd654e0000, 0x000001fd65b90000, 0x000001fd65b90000]
 total_blobs=7222 nmethods=6700 adapters=430
 compilation: enabled
              stopped_count=0, restarted_count=0
 full_count=0

JVMCI Events (9 events):
Event: 0.016 Thread 0x000001fd5bba9800 created new Java JVMCI runtime -1 (0x000001fd5bc47b90)
Event: 0.057 Thread 0x000001fd7ff0a000 created new CompileBroker JVMCI runtime 0 (0x000001fd06921160)
Event: 0.057 Thread 0x000001fd7ff0a000 attached to JVMCI runtime 0
Event: 0.059 Thread 0x000001fd7ff0a000 loaded JVMCI shared library from C:\Program Files\graalvm-ce-java11-22.3.1\bin\jvmcicompiler.dll
Event: 0.062 Thread 0x000001fd7ff0a000 created JavaVM[1]@0x000001fd80be4ea8 for JVMCI runtime 0
Event: 0.062 Thread 0x000001fd7ff0a000 initializing JVMCI runtime 0
Event: 0.062 Thread 0x000001fd7ff0a000 initializing JavaVM references in JVMCI runtime 0
Event: 0.062 Thread 0x000001fd7ff0a000 initialized JavaVM references in JVMCI runtime 0
Event: 0.063 Thread 0x000001fd7ff0a000 initialized JVMCI runtime 0

Compilation events (20 events):
Event: 5.368 Thread 0x000001fd7ff0a000 nmethod 6736 0x000001fd6fad5490 code [0x000001fd6fad5640, 0x000001fd6fad59a0]
Event: 5.368 Thread 0x000001fd7ff0a000 6745       4       java.util.concurrent.ConcurrentHashMap::putAll (63 bytes)
Event: 5.374 Thread 0x000001fd7ff0e800 6748       1       io.quarkus.bootstrap.resolver.maven.BootstrapMavenContext::getWorkspace (5 bytes)
Event: 5.375 Thread 0x000001fd7ff0e800 nmethod 6748 0x000001fd6fad5d10 code [0x000001fd6fad5ea0, 0x000001fd6fad5f78]
Event: 5.381 Thread 0x000001fd06908000 6749       3       org.apache.maven.model.interpolation.StringVisitorModelInterpolator$ModelVisitor::visit (42 bytes)
Event: 5.381 Thread 0x000001fd06908000 nmethod 6749 0x000001fd66cb0a10 code [0x000001fd66cb0c40, 0x000001fd66cb1af8]
Event: 5.386 Thread 0x000001fd06907000 6750       3       org.eclipse.aether.internal.impl.collect.DefaultDependencyCollector::process (52 bytes)
Event: 5.386 Thread 0x000001fd06907000 nmethod 6750 0x000001fd66cb1d90 code [0x000001fd66cb1fa0, 0x000001fd66cb2bf8]
Event: 5.394 Thread 0x000001fd7ff0e800 6751 %     3       org.apache.maven.model.interpolation.StringVisitorModelInterpolator$ModelVisitor::visit @ 11 (55 bytes)
Event: 5.394 Thread 0x000001fd7ff0e800 nmethod 6751% 0x000001fd66cb2e90 code [0x000001fd66cb30a0, 0x000001fd66cb3f48]
Event: 5.407 Thread 0x000001fd06908000 6752 %     3       org.eclipse.aether.util.graph.selector.ExclusionDependencySelector::selectDependency @ 17 (50 bytes)
Event: 5.407 Thread 0x000001fd06908000 nmethod 6752% 0x000001fd66cb4190 code [0x000001fd66cb4360, 0x000001fd66cb46c8]
Event: 5.412 Thread 0x000001fd7ff0a000 nmethod 6745 0x000001fd6fad6010 code [0x000001fd6fad65c0, 0x000001fd6fad8e50]
Event: 5.412 Thread 0x000001fd7ff0a000 6744       4       org.apache.maven.model.inheritance.DefaultInheritanceAssembler$InheritanceModelMerger::mergePluginContainer_Plugins (430 bytes)
Event: 5.416 Thread 0x000001fd06907000 6754       2       org.eclipse.aether.util.repository.DefaultAuthenticationSelector::getAuthentication (24 bytes)
Event: 5.416 Thread 0x000001fd7ff0e800 6755       2       org.eclipse.aether.util.repository.DefaultProxySelector::getProxy (230 bytes)
Event: 5.417 Thread 0x000001fd06907000 nmethod 6754 0x000001fd66cb4890 code [0x000001fd66cb4a60, 0x000001fd66cb4d18]
Event: 5.418 Thread 0x000001fd7ff0e800 nmethod 6755 0x000001fd66cb4e90 code [0x000001fd66cb51c0, 0x000001fd66cb5ce8]
Event: 5.418 Thread 0x000001fd06908000 6756   !   2       jdk.internal.reflect.GeneratedMethodAccessor10::invoke (61 bytes)
Event: 5.418 Thread 0x000001fd06908000 nmethod 6756 0x000001fd66cb6390 code [0x000001fd66cb6580, 0x000001fd66cb6a48]

GC Heap History (20 events):
Event: 1.975 GC heap after
{Heap after GC invocations=3 (full 0):
 garbage-first heap   total 260096K, used 35816K [0x0000000702600000, 0x0000000800000000)
  region size 1024K, 15 young (15360K), 15 survivors (15360K)
 Metaspace       used 17885K, capacity 18505K, committed 18688K, reserved 1067008K
  class space    used 1767K, capacity 2023K, committed 2048K, reserved 1048576K
}
Event: 2.189 GC heap before
{Heap before GC invocations=3 (full 0):
 garbage-first heap   total 260096K, used 122856K [0x0000000702600000, 0x0000000800000000)
  region size 1024K, 100 young (102400K), 15 survivors (15360K)
 Metaspace       used 18127K, capacity 18704K, committed 18944K, reserved 1067008K
  class space    used 1769K, capacity 2025K, committed 2048K, reserved 1048576K
}
Event: 2.199 GC heap after
{Heap after GC invocations=4 (full 0):
 garbage-first heap   total 260096K, used 50639K [0x0000000702600000, 0x0000000800000000)
  region size 1024K, 13 young (13312K), 13 survivors (13312K)
 Metaspace       used 18127K, capacity 18704K, committed 18944K, reserved 1067008K
  class space    used 1769K, capacity 2025K, committed 2048K, reserved 1048576K
}
Event: 2.626 GC heap before
{Heap before GC invocations=4 (full 0):
 garbage-first heap   total 260096K, used 113103K [0x0000000702600000, 0x0000000800000000)
  region size 1024K, 75 young (76800K), 13 survivors (13312K)
 Metaspace       used 20526K, capacity 21179K, committed 21248K, reserved 1069056K
  class space    used 2010K, capacity 2283K, committed 2304K, reserved 1048576K
}
Event: 2.636 GC heap after
{Heap after GC invocations=5 (full 0):
 garbage-first heap   total 312320K, used 59819K [0x0000000702600000, 0x0000000800000000)
  region size 1024K, 9 young (9216K), 9 survivors (9216K)
 Metaspace       used 20526K, capacity 21179K, committed 21248K, reserved 1069056K
  class space    used 2010K, capacity 2283K, committed 2304K, reserved 1048576K
}
Event: 2.926 GC heap before
{Heap before GC invocations=6 (full 0):
 garbage-first heap   total 312320K, used 181675K [0x0000000702600000, 0x0000000800000000)
  region size 1024K, 128 young (131072K), 9 survivors (9216K)
 Metaspace       used 21276K, capacity 21972K, committed 22144K, reserved 1069056K
  class space    used 2088K, capacity 2379K, committed 2432K, reserved 1048576K
}
Event: 2.937 GC heap after
{Heap after GC invocations=7 (full 0):
 garbage-first heap   total 312320K, used 83327K [0x0000000702600000, 0x0000000800000000)
  region size 1024K, 16 young (16384K), 16 survivors (16384K)
 Metaspace       used 21276K, capacity 21972K, committed 22144K, reserved 1069056K
  class space    used 2088K, capacity 2379K, committed 2432K, reserved 1048576K
}
Event: 3.183 GC heap before
{Heap before GC invocations=7 (full 0):
 garbage-first heap   total 312320K, used 149887K [0x0000000702600000, 0x0000000800000000)
  region size 1024K, 81 young (82944K), 16 survivors (16384K)
 Metaspace       used 21883K, capacity 22677K, committed 22784K, reserved 1069056K
  class space    used 2153K, capacity 2490K, committed 2560K, reserved 1048576K
}
Event: 3.194 GC heap after
{Heap after GC invocations=8 (full 0):
 garbage-first heap   total 312320K, used 95699K [0x0000000702600000, 0x0000000800000000)
  region size 1024K, 11 young (11264K), 11 survivors (11264K)
 Metaspace       used 21883K, capacity 22677K, committed 22784K, reserved 1069056K
  class space    used 2153K, capacity 2490K, committed 2560K, reserved 1048576K
}
Event: 3.915 GC heap before
{Heap before GC invocations=8 (full 0):
 garbage-first heap   total 312320K, used 202195K [0x0000000702600000, 0x0000000800000000)
  region size 1024K, 108 young (110592K), 11 survivors (11264K)
 Metaspace       used 22360K, capacity 23145K, committed 23296K, reserved 1071104K
  class space    used 2163K, capacity 2496K, committed 2560K, reserved 1048576K
}
Event: 3.923 GC heap after
{Heap after GC invocations=9 (full 0):
 garbage-first heap   total 312320K, used 123852K [0x0000000702600000, 0x0000000800000000)
  region size 1024K, 14 young (14336K), 14 survivors (14336K)
 Metaspace       used 22360K, capacity 23145K, committed 23296K, reserved 1071104K
  class space    used 2163K, capacity 2496K, committed 2560K, reserved 1048576K
}
Event: 4.052 GC heap before
{Heap before GC invocations=9 (full 0):
 garbage-first heap   total 312320K, used 213964K [0x0000000702600000, 0x0000000800000000)
  region size 1024K, 102 young (104448K), 14 survivors (14336K)
 Metaspace       used 22381K, capacity 23147K, committed 23296K, reserved 1071104K
  class space    used 2163K, capacity 2496K, committed 2560K, reserved 1048576K
}
Event: 4.064 GC heap after
{Heap after GC invocations=10 (full 0):
 garbage-first heap   total 374784K, used 145205K [0x0000000702600000, 0x0000000800000000)
  region size 1024K, 13 young (13312K), 13 survivors (13312K)
 Metaspace       used 22381K, capacity 23147K, committed 23296K, reserved 1071104K
  class space    used 2163K, capacity 2496K, committed 2560K, reserved 1048576K
}
Event: 4.646 GC heap before
{Heap before GC invocations=10 (full 0):
 garbage-first heap   total 374784K, used 253749K [0x0000000702600000, 0x0000000800000000)
  region size 1024K, 116 young (118784K), 13 survivors (13312K)
 Metaspace       used 23084K, capacity 23820K, committed 24192K, reserved 1071104K
  class space    used 2228K, capacity 2570K, committed 2688K, reserved 1048576K
}
Event: 4.658 GC heap after
{Heap after GC invocations=11 (full 0):
 garbage-first heap   total 374784K, used 178176K [0x0000000702600000, 0x0000000800000000)
  region size 1024K, 15 young (15360K), 15 survivors (15360K)
 Metaspace       used 23084K, capacity 23820K, committed 24192K, reserved 1071104K
  class space    used 2228K, capacity 2570K, committed 2688K, reserved 1048576K
}
Event: 5.100 GC heap before
{Heap before GC invocations=11 (full 0):
 garbage-first heap   total 374784K, used 269312K [0x0000000702600000, 0x0000000800000000)
  region size 1024K, 102 young (104448K), 15 survivors (15360K)
 Metaspace       used 26412K, capacity 27448K, committed 27520K, reserved 1073152K
  class space    used 2530K, capacity 2933K, committed 2944K, reserved 1048576K
}
Event: 5.110 GC heap after
{Heap after GC invocations=12 (full 0):
 garbage-first heap   total 374784K, used 195584K [0x0000000702600000, 0x0000000800000000)
  region size 1024K, 13 young (13312K), 13 survivors (13312K)
 Metaspace       used 26412K, capacity 27448K, committed 27520K, reserved 1073152K
  class space    used 2530K, capacity 2933K, committed 2944K, reserved 1048576K
}
Event: 5.251 GC heap before
{Heap before GC invocations=12 (full 0):
 garbage-first heap   total 374784K, used 278528K [0x0000000702600000, 0x0000000800000000)
  region size 1024K, 94 young (96256K), 13 survivors (13312K)
 Metaspace       used 26446K, capacity 27512K, committed 27776K, reserved 1075200K
  class space    used 2530K, capacity 2933K, committed 2944K, reserved 1048576K
}
Event: 5.289 GC heap after
{Heap after GC invocations=13 (full 0):
 garbage-first heap   total 374784K, used 211378K [0x0000000702600000, 0x0000000800000000)
  region size 1024K, 12 young (12288K), 12 survivors (12288K)
 Metaspace       used 26446K, capacity 27512K, committed 27776K, reserved 1075200K
  class space    used 2530K, capacity 2933K, committed 2944K, reserved 1048576K
}
Event: 5.441 GC heap before
{Heap before GC invocations=14 (full 0):
 garbage-first heap   total 374784K, used 222642K [0x0000000702600000, 0x0000000800000000)
  region size 1024K, 86 young (88064K), 12 survivors (12288K)
 Metaspace       used 26367K, capacity 27400K, committed 27776K, reserved 1075200K
  class space    used 2521K, capacity 2895K, committed 2944K, reserved 1048576K
}

Deoptimization events (20 events):
Event: 5.237 Thread 0x000001fd5bba9800 DEOPT PACKING pc=0x000001fd66918a11 sp=0x0000005892bfb360
Event: 5.237 Thread 0x000001fd5bba9800 DEOPT UNPACKING pc=0x000001fd6552a771 sp=0x0000005892bfa828 mode 0
Event: 5.291 Thread 0x000001fd5bba9800 DEOPT PACKING pc=0x000001fd6667b7fe sp=0x0000005892bfb440
Event: 5.291 Thread 0x000001fd5bba9800 DEOPT UNPACKING pc=0x000001fd6552a771 sp=0x0000005892bfa8e8 mode 0
Event: 5.302 Thread 0x000001fd5bba9800 DEOPT PACKING pc=0x000001fd666400c6 sp=0x0000005892bfc070
Event: 5.302 Thread 0x000001fd5bba9800 DEOPT UNPACKING pc=0x000001fd6552a771 sp=0x0000005892bfb5e0 mode 0
Event: 5.313 Thread 0x000001fd5bba9800 DEOPT PACKING pc=0x000001fd663703e3 sp=0x0000005892bfbba0
Event: 5.313 Thread 0x000001fd5bba9800 DEOPT UNPACKING pc=0x000001fd6552a771 sp=0x0000005892bfb250 mode 0
Event: 5.318 Thread 0x000001fd5bba9800 DEOPT PACKING pc=0x000001fd666400c6 sp=0x0000005892bfc070
Event: 5.318 Thread 0x000001fd5bba9800 DEOPT UNPACKING pc=0x000001fd6552a771 sp=0x0000005892bfb5e0 mode 0
Event: 5.371 Thread 0x000001fd5bba9800 DEOPT PACKING pc=0x000001fd666400c6 sp=0x0000005892bfb810
Event: 5.371 Thread 0x000001fd5bba9800 DEOPT UNPACKING pc=0x000001fd6552a771 sp=0x0000005892bfad80 mode 0
Event: 5.381 Thread 0x000001fd5bba9800 DEOPT PACKING pc=0x000001fd662f9a9f sp=0x0000005892bfadf0
Event: 5.381 Thread 0x000001fd5bba9800 DEOPT UNPACKING pc=0x000001fd6552a771 sp=0x0000005892bfa2e8 mode 0
Event: 5.396 Thread 0x000001fd5bba9800 DEOPT PACKING pc=0x000001fd666400c6 sp=0x0000005892bfb3e0
Event: 5.396 Thread 0x000001fd5bba9800 DEOPT UNPACKING pc=0x000001fd6552a771 sp=0x0000005892bfa950 mode 0
Event: 5.415 Thread 0x000001fd5bba9800 DEOPT PACKING pc=0x000001fd66637697 sp=0x0000005892bfa470
Event: 5.415 Thread 0x000001fd5bba9800 DEOPT UNPACKING pc=0x000001fd6552a771 sp=0x0000005892bf9a08 mode 0
Event: 5.427 Thread 0x000001fd5bba9800 DEOPT PACKING pc=0x000001fd666400c6 sp=0x0000005892bfc4a0
Event: 5.427 Thread 0x000001fd5bba9800 DEOPT UNPACKING pc=0x000001fd6552a771 sp=0x0000005892bfba10 mode 0

Classes redefined (0 events):
No events

Internal exceptions (20 events):
Event: 5.050 Thread 0x000001fd5bba9800 Exception <a 'java/security/PrivilegedActionException'{0x0000000714bb5240}> (0x0000000714bb5240) thrown at [./src/hotspot/share/prims/jvm.cpp, line 1306]
Event: 5.051 Thread 0x000001fd5bba9800 Exception <a 'java/security/PrivilegedActionException'{0x0000000714bb97c8}> (0x0000000714bb97c8) thrown at [./src/hotspot/share/prims/jvm.cpp, line 1306]
Event: 5.051 Thread 0x000001fd5bba9800 Exception <a 'java/security/PrivilegedActionException'{0x0000000714bb9d40}> (0x0000000714bb9d40) thrown at [./src/hotspot/share/prims/jvm.cpp, line 1306]
Event: 5.052 Thread 0x000001fd5bba9800 Exception <a 'java/security/PrivilegedActionException'{0x0000000714bbcf48}> (0x0000000714bbcf48) thrown at [./src/hotspot/share/prims/jvm.cpp, line 1306]
Event: 5.052 Thread 0x000001fd5bba9800 Exception <a 'java/security/PrivilegedActionException'{0x0000000714bbd4c0}> (0x0000000714bbd4c0) thrown at [./src/hotspot/share/prims/jvm.cpp, line 1306]
Event: 5.053 Thread 0x000001fd5bba9800 Exception <a 'java/security/PrivilegedActionException'{0x0000000714bc0900}> (0x0000000714bc0900) thrown at [./src/hotspot/share/prims/jvm.cpp, line 1306]
Event: 5.053 Thread 0x000001fd5bba9800 Exception <a 'java/security/PrivilegedActionException'{0x0000000714bc0e78}> (0x0000000714bc0e78) thrown at [./src/hotspot/share/prims/jvm.cpp, line 1306]
Event: 5.053 Thread 0x000001fd5bba9800 Exception <a 'java/security/PrivilegedActionException'{0x0000000714bc4c08}> (0x0000000714bc4c08) thrown at [./src/hotspot/share/prims/jvm.cpp, line 1306]
Event: 5.053 Thread 0x000001fd5bba9800 Exception <a 'java/security/PrivilegedActionException'{0x0000000714bc5180}> (0x0000000714bc5180) thrown at [./src/hotspot/share/prims/jvm.cpp, line 1306]
Event: 5.054 Thread 0x000001fd5bba9800 Exception <a 'java/security/PrivilegedActionException'{0x0000000714bc8420}> (0x0000000714bc8420) thrown at [./src/hotspot/share/prims/jvm.cpp, line 1306]
Event: 5.054 Thread 0x000001fd5bba9800 Exception <a 'java/security/PrivilegedActionException'{0x0000000714bc8998}> (0x0000000714bc8998) thrown at [./src/hotspot/share/prims/jvm.cpp, line 1306]
Event: 5.055 Thread 0x000001fd5bba9800 Exception <a 'java/security/PrivilegedActionException'{0x0000000714bcbb00}> (0x0000000714bcbb00) thrown at [./src/hotspot/share/prims/jvm.cpp, line 1306]
Event: 5.055 Thread 0x000001fd5bba9800 Exception <a 'java/security/PrivilegedActionException'{0x0000000714bcc078}> (0x0000000714bcc078) thrown at [./src/hotspot/share/prims/jvm.cpp, line 1306]
Event: 5.055 Thread 0x000001fd5bba9800 Exception <a 'java/security/PrivilegedActionException'{0x0000000714bcf5d8}> (0x0000000714bcf5d8) thrown at [./src/hotspot/share/prims/jvm.cpp, line 1306]
Event: 5.055 Thread 0x000001fd5bba9800 Exception <a 'java/security/PrivilegedActionException'{0x0000000714bcfb50}> (0x0000000714bcfb50) thrown at [./src/hotspot/share/prims/jvm.cpp, line 1306]
Event: 5.071 Thread 0x000001fd5bba9800 Exception <a 'sun/nio/fs/WindowsException'{0x0000000714956378}> (0x0000000714956378) thrown at [./src/hotspot/share/prims/jni.cpp, line 613]
Event: 5.071 Thread 0x000001fd5bba9800 Exception <a 'sun/nio/fs/WindowsException'{0x0000000714956778}> (0x0000000714956778) thrown at [./src/hotspot/share/prims/jni.cpp, line 613]
Event: 5.071 Thread 0x000001fd5bba9800 Exception <a 'sun/nio/fs/WindowsException'{0x00000007149599a8}> (0x00000007149599a8) thrown at [./src/hotspot/share/prims/jni.cpp, line 613]
Event: 5.072 Thread 0x000001fd5bba9800 Exception <a 'sun/nio/fs/WindowsException'{0x0000000714959cb8}> (0x0000000714959cb8) thrown at [./src/hotspot/share/prims/jni.cpp, line 613]
Event: 5.072 Thread 0x000001fd5bba9800 Exception <a 'sun/nio/fs/WindowsException'{0x000000071495ab10}> (0x000000071495ab10) thrown at [./src/hotspot/share/prims/jni.cpp, line 613]

Events (20 events):
Event: 5.085 loading class org/eclipse/aether/resolution/DependencyRequest done
Event: 5.085 loading class org/eclipse/aether/resolution/DependencyRequest
Event: 5.085 loading class org/eclipse/aether/resolution/DependencyRequest done
Event: 5.085 loading class org/eclipse/aether/resolution/DependencyRequest
Event: 5.085 loading class org/eclipse/aether/resolution/DependencyRequest done
Event: 5.087 loading class org/apache/maven/model/Parent
Event: 5.087 loading class org/apache/maven/model/Parent done
Event: 5.087 loading class org/apache/maven/model/Parent
Event: 5.087 loading class org/apache/maven/model/Parent done
Event: 5.087 loading class org/apache/maven/model/Parent
Event: 5.087 loading class org/apache/maven/model/Parent done
Event: 5.100 Executing VM operation: G1CollectForAllocation
Event: 5.111 Executing VM operation: G1CollectForAllocation done
Event: 5.251 Executing VM operation: G1CollectForAllocation
Event: 5.289 Executing VM operation: G1CollectForAllocation done
Event: 5.338 Executing VM operation: CGC_Operation
Event: 5.346 Executing VM operation: CGC_Operation done
Event: 5.377 Executing VM operation: CGC_Operation
Event: 5.377 Executing VM operation: CGC_Operation done
Event: 5.441 Executing VM operation: G1CollectForAllocation


Dynamic libraries:
0x00007ff7b6b60000 - 0x00007ff7b6b6d000 	C:\Program Files\graalvm-ce-java11-22.3.1\bin\java.exe
0x00007ff9e4950000 - 0x00007ff9e4b67000 	C:\WINDOWS\SYSTEM32\ntdll.dll
0x00007ff9e3360000 - 0x00007ff9e3424000 	C:\WINDOWS\System32\KERNEL32.DLL
0x00007ff9e1cd0000 - 0x00007ff9e2076000 	C:\WINDOWS\System32\KERNELBASE.dll
0x00007ff9e20b0000 - 0x00007ff9e21c1000 	C:\WINDOWS\System32\ucrtbase.dll
0x00007ff9cf490000 - 0x00007ff9cf4a5000 	C:\Program Files\graalvm-ce-java11-22.3.1\bin\VCRUNTIME140.dll
0x00007ff9cf470000 - 0x00007ff9cf487000 	C:\Program Files\graalvm-ce-java11-22.3.1\bin\jli.dll
0x00007ff9e3650000 - 0x00007ff9e37fd000 	C:\WINDOWS\System32\USER32.dll
0x00007ff9e2080000 - 0x00007ff9e20a6000 	C:\WINDOWS\System32\win32u.dll
0x00007ff9cbb50000 - 0x00007ff9cbde3000 	C:\WINDOWS\WinSxS\amd64_microsoft.windows.common-controls_6595b64144ccf1df_6.0.22621.2361_none_2712ced57382f843\COMCTL32.dll
0x00007ff9e3430000 - 0x00007ff9e3459000 	C:\WINDOWS\System32\GDI32.dll
0x00007ff9e3470000 - 0x00007ff9e3517000 	C:\WINDOWS\System32\msvcrt.dll
0x00007ff9e21d0000 - 0x00007ff9e22e8000 	C:\WINDOWS\System32\gdi32full.dll
0x00007ff9e2610000 - 0x00007ff9e26aa000 	C:\WINDOWS\System32\msvcp_win.dll
0x00007ff9e2940000 - 0x00007ff9e2971000 	C:\WINDOWS\System32\IMM32.DLL
0x00007ff9c5b40000 - 0x00007ff9c5bdb000 	C:\Program Files\graalvm-ce-java11-22.3.1\bin\msvcp140.dll
0x00007ff99ec60000 - 0x00007ff99f799000 	C:\Program Files\graalvm-ce-java11-22.3.1\bin\server\jvm.dll
0x00007ff9e3800000 - 0x00007ff9e38b0000 	C:\WINDOWS\System32\ADVAPI32.dll
0x00007ff9e3580000 - 0x00007ff9e3626000 	C:\WINDOWS\System32\sechost.dll
0x00007ff9e38b0000 - 0x00007ff9e39c7000 	C:\WINDOWS\System32\RPCRT4.dll
0x00007ff9e41d0000 - 0x00007ff9e41d8000 	C:\WINDOWS\System32\PSAPI.DLL
0x00007ff9b2410000 - 0x00007ff9b2419000 	C:\WINDOWS\SYSTEM32\WSOCK32.dll
0x00007ff9d6d80000 - 0x00007ff9d6db4000 	C:\WINDOWS\SYSTEM32\WINMM.dll
0x00007ff9daec0000 - 0x00007ff9daeca000 	C:\WINDOWS\SYSTEM32\VERSION.dll
0x00007ff9e2720000 - 0x00007ff9e2791000 	C:\WINDOWS\System32\WS2_32.dll
0x00007ff9e0c70000 - 0x00007ff9e0c88000 	C:\WINDOWS\SYSTEM32\kernel.appcore.dll
0x00007ff9cf0c0000 - 0x00007ff9cf0d0000 	C:\Program Files\graalvm-ce-java11-22.3.1\bin\verify.dll
0x00007ff9df4c0000 - 0x00007ff9df6ee000 	C:\WINDOWS\SYSTEM32\DBGHELP.DLL
0x00007ff9e4480000 - 0x00007ff9e480a000 	C:\WINDOWS\System32\combase.dll
0x00007ff9e27b0000 - 0x00007ff9e2887000 	C:\WINDOWS\System32\OLEAUT32.dll
0x00007ff9cee00000 - 0x00007ff9cee32000 	C:\WINDOWS\SYSTEM32\dbgcore.DLL
0x00007ff9e23b0000 - 0x00007ff9e242a000 	C:\WINDOWS\System32\bcryptPrimitives.dll
0x00007ff9c5b10000 - 0x00007ff9c5b38000 	C:\Program Files\graalvm-ce-java11-22.3.1\bin\java.dll
0x00007ff9cf0b0000 - 0x00007ff9cf0ba000 	C:\Program Files\graalvm-ce-java11-22.3.1\bin\jimage.dll
0x00007ff9c5af0000 - 0x00007ff9c5b08000 	C:\Program Files\graalvm-ce-java11-22.3.1\bin\zip.dll
0x00007ff9e2a90000 - 0x00007ff9e32e8000 	C:\WINDOWS\System32\SHELL32.dll
0x00007ff9dfbe0000 - 0x00007ff9e04d2000 	C:\WINDOWS\SYSTEM32\windows.storage.dll
0x00007ff9dfaa0000 - 0x00007ff9dfbde000 	C:\WINDOWS\SYSTEM32\wintypes.dll
0x00007ff9e4810000 - 0x00007ff9e4903000 	C:\WINDOWS\System32\SHCORE.dll
0x00007ff9e3520000 - 0x00007ff9e357e000 	C:\WINDOWS\System32\shlwapi.dll
0x00007ff9e1c00000 - 0x00007ff9e1c26000 	C:\WINDOWS\SYSTEM32\profapi.dll
0x00007ff947d50000 - 0x00007ff949bc7000 	C:\Program Files\graalvm-ce-java11-22.3.1\bin\jvmcicompiler.dll
0x00007ff9e0780000 - 0x00007ff9e07ad000 	C:\WINDOWS\SYSTEM32\IPHLPAPI.DLL
0x00007ff9e1250000 - 0x00007ff9e127c000 	C:\WINDOWS\SYSTEM32\USERENV.dll
0x00007ff9e11b0000 - 0x00007ff9e1219000 	C:\WINDOWS\SYSTEM32\MSWSOCK.dll
0x00007ff9c5780000 - 0x00007ff9c5799000 	C:\Program Files\graalvm-ce-java11-22.3.1\bin\net.dll
0x00007ff9dbef0000 - 0x00007ff9dc027000 	C:\WINDOWS\SYSTEM32\WINHTTP.dll
0x00007ff9bd7b0000 - 0x00007ff9bd7c3000 	C:\Program Files\graalvm-ce-java11-22.3.1\bin\nio.dll
0x0000000069ac0000 - 0x0000000069ae4000 	C:\Program Files\apache-maven-3.8.6\lib\jansi-native\Windows\x86_64\jansi.dll
0x00007ff9e14d0000 - 0x00007ff9e14eb000 	C:\WINDOWS\SYSTEM32\CRYPTSP.dll
0x00007ff9e0c30000 - 0x00007ff9e0c65000 	C:\WINDOWS\system32\rsaenh.dll
0x00007ff9e1670000 - 0x00007ff9e1698000 	C:\WINDOWS\SYSTEM32\bcrypt.dll
0x00007ff9e13b0000 - 0x00007ff9e13bc000 	C:\WINDOWS\SYSTEM32\CRYPTBASE.dll
0x00007ff9e27a0000 - 0x00007ff9e27a9000 	C:\WINDOWS\System32\NSI.dll
0x00007ff9dbc70000 - 0x00007ff9dbc89000 	C:\WINDOWS\SYSTEM32\dhcpcsvc6.DLL
0x00007ff9dbc50000 - 0x00007ff9dbc6f000 	C:\WINDOWS\SYSTEM32\dhcpcsvc.DLL
0x00007ff9e07b0000 - 0x00007ff9e08a9000 	C:\WINDOWS\SYSTEM32\DNSAPI.dll

dbghelp: loaded successfully - version: 4.0.5 - missing functions: none
symbol engine: initialized successfully - sym options: 0x614 - pdb path: .;C:\Program Files\graalvm-ce-java11-22.3.1\bin;C:\WINDOWS\SYSTEM32;C:\WINDOWS\WinSxS\amd64_microsoft.windows.common-controls_6595b64144ccf1df_6.0.22621.2361_none_2712ced57382f843;C:\Program Files\graalvm-ce-java11-22.3.1\bin\server;C:\Program Files\apache-maven-3.8.6\lib\jansi-native\Windows\x86_64

VM Arguments:
jvm_args: -XX:ThreadPriorityPolicy=1 -XX:+UnlockExperimentalVMOptions -XX:+EnableJVMCIProduct -XX:JVMCIThreadsPerNativeLibraryRuntime=1 -XX:-UnlockExperimentalVMOptions -Dclassworlds.conf=C:\Program Files\apache-maven-3.8.6\bin\m2.conf -Dmaven.home=C:\Program Files\apache-maven-3.8.6 -Dlibrary.jansi.path=C:\Program Files\apache-maven-3.8.6\lib\jansi-native -Dmaven.multiModuleProjectDirectory=C:\Users\OVERY\IdeaProjects\fin-app 
java_command: org.codehaus.plexus.classworlds.launcher.Launcher compile quarkus:dev
java_class_path (initial): C:\Program Files\apache-maven-3.8.6\boot\plexus-classworlds-2.6.0.jar
Launcher Type: SUN_STANDARD

[Global flags]
     intx CICompilerCount                          = 4                                         {product} {ergonomic}
     uint ConcGCThreads                            = 3                                         {product} {ergonomic}
     bool EnableJVMCIProduct                       = true                                {JVMCI product} {jimage}
     uint G1ConcRefinementThreads                  = 10                                        {product} {ergonomic}
   size_t G1HeapRegionSize                         = 1048576                                   {product} {ergonomic}
    uintx GCDrainStackTargetSize                   = 64                                        {product} {ergonomic}
   size_t InitialHeapSize                          = 266338304                                 {product} {ergonomic}
     uint JVMCIThreadsPerNativeLibraryRuntime      = 1                                   {JVMCI product} {jimage}
   size_t MarkStackSize                            = 4194304                                   {product} {ergonomic}
   size_t MaxHeapSize                              = 4255121408                                {product} {ergonomic}
   size_t MaxNewSize                               = 2552233984                                {product} {ergonomic}
   size_t MinHeapDeltaBytes                        = 1048576                                   {product} {ergonomic}
    uintx NonNMethodCodeHeapSize                   = 6978596                                {pd product} {ergonomic}
    uintx NonProfiledCodeHeapSize                  = 164282862                              {pd product} {ergonomic}
    uintx ProfiledCodeHeapSize                     = 164282862                              {pd product} {ergonomic}
    uintx ReservedCodeCacheSize                    = 335544320                              {pd product} {ergonomic}
     bool SegmentedCodeCache                       = true                                      {product} {ergonomic}
     intx ThreadPriorityPolicy                     = 1                                         {product} {jimage}
     bool UseCompressedClassPointers               = true                                 {lp64_product} {ergonomic}
     bool UseCompressedOops                        = true                                 {lp64_product} {ergonomic}
     bool UseG1GC                                  = true                                      {product} {ergonomic}
     bool UseLargePagesIndividualAllocation        = false                                  {pd product} {ergonomic}

Logging:
Log output configuration:
 #0: stdout all=warning uptime,level,tags
 #1: stderr all=off uptime,level,tags

Environment Variables:
JAVA_HOME=C:\Program Files\graalvm-ce-java11-22.3.1
PATH=C:\Windows\System32\Wbem;C:\Windows\System32\WindowsPowerShell\v1.0\;C:\Windows\System32\OpenSSH\;C:\Program Files (x86)\NVIDIA Corporation\PhysX\Common;C:\Program Files\NVIDIA Corporation\NVIDIA NvDLISR;C:\Program Files\Git\cmd;C:\Program Files\apache-maven-3.8.6\bin;C:\Program Files\graalvm-ce-java11-22.3.0\bin;C:\WINDOWS\system32;C:\WINDOWS;C:\WINDOWS\System32\Wbem;C:\WINDOWS\System32\WindowsPowerShell\v1.0\;C:\WINDOWS\System32\OpenSSH\;C:\Program Files\nodejs\;C:\Program Files\dotnet\;C:\Program Files (x86)\Microsoft Visual Studio\2022\BuildTools\VC\Tools\MSVC\14.30.30705\bin\HostX64\x64;;C:\Program Files\Docker\Docker\resources\bin;C:\Users\OVERY\AppData\Local\Microsoft\WindowsApps;C:\Users\OVERY\AppData\Local\Programs\Microsoft VS Code\bin;C:\Program Files\JetBrains\IntelliJ IDEA 2023.1.2\bin;;C:\Users\OVERY\AppData\Roaming\npm;C:\Program Files\heroku\bin;C:\Program Files\graalvm-ce-java11-22.3.1\bin;C:\Program Files (x86)\Microsoft Visual Studio\2022\BuildTools\VC\Tools\MSVC\14.30.30705\bin\HostX64\x64;
USERNAME=OVERY
OS=Windows_NT
PROCESSOR_IDENTIFIER=Intel64 Family 6 Model 151 Stepping 5, GenuineIntel
TMP=C:\Users\OVERY\AppData\Local\Temp
TEMP=C:\Users\OVERY\AppData\Local\Temp



---------------  S Y S T E M  ---------------

OS: Windows 11 , 64 bit Build 22621 (10.0.22621.2428)
OS uptime: 0 days 0:39 hours
Hyper-V role detected

CPU:total 12 (initial active 12) (6 cores per cpu, 2 threads per core) family 6 model 151 stepping 5 microcode 0x1e, cmov, cx8, fxsr, mmx, sse, sse2, sse3, ssse3, sse4.1, sse4.2, popcnt, avx, avx2, aes, clmul, erms, 3dnowpref, lzcnt, ht, tsc, tscinvbit, bmi1, bmi2, adx, sha, fma

Memory: 4k page, system-wide physical 16225M (2810M free)
TotalPageFile size 18273M (AvailPageFile size 123M)
current process WorkingSet (physical memory assigned to process): 529M, peak: 529M
current process commit charge ("private bytes"): 598M, peak: 739M

vm_info: OpenJDK 64-Bit Server VM (11.0.18+10-jvmci-22.3-b13) for windows-amd64 JRE (11.0.18+10-jvmci-22.3-b13), built on Jan 18 2023 13:16:43 by "" with MS VC++ 15.9 (VS2017)

END.
