#
# There is insufficient memory for the Java Runtime Environment to continue.
# Native memory allocation (malloc) failed to allocate 202016 bytes for Chunk::new
# Possible reasons:
#   The system is out of physical RAM or swap space
#   The process is running with CompressedOops enabled, and the Java Heap may be blocking the growth of the native heap
# Possible solutions:
#   Reduce memory load on the system
#   Increase physical memory or swap space
#   Check if swap backing store is full
#   Decrease Java heap size (-Xmx/-Xms)
#   Decrease number of Java threads
#   Decrease Java thread stack sizes (-Xss)
#   Set larger code cache with -XX:ReservedCodeCacheSize=
#   JVM is running with Zero Based Compressed Oops mode in which the Java heap is
#     placed in the first 32GB address space. The Java Heap base address is the
#     maximum limit for the native heap growth. Please use -XX:HeapBaseMinAddress
#     to set the Java Heap base and to place the Java Heap above 32GB virtual address.
# This output file may be truncated or incomplete.
#
#  Out of Memory Error (arena.cpp:184), pid=11828, tid=16696
#
# JRE version: OpenJDK Runtime Environment (18.0.2.1+1) (build 18.0.2.1+1-1)
# Java VM: OpenJDK 64-Bit Server VM (18.0.2.1+1-1, mixed mode, sharing, tiered, compressed oops, compressed class ptrs, g1 gc, windows-amd64)
# No core dump will be written. Minidumps are not enabled by default on client versions of Windows
#

---------------  S U M M A R Y ------------

Command Line: -Dmaven.multiModuleProjectDirectory=C:\Users\OVERY\IdeaProjects\fin-app\fin-app-backend -Djansi.passthrough=true -Dmaven.home=C:\Program Files\JetBrains\IntelliJ IDEA 2023.1.2\plugins\maven\lib\maven3 -Dclassworlds.conf=C:\Program Files\JetBrains\IntelliJ IDEA 2023.1.2\plugins\maven\lib\maven3\bin\m2.conf -Dmaven.ext.class.path=C:\Program Files\JetBrains\IntelliJ IDEA 2023.1.2\plugins\maven\lib\maven-event-listener.jar -javaagent:C:\Program Files\JetBrains\IntelliJ IDEA 2023.1.2\lib\idea_rt.jar=51964:C:\Program Files\JetBrains\IntelliJ IDEA 2023.1.2\bin -Dfile.encoding=UTF-8 -Dsun.stdout.encoding=UTF-8 -Dsun.stderr.encoding=UTF-8 -Xms512M org.codehaus.classworlds.Launcher -Didea.version=2023.1.2 clean install

Host: 12th Gen Intel(R) Core(TM) i5-12400F, 12 cores, 15G,  Windows 11 , 64 bit Build 22621 (10.0.22621.2428)
Time: Tue Nov 14 00:07:57 2023  Windows 11 , 64 bit Build 22621 (10.0.22621.2428) elapsed time: 17.172977 seconds (0d 0h 0m 17s)

---------------  T H R E A D  ---------------

Current thread (0x0000011e35407c40):  JavaThread "C2 CompilerThread0" daemon [_thread_in_native, id=16696, stack(0x0000000101300000,0x0000000101400000)]


Current CompileTask:
C2:  17173 7964       4       sun.net.util.URLUtil::urlNoFragString (114 bytes)

Stack: [0x0000000101300000,0x0000000101400000]
Native frames: (J=compiled Java code, j=interpreted, Vv=VM code, C=native code)
V  [jvm.dll+0x6993aa]
V  [jvm.dll+0x7f46dd]
V  [jvm.dll+0x7f5fee]
V  [jvm.dll+0x7f66a3]
V  [jvm.dll+0x25cf1f]
V  [jvm.dll+0xb8c2f]
V  [jvm.dll+0xb8fa5]
V  [jvm.dll+0x2c7e2f]
V  [jvm.dll+0x5a0d8e]
V  [jvm.dll+0x238453]
V  [jvm.dll+0x231a39]
V  [jvm.dll+0x22f3cb]
V  [jvm.dll+0x1ba01c]
V  [jvm.dll+0x23ee0a]
V  [jvm.dll+0x23d0f5]
V  [jvm.dll+0x7a6dd1]
V  [jvm.dll+0x7a120a]
V  [jvm.dll+0x698255]
C  [ucrtbase.dll+0x29363]
C  [KERNEL32.DLL+0x1257d]
C  [ntdll.dll+0x5aa78]


---------------  P R O C E S S  ---------------

Threads class SMR info:
_java_thread_list=0x0000011e3cdbd9c0, length=19, elements={
0x0000011e12271450, 0x0000011e353e98d0, 0x0000011e353ea440, 0x0000011e35401640,
0x0000011e35401ef0, 0x0000011e354027a0, 0x0000011e35403050, 0x0000011e35407c40,
0x0000011e3540a540, 0x0000011e3541fbb0, 0x0000011e353d07c0, 0x0000011e3999e3e0,
0x0000011e3999e8a0, 0x0000011e3c448760, 0x0000011e3c4495d0, 0x0000011e3c448c30,
0x0000011e3c449100, 0x0000011e3c449aa0, 0x0000011e3c4478f0
}

Java Threads: ( => current thread )
  0x0000011e12271450 JavaThread "main" [_thread_in_native, id=2736, stack(0x0000000100600000,0x0000000100700000)]
  0x0000011e353e98d0 JavaThread "Reference Handler" daemon [_thread_blocked, id=8536, stack(0x0000000100d00000,0x0000000100e00000)]
  0x0000011e353ea440 JavaThread "Finalizer" daemon [_thread_blocked, id=16208, stack(0x0000000100e00000,0x0000000100f00000)]
  0x0000011e35401640 JavaThread "Signal Dispatcher" daemon [_thread_blocked, id=17276, stack(0x0000000100f00000,0x0000000101000000)]
  0x0000011e35401ef0 JavaThread "Attach Listener" daemon [_thread_blocked, id=2864, stack(0x0000000101000000,0x0000000101100000)]
  0x0000011e354027a0 JavaThread "Service Thread" daemon [_thread_blocked, id=17192, stack(0x0000000101100000,0x0000000101200000)]
  0x0000011e35403050 JavaThread "Monitor Deflation Thread" daemon [_thread_blocked, id=16812, stack(0x0000000101200000,0x0000000101300000)]
=>0x0000011e35407c40 JavaThread "C2 CompilerThread0" daemon [_thread_in_native, id=16696, stack(0x0000000101300000,0x0000000101400000)]
  0x0000011e3540a540 JavaThread "C1 CompilerThread0" daemon [_thread_blocked, id=16456, stack(0x0000000101400000,0x0000000101500000)]
  0x0000011e3541fbb0 JavaThread "Sweeper thread" daemon [_thread_blocked, id=17268, stack(0x0000000101500000,0x0000000101600000)]
  0x0000011e353d07c0 JavaThread "Common-Cleaner" daemon [_thread_blocked, id=17096, stack(0x0000000101600000,0x0000000101700000)]
  0x0000011e3999e3e0 JavaThread "Monitor Ctrl-Break" daemon [_thread_in_native, id=17012, stack(0x0000000101700000,0x0000000101800000)]
  0x0000011e3999e8a0 JavaThread "Notification Thread" daemon [_thread_blocked, id=16780, stack(0x0000000101800000,0x0000000101900000)]
  0x0000011e3c448760 JavaThread "timeout-check-timer" daemon [_thread_blocked, id=15956, stack(0x0000000101a00000,0x0000000101b00000)]
  0x0000011e3c4495d0 JavaThread "ping-timer-10s" daemon [_thread_blocked, id=15908, stack(0x0000000102f00000,0x0000000103000000)]
  0x0000011e3c448c30 JavaThread "ThreadedStreamConsumer" daemon [_thread_blocked, id=16664, stack(0x0000000103000000,0x0000000103100000)]
  0x0000011e3c449100 JavaThread "fork-1-err-thread" daemon [_thread_in_native, id=16464, stack(0x0000000103100000,0x0000000103200000)]
  0x0000011e3c449aa0 JavaThread "commands-fork-1" daemon [_thread_blocked, id=5416, stack(0x0000000103200000,0x0000000103300000)]
  0x0000011e3c4478f0 JavaThread "fork-1-event-thread" daemon [_thread_in_native, id=16288, stack(0x0000000103300000,0x0000000103400000)]

Other Threads:
  0x0000011e353e7000 VMThread "VM Thread" [stack: 0x0000000100c00000,0x0000000100d00000] [id=8300]
  0x0000011e122720c0 WatcherThread "VM Periodic Task Thread" [stack: 0x0000000101900000,0x0000000101a00000] [id=7236]
  0x0000011e122e0270 WorkerThread "GC Thread#0" [stack: 0x0000000100700000,0x0000000100800000] [id=13252]
  0x0000011e3a856bf0 WorkerThread "GC Thread#1" [stack: 0x0000000101c00000,0x0000000101d00000] [id=15884]
  0x0000011e3a9fdb00 WorkerThread "GC Thread#2" [stack: 0x0000000101d00000,0x0000000101e00000] [id=15544]
  0x0000011e3a74c4c0 WorkerThread "GC Thread#3" [stack: 0x0000000101e00000,0x0000000101f00000] [id=14408]
  0x0000011e3a74c970 WorkerThread "GC Thread#4" [stack: 0x0000000101f00000,0x0000000102000000] [id=10924]
  0x0000011e39d92d40 WorkerThread "GC Thread#5" [stack: 0x0000000102000000,0x0000000102100000] [id=6356]
  0x0000011e39d933f0 WorkerThread "GC Thread#6" [stack: 0x0000000102100000,0x0000000102200000] [id=8896]
  0x0000011e39d93b10 WorkerThread "GC Thread#7" [stack: 0x0000000102200000,0x0000000102300000] [id=16120]
  0x0000011e39d93db0 WorkerThread "GC Thread#8" [stack: 0x0000000102300000,0x0000000102400000] [id=8868]
  0x0000011e3ab68a80 WorkerThread "GC Thread#9" [stack: 0x0000000102400000,0x0000000102500000] [id=15664]
  0x0000011e122f0e40 ConcurrentGCThread "G1 Main Marker" [stack: 0x0000000100800000,0x0000000100900000] [id=5176]
  0x0000011e122f1740 WorkerThread "G1 Conc#0" [stack: 0x0000000100900000,0x0000000100a00000] [id=17348]
  0x0000011e3c43d830 WorkerThread "G1 Conc#1" [stack: 0x0000000101b00000,0x0000000101c00000] [id=10772]
  0x0000011e3c43dd70 WorkerThread "G1 Conc#2" [stack: 0x0000000102c00000,0x0000000102d00000] [id=2908]
  0x0000011e1232e800 ConcurrentGCThread "G1 Refine#0" [stack: 0x0000000100a00000,0x0000000100b00000] [id=15740]
  0x0000011e3ab2d2d0 ConcurrentGCThread "G1 Refine#1" [stack: 0x0000000102500000,0x0000000102600000] [id=10596]
  0x0000011e3ab2d870 ConcurrentGCThread "G1 Refine#2" [stack: 0x0000000102600000,0x0000000102700000] [id=3372]
  0x0000011e3ab2c790 ConcurrentGCThread "G1 Refine#3" [stack: 0x0000000102700000,0x0000000102800000] [id=3472]
  0x0000011e3ab2db40 ConcurrentGCThread "G1 Refine#4" [stack: 0x0000000102800000,0x0000000102900000] [id=11344]
  0x0000011e3ab2de10 ConcurrentGCThread "G1 Refine#5" [stack: 0x0000000102900000,0x0000000102a00000] [id=14872]
  0x0000011e3ab2c1f0 ConcurrentGCThread "G1 Refine#6" [stack: 0x0000000102a00000,0x0000000102b00000] [id=7408]
  0x0000011e3ab2ca60 ConcurrentGCThread "G1 Refine#7" [stack: 0x0000000102b00000,0x0000000102c00000] [id=10372]
  0x0000011e3c872570 ConcurrentGCThread "G1 Refine#8" [stack: 0x0000000102e00000,0x0000000102f00000] [id=16688]
  0x0000011e3529b7c0 ConcurrentGCThread "G1 Service" [stack: 0x0000000100b00000,0x0000000100c00000] [id=8268]

Threads with active compile tasks:
C2 CompilerThread0    17183 7964       4       sun.net.util.URLUtil::urlNoFragString (114 bytes)

VM state: not at safepoint (normal execution)

VM Mutex/Monitor currently owned by a thread: None

Heap address: 0x0000000702600000, size: 4058 MB, Compressed Oops mode: Zero based, Oop shift amount: 3

CDS archive(s) mapped at: [0x0000000800000000-0x0000000800ba0000-0x0000000800ba0000), size 12189696, SharedBaseAddress: 0x0000000800000000, ArchiveRelocationMode: 0.
Compressed class space mapped at: 0x0000000800c00000-0x0000000840c00000, reserved size: 1073741824
Narrow klass base: 0x0000000800000000, Narrow klass shift: 0, Narrow klass range: 0x100000000

GC Precious Log:
 CardTable entry size: 512
 Card Set container configuration: InlinePtr #cards 4 size 8 Array Of Cards #cards 16 size 48 Howl #buckets 8 coarsen threshold 3686 Howl Bitmap #cards 512 size 80 coarsen threshold 460 Card regions per heap region 1 cards per card region 4096
 CPUs: 12 total, 12 available
 Memory: 16225M
 Large Page Support: Disabled
 NUMA Support: Disabled
 Compressed Oops: Enabled (Zero based)
 Heap Region Size: 2M
 Heap Min Capacity: 512M
 Heap Initial Capacity: 512M
 Heap Max Capacity: 4058M
 Pre-touch: Disabled
 Parallel Workers: 10
 Concurrent Workers: 3
 Concurrent Refinement Workers: 10
 Periodic GC: Disabled

Heap:
 garbage-first heap   total 524288K, used 356204K [0x0000000702600000, 0x0000000800000000)
  region size 2048K, 58 young (118784K), 11 survivors (22528K)
 Metaspace       used 32132K, committed 32704K, reserved 1114112K
  class space    used 3463K, committed 3712K, reserved 1048576K

Heap Regions: E=young(eden), S=young(survivor), O=old, HS=humongous(starts), HC=humongous(continues), CS=collection set, F=free, OA=open archive, CA=closed archive, TAMS=top-at-mark-start (previous, next)
|   0|0x0000000702600000, 0x0000000702800000, 0x0000000702800000|100%| O|  |TAMS 0x0000000702800000, 0x0000000702600000| Untracked 
|   1|0x0000000702800000, 0x0000000702a00000, 0x0000000702a00000|100%| O|  |TAMS 0x0000000702a00000, 0x0000000702800000| Untracked 
|   2|0x0000000702a00000, 0x0000000702c00000, 0x0000000702c00000|100%| O|  |TAMS 0x0000000702c00000, 0x0000000702a00000| Untracked 
|   3|0x0000000702c00000, 0x0000000702e00000, 0x0000000702e00000|100%| O|  |TAMS 0x0000000702e00000, 0x0000000702c00000| Untracked 
|   4|0x0000000702e00000, 0x0000000703000000, 0x0000000703000000|100%| O|  |TAMS 0x0000000703000000, 0x0000000702e00000| Untracked 
|   5|0x0000000703000000, 0x0000000703200000, 0x0000000703200000|100%| O|  |TAMS 0x0000000703200000, 0x0000000703000000| Untracked 
|   6|0x0000000703200000, 0x0000000703400000, 0x0000000703400000|100%| O|  |TAMS 0x0000000703400000, 0x0000000703200000| Untracked 
|   7|0x0000000703400000, 0x0000000703600000, 0x0000000703600000|100%| O|  |TAMS 0x0000000703600000, 0x0000000703400000| Untracked 
|   8|0x0000000703600000, 0x0000000703800000, 0x0000000703800000|100%| O|  |TAMS 0x0000000703800000, 0x0000000703600000| Untracked 
|   9|0x0000000703800000, 0x0000000703a00000, 0x0000000703a00000|100%| O|  |TAMS 0x0000000703a00000, 0x0000000703800000| Untracked 
|  10|0x0000000703a00000, 0x0000000703c00000, 0x0000000703c00000|100%| O|  |TAMS 0x0000000703c00000, 0x0000000703a00000| Untracked 
|  11|0x0000000703c00000, 0x0000000703e00000, 0x0000000703e00000|100%| O|  |TAMS 0x0000000703e00000, 0x0000000703c00000| Untracked 
|  12|0x0000000703e00000, 0x0000000704000000, 0x0000000704000000|100%| O|  |TAMS 0x0000000704000000, 0x0000000703e00000| Untracked 
|  13|0x0000000704000000, 0x0000000704200000, 0x0000000704200000|100%| O|  |TAMS 0x0000000704200000, 0x0000000704000000| Untracked 
|  14|0x0000000704200000, 0x0000000704400000, 0x0000000704400000|100%| O|  |TAMS 0x0000000704400000, 0x0000000704200000| Untracked 
|  15|0x0000000704400000, 0x0000000704600000, 0x0000000704600000|100%| O|  |TAMS 0x0000000704600000, 0x0000000704400000| Untracked 
|  16|0x0000000704600000, 0x0000000704800000, 0x0000000704800000|100%| O|  |TAMS 0x0000000704800000, 0x0000000704600000| Untracked 
|  17|0x0000000704800000, 0x0000000704a00000, 0x0000000704a00000|100%| O|  |TAMS 0x0000000704a00000, 0x0000000704800000| Untracked 
|  18|0x0000000704a00000, 0x0000000704c00000, 0x0000000704c00000|100%| O|  |TAMS 0x0000000704c00000, 0x0000000704a00000| Untracked 
|  19|0x0000000704c00000, 0x0000000704e00000, 0x0000000704e00000|100%| O|  |TAMS 0x0000000704e00000, 0x0000000704c00000| Untracked 
|  20|0x0000000704e00000, 0x0000000705000000, 0x0000000705000000|100%| O|  |TAMS 0x0000000705000000, 0x0000000704e00000| Untracked 
|  21|0x0000000705000000, 0x0000000705200000, 0x0000000705200000|100%| O|  |TAMS 0x0000000705200000, 0x0000000705000000| Untracked 
|  22|0x0000000705200000, 0x0000000705400000, 0x0000000705400000|100%| O|  |TAMS 0x0000000705400000, 0x0000000705200000| Untracked 
|  23|0x0000000705400000, 0x0000000705600000, 0x0000000705600000|100%| O|  |TAMS 0x0000000705600000, 0x0000000705400000| Untracked 
|  24|0x0000000705600000, 0x0000000705800000, 0x0000000705800000|100%| O|  |TAMS 0x0000000705800000, 0x0000000705600000| Untracked 
|  25|0x0000000705800000, 0x0000000705a00000, 0x0000000705a00000|100%| O|  |TAMS 0x0000000705a00000, 0x0000000705800000| Untracked 
|  26|0x0000000705a00000, 0x0000000705c00000, 0x0000000705c00000|100%|HS|  |TAMS 0x0000000705c00000, 0x0000000705a00000| Complete 
|  27|0x0000000705c00000, 0x0000000705e00000, 0x0000000705e00000|100%| O|  |TAMS 0x0000000705c00000, 0x0000000705c00000| Untracked 
|  28|0x0000000705e00000, 0x0000000706000000, 0x0000000706000000|100%| O|  |TAMS 0x0000000705e00000, 0x0000000705e00000| Untracked 
|  29|0x0000000706000000, 0x0000000706200000, 0x0000000706200000|100%|HS|  |TAMS 0x0000000706000000, 0x0000000706000000| Complete 
|  30|0x0000000706200000, 0x0000000706400000, 0x0000000706400000|100%| O|  |TAMS 0x0000000706200000, 0x0000000706200000| Untracked 
|  31|0x0000000706400000, 0x0000000706600000, 0x0000000706600000|100%|HS|  |TAMS 0x0000000706400000, 0x0000000706400000| Complete 
|  32|0x0000000706600000, 0x0000000706800000, 0x0000000706800000|100%| O|  |TAMS 0x0000000706800000, 0x0000000706600000| Untracked 
|  33|0x0000000706800000, 0x0000000706a00000, 0x0000000706a00000|100%| O|  |TAMS 0x0000000706a00000, 0x0000000706800000| Untracked 
|  34|0x0000000706a00000, 0x0000000706c00000, 0x0000000706c00000|100%| O|  |TAMS 0x0000000706c00000, 0x0000000706a00000| Untracked 
|  35|0x0000000706c00000, 0x0000000706e00000, 0x0000000706e00000|100%| O|  |TAMS 0x0000000706e00000, 0x0000000706c00000| Untracked 
|  36|0x0000000706e00000, 0x0000000707000000, 0x0000000707000000|100%| O|  |TAMS 0x0000000707000000, 0x0000000706e00000| Untracked 
|  37|0x0000000707000000, 0x0000000707200000, 0x0000000707200000|100%| O|  |TAMS 0x0000000707200000, 0x0000000707000000| Untracked 
|  38|0x0000000707200000, 0x0000000707400000, 0x0000000707400000|100%| O|  |TAMS 0x0000000707400000, 0x0000000707200000| Untracked 
|  39|0x0000000707400000, 0x0000000707600000, 0x0000000707600000|100%| O|  |TAMS 0x0000000707600000, 0x0000000707400000| Untracked 
|  40|0x0000000707600000, 0x0000000707800000, 0x0000000707800000|100%| O|  |TAMS 0x0000000707800000, 0x0000000707600000| Untracked 
|  41|0x0000000707800000, 0x0000000707a00000, 0x0000000707a00000|100%| O|  |TAMS 0x0000000707a00000, 0x0000000707800000| Untracked 
|  42|0x0000000707a00000, 0x0000000707c00000, 0x0000000707c00000|100%| O|  |TAMS 0x0000000707c00000, 0x0000000707a00000| Untracked 
|  43|0x0000000707c00000, 0x0000000707e00000, 0x0000000707e00000|100%| O|  |TAMS 0x0000000707e00000, 0x0000000707c00000| Untracked 
|  44|0x0000000707e00000, 0x0000000708000000, 0x0000000708000000|100%| O|  |TAMS 0x0000000708000000, 0x0000000707e00000| Untracked 
|  45|0x0000000708000000, 0x0000000708200000, 0x0000000708200000|100%| O|  |TAMS 0x0000000708000000, 0x0000000708000000| Untracked 
|  46|0x0000000708200000, 0x0000000708400000, 0x0000000708400000|100%| O|  |TAMS 0x0000000708200000, 0x0000000708200000| Untracked 
|  47|0x0000000708400000, 0x0000000708600000, 0x0000000708600000|100%| O|  |TAMS 0x0000000708400000, 0x0000000708400000| Untracked 
|  48|0x0000000708600000, 0x0000000708800000, 0x0000000708800000|100%| O|  |TAMS 0x0000000708600000, 0x0000000708600000| Untracked 
|  49|0x0000000708800000, 0x0000000708a00000, 0x0000000708a00000|100%| O|  |TAMS 0x0000000708800000, 0x0000000708800000| Untracked 
|  50|0x0000000708a00000, 0x0000000708c00000, 0x0000000708c00000|100%| O|  |TAMS 0x0000000708a00000, 0x0000000708a00000| Untracked 
|  51|0x0000000708c00000, 0x0000000708e00000, 0x0000000708e00000|100%| O|  |TAMS 0x0000000708c00000, 0x0000000708c00000| Untracked 
|  52|0x0000000708e00000, 0x0000000709000000, 0x0000000709000000|100%| O|  |TAMS 0x0000000708e00000, 0x0000000708e00000| Untracked 
|  53|0x0000000709000000, 0x0000000709200000, 0x0000000709200000|100%| O|  |TAMS 0x0000000709000000, 0x0000000709000000| Untracked 
|  54|0x0000000709200000, 0x0000000709400000, 0x0000000709400000|100%| O|  |TAMS 0x0000000709200000, 0x0000000709200000| Untracked 
|  55|0x0000000709400000, 0x0000000709600000, 0x0000000709600000|100%| O|  |TAMS 0x0000000709400000, 0x0000000709400000| Untracked 
|  56|0x0000000709600000, 0x0000000709800000, 0x0000000709800000|100%| O|  |TAMS 0x0000000709600000, 0x0000000709600000| Untracked 
|  57|0x0000000709800000, 0x0000000709a00000, 0x0000000709a00000|100%| O|  |TAMS 0x0000000709800000, 0x0000000709800000| Untracked 
|  58|0x0000000709a00000, 0x0000000709c00000, 0x0000000709c00000|100%| O|  |TAMS 0x0000000709a00000, 0x0000000709a00000| Untracked 
|  59|0x0000000709c00000, 0x0000000709e00000, 0x0000000709e00000|100%| O|  |TAMS 0x0000000709c00000, 0x0000000709c00000| Untracked 
|  60|0x0000000709e00000, 0x000000070a000000, 0x000000070a000000|100%| O|  |TAMS 0x0000000709e00000, 0x0000000709e00000| Untracked 
|  61|0x000000070a000000, 0x000000070a200000, 0x000000070a200000|100%| O|  |TAMS 0x000000070a000000, 0x000000070a000000| Untracked 
|  62|0x000000070a200000, 0x000000070a400000, 0x000000070a400000|100%| O|  |TAMS 0x000000070a200000, 0x000000070a200000| Untracked 
|  63|0x000000070a400000, 0x000000070a600000, 0x000000070a600000|100%| O|  |TAMS 0x000000070a400000, 0x000000070a400000| Untracked 
|  64|0x000000070a600000, 0x000000070a800000, 0x000000070a800000|100%| O|  |TAMS 0x000000070a600000, 0x000000070a600000| Untracked 
|  65|0x000000070a800000, 0x000000070aa00000, 0x000000070aa00000|100%| O|  |TAMS 0x000000070a800000, 0x000000070a800000| Untracked 
|  66|0x000000070aa00000, 0x000000070ac00000, 0x000000070ac00000|100%| O|  |TAMS 0x000000070aa00000, 0x000000070aa00000| Untracked 
|  67|0x000000070ac00000, 0x000000070ae00000, 0x000000070ae00000|100%| O|  |TAMS 0x000000070ac00000, 0x000000070ac00000| Untracked 
|  68|0x000000070ae00000, 0x000000070b000000, 0x000000070b000000|100%| O|  |TAMS 0x000000070ae00000, 0x000000070ae00000| Untracked 
|  69|0x000000070b000000, 0x000000070b200000, 0x000000070b200000|100%| O|  |TAMS 0x000000070b000000, 0x000000070b000000| Untracked 
|  70|0x000000070b200000, 0x000000070b400000, 0x000000070b400000|100%| O|  |TAMS 0x000000070b200000, 0x000000070b200000| Untracked 
|  71|0x000000070b400000, 0x000000070b600000, 0x000000070b600000|100%| O|  |TAMS 0x000000070b400000, 0x000000070b400000| Untracked 
|  72|0x000000070b600000, 0x000000070b800000, 0x000000070b800000|100%| O|  |TAMS 0x000000070b600000, 0x000000070b600000| Untracked 
|  73|0x000000070b800000, 0x000000070ba00000, 0x000000070ba00000|100%| O|  |TAMS 0x000000070b800000, 0x000000070b800000| Untracked 
|  74|0x000000070ba00000, 0x000000070bc00000, 0x000000070bc00000|100%| O|  |TAMS 0x000000070ba00000, 0x000000070ba00000| Untracked 
|  75|0x000000070bc00000, 0x000000070be00000, 0x000000070be00000|100%| O|  |TAMS 0x000000070bc00000, 0x000000070bc00000| Untracked 
|  76|0x000000070be00000, 0x000000070c000000, 0x000000070c000000|100%| O|  |TAMS 0x000000070be00000, 0x000000070be00000| Untracked 
|  77|0x000000070c000000, 0x000000070c200000, 0x000000070c200000|100%| O|  |TAMS 0x000000070c000000, 0x000000070c000000| Untracked 
|  78|0x000000070c200000, 0x000000070c400000, 0x000000070c400000|100%| O|  |TAMS 0x000000070c200000, 0x000000070c200000| Untracked 
|  79|0x000000070c400000, 0x000000070c600000, 0x000000070c600000|100%| O|  |TAMS 0x000000070c400000, 0x000000070c400000| Untracked 
|  80|0x000000070c600000, 0x000000070c800000, 0x000000070c800000|100%| O|  |TAMS 0x000000070c600000, 0x000000070c600000| Untracked 
|  81|0x000000070c800000, 0x000000070ca00000, 0x000000070ca00000|100%| O|  |TAMS 0x000000070c800000, 0x000000070c800000| Untracked 
|  82|0x000000070ca00000, 0x000000070cc00000, 0x000000070cc00000|100%| O|  |TAMS 0x000000070ca00000, 0x000000070ca00000| Untracked 
|  83|0x000000070cc00000, 0x000000070ce00000, 0x000000070ce00000|100%| O|  |TAMS 0x000000070cc00000, 0x000000070cc00000| Untracked 
|  84|0x000000070ce00000, 0x000000070d000000, 0x000000070d000000|100%| O|  |TAMS 0x000000070ce00000, 0x000000070ce00000| Untracked 
|  85|0x000000070d000000, 0x000000070d200000, 0x000000070d200000|100%| O|  |TAMS 0x000000070d000000, 0x000000070d000000| Untracked 
|  86|0x000000070d200000, 0x000000070d400000, 0x000000070d400000|100%| O|  |TAMS 0x000000070d200000, 0x000000070d200000| Untracked 
|  87|0x000000070d400000, 0x000000070d600000, 0x000000070d600000|100%| O|  |TAMS 0x000000070d400000, 0x000000070d400000| Untracked 
|  88|0x000000070d600000, 0x000000070d800000, 0x000000070d800000|100%| O|  |TAMS 0x000000070d600000, 0x000000070d600000| Untracked 
|  89|0x000000070d800000, 0x000000070da00000, 0x000000070da00000|100%| O|  |TAMS 0x000000070d800000, 0x000000070d800000| Untracked 
|  90|0x000000070da00000, 0x000000070dc00000, 0x000000070dc00000|100%| O|  |TAMS 0x000000070da00000, 0x000000070da00000| Untracked 
|  91|0x000000070dc00000, 0x000000070de00000, 0x000000070de00000|100%| O|  |TAMS 0x000000070dc00000, 0x000000070dc00000| Untracked 
|  92|0x000000070de00000, 0x000000070e000000, 0x000000070e000000|100%| O|  |TAMS 0x000000070de00000, 0x000000070de00000| Untracked 
|  93|0x000000070e000000, 0x000000070e200000, 0x000000070e200000|100%| O|  |TAMS 0x000000070e000000, 0x000000070e000000| Untracked 
|  94|0x000000070e200000, 0x000000070e400000, 0x000000070e400000|100%| O|  |TAMS 0x000000070e200000, 0x000000070e200000| Untracked 
|  95|0x000000070e400000, 0x000000070e600000, 0x000000070e600000|100%| O|  |TAMS 0x000000070e400000, 0x000000070e400000| Untracked 
|  96|0x000000070e600000, 0x000000070e800000, 0x000000070e800000|100%| O|  |TAMS 0x000000070e600000, 0x000000070e600000| Untracked 
|  97|0x000000070e800000, 0x000000070ea00000, 0x000000070ea00000|100%| O|  |TAMS 0x000000070e800000, 0x000000070e800000| Untracked 
|  98|0x000000070ea00000, 0x000000070ea00000, 0x000000070ec00000|  0%| F|  |TAMS 0x000000070ea00000, 0x000000070ea00000| Untracked 
|  99|0x000000070ec00000, 0x000000070ee00000, 0x000000070ee00000|100%|HS|  |TAMS 0x000000070ec00000, 0x000000070ec00000| Complete 
| 100|0x000000070ee00000, 0x000000070f000000, 0x000000070f000000|100%|HS|  |TAMS 0x000000070ee00000, 0x000000070ee00000| Complete 
| 101|0x000000070f000000, 0x000000070f200000, 0x000000070f200000|100%|HS|  |TAMS 0x000000070f000000, 0x000000070f000000| Complete 
| 102|0x000000070f200000, 0x000000070f400000, 0x000000070f400000|100%| O|  |TAMS 0x000000070f200000, 0x000000070f200000| Untracked 
| 103|0x000000070f400000, 0x000000070f600000, 0x000000070f600000|100%| O|  |TAMS 0x000000070f400000, 0x000000070f400000| Untracked 
| 104|0x000000070f600000, 0x000000070f800000, 0x000000070f800000|100%| O|  |TAMS 0x000000070f600000, 0x000000070f600000| Untracked 
| 105|0x000000070f800000, 0x000000070fa00000, 0x000000070fa00000|100%| O|  |TAMS 0x000000070f800000, 0x000000070f800000| Untracked 
| 106|0x000000070fa00000, 0x000000070fc00000, 0x000000070fc00000|100%| O|  |TAMS 0x000000070fa00000, 0x000000070fa00000| Untracked 
| 107|0x000000070fc00000, 0x000000070fe00000, 0x000000070fe00000|100%| O|  |TAMS 0x000000070fc00000, 0x000000070fc00000| Untracked 
| 108|0x000000070fe00000, 0x0000000710000000, 0x0000000710000000|100%| O|  |TAMS 0x000000070fe00000, 0x000000070fe00000| Untracked 
| 109|0x0000000710000000, 0x0000000710200000, 0x0000000710200000|100%| O|  |TAMS 0x0000000710000000, 0x0000000710000000| Untracked 
| 110|0x0000000710200000, 0x0000000710400000, 0x0000000710400000|100%| O|  |TAMS 0x0000000710200000, 0x0000000710200000| Untracked 
| 111|0x0000000710400000, 0x0000000710600000, 0x0000000710600000|100%| O|  |TAMS 0x0000000710400000, 0x0000000710400000| Untracked 
| 112|0x0000000710600000, 0x0000000710800000, 0x0000000710800000|100%| O|  |TAMS 0x0000000710600000, 0x0000000710600000| Untracked 
| 113|0x0000000710800000, 0x0000000710a00000, 0x0000000710a00000|100%| O|  |TAMS 0x0000000710800000, 0x0000000710800000| Untracked 
| 114|0x0000000710a00000, 0x0000000710c00000, 0x0000000710c00000|100%| O|  |TAMS 0x0000000710a00000, 0x0000000710a00000| Untracked 
| 115|0x0000000710c00000, 0x0000000710e00000, 0x0000000710e00000|100%| O|  |TAMS 0x0000000710c00000, 0x0000000710c00000| Untracked 
| 116|0x0000000710e00000, 0x0000000711000000, 0x0000000711000000|100%| O|  |TAMS 0x0000000710e00000, 0x0000000710e00000| Untracked 
| 117|0x0000000711000000, 0x00000007111db000, 0x0000000711200000| 92%| O|  |TAMS 0x0000000711000000, 0x0000000711000000| Untracked 
| 118|0x0000000711200000, 0x0000000711200000, 0x0000000711400000|  0%| F|  |TAMS 0x0000000711200000, 0x0000000711200000| Untracked 
| 119|0x0000000711400000, 0x0000000711400000, 0x0000000711600000|  0%| F|  |TAMS 0x0000000711400000, 0x0000000711400000| Untracked 
| 120|0x0000000711600000, 0x0000000711600000, 0x0000000711800000|  0%| F|  |TAMS 0x0000000711600000, 0x0000000711600000| Untracked 
| 121|0x0000000711800000, 0x0000000711800000, 0x0000000711a00000|  0%| F|  |TAMS 0x0000000711800000, 0x0000000711800000| Untracked 
| 122|0x0000000711a00000, 0x0000000711a00000, 0x0000000711c00000|  0%| F|  |TAMS 0x0000000711a00000, 0x0000000711a00000| Untracked 
| 123|0x0000000711c00000, 0x0000000711c00000, 0x0000000711e00000|  0%| F|  |TAMS 0x0000000711c00000, 0x0000000711c00000| Untracked 
| 124|0x0000000711e00000, 0x0000000711e00000, 0x0000000712000000|  0%| F|  |TAMS 0x0000000711e00000, 0x0000000711e00000| Untracked 
| 125|0x0000000712000000, 0x0000000712000000, 0x0000000712200000|  0%| F|  |TAMS 0x0000000712000000, 0x0000000712000000| Untracked 
| 126|0x0000000712200000, 0x0000000712200000, 0x0000000712400000|  0%| F|  |TAMS 0x0000000712200000, 0x0000000712200000| Untracked 
| 127|0x0000000712400000, 0x0000000712400000, 0x0000000712600000|  0%| F|  |TAMS 0x0000000712400000, 0x0000000712400000| Untracked 
| 128|0x0000000712600000, 0x0000000712600000, 0x0000000712800000|  0%| F|  |TAMS 0x0000000712600000, 0x0000000712600000| Untracked 
| 129|0x0000000712800000, 0x0000000712800000, 0x0000000712a00000|  0%| F|  |TAMS 0x0000000712800000, 0x0000000712800000| Untracked 
| 130|0x0000000712a00000, 0x0000000712a00000, 0x0000000712c00000|  0%| F|  |TAMS 0x0000000712a00000, 0x0000000712a00000| Untracked 
| 131|0x0000000712c00000, 0x0000000712c00000, 0x0000000712e00000|  0%| F|  |TAMS 0x0000000712c00000, 0x0000000712c00000| Untracked 
| 132|0x0000000712e00000, 0x0000000712e00000, 0x0000000713000000|  0%| F|  |TAMS 0x0000000712e00000, 0x0000000712e00000| Untracked 
| 133|0x0000000713000000, 0x0000000713000000, 0x0000000713200000|  0%| F|  |TAMS 0x0000000713000000, 0x0000000713000000| Untracked 
| 134|0x0000000713200000, 0x0000000713200000, 0x0000000713400000|  0%| F|  |TAMS 0x0000000713200000, 0x0000000713200000| Untracked 
| 135|0x0000000713400000, 0x0000000713400000, 0x0000000713600000|  0%| F|  |TAMS 0x0000000713400000, 0x0000000713400000| Untracked 
| 136|0x0000000713600000, 0x0000000713600000, 0x0000000713800000|  0%| F|  |TAMS 0x0000000713600000, 0x0000000713600000| Untracked 
| 137|0x0000000713800000, 0x0000000713800000, 0x0000000713a00000|  0%| F|  |TAMS 0x0000000713800000, 0x0000000713800000| Untracked 
| 138|0x0000000713a00000, 0x0000000713a00000, 0x0000000713c00000|  0%| F|  |TAMS 0x0000000713a00000, 0x0000000713a00000| Untracked 
| 139|0x0000000713c00000, 0x0000000713c00000, 0x0000000713e00000|  0%| F|  |TAMS 0x0000000713c00000, 0x0000000713c00000| Untracked 
| 140|0x0000000713e00000, 0x0000000713e00000, 0x0000000714000000|  0%| F|  |TAMS 0x0000000713e00000, 0x0000000713e00000| Untracked 
| 141|0x0000000714000000, 0x0000000714000000, 0x0000000714200000|  0%| F|  |TAMS 0x0000000714000000, 0x0000000714000000| Untracked 
| 142|0x0000000714200000, 0x0000000714200000, 0x0000000714400000|  0%| F|  |TAMS 0x0000000714200000, 0x0000000714200000| Untracked 
| 143|0x0000000714400000, 0x0000000714400000, 0x0000000714600000|  0%| F|  |TAMS 0x0000000714400000, 0x0000000714400000| Untracked 
| 144|0x0000000714600000, 0x0000000714600000, 0x0000000714800000|  0%| F|  |TAMS 0x0000000714600000, 0x0000000714600000| Untracked 
| 145|0x0000000714800000, 0x0000000714800000, 0x0000000714a00000|  0%| F|  |TAMS 0x0000000714800000, 0x0000000714800000| Untracked 
| 146|0x0000000714a00000, 0x0000000714a00000, 0x0000000714c00000|  0%| F|  |TAMS 0x0000000714a00000, 0x0000000714a00000| Untracked 
| 147|0x0000000714c00000, 0x0000000714c00000, 0x0000000714e00000|  0%| F|  |TAMS 0x0000000714c00000, 0x0000000714c00000| Untracked 
| 148|0x0000000714e00000, 0x0000000714e00000, 0x0000000715000000|  0%| F|  |TAMS 0x0000000714e00000, 0x0000000714e00000| Untracked 
| 149|0x0000000715000000, 0x0000000715000000, 0x0000000715200000|  0%| F|  |TAMS 0x0000000715000000, 0x0000000715000000| Untracked 
| 150|0x0000000715200000, 0x0000000715200000, 0x0000000715400000|  0%| F|  |TAMS 0x0000000715200000, 0x0000000715200000| Untracked 
| 151|0x0000000715400000, 0x0000000715400000, 0x0000000715600000|  0%| F|  |TAMS 0x0000000715400000, 0x0000000715400000| Untracked 
| 152|0x0000000715600000, 0x0000000715600000, 0x0000000715800000|  0%| F|  |TAMS 0x0000000715600000, 0x0000000715600000| Untracked 
| 153|0x0000000715800000, 0x0000000715800000, 0x0000000715a00000|  0%| F|  |TAMS 0x0000000715800000, 0x0000000715800000| Untracked 
| 154|0x0000000715a00000, 0x0000000715a00000, 0x0000000715c00000|  0%| F|  |TAMS 0x0000000715a00000, 0x0000000715a00000| Untracked 
| 155|0x0000000715c00000, 0x0000000715c00000, 0x0000000715e00000|  0%| F|  |TAMS 0x0000000715c00000, 0x0000000715c00000| Untracked 
| 156|0x0000000715e00000, 0x0000000715e00000, 0x0000000716000000|  0%| F|  |TAMS 0x0000000715e00000, 0x0000000715e00000| Untracked 
| 157|0x0000000716000000, 0x0000000716000000, 0x0000000716200000|  0%| F|  |TAMS 0x0000000716000000, 0x0000000716000000| Untracked 
| 158|0x0000000716200000, 0x0000000716200000, 0x0000000716400000|  0%| F|  |TAMS 0x0000000716200000, 0x0000000716200000| Untracked 
| 159|0x0000000716400000, 0x0000000716400000, 0x0000000716600000|  0%| F|  |TAMS 0x0000000716400000, 0x0000000716400000| Untracked 
| 160|0x0000000716600000, 0x0000000716600000, 0x0000000716800000|  0%| F|  |TAMS 0x0000000716600000, 0x0000000716600000| Untracked 
| 161|0x0000000716800000, 0x0000000716800000, 0x0000000716a00000|  0%| F|  |TAMS 0x0000000716800000, 0x0000000716800000| Untracked 
| 162|0x0000000716a00000, 0x0000000716a00000, 0x0000000716c00000|  0%| F|  |TAMS 0x0000000716a00000, 0x0000000716a00000| Untracked 
| 163|0x0000000716c00000, 0x0000000716c00000, 0x0000000716e00000|  0%| F|  |TAMS 0x0000000716c00000, 0x0000000716c00000| Untracked 
| 164|0x0000000716e00000, 0x0000000716e00000, 0x0000000717000000|  0%| F|  |TAMS 0x0000000716e00000, 0x0000000716e00000| Untracked 
| 165|0x0000000717000000, 0x0000000717000000, 0x0000000717200000|  0%| F|  |TAMS 0x0000000717000000, 0x0000000717000000| Untracked 
| 166|0x0000000717200000, 0x0000000717200000, 0x0000000717400000|  0%| F|  |TAMS 0x0000000717200000, 0x0000000717200000| Untracked 
| 167|0x0000000717400000, 0x0000000717400000, 0x0000000717600000|  0%| F|  |TAMS 0x0000000717400000, 0x0000000717400000| Untracked 
| 168|0x0000000717600000, 0x0000000717600000, 0x0000000717800000|  0%| F|  |TAMS 0x0000000717600000, 0x0000000717600000| Untracked 
| 169|0x0000000717800000, 0x0000000717800000, 0x0000000717a00000|  0%| F|  |TAMS 0x0000000717800000, 0x0000000717800000| Untracked 
| 170|0x0000000717a00000, 0x0000000717a00000, 0x0000000717c00000|  0%| F|  |TAMS 0x0000000717a00000, 0x0000000717a00000| Untracked 
| 171|0x0000000717c00000, 0x0000000717c00000, 0x0000000717e00000|  0%| F|  |TAMS 0x0000000717c00000, 0x0000000717c00000| Untracked 
| 172|0x0000000717e00000, 0x0000000717e00000, 0x0000000718000000|  0%| F|  |TAMS 0x0000000717e00000, 0x0000000717e00000| Untracked 
| 173|0x0000000718000000, 0x0000000718000000, 0x0000000718200000|  0%| F|  |TAMS 0x0000000718000000, 0x0000000718000000| Untracked 
| 174|0x0000000718200000, 0x0000000718400000, 0x0000000718400000|100%| S|CS|TAMS 0x0000000718200000, 0x0000000718200000| Complete 
| 175|0x0000000718400000, 0x0000000718600000, 0x0000000718600000|100%| S|CS|TAMS 0x0000000718400000, 0x0000000718400000| Complete 
| 176|0x0000000718600000, 0x0000000718800000, 0x0000000718800000|100%| S|CS|TAMS 0x0000000718600000, 0x0000000718600000| Complete 
| 177|0x0000000718800000, 0x0000000718a00000, 0x0000000718a00000|100%| S|CS|TAMS 0x0000000718800000, 0x0000000718800000| Complete 
| 178|0x0000000718a00000, 0x0000000718c00000, 0x0000000718c00000|100%| S|CS|TAMS 0x0000000718a00000, 0x0000000718a00000| Complete 
| 179|0x0000000718c00000, 0x0000000718e00000, 0x0000000718e00000|100%| S|CS|TAMS 0x0000000718c00000, 0x0000000718c00000| Complete 
| 180|0x0000000718e00000, 0x0000000719000000, 0x0000000719000000|100%| S|CS|TAMS 0x0000000718e00000, 0x0000000718e00000| Complete 
| 181|0x0000000719000000, 0x0000000719200000, 0x0000000719200000|100%| S|CS|TAMS 0x0000000719000000, 0x0000000719000000| Complete 
| 182|0x0000000719200000, 0x0000000719400000, 0x0000000719400000|100%| S|CS|TAMS 0x0000000719200000, 0x0000000719200000| Complete 
| 183|0x0000000719400000, 0x0000000719600000, 0x0000000719600000|100%| S|CS|TAMS 0x0000000719400000, 0x0000000719400000| Complete 
| 184|0x0000000719600000, 0x0000000719800000, 0x0000000719800000|100%| S|CS|TAMS 0x0000000719600000, 0x0000000719600000| Complete 
| 185|0x0000000719800000, 0x0000000719800000, 0x0000000719a00000|  0%| F|  |TAMS 0x0000000719800000, 0x0000000719800000| Untracked 
| 186|0x0000000719a00000, 0x0000000719a00000, 0x0000000719c00000|  0%| F|  |TAMS 0x0000000719a00000, 0x0000000719a00000| Untracked 
| 187|0x0000000719c00000, 0x0000000719c00000, 0x0000000719e00000|  0%| F|  |TAMS 0x0000000719c00000, 0x0000000719c00000| Untracked 
| 188|0x0000000719e00000, 0x0000000719e00000, 0x000000071a000000|  0%| F|  |TAMS 0x0000000719e00000, 0x0000000719e00000| Untracked 
| 189|0x000000071a000000, 0x000000071a000000, 0x000000071a200000|  0%| F|  |TAMS 0x000000071a000000, 0x000000071a000000| Untracked 
| 190|0x000000071a200000, 0x000000071a200000, 0x000000071a400000|  0%| F|  |TAMS 0x000000071a200000, 0x000000071a200000| Untracked 
| 191|0x000000071a400000, 0x000000071a400000, 0x000000071a600000|  0%| F|  |TAMS 0x000000071a400000, 0x000000071a400000| Untracked 
| 192|0x000000071a600000, 0x000000071a600000, 0x000000071a800000|  0%| F|  |TAMS 0x000000071a600000, 0x000000071a600000| Untracked 
| 193|0x000000071a800000, 0x000000071a800000, 0x000000071aa00000|  0%| F|  |TAMS 0x000000071a800000, 0x000000071a800000| Untracked 
| 194|0x000000071aa00000, 0x000000071aa00000, 0x000000071ac00000|  0%| F|  |TAMS 0x000000071aa00000, 0x000000071aa00000| Untracked 
| 195|0x000000071ac00000, 0x000000071ac00000, 0x000000071ae00000|  0%| F|  |TAMS 0x000000071ac00000, 0x000000071ac00000| Untracked 
| 196|0x000000071ae00000, 0x000000071ae00000, 0x000000071b000000|  0%| F|  |TAMS 0x000000071ae00000, 0x000000071ae00000| Untracked 
| 197|0x000000071b000000, 0x000000071b000000, 0x000000071b200000|  0%| F|  |TAMS 0x000000071b000000, 0x000000071b000000| Untracked 
| 198|0x000000071b200000, 0x000000071b200000, 0x000000071b400000|  0%| F|  |TAMS 0x000000071b200000, 0x000000071b200000| Untracked 
| 199|0x000000071b400000, 0x000000071b400000, 0x000000071b600000|  0%| F|  |TAMS 0x000000071b400000, 0x000000071b400000| Untracked 
| 200|0x000000071b600000, 0x000000071b600000, 0x000000071b800000|  0%| F|  |TAMS 0x000000071b600000, 0x000000071b600000| Untracked 
| 201|0x000000071b800000, 0x000000071b800000, 0x000000071ba00000|  0%| F|  |TAMS 0x000000071b800000, 0x000000071b800000| Untracked 
| 202|0x000000071ba00000, 0x000000071ba00000, 0x000000071bc00000|  0%| F|  |TAMS 0x000000071ba00000, 0x000000071ba00000| Untracked 
| 203|0x000000071bc00000, 0x000000071bc00000, 0x000000071be00000|  0%| F|  |TAMS 0x000000071bc00000, 0x000000071bc00000| Untracked 
| 204|0x000000071be00000, 0x000000071be00000, 0x000000071c000000|  0%| F|  |TAMS 0x000000071be00000, 0x000000071be00000| Untracked 
| 205|0x000000071c000000, 0x000000071c000000, 0x000000071c200000|  0%| F|  |TAMS 0x000000071c000000, 0x000000071c000000| Untracked 
| 206|0x000000071c200000, 0x000000071c200000, 0x000000071c400000|  0%| F|  |TAMS 0x000000071c200000, 0x000000071c200000| Untracked 
| 207|0x000000071c400000, 0x000000071c400000, 0x000000071c600000|  0%| F|  |TAMS 0x000000071c400000, 0x000000071c400000| Untracked 
| 208|0x000000071c600000, 0x000000071c600000, 0x000000071c800000|  0%| F|  |TAMS 0x000000071c600000, 0x000000071c600000| Untracked 
| 209|0x000000071c800000, 0x000000071c800800, 0x000000071ca00000|  0%| E|  |TAMS 0x000000071c800000, 0x000000071c800000| Complete 
| 210|0x000000071ca00000, 0x000000071cc00000, 0x000000071cc00000|100%| E|CS|TAMS 0x000000071ca00000, 0x000000071ca00000| Complete 
| 211|0x000000071cc00000, 0x000000071ce00000, 0x000000071ce00000|100%| E|CS|TAMS 0x000000071cc00000, 0x000000071cc00000| Complete 
| 212|0x000000071ce00000, 0x000000071d000000, 0x000000071d000000|100%| E|CS|TAMS 0x000000071ce00000, 0x000000071ce00000| Complete 
| 213|0x000000071d000000, 0x000000071d200000, 0x000000071d200000|100%| E|CS|TAMS 0x000000071d000000, 0x000000071d000000| Complete 
| 214|0x000000071d200000, 0x000000071d400000, 0x000000071d400000|100%| E|CS|TAMS 0x000000071d200000, 0x000000071d200000| Complete 
| 215|0x000000071d400000, 0x000000071d600000, 0x000000071d600000|100%| E|CS|TAMS 0x000000071d400000, 0x000000071d400000| Complete 
| 216|0x000000071d600000, 0x000000071d800000, 0x000000071d800000|100%| E|CS|TAMS 0x000000071d600000, 0x000000071d600000| Complete 
| 217|0x000000071d800000, 0x000000071da00000, 0x000000071da00000|100%| E|CS|TAMS 0x000000071d800000, 0x000000071d800000| Complete 
| 218|0x000000071da00000, 0x000000071dc00000, 0x000000071dc00000|100%| E|CS|TAMS 0x000000071da00000, 0x000000071da00000| Complete 
| 219|0x000000071dc00000, 0x000000071de00000, 0x000000071de00000|100%| E|CS|TAMS 0x000000071dc00000, 0x000000071dc00000| Complete 
| 220|0x000000071de00000, 0x000000071e000000, 0x000000071e000000|100%| E|CS|TAMS 0x000000071de00000, 0x000000071de00000| Complete 
| 221|0x000000071e000000, 0x000000071e200000, 0x000000071e200000|100%| E|CS|TAMS 0x000000071e000000, 0x000000071e000000| Complete 
| 222|0x000000071e200000, 0x000000071e400000, 0x000000071e400000|100%| E|CS|TAMS 0x000000071e200000, 0x000000071e200000| Complete 
| 223|0x000000071e400000, 0x000000071e600000, 0x000000071e600000|100%| E|CS|TAMS 0x000000071e400000, 0x000000071e400000| Complete 
| 224|0x000000071e600000, 0x000000071e800000, 0x000000071e800000|100%| E|CS|TAMS 0x000000071e600000, 0x000000071e600000| Complete 
| 225|0x000000071e800000, 0x000000071ea00000, 0x000000071ea00000|100%| E|CS|TAMS 0x000000071e800000, 0x000000071e800000| Complete 
| 226|0x000000071ea00000, 0x000000071ec00000, 0x000000071ec00000|100%| E|CS|TAMS 0x000000071ea00000, 0x000000071ea00000| Complete 
| 227|0x000000071ec00000, 0x000000071ee00000, 0x000000071ee00000|100%| E|CS|TAMS 0x000000071ec00000, 0x000000071ec00000| Complete 
| 228|0x000000071ee00000, 0x000000071f000000, 0x000000071f000000|100%| E|CS|TAMS 0x000000071ee00000, 0x000000071ee00000| Complete 
| 229|0x000000071f000000, 0x000000071f200000, 0x000000071f200000|100%| E|CS|TAMS 0x000000071f000000, 0x000000071f000000| Complete 
| 230|0x000000071f200000, 0x000000071f400000, 0x000000071f400000|100%| E|CS|TAMS 0x000000071f200000, 0x000000071f200000| Complete 
| 231|0x000000071f400000, 0x000000071f600000, 0x000000071f600000|100%| E|CS|TAMS 0x000000071f400000, 0x000000071f400000| Complete 
| 232|0x000000071f600000, 0x000000071f800000, 0x000000071f800000|100%| E|CS|TAMS 0x000000071f600000, 0x000000071f600000| Complete 
| 233|0x000000071f800000, 0x000000071fa00000, 0x000000071fa00000|100%| E|CS|TAMS 0x000000071f800000, 0x000000071f800000| Complete 
| 234|0x000000071fa00000, 0x000000071fc00000, 0x000000071fc00000|100%| E|CS|TAMS 0x000000071fa00000, 0x000000071fa00000| Complete 
| 235|0x000000071fc00000, 0x000000071fe00000, 0x000000071fe00000|100%| E|CS|TAMS 0x000000071fc00000, 0x000000071fc00000| Complete 
| 236|0x000000071fe00000, 0x0000000720000000, 0x0000000720000000|100%| E|CS|TAMS 0x000000071fe00000, 0x000000071fe00000| Complete 
| 237|0x0000000720000000, 0x0000000720200000, 0x0000000720200000|100%| E|CS|TAMS 0x0000000720000000, 0x0000000720000000| Complete 
| 238|0x0000000720200000, 0x0000000720400000, 0x0000000720400000|100%| E|CS|TAMS 0x0000000720200000, 0x0000000720200000| Complete 
| 239|0x0000000720400000, 0x0000000720600000, 0x0000000720600000|100%| E|CS|TAMS 0x0000000720400000, 0x0000000720400000| Complete 
| 240|0x0000000720600000, 0x0000000720800000, 0x0000000720800000|100%| E|CS|TAMS 0x0000000720600000, 0x0000000720600000| Complete 
| 241|0x0000000720800000, 0x0000000720a00000, 0x0000000720a00000|100%| E|CS|TAMS 0x0000000720800000, 0x0000000720800000| Complete 
| 242|0x0000000720a00000, 0x0000000720c00000, 0x0000000720c00000|100%| E|CS|TAMS 0x0000000720a00000, 0x0000000720a00000| Complete 
| 243|0x0000000720c00000, 0x0000000720e00000, 0x0000000720e00000|100%| E|CS|TAMS 0x0000000720c00000, 0x0000000720c00000| Complete 
| 244|0x0000000720e00000, 0x0000000721000000, 0x0000000721000000|100%| E|CS|TAMS 0x0000000720e00000, 0x0000000720e00000| Complete 
| 245|0x0000000721000000, 0x0000000721200000, 0x0000000721200000|100%| E|CS|TAMS 0x0000000721000000, 0x0000000721000000| Complete 
| 246|0x0000000721200000, 0x0000000721400000, 0x0000000721400000|100%| E|CS|TAMS 0x0000000721200000, 0x0000000721200000| Complete 
| 247|0x0000000721400000, 0x0000000721600000, 0x0000000721600000|100%| E|CS|TAMS 0x0000000721400000, 0x0000000721400000| Complete 
| 248|0x0000000721600000, 0x0000000721800000, 0x0000000721800000|100%| E|CS|TAMS 0x0000000721600000, 0x0000000721600000| Complete 
| 249|0x0000000721800000, 0x0000000721a00000, 0x0000000721a00000|100%| E|CS|TAMS 0x0000000721800000, 0x0000000721800000| Complete 
| 250|0x0000000721a00000, 0x0000000721c00000, 0x0000000721c00000|100%| E|CS|TAMS 0x0000000721a00000, 0x0000000721a00000| Complete 
| 251|0x0000000721c00000, 0x0000000721e00000, 0x0000000721e00000|100%| E|CS|TAMS 0x0000000721c00000, 0x0000000721c00000| Complete 
| 252|0x0000000721e00000, 0x0000000722000000, 0x0000000722000000|100%| E|CS|TAMS 0x0000000721e00000, 0x0000000721e00000| Complete 
| 253|0x0000000722000000, 0x0000000722200000, 0x0000000722200000|100%| E|CS|TAMS 0x0000000722000000, 0x0000000722000000| Complete 
| 254|0x0000000722200000, 0x0000000722400000, 0x0000000722400000|100%| E|CS|TAMS 0x0000000722200000, 0x0000000722200000| Complete 
| 255|0x0000000722400000, 0x0000000722600000, 0x0000000722600000|100%| E|CS|TAMS 0x0000000722400000, 0x0000000722400000| Complete 

Card table byte_map: [0x0000011e298e0000,0x0000011e2a0d0000] _byte_map_base: 0x0000011e260cd000

Marking Bits (Prev, Next): (CMBitMap*) 0x0000011e122e07c0, (CMBitMap*) 0x0000011e122e0780
 Prev Bits: [0x0000011e2e830000, 0x0000011e32798000)
 Next Bits: [0x0000011e2a8c0000, 0x0000011e2e828000)

Polling page: 0x0000011e11a30000

Metaspace:

Usage:
  Non-class:     28.00 MB used.
      Class:      3.38 MB used.
       Both:     31.38 MB used.

Virtual space:
  Non-class space:       64.00 MB reserved,      28.31 MB ( 44%) committed,  1 nodes.
      Class space:        1.00 GB reserved,       3.62 MB ( <1%) committed,  1 nodes.
             Both:        1.06 GB reserved,      31.94 MB (  3%) committed. 

Chunk freelists:
   Non-Class:  3.16 MB
       Class:  416.00 KB
        Both:  3.56 MB

MaxMetaspaceSize: unlimited
CompressedClassSpaceSize: 1.00 GB
Initial GC threshold: 21.00 MB
Current GC threshold: 35.12 MB
CDS: on
MetaspaceReclaimPolicy: balanced
 - commit_granule_bytes: 65536.
 - commit_granule_words: 8192.
 - virtual_space_node_default_size: 8388608.
 - enlarge_chunks_in_place: 1.
 - new_chunks_are_fully_committed: 0.
 - uncommit_free_chunks: 1.
 - use_allocation_guard: 0.


Internal statistics:

num_allocs_failed_limit: 3.
num_arena_births: 568.
num_arena_deaths: 0.
num_vsnodes_births: 2.
num_vsnodes_deaths: 0.
num_space_committed: 511.
num_space_uncommitted: 0.
num_chunks_returned_to_freelist: 3.
num_chunks_taken_from_freelist: 1730.
num_chunk_merges: 3.
num_chunk_splits: 1205.
num_chunks_enlarged: 886.
num_inconsistent_stats: 0.

CodeHeap 'non-profiled nmethods': size=120000Kb used=5717Kb max_used=5717Kb free=114283Kb
 bounds [0x0000011e21670000, 0x0000011e21c10000, 0x0000011e28ba0000]
CodeHeap 'profiled nmethods': size=120000Kb used=13438Kb max_used=13438Kb free=106561Kb
 bounds [0x0000011e1a140000, 0x0000011e1ae70000, 0x0000011e21670000]
CodeHeap 'non-nmethods': size=5760Kb used=1256Kb max_used=1323Kb free=4503Kb
 bounds [0x0000011e19ba0000, 0x0000011e19e10000, 0x0000011e1a140000]
 total_blobs=7191 nmethods=6632 adapters=471
 compilation: enabled
              stopped_count=0, restarted_count=0
 full_count=0

Compilation events (20 events):
Event: 17.166 Thread 0x0000011e3540a540 7967       1       org.apache.maven.surefire.api.stream.AbstractStreamDecoder$Memento::access$000 (5 bytes)
Event: 17.166 Thread 0x0000011e3540a540 nmethod 7967 0x0000011e21c04190 code [0x0000011e21c04320, 0x0000011e21c043d8]
Event: 17.166 Thread 0x0000011e3540a540 7968       1       org.apache.maven.surefire.api.stream.AbstractStreamDecoder$Memento::getLine (5 bytes)
Event: 17.166 Thread 0x0000011e3540a540 nmethod 7968 0x0000011e21c04490 code [0x0000011e21c04620, 0x0000011e21c046f8]
Event: 17.166 Thread 0x0000011e3540a540 7969       1       org.apache.maven.surefire.api.stream.AbstractStreamDecoder$MalformedFrameException::readFrom (5 bytes)
Event: 17.166 Thread 0x0000011e3540a540 nmethod 7969 0x0000011e21c04790 code [0x0000011e21c04920, 0x0000011e21c049f8]
Event: 17.166 Thread 0x0000011e3540a540 7970       1       org.apache.maven.surefire.api.stream.AbstractStreamDecoder$BufferedStream::getPositionByteBuffer (5 bytes)
Event: 17.166 Thread 0x0000011e3540a540 nmethod 7970 0x0000011e21c04a90 code [0x0000011e21c04c20, 0x0000011e21c04cf8]
Event: 17.166 Thread 0x0000011e3540a540 7971       1       org.apache.maven.surefire.api.stream.AbstractStreamDecoder$MalformedFrameException::readTo (5 bytes)
Event: 17.166 Thread 0x0000011e3540a540 nmethod 7971 0x0000011e21c04d90 code [0x0000011e21c04f20, 0x0000011e21c04ff8]
Event: 17.167 Thread 0x0000011e3540a540 7973  s    1       java.lang.StringBuffer::length (5 bytes)
Event: 17.167 Thread 0x0000011e3540a540 nmethod 7973 0x0000011e21c05090 code [0x0000011e21c05220, 0x0000011e21c05398]
Event: 17.167 Thread 0x0000011e3540a540 7974       3       java.nio.CharBuffer::allocate (20 bytes)
Event: 17.167 Thread 0x0000011e3540a540 nmethod 7974 0x0000011e1ae5a610 code [0x0000011e1ae5a7c0, 0x0000011e1ae5a9d8]
Event: 17.167 Thread 0x0000011e3540a540 7975       3       org.apache.maven.surefire.api.stream.AbstractStreamDecoder::checkDelimiter (38 bytes)
Event: 17.167 Thread 0x0000011e3540a540 nmethod 7975 0x0000011e1ae5ab10 code [0x0000011e1ae5ace0, 0x0000011e1ae5b038]
Event: 17.167 Thread 0x0000011e3540a540 7977   !   3       org.apache.maven.surefire.stream.EventDecoder::decode (399 bytes)
Event: 17.169 Thread 0x0000011e3540a540 nmethod 7977 0x0000011e1ae5b190 code [0x0000011e1ae5b740, 0x0000011e1ae5e608]
Event: 17.169 Thread 0x0000011e3540a540 7976       3       org.apache.maven.surefire.stream.EventDecoder::getEncodedMagicNumber (4 bytes)
Event: 17.169 Thread 0x0000011e3540a540 nmethod 7976 0x0000011e1ae60490 code [0x0000011e1ae60620, 0x0000011e1ae60738]

GC Heap History (20 events):
Event: 0.882 GC heap before
{Heap before GC invocations=1 (full 0):
 garbage-first heap   total 524288K, used 36790K [0x0000000702600000, 0x0000000800000000)
  region size 2048K, 18 young (36864K), 2 survivors (4096K)
 Metaspace       used 10998K, committed 11264K, reserved 1114112K
  class space    used 1320K, committed 1472K, reserved 1048576K
}
Event: 0.885 GC heap after
{Heap after GC invocations=2 (full 0):
 garbage-first heap   total 524288K, used 6319K [0x0000000702600000, 0x0000000800000000)
  region size 2048K, 2 young (4096K), 2 survivors (4096K)
 Metaspace       used 10998K, committed 11264K, reserved 1114112K
  class space    used 1320K, committed 1472K, reserved 1048576K
}
Event: 2.826 GC heap before
{Heap before GC invocations=2 (full 0):
 garbage-first heap   total 524288K, used 313519K [0x0000000702600000, 0x0000000800000000)
  region size 2048K, 153 young (313344K), 2 survivors (4096K)
 Metaspace       used 16357K, committed 16768K, reserved 1114112K
  class space    used 1717K, committed 1920K, reserved 1048576K
}
Event: 2.840 GC heap after
{Heap after GC invocations=3 (full 0):
 garbage-first heap   total 524288K, used 52301K [0x0000000702600000, 0x0000000800000000)
  region size 2048K, 20 young (40960K), 20 survivors (40960K)
 Metaspace       used 16357K, committed 16768K, reserved 1114112K
  class space    used 1717K, committed 1920K, reserved 1048576K
}
Event: 3.166 GC heap before
{Heap before GC invocations=3 (full 0):
 garbage-first heap   total 524288K, used 87117K [0x0000000702600000, 0x0000000800000000)
  region size 2048K, 37 young (75776K), 20 survivors (40960K)
 Metaspace       used 16666K, committed 17088K, reserved 1114112K
  class space    used 1753K, committed 1984K, reserved 1048576K
}
Event: 3.177 GC heap after
{Heap after GC invocations=4 (full 0):
 garbage-first heap   total 524288K, used 59513K [0x0000000702600000, 0x0000000800000000)
  region size 2048K, 4 young (8192K), 4 survivors (8192K)
 Metaspace       used 16666K, committed 17088K, reserved 1114112K
  class space    used 1753K, committed 1984K, reserved 1048576K
}
Event: 6.217 GC heap before
{Heap before GC invocations=4 (full 0):
 garbage-first heap   total 524288K, used 174201K [0x0000000702600000, 0x0000000800000000)
  region size 2048K, 57 young (116736K), 4 survivors (8192K)
 Metaspace       used 18392K, committed 18752K, reserved 1114112K
  class space    used 1909K, committed 2112K, reserved 1048576K
}
Event: 6.223 GC heap after
{Heap after GC invocations=5 (full 0):
 garbage-first heap   total 524288K, used 83749K [0x0000000702600000, 0x0000000800000000)
  region size 2048K, 8 young (16384K), 8 survivors (16384K)
 Metaspace       used 18392K, committed 18752K, reserved 1114112K
  class space    used 1909K, committed 2112K, reserved 1048576K
}
Event: 7.558 GC heap before
{Heap before GC invocations=5 (full 0):
 garbage-first heap   total 524288K, used 245541K [0x0000000702600000, 0x0000000800000000)
  region size 2048K, 87 young (178176K), 8 survivors (16384K)
 Metaspace       used 18766K, committed 19136K, reserved 1114112K
  class space    used 1948K, committed 2112K, reserved 1048576K
}
Event: 7.569 GC heap after
{Heap after GC invocations=6 (full 0):
 garbage-first heap   total 524288K, used 108544K [0x0000000702600000, 0x0000000800000000)
  region size 2048K, 11 young (22528K), 11 survivors (22528K)
 Metaspace       used 18766K, committed 19136K, reserved 1114112K
  class space    used 1948K, committed 2112K, reserved 1048576K
}
Event: 11.576 GC heap before
{Heap before GC invocations=6 (full 0):
 garbage-first heap   total 524288K, used 192512K [0x0000000702600000, 0x0000000800000000)
  region size 2048K, 52 young (106496K), 11 survivors (22528K)
 Metaspace       used 21048K, committed 21504K, reserved 1114112K
  class space    used 2198K, committed 2432K, reserved 1048576K
}
Event: 11.590 GC heap after
{Heap after GC invocations=7 (full 0):
 garbage-first heap   total 524288K, used 136341K [0x0000000702600000, 0x0000000800000000)
  region size 2048K, 12 young (24576K), 12 survivors (24576K)
 Metaspace       used 21048K, committed 21504K, reserved 1114112K
  class space    used 2198K, committed 2432K, reserved 1048576K
}
Event: 12.501 GC heap before
{Heap before GC invocations=8 (full 0):
 garbage-first heap   total 524288K, used 285845K [0x0000000702600000, 0x0000000800000000)
  region size 2048K, 84 young (172032K), 12 survivors (24576K)
 Metaspace       used 29028K, committed 29568K, reserved 1114112K
  class space    used 3156K, committed 3392K, reserved 1048576K
}
Event: 12.513 GC heap after
{Heap after GC invocations=9 (full 0):
 garbage-first heap   total 524288K, used 160464K [0x0000000702600000, 0x0000000800000000)
  region size 2048K, 11 young (22528K), 11 survivors (22528K)
 Metaspace       used 29028K, committed 29568K, reserved 1114112K
  class space    used 3156K, committed 3392K, reserved 1048576K
}
Event: 12.973 GC heap before
{Heap before GC invocations=9 (full 0):
 garbage-first heap   total 524288K, used 338640K [0x0000000702600000, 0x0000000800000000)
  region size 2048K, 97 young (198656K), 11 survivors (22528K)
 Metaspace       used 29067K, committed 29568K, reserved 1114112K
  class space    used 3157K, committed 3392K, reserved 1048576K
}
Event: 12.985 GC heap after
{Heap after GC invocations=10 (full 0):
 garbage-first heap   total 524288K, used 183034K [0x0000000702600000, 0x0000000800000000)
  region size 2048K, 13 young (26624K), 13 survivors (26624K)
 Metaspace       used 29067K, committed 29568K, reserved 1114112K
  class space    used 3157K, committed 3392K, reserved 1048576K
}
Event: 13.310 GC heap before
{Heap before GC invocations=10 (full 0):
 garbage-first heap   total 524288K, used 355066K [0x0000000702600000, 0x0000000800000000)
  region size 2048K, 96 young (196608K), 13 survivors (26624K)
 Metaspace       used 29096K, committed 29632K, reserved 1114112K
  class space    used 3157K, committed 3392K, reserved 1048576K
}
Event: 13.323 GC heap after
{Heap after GC invocations=11 (full 0):
 garbage-first heap   total 524288K, used 223579K [0x0000000702600000, 0x0000000800000000)
  region size 2048K, 12 young (24576K), 12 survivors (24576K)
 Metaspace       used 29096K, committed 29632K, reserved 1114112K
  class space    used 3157K, committed 3392K, reserved 1048576K
}
Event: 13.958 GC heap before
{Heap before GC invocations=11 (full 0):
 garbage-first heap   total 524288K, used 377179K [0x0000000702600000, 0x0000000800000000)
  region size 2048K, 83 young (169984K), 12 survivors (24576K)
 Metaspace       used 29326K, committed 29888K, reserved 1114112K
  class space    used 3166K, committed 3392K, reserved 1048576K
}
Event: 13.968 GC heap after
{Heap after GC invocations=12 (full 0):
 garbage-first heap   total 524288K, used 261996K [0x0000000702600000, 0x0000000800000000)
  region size 2048K, 11 young (22528K), 11 survivors (22528K)
 Metaspace       used 29326K, committed 29888K, reserved 1114112K
  class space    used 3166K, committed 3392K, reserved 1048576K
}

Deoptimization events (20 events):
Event: 15.452 Thread 0x0000011e3c449100 DEOPT PACKING pc=0x0000011e217cffc4 sp=0x00000001031ff100
Event: 15.452 Thread 0x0000011e3c449100 DEOPT UNPACKING pc=0x0000011e19bf23a3 sp=0x00000001031ff0b0 mode 2
Event: 15.452 Thread 0x0000011e3c449100 Uncommon trap: trap_request=0xffffffc6 fr.pc=0x0000011e218ae950 relative=0x0000000000000670
Event: 15.452 Thread 0x0000011e3c449100 Uncommon trap: reason=bimorphic_or_optimized_type_check action=maybe_recompile pc=0x0000011e218ae950 method=java.util.regex.Matcher.getSubSequence(II)Ljava/lang/CharSequence; @ 6 c2
Event: 15.452 Thread 0x0000011e3c449100 DEOPT PACKING pc=0x0000011e218ae950 sp=0x00000001031ff3d0
Event: 15.452 Thread 0x0000011e3c449100 DEOPT UNPACKING pc=0x0000011e19bf23a3 sp=0x00000001031ff330 mode 2
Event: 15.452 Thread 0x0000011e3c449100 Uncommon trap: trap_request=0xffffffc6 fr.pc=0x0000011e217e7244 relative=0x0000000000000224
Event: 15.452 Thread 0x0000011e3c449100 Uncommon trap: reason=bimorphic_or_optimized_type_check action=maybe_recompile pc=0x0000011e217e7244 method=java.util.regex.Matcher.getTextLength()I @ 4 c2
Event: 15.452 Thread 0x0000011e3c449100 DEOPT PACKING pc=0x0000011e217e7244 sp=0x00000001031ff380
Event: 15.452 Thread 0x0000011e3c449100 DEOPT UNPACKING pc=0x0000011e19bf23a3 sp=0x00000001031ff2b0 mode 2
Event: 15.452 Thread 0x0000011e3c449100 Uncommon trap: trap_request=0xffffff45 fr.pc=0x0000011e21ab0da4 relative=0x0000000000000204
Event: 15.452 Thread 0x0000011e3c449100 Uncommon trap: reason=unstable_if action=reinterpret pc=0x0000011e21ab0da4 method=java.util.regex.Matcher.find()Z @ 21 c2
Event: 15.452 Thread 0x0000011e3c449100 DEOPT PACKING pc=0x0000011e21ab0da4 sp=0x00000001031ff3f0
Event: 15.452 Thread 0x0000011e3c449100 DEOPT UNPACKING pc=0x0000011e19bf23a3 sp=0x00000001031ff378 mode 2
Event: 16.144 Thread 0x0000011e3c4478f0 Uncommon trap: trap_request=0xffffffde fr.pc=0x0000011e21b05d94 relative=0x0000000000000274
Event: 16.144 Thread 0x0000011e3c4478f0 Uncommon trap: reason=class_check action=maybe_recompile pc=0x0000011e21b05d94 method=java.util.concurrent.locks.AbstractQueuedSynchronizer.acquireShared(I)V @ 2 c2
Event: 16.144 Thread 0x0000011e3c4478f0 DEOPT PACKING pc=0x0000011e21b05d94 sp=0x00000001033ff520
Event: 16.144 Thread 0x0000011e3c4478f0 DEOPT UNPACKING pc=0x0000011e19bf23a3 sp=0x00000001033ff4f8 mode 2
Event: 16.144 Thread 0x0000011e3c4478f0 DEOPT PACKING pc=0x0000011e1a42c739 sp=0x00000001033ff4d0
Event: 16.144 Thread 0x0000011e3c4478f0 DEOPT UNPACKING pc=0x0000011e19bf2b43 sp=0x00000001033fe928 mode 3

Classes loaded (20 events):
Event: 15.389 Loading class java/lang/ProcessImpl
Event: 15.389 Loading class java/lang/ProcessImpl done
Event: 15.396 Loading class java/lang/ProcessImpl$2
Event: 15.396 Loading class java/lang/ProcessImpl$2 done
Event: 15.396 Loading class java/lang/Process$PipeInputStream
Event: 15.396 Loading class java/lang/Process$PipeInputStream done
Event: 15.397 Loading class jdk/internal/event/ProcessStartEvent
Event: 15.397 Loading class jdk/internal/event/Event
Event: 15.397 Loading class jdk/internal/event/Event done
Event: 15.397 Loading class jdk/internal/event/ProcessStartEvent done
Event: 15.399 Loading class java/nio/channels/NonReadableChannelException
Event: 15.399 Loading class java/nio/channels/NonReadableChannelException done
Event: 15.405 Loading class java/util/Scanner
Event: 15.406 Loading class java/util/Scanner done
Event: 15.407 Loading class java/util/Scanner$PatternLRUCache
Event: 15.407 Loading class java/util/Scanner$PatternLRUCache done
Event: 15.452 Loading class java/util/regex/Matcher$ImmutableMatchResult
Event: 15.452 Loading class java/util/regex/Matcher$ImmutableMatchResult done
Event: 17.164 Loading class java/util/concurrent/atomic/Striped64$1
Event: 17.164 Loading class java/util/concurrent/atomic/Striped64$1 done

Classes unloaded (0 events):
No events

Classes redefined (0 events):
No events

Internal exceptions (20 events):
Event: 14.249 Thread 0x0000011e12271450 Exception <a 'sun/nio/fs/WindowsException'{0x000000071faa40f0}> (0x000000071faa40f0) 
thrown [s\open\src\hotspot\share\prims\jni.cpp, line 516]
Event: 14.249 Thread 0x0000011e12271450 Exception <a 'sun/nio/fs/WindowsException'{0x000000071faa7d90}> (0x000000071faa7d90) 
thrown [s\open\src\hotspot\share\prims\jni.cpp, line 516]
Event: 14.249 Thread 0x0000011e12271450 Exception <a 'sun/nio/fs/WindowsException'{0x000000071faa80d8}> (0x000000071faa80d8) 
thrown [s\open\src\hotspot\share\prims\jni.cpp, line 516]
Event: 14.249 Thread 0x0000011e12271450 Exception <a 'sun/nio/fs/WindowsException'{0x000000071faa9b58}> (0x000000071faa9b58) 
thrown [s\open\src\hotspot\share\prims\jni.cpp, line 516]
Event: 14.249 Thread 0x0000011e12271450 Exception <a 'sun/nio/fs/WindowsException'{0x000000071faa9f68}> (0x000000071faa9f68) 
thrown [s\open\src\hotspot\share\prims\jni.cpp, line 516]
Event: 14.258 Thread 0x0000011e12271450 Exception <a 'sun/nio/fs/WindowsException'{0x000000071faebfc0}> (0x000000071faebfc0) 
thrown [s\open\src\hotspot\share\prims\jni.cpp, line 516]
Event: 14.258 Thread 0x0000011e12271450 Exception <a 'sun/nio/fs/WindowsException'{0x000000071faec708}> (0x000000071faec708) 
thrown [s\open\src\hotspot\share\prims\jni.cpp, line 516]
Event: 14.258 Thread 0x0000011e12271450 Exception <a 'sun/nio/fs/WindowsException'{0x000000071faeccc8}> (0x000000071faeccc8) 
thrown [s\open\src\hotspot\share\prims\jni.cpp, line 516]
Event: 14.258 Thread 0x0000011e12271450 Exception <a 'sun/nio/fs/WindowsException'{0x000000071faed3f0}> (0x000000071faed3f0) 
thrown [s\open\src\hotspot\share\prims\jni.cpp, line 516]
Event: 14.258 Thread 0x0000011e12271450 Exception <a 'sun/nio/fs/WindowsException'{0x000000071faed6e8}> (0x000000071faed6e8) 
thrown [s\open\src\hotspot\share\prims\jni.cpp, line 516]
Event: 14.258 Thread 0x0000011e12271450 Exception <a 'sun/nio/fs/WindowsException'{0x000000071faee380}> (0x000000071faee380) 
thrown [s\open\src\hotspot\share\prims\jni.cpp, line 516]
Event: 14.261 Thread 0x0000011e12271450 Exception <a 'sun/nio/fs/WindowsException'{0x000000071faf6f48}> (0x000000071faf6f48) 
thrown [s\open\src\hotspot\share\prims\jni.cpp, line 516]
Event: 15.182 Thread 0x0000011e3c449100 Exception <a 'java/lang/NoSuchMethodError'{0x000000071e039738}: 'java.lang.Object java.lang.invoke.DirectMethodHandle$Holder.invokeStatic(java.lang.Object, java.lang.Object, long, java.lang.Object)'> (0x000000071e039738) 
thrown [s\open\src\hotspot\share\interpreter\linkResolver.cpp, line 759]
Event: 15.182 Thread 0x0000011e3c449100 Exception <a 'java/lang/NoSuchMethodError'{0x000000071e03cf20}: 'java.lang.Object java.lang.invoke.DirectMethodHandle$Holder.invokeStaticInit(java.lang.Object, java.lang.Object, long, java.lang.Object)'> (0x000000071e03cf20) 
thrown [s\open\src\hotspot\share\interpreter\linkResolver.cpp, line 759]
Event: 15.183 Thread 0x0000011e3c449100 Exception <a 'java/lang/NoSuchMethodError'{0x000000071e0433b8}: 'java.lang.Object java.lang.invoke.DirectMethodHandle$Holder.newInvokeSpecial(java.lang.Object, java.lang.Object, long)'> (0x000000071e0433b8) 
thrown [s\open\src\hotspot\share\interpreter\linkResolver.cpp, line 759]
Event: 15.183 Thread 0x0000011e3c449100 Exception <a 'java/lang/NoSuchMethodError'{0x000000071e046f30}: 'java.lang.Object java.lang.invoke.Invokers$Holder.linkToTargetMethod(java.lang.Object, long, java.lang.Object)'> (0x000000071e046f30) 
thrown [s\open\src\hotspot\share\interpreter\linkResolver.cpp, line 759]
Event: 15.184 Thread 0x0000011e3c449100 Exception <a 'java/lang/NoSuchMethodError'{0x000000071e04aa30}: 'long java.lang.invoke.DirectMethodHandle$Holder.invokeInterface(java.lang.Object, java.lang.Object)'> (0x000000071e04aa30) 
thrown [s\open\src\hotspot\share\interpreter\linkResolver.cpp, line 759]
Event: 15.184 Thread 0x0000011e3c449100 Exception <a 'java/lang/NoSuchMethodError'{0x000000071e04e390}: 'long java.lang.invoke.DelegatingMethodHandle$Holder.reinvoke_L(java.lang.Object, java.lang.Object)'> (0x000000071e04e390) 
thrown [s\open\src\hotspot\share\interpreter\linkResolver.cpp, line 759]
Event: 15.395 Thread 0x0000011e12271450 Exception <a 'java/lang/NoSuchMethodError'{0x000000071d14ec78}: 'void java.lang.invoke.DirectMethodHandle$Holder.invokeStatic(java.lang.Object, long)'> (0x000000071d14ec78) 
thrown [s\open\src\hotspot\share\interpreter\linkResolver.cpp, line 759]
Event: 15.396 Thread 0x0000011e12271450 Exception <a 'java/lang/NoSuchMethodError'{0x000000071d1541d0}: 'java.lang.Object java.lang.invoke.DirectMethodHandle$Holder.newInvokeSpecial(java.lang.Object, long)'> (0x000000071d1541d0) 
thrown [s\open\src\hotspot\share\interpreter\linkResolver.cpp, line 759]

VM Operations (20 events):
Event: 14.256 Executing VM operation: HandshakeAllThreads
Event: 14.256 Executing VM operation: HandshakeAllThreads done
Event: 14.653 Executing VM operation: HandshakeAllThreads
Event: 14.653 Executing VM operation: HandshakeAllThreads done
Event: 14.656 Executing VM operation: ICBufferFull
Event: 14.656 Executing VM operation: ICBufferFull done
Event: 15.191 Executing VM operation: HandshakeAllThreads
Event: 15.191 Executing VM operation: HandshakeAllThreads done
Event: 15.353 Executing VM operation: HandshakeAllThreads
Event: 15.353 Executing VM operation: HandshakeAllThreads done
Event: 15.360 Executing VM operation: HandshakeAllThreads
Event: 15.360 Executing VM operation: HandshakeAllThreads done
Event: 15.361 Executing VM operation: HandshakeAllThreads
Event: 15.361 Executing VM operation: HandshakeAllThreads done
Event: 15.385 Executing VM operation: HandshakeAllThreads
Event: 15.385 Executing VM operation: HandshakeAllThreads done
Event: 15.397 Executing VM operation: HandshakeAllThreads
Event: 15.397 Executing VM operation: HandshakeAllThreads done
Event: 16.410 Executing VM operation: Cleanup
Event: 16.410 Executing VM operation: Cleanup done

Events (20 events):
Event: 12.493 Thread 0x0000011e3541fbb0 flushing nmethod 0x0000011e1ada2a90
Event: 14.138 Thread 0x0000011e3c3a04a0 Thread exited: 0x0000011e3c3a04a0
Event: 14.210 Thread 0x0000011e3b1c5710 Thread added: 0x0000011e3b1c5710
Event: 14.391 Thread 0x0000011e3b1c5710 Thread exited: 0x0000011e3b1c5710
Event: 14.426 Thread 0x0000011e3d459050 Thread exited: 0x0000011e3d459050
Event: 14.654 Thread 0x0000011e3541fbb0 flushing nmethod 0x0000011e2180d890
Event: 14.654 Thread 0x0000011e3541fbb0 flushing nmethod 0x0000011e218aa310
Event: 14.654 Thread 0x0000011e3541fbb0 flushing nmethod 0x0000011e219a2910
Event: 14.655 Thread 0x0000011e3541fbb0 flushing nmethod 0x0000011e219c0f10
Event: 14.655 Thread 0x0000011e3541fbb0 flushing nmethod 0x0000011e219d4890
Event: 15.174 Thread 0x0000011e3c449100 Thread added: 0x0000011e3c449100
Event: 15.182 Thread 0x0000011e3ce2acb0 Thread added: 0x0000011e3ce2acb0
Event: 15.184 Thread 0x0000011e3c449100 Thread exited: 0x0000011e3c449100
Event: 15.322 Thread 0x0000011e3c448760 Thread added: 0x0000011e3c448760
Event: 15.324 Thread 0x0000011e3c4495d0 Thread added: 0x0000011e3c4495d0
Event: 15.385 Thread 0x0000011e3c448c30 Thread added: 0x0000011e3c448c30
Event: 15.405 Thread 0x0000011e3c449100 Thread added: 0x0000011e3c449100
Event: 15.405 Thread 0x0000011e3c449aa0 Thread added: 0x0000011e3c449aa0
Event: 15.411 Thread 0x0000011e3c4478f0 Thread added: 0x0000011e3c4478f0
Event: 16.977 Thread 0x0000011e3ce2acb0 Thread exited: 0x0000011e3ce2acb0


Dynamic libraries:
0x00007ff60b3b0000 - 0x00007ff60b3be000 	C:\Users\OVERY\.jdks\openjdk-18.0.2.1\bin\java.exe
0x00007ffb1bd30000 - 0x00007ffb1bf47000 	C:\WINDOWS\SYSTEM32\ntdll.dll
0x00007ffb1b380000 - 0x00007ffb1b444000 	C:\WINDOWS\System32\KERNEL32.DLL
0x00007ffb196e0000 - 0x00007ffb19a86000 	C:\WINDOWS\System32\KERNELBASE.dll
0x00007ffb190e0000 - 0x00007ffb191f1000 	C:\WINDOWS\System32\ucrtbase.dll
0x00007ffb15340000 - 0x00007ffb15357000 	C:\Users\OVERY\.jdks\openjdk-18.0.2.1\bin\jli.dll
0x00007ffb15360000 - 0x00007ffb1537a000 	C:\Users\OVERY\.jdks\openjdk-18.0.2.1\bin\VCRUNTIME140.dll
0x00007ffb1b450000 - 0x00007ffb1b5fd000 	C:\WINDOWS\System32\USER32.dll
0x00007ffb0e020000 - 0x00007ffb0e2b3000 	C:\WINDOWS\WinSxS\amd64_microsoft.windows.common-controls_6595b64144ccf1df_6.0.22621.2361_none_2712ced57382f843\COMCTL32.dll
0x00007ffb190b0000 - 0x00007ffb190d6000 	C:\WINDOWS\System32\win32u.dll
0x00007ffb1a880000 - 0x00007ffb1a927000 	C:\WINDOWS\System32\msvcrt.dll
0x00007ffb1a0d0000 - 0x00007ffb1a0f9000 	C:\WINDOWS\System32\GDI32.dll
0x00007ffb19410000 - 0x00007ffb19528000 	C:\WINDOWS\System32\gdi32full.dll
0x00007ffb19200000 - 0x00007ffb1929a000 	C:\WINDOWS\System32\msvcp_win.dll
0x00007ffb1b600000 - 0x00007ffb1b631000 	C:\WINDOWS\System32\IMM32.DLL
0x00007ffb153d0000 - 0x00007ffb153dc000 	C:\Users\OVERY\.jdks\openjdk-18.0.2.1\bin\vcruntime140_1.dll
0x00007ffb0d240000 - 0x00007ffb0d2cd000 	C:\Users\OVERY\.jdks\openjdk-18.0.2.1\bin\msvcp140.dll
0x00007ffadcaf0000 - 0x00007ffadd701000 	C:\Users\OVERY\.jdks\openjdk-18.0.2.1\bin\server\jvm.dll
0x00007ffb1a020000 - 0x00007ffb1a0d0000 	C:\WINDOWS\System32\ADVAPI32.dll
0x00007ffb19db0000 - 0x00007ffb19e56000 	C:\WINDOWS\System32\sechost.dll
0x00007ffb1a9c0000 - 0x00007ffb1aad7000 	C:\WINDOWS\System32\RPCRT4.dll
0x00007ffb1a9b0000 - 0x00007ffb1a9b8000 	C:\WINDOWS\System32\PSAPI.DLL
0x00007ffafd640000 - 0x00007ffafd649000 	C:\WINDOWS\SYSTEM32\WSOCK32.dll
0x00007ffb0bd70000 - 0x00007ffb0bda4000 	C:\WINDOWS\SYSTEM32\WINMM.dll
0x00007ffb12df0000 - 0x00007ffb12dfa000 	C:\WINDOWS\SYSTEM32\VERSION.dll
0x00007ffb1a930000 - 0x00007ffb1a9a1000 	C:\WINDOWS\System32\WS2_32.dll
0x00007ffb18050000 - 0x00007ffb18068000 	C:\WINDOWS\SYSTEM32\kernel.appcore.dll
0x00007ffb15330000 - 0x00007ffb1533a000 	C:\Users\OVERY\.jdks\openjdk-18.0.2.1\bin\jimage.dll
0x00007ffb168a0000 - 0x00007ffb16ace000 	C:\WINDOWS\SYSTEM32\DBGHELP.DLL
0x00007ffb1a410000 - 0x00007ffb1a79a000 	C:\WINDOWS\System32\combase.dll
0x00007ffb1a7a0000 - 0x00007ffb1a877000 	C:\WINDOWS\System32\OLEAUT32.dll
0x00007ffb06850000 - 0x00007ffb06882000 	C:\WINDOWS\SYSTEM32\dbgcore.DLL
0x00007ffb19530000 - 0x00007ffb195aa000 	C:\WINDOWS\System32\bcryptPrimitives.dll
0x00007ffb15310000 - 0x00007ffb1531e000 	C:\Users\OVERY\.jdks\openjdk-18.0.2.1\bin\instrument.dll
0x00007ffb0d210000 - 0x00007ffb0d235000 	C:\Users\OVERY\.jdks\openjdk-18.0.2.1\bin\java.dll
0x00007ffb03930000 - 0x00007ffb03a06000 	C:\Users\OVERY\.jdks\openjdk-18.0.2.1\bin\jsvml.dll
0x00007ffb1ab20000 - 0x00007ffb1b378000 	C:\WINDOWS\System32\SHELL32.dll
0x00007ffb16fc0000 - 0x00007ffb178b2000 	C:\WINDOWS\SYSTEM32\windows.storage.dll
0x00007ffb16e50000 - 0x00007ffb16f8e000 	C:\WINDOWS\SYSTEM32\wintypes.dll
0x00007ffb1b770000 - 0x00007ffb1b863000 	C:\WINDOWS\System32\SHCORE.dll
0x00007ffb19c50000 - 0x00007ffb19cae000 	C:\WINDOWS\System32\shlwapi.dll
0x00007ffb18fe0000 - 0x00007ffb19006000 	C:\WINDOWS\SYSTEM32\profapi.dll
0x00007ffb05650000 - 0x00007ffb05668000 	C:\Users\OVERY\.jdks\openjdk-18.0.2.1\bin\zip.dll
0x00007ffb05690000 - 0x00007ffb056a3000 	C:\Users\OVERY\.jdks\openjdk-18.0.2.1\bin\net.dll
0x00007ffb13310000 - 0x00007ffb13447000 	C:\WINDOWS\SYSTEM32\WINHTTP.dll
0x00007ffb18590000 - 0x00007ffb185f9000 	C:\WINDOWS\system32\mswsock.dll
0x00007ffb05670000 - 0x00007ffb05686000 	C:\Users\OVERY\.jdks\openjdk-18.0.2.1\bin\nio.dll
0x00007ffb0d1e0000 - 0x00007ffb0d1fa000 	C:\Program Files\JetBrains\IntelliJ IDEA 2023.1.2\bin\breakgen64.dll
0x00007ffb0d200000 - 0x00007ffb0d210000 	C:\Users\OVERY\.jdks\openjdk-18.0.2.1\bin\verify.dll
0x00007ffb188b0000 - 0x00007ffb188cb000 	C:\WINDOWS\SYSTEM32\CRYPTSP.dll
0x00007ffb18010000 - 0x00007ffb18045000 	C:\WINDOWS\system32\rsaenh.dll
0x00007ffb18630000 - 0x00007ffb1865c000 	C:\WINDOWS\SYSTEM32\USERENV.dll
0x00007ffb18a50000 - 0x00007ffb18a78000 	C:\WINDOWS\SYSTEM32\bcrypt.dll
0x00007ffb18790000 - 0x00007ffb1879c000 	C:\WINDOWS\SYSTEM32\CRYPTBASE.dll
0x00007ffb17b60000 - 0x00007ffb17b8d000 	C:\WINDOWS\SYSTEM32\IPHLPAPI.DLL
0x00007ffb1aae0000 - 0x00007ffb1aae9000 	C:\WINDOWS\System32\NSI.dll
0x00007ffb13070000 - 0x00007ffb13089000 	C:\WINDOWS\SYSTEM32\dhcpcsvc6.DLL
0x00007ffb13050000 - 0x00007ffb1306f000 	C:\WINDOWS\SYSTEM32\dhcpcsvc.DLL
0x00007ffb17b90000 - 0x00007ffb17c89000 	C:\WINDOWS\SYSTEM32\DNSAPI.dll
0x00007ffb14b60000 - 0x00007ffb14b6a000 	C:\Users\OVERY\AppData\Local\Temp\jansi-1.17.1-4475213251898001548.dll

dbghelp: loaded successfully - version: 4.0.5 - missing functions: none
symbol engine: initialized successfully - sym options: 0x614 - pdb path: .;C:\Users\OVERY\.jdks\openjdk-18.0.2.1\bin;C:\WINDOWS\SYSTEM32;C:\WINDOWS\WinSxS\amd64_microsoft.windows.common-controls_6595b64144ccf1df_6.0.22621.2361_none_2712ced57382f843;C:\Users\OVERY\.jdks\openjdk-18.0.2.1\bin\server;C:\Program Files\JetBrains\IntelliJ IDEA 2023.1.2\bin;C:\Users\OVERY\AppData\Local\Temp

VM Arguments:
jvm_args: -Dmaven.multiModuleProjectDirectory=C:\Users\OVERY\IdeaProjects\fin-app\fin-app-backend -Djansi.passthrough=true -Dmaven.home=C:\Program Files\JetBrains\IntelliJ IDEA 2023.1.2\plugins\maven\lib\maven3 -Dclassworlds.conf=C:\Program Files\JetBrains\IntelliJ IDEA 2023.1.2\plugins\maven\lib\maven3\bin\m2.conf -Dmaven.ext.class.path=C:\Program Files\JetBrains\IntelliJ IDEA 2023.1.2\plugins\maven\lib\maven-event-listener.jar -javaagent:C:\Program Files\JetBrains\IntelliJ IDEA 2023.1.2\lib\idea_rt.jar=51964:C:\Program Files\JetBrains\IntelliJ IDEA 2023.1.2\bin -Dfile.encoding=UTF-8 -Dsun.stdout.encoding=UTF-8 -Dsun.stderr.encoding=UTF-8 -Xms512M 
java_command: org.codehaus.classworlds.Launcher -Didea.version=2023.1.2 clean install
java_class_path (initial): C:\Program Files\JetBrains\IntelliJ IDEA 2023.1.2\plugins\maven\lib\maven3\boot\plexus-classworlds-2.6.0.jar;C:\Program Files\JetBrains\IntelliJ IDEA 2023.1.2\plugins\maven\lib\maven3\boot\plexus-classworlds.license
Launcher Type: SUN_STANDARD

[Global flags]
     intx CICompilerCount                          = 4                                         {product} {ergonomic}
     uint ConcGCThreads                            = 3                                         {product} {ergonomic}
     uint G1ConcRefinementThreads                  = 10                                        {product} {ergonomic}
   size_t G1HeapRegionSize                         = 2097152                                   {product} {ergonomic}
    uintx GCDrainStackTargetSize                   = 64                                        {product} {ergonomic}
   size_t InitialHeapSize                          = 536870912                                 {product} {command line}
   size_t MarkStackSize                            = 4194304                                   {product} {ergonomic}
   size_t MaxHeapSize                              = 4255121408                                {product} {ergonomic}
   size_t MaxNewSize                               = 2552233984                                {product} {ergonomic}
   size_t MinHeapDeltaBytes                        = 2097152                                   {product} {ergonomic}
   size_t MinHeapSize                              = 536870912                                 {product} {command line}
    uintx NonNMethodCodeHeapSize                   = 5839372                                {pd product} {ergonomic}
    uintx NonProfiledCodeHeapSize                  = 122909434                              {pd product} {ergonomic}
    uintx ProfiledCodeHeapSize                     = 122909434                              {pd product} {ergonomic}
    uintx ReservedCodeCacheSize                    = 251658240                              {pd product} {ergonomic}
     bool SegmentedCodeCache                       = true                                      {product} {ergonomic}
   size_t SoftMaxHeapSize                          = 4255121408                             {manageable} {ergonomic}
     bool UseCompressedClassPointers               = true                           {product lp64_product} {ergonomic}
     bool UseCompressedOops                        = true                           {product lp64_product} {ergonomic}
     bool UseG1GC                                  = true                                      {product} {ergonomic}
     bool UseLargePagesIndividualAllocation        = false                                  {pd product} {ergonomic}

Logging:
Log output configuration:
 #0: stdout all=warning uptime,level,tags foldmultilines=false
 #1: stderr all=off uptime,level,tags foldmultilines=false

Environment Variables:
JAVA_HOME=C:\Program Files\Java\jdk-17
_JAVA_OPTIONS=-Xms512M
PATH=C:\Program Files\Common Files\Oracle\Java\javapath;C:\Windows\System32\Wbem;C:\Windows\System32\WindowsPowerShell\v1.0\;C:\Windows\System32\OpenSSH\;C:\Program Files (x86)\NVIDIA Corporation\PhysX\Common;C:\Program Files\NVIDIA Corporation\NVIDIA NvDLISR;C:\Program Files\Git\cmd;C:\Program Files\apache-maven-3.8.6\bin;C:\WINDOWS\system32;C:\WINDOWS;C:\WINDOWS\System32\Wbem;C:\WINDOWS\System32\WindowsPowerShell\v1.0\;C:\WINDOWS\System32\OpenSSH\;C:\Program Files\nodejs\;C:\Program Files\dotnet\;C:\Program Files (x86)\Microsoft Visual Studio\2022\BuildTools\VC\Tools\MSVC\14.30.30705\bin\HostX64\x64;C:\Program Files\Docker\Docker\resources\bin;C:\Program Files\Java\jdk-17\bin;C:\Users\OVERY\AppData\Local\Microsoft\WindowsApps;C:\Users\OVERY\AppData\Local\Programs\Microsoft VS Code\bin;C:\Program Files\JetBrains\IntelliJ IDEA 2023.1.2\bin;;C:\Users\OVERY\AppData\Roaming\npm;C:\Program Files\heroku\bin;C:\Program Files (x86)\Microsoft Visual Studio\2022\BuildTools\VC\Tools\MSVC\14.30.30705\bin\HostX64\x64;
USERNAME=OVERY
OS=Windows_NT
PROCESSOR_IDENTIFIER=Intel64 Family 6 Model 151 Stepping 5, GenuineIntel



---------------  S Y S T E M  ---------------

OS:
 Windows 11 , 64 bit Build 22621 (10.0.22621.2428)
OS uptime: 0 days 0:35 hours
Hyper-V role detected

CPU: total 12 (initial active 12) (6 cores per cpu, 2 threads per core) family 6 model 151 stepping 5 microcode 0x1e, cx8, cmov, fxsr, ht, mmx, 3dnowpref, sse, sse2, sse3, ssse3, sse4.1, sse4.2, popcnt, lzcnt, tsc, tscinvbit, avx, avx2, aes, erms, clmul, bmi1, bmi2, adx, sha, fma, vzeroupper, clflush, clflushopt, clwb, hv, serialize

Memory: 4k page, system-wide physical 16225M (2478M free)
TotalPageFile size 18273M (AvailPageFile size 5M)
current process WorkingSet (physical memory assigned to process): 644M, peak: 706M
current process commit charge ("private bytes"): 703M, peak: 760M

vm_info: OpenJDK 64-Bit Server VM (18.0.2.1+1-1) for windows-amd64 JRE (18.0.2.1+1-1), built on Aug 16 2022 01:44:29 by "mach5one" with MS VC++ 16.8 / 16.9 (VS2019)

END.
