#
# There is insufficient memory for the Java Runtime Environment to continue.
# Native memory allocation (malloc) failed to allocate 891296 bytes for Chunk::new
# Possible reasons:
#   The system is out of physical RAM or swap space
#   The process is running with CompressedOops enabled, and the Java Heap may be blocking the growth of the native heap
# Possible solutions:
#   Reduce memory load on the system
#   Increase physical memory or swap space
#   Check if swap backing store is full
#   Decrease Java heap size (-Xmx/-Xms)
#   Decrease number of Java threads
#   Decrease Java thread stack sizes (-Xss)
#   Set larger code cache with -XX:ReservedCodeCacheSize=
#   JVM is running with Zero Based Compressed Oops mode in which the Java heap is
#     placed in the first 32GB address space. The Java Heap base address is the
#     maximum limit for the native heap growth. Please use -XX:HeapBaseMinAddress
#     to set the Java Heap base and to place the Java Heap above 32GB virtual address.
# This output file may be truncated or incomplete.
#
#  Out of Memory Error (arena.cpp:184), pid=16672, tid=17144
#
# JRE version: OpenJDK Runtime Environment (18.0.2.1+1) (build 18.0.2.1+1-1)
# Java VM: OpenJDK 64-Bit Server VM (18.0.2.1+1-1, mixed mode, sharing, tiered, compressed oops, compressed class ptrs, g1 gc, windows-amd64)
# No core dump will be written. Minidumps are not enabled by default on client versions of Windows
#

---------------  S U M M A R Y ------------

Command Line: -Xms512M C:\Users\OVERY\AppData\Local\Temp\surefire5474371655908614480\surefirebooter-20231114000755991_3.jar C:\Users\OVERY\AppData\Local\Temp\surefire5474371655908614480 2023-11-14T00-07-55_841-jvmRun1 surefire-20231114000755991_1tmp surefire_0-20231114000755991_2tmp

Host: 12th Gen Intel(R) Core(TM) i5-12400F, 12 cores, 15G,  Windows 11 , 64 bit Build 22621 (10.0.22621.2428)
Time: Tue Nov 14 00:07:57 2023  Windows 11 , 64 bit Build 22621 (10.0.22621.2428) elapsed time: 1.713158 seconds (0d 0h 0m 1s)

---------------  T H R E A D  ---------------

Current thread (0x0000020128394b00):  JavaThread "C2 CompilerThread0" daemon [_thread_in_native, id=17144, stack(0x00000021b6300000,0x00000021b6400000)]


Current CompileTask:
C2:   1713 2907   !   4       org.codehaus.plexus.interpolation.StringSearchInterpolator::interpolate (668 bytes)

Stack: [0x00000021b6300000,0x00000021b6400000]
Native frames: (J=compiled Java code, j=interpreted, Vv=VM code, C=native code)
V  [jvm.dll+0x6993aa]
V  [jvm.dll+0x7f46dd]
V  [jvm.dll+0x7f5fee]
V  [jvm.dll+0x7f66a3]
V  [jvm.dll+0x25cf1f]
V  [jvm.dll+0xb8c2f]
V  [jvm.dll+0xb8fa5]
V  [jvm.dll+0x2c7e2f]
V  [jvm.dll+0x5a0d8e]
V  [jvm.dll+0x2388de]
V  [jvm.dll+0x231ea5]
V  [jvm.dll+0x22f3cb]
V  [jvm.dll+0x1ba01c]
V  [jvm.dll+0x23ee0a]
V  [jvm.dll+0x23d0f5]
V  [jvm.dll+0x7a6dd1]
V  [jvm.dll+0x7a120a]
V  [jvm.dll+0x698255]
C  [ucrtbase.dll+0x29363]
C  [KERNEL32.DLL+0x1257d]
C  [ntdll.dll+0x5aa78]


---------------  P R O C E S S  ---------------

Threads class SMR info:
_java_thread_list=0x000002012e4801e0, length=21, elements={
0x00000201051fd5c0, 0x0000020128376710, 0x0000020128377370, 0x000002012838fe00,
0x0000020128390a60, 0x0000020128392570, 0x0000020128392f10, 0x0000020128394b00,
0x000002012839d110, 0x00000201283a6a20, 0x000002012c5fc960, 0x000002012c5fe090,
0x000002012ce46580, 0x000002012d0cc3e0, 0x000002012d2a4a30, 0x000002012d5e7f30,
0x000002012d4a8af0, 0x000002012d4a8fb0, 0x000002012d991da0, 0x000002012db87150,
0x000002012dd56c10
}

Java Threads: ( => current thread )
  0x00000201051fd5c0 JavaThread "main" [_thread_in_Java, id=16992, stack(0x00000021b5600000,0x00000021b5700000)]
  0x0000020128376710 JavaThread "Reference Handler" daemon [_thread_blocked, id=16740, stack(0x00000021b5d00000,0x00000021b5e00000)]
  0x0000020128377370 JavaThread "Finalizer" daemon [_thread_blocked, id=16796, stack(0x00000021b5e00000,0x00000021b5f00000)]
  0x000002012838fe00 JavaThread "Signal Dispatcher" daemon [_thread_blocked, id=16920, stack(0x00000021b5f00000,0x00000021b6000000)]
  0x0000020128390a60 JavaThread "Attach Listener" daemon [_thread_blocked, id=17068, stack(0x00000021b6000000,0x00000021b6100000)]
  0x0000020128392570 JavaThread "Service Thread" daemon [_thread_blocked, id=17072, stack(0x00000021b6100000,0x00000021b6200000)]
  0x0000020128392f10 JavaThread "Monitor Deflation Thread" daemon [_thread_blocked, id=17060, stack(0x00000021b6200000,0x00000021b6300000)]
=>0x0000020128394b00 JavaThread "C2 CompilerThread0" daemon [_thread_in_native, id=17144, stack(0x00000021b6300000,0x00000021b6400000)]
  0x000002012839d110 JavaThread "C1 CompilerThread0" daemon [_thread_blocked, id=17132, stack(0x00000021b6400000,0x00000021b6500000)]
  0x00000201283a6a20 JavaThread "Sweeper thread" daemon [_thread_blocked, id=17136, stack(0x00000021b6500000,0x00000021b6600000)]
  0x000002012c5fc960 JavaThread "Notification Thread" daemon [_thread_blocked, id=16472, stack(0x00000021b6600000,0x00000021b6700000)]
  0x000002012c5fe090 JavaThread "Common-Cleaner" daemon [_thread_blocked, id=16424, stack(0x00000021b6800000,0x00000021b6900000)]
  0x000002012ce46580 JavaThread "surefire-forkedjvm-stream-flusher" daemon [_thread_blocked, id=16676, stack(0x00000021b6900000,0x00000021b6a00000)]
  0x000002012d0cc3e0 JavaThread "surefire-forkedjvm-command-thread" daemon [_thread_in_native, id=16604, stack(0x00000021b6a00000,0x00000021b6b00000)]
  0x000002012d2a4a30 JavaThread "C2 CompilerThread1" daemon [_thread_in_native, id=16504, stack(0x00000021b6b00000,0x00000021b6c00000)]
  0x000002012d5e7f30 JavaThread "Reference Reaper #1" daemon [_thread_blocked, id=16212, stack(0x00000021b6c00000,0x00000021b6d00000)]
  0x000002012d4a8af0 JavaThread "Reference Reaper #2" daemon [_thread_blocked, id=16576, stack(0x00000021b6d00000,0x00000021b6e00000)]
  0x000002012d4a8fb0 JavaThread "Reference Reaper #3" daemon [_thread_blocked, id=16584, stack(0x00000021b6e00000,0x00000021b6f00000)]
  0x000002012d991da0 JavaThread "ForkJoinPool.commonPool-worker-1" daemon [_thread_blocked, id=17240, stack(0x00000021b7900000,0x00000021b7a00000)]
  0x000002012db87150 JavaThread "C2 CompilerThread2" daemon [_thread_in_native, id=17224, stack(0x00000021b7a00000,0x00000021b7b00000)]
  0x000002012dd56c10 JavaThread "Quarkus hang detection timer thread" [_thread_blocked, id=17228, stack(0x00000021b7b00000,0x00000021b7c00000)]

Other Threads:
  0x0000020105286d10 VMThread "VM Thread" [stack: 0x00000021b5c00000,0x00000021b5d00000] [id=16736]
  0x000002012c5fce20 WatcherThread "VM Periodic Task Thread" [stack: 0x00000021b6700000,0x00000021b6800000] [id=16756]
  0x000002010526e6d0 WorkerThread "GC Thread#0" [stack: 0x00000021b5700000,0x00000021b5800000] [id=16884]
  0x000002012d614550 WorkerThread "GC Thread#1" [stack: 0x00000021b6f00000,0x00000021b7000000] [id=17112]
  0x000002012d615270 WorkerThread "GC Thread#2" [stack: 0x00000021b7000000,0x00000021b7100000] [id=17044]
  0x000002012d616230 WorkerThread "GC Thread#3" [stack: 0x00000021b7100000,0x00000021b7200000] [id=17024]
  0x000002012d615510 WorkerThread "GC Thread#4" [stack: 0x00000021b7200000,0x00000021b7300000] [id=17048]
  0x000002012d6157b0 WorkerThread "GC Thread#5" [stack: 0x00000021b7300000,0x00000021b7400000] [id=17028]
  0x000002012d615a50 WorkerThread "GC Thread#6" [stack: 0x00000021b7400000,0x00000021b7500000] [id=16936]
  0x000002012d615cf0 WorkerThread "GC Thread#7" [stack: 0x00000021b7500000,0x00000021b7600000] [id=16888]
  0x000002012d615f90 WorkerThread "GC Thread#8" [stack: 0x00000021b7600000,0x00000021b7700000] [id=16892]
  0x000002012d614a90 WorkerThread "GC Thread#9" [stack: 0x00000021b7700000,0x00000021b7800000] [id=16940]
  0x000002010527f390 ConcurrentGCThread "G1 Main Marker" [stack: 0x00000021b5800000,0x00000021b5900000] [id=2280]
  0x0000020105280520 WorkerThread "G1 Conc#0" [stack: 0x00000021b5900000,0x00000021b5a00000] [id=15972]
  0x0000020128229650 ConcurrentGCThread "G1 Refine#0" [stack: 0x00000021b5a00000,0x00000021b5b00000] [id=8860]
  0x000002012d5cd450 ConcurrentGCThread "G1 Refine#1" [stack: 0x00000021b7800000,0x00000021b7900000] [id=16908]
  0x000002012d972a50 ConcurrentGCThread "G1 Refine#2" [stack: 0x00000021b7c00000,0x00000021b7d00000] [id=17172]
  0x000002012d971c40 ConcurrentGCThread "G1 Refine#3" [stack: 0x00000021b7d00000,0x00000021b7e00000] [id=3996]
  0x000002012d971f10 ConcurrentGCThread "G1 Refine#4" [stack: 0x00000021b7e00000,0x00000021b7f00000] [id=7224]
  0x000002012d971100 ConcurrentGCThread "G1 Refine#5" [stack: 0x00000021b7f00000,0x00000021b8000000] [id=15704]
  0x0000020128229f60 ConcurrentGCThread "G1 Service" [stack: 0x00000021b5b00000,0x00000021b5c00000] [id=15128]

Threads with active compile tasks:
C2 CompilerThread0     1730 2907   !   4       org.codehaus.plexus.interpolation.StringSearchInterpolator::interpolate (668 bytes)
C2 CompilerThread1     1730 3039       4       java.util.regex.Pattern$CharPropertyGreedy::match (160 bytes)
C2 CompilerThread2     1730 3040       4       org.codehaus.plexus.util.xml.pull.MXParser::nextImpl (1203 bytes)

VM state: not at safepoint (normal execution)

VM Mutex/Monitor currently owned by a thread: None

Heap address: 0x0000000702600000, size: 4058 MB, Compressed Oops mode: Zero based, Oop shift amount: 3

CDS archive(s) mapped at: [0x0000000800000000-0x0000000800ba0000-0x0000000800ba0000), size 12189696, SharedBaseAddress: 0x0000000800000000, ArchiveRelocationMode: 0.
Compressed class space mapped at: 0x0000000800c00000-0x0000000840c00000, reserved size: 1073741824
Narrow klass base: 0x0000000800000000, Narrow klass shift: 0, Narrow klass range: 0x100000000

GC Precious Log:
 CardTable entry size: 512
 Card Set container configuration: InlinePtr #cards 4 size 8 Array Of Cards #cards 16 size 48 Howl #buckets 8 coarsen threshold 3686 Howl Bitmap #cards 512 size 80 coarsen threshold 460 Card regions per heap region 1 cards per card region 4096
 CPUs: 12 total, 12 available
 Memory: 16225M
 Large Page Support: Disabled
 NUMA Support: Disabled
 Compressed Oops: Enabled (Zero based)
 Heap Region Size: 2M
 Heap Min Capacity: 512M
 Heap Initial Capacity: 512M
 Heap Max Capacity: 4058M
 Pre-touch: Disabled
 Parallel Workers: 10
 Concurrent Workers: 3
 Concurrent Refinement Workers: 10
 Periodic GC: Disabled

Heap:
 garbage-first heap   total 524288K, used 53542K [0x0000000702600000, 0x0000000800000000)
  region size 2048K, 20 young (40960K), 4 survivors (8192K)
 Metaspace       used 16590K, committed 16896K, reserved 1114112K
  class space    used 1974K, committed 2112K, reserved 1048576K

Heap Regions: E=young(eden), S=young(survivor), O=old, HS=humongous(starts), HC=humongous(continues), CS=collection set, F=free, OA=open archive, CA=closed archive, TAMS=top-at-mark-start (previous, next)
|   0|0x0000000702600000, 0x0000000702800000, 0x0000000702800000|100%|HS|  |TAMS 0x0000000702600000, 0x0000000702600000| Complete 
|   1|0x0000000702800000, 0x0000000702a00000, 0x0000000702a00000|100%| O|  |TAMS 0x0000000702800000, 0x0000000702800000| Untracked 
|   2|0x0000000702a00000, 0x0000000702c00000, 0x0000000702c00000|100%| O|  |TAMS 0x0000000702a00000, 0x0000000702a00000| Untracked 
|   3|0x0000000702c00000, 0x0000000702e00000, 0x0000000702e00000|100%| O|  |TAMS 0x0000000702c00000, 0x0000000702c00000| Untracked 
|   4|0x0000000702e00000, 0x0000000703000000, 0x0000000703000000|100%| O|  |TAMS 0x0000000702e00000, 0x0000000702e00000| Untracked 
|   5|0x0000000703000000, 0x0000000703200000, 0x0000000703200000|100%| O|  |TAMS 0x0000000703000000, 0x0000000703000000| Untracked 
|   6|0x0000000703200000, 0x0000000703400000, 0x0000000703400000|100%| O|  |TAMS 0x0000000703200000, 0x0000000703200000| Untracked 
|   7|0x0000000703400000, 0x0000000703449800, 0x0000000703600000| 14%| O|  |TAMS 0x0000000703400000, 0x0000000703400000| Untracked 
|   8|0x0000000703600000, 0x0000000703600000, 0x0000000703800000|  0%| F|  |TAMS 0x0000000703600000, 0x0000000703600000| Untracked 
|   9|0x0000000703800000, 0x0000000703800000, 0x0000000703a00000|  0%| F|  |TAMS 0x0000000703800000, 0x0000000703800000| Untracked 
|  10|0x0000000703a00000, 0x0000000703a00000, 0x0000000703c00000|  0%| F|  |TAMS 0x0000000703a00000, 0x0000000703a00000| Untracked 
|  11|0x0000000703c00000, 0x0000000703c00000, 0x0000000703e00000|  0%| F|  |TAMS 0x0000000703c00000, 0x0000000703c00000| Untracked 
|  12|0x0000000703e00000, 0x0000000703e00000, 0x0000000704000000|  0%| F|  |TAMS 0x0000000703e00000, 0x0000000703e00000| Untracked 
|  13|0x0000000704000000, 0x0000000704000000, 0x0000000704200000|  0%| F|  |TAMS 0x0000000704000000, 0x0000000704000000| Untracked 
|  14|0x0000000704200000, 0x0000000704200000, 0x0000000704400000|  0%| F|  |TAMS 0x0000000704200000, 0x0000000704200000| Untracked 
|  15|0x0000000704400000, 0x0000000704400000, 0x0000000704600000|  0%| F|  |TAMS 0x0000000704400000, 0x0000000704400000| Untracked 
|  16|0x0000000704600000, 0x0000000704600000, 0x0000000704800000|  0%| F|  |TAMS 0x0000000704600000, 0x0000000704600000| Untracked 
|  17|0x0000000704800000, 0x0000000704800000, 0x0000000704a00000|  0%| F|  |TAMS 0x0000000704800000, 0x0000000704800000| Untracked 
|  18|0x0000000704a00000, 0x0000000704a00000, 0x0000000704c00000|  0%| F|  |TAMS 0x0000000704a00000, 0x0000000704a00000| Untracked 
|  19|0x0000000704c00000, 0x0000000704c00000, 0x0000000704e00000|  0%| F|  |TAMS 0x0000000704c00000, 0x0000000704c00000| Untracked 
|  20|0x0000000704e00000, 0x0000000704e00000, 0x0000000705000000|  0%| F|  |TAMS 0x0000000704e00000, 0x0000000704e00000| Untracked 
|  21|0x0000000705000000, 0x0000000705000000, 0x0000000705200000|  0%| F|  |TAMS 0x0000000705000000, 0x0000000705000000| Untracked 
|  22|0x0000000705200000, 0x0000000705200000, 0x0000000705400000|  0%| F|  |TAMS 0x0000000705200000, 0x0000000705200000| Untracked 
|  23|0x0000000705400000, 0x0000000705400000, 0x0000000705600000|  0%| F|  |TAMS 0x0000000705400000, 0x0000000705400000| Untracked 
|  24|0x0000000705600000, 0x0000000705600000, 0x0000000705800000|  0%| F|  |TAMS 0x0000000705600000, 0x0000000705600000| Untracked 
|  25|0x0000000705800000, 0x0000000705800000, 0x0000000705a00000|  0%| F|  |TAMS 0x0000000705800000, 0x0000000705800000| Untracked 
|  26|0x0000000705a00000, 0x0000000705a00000, 0x0000000705c00000|  0%| F|  |TAMS 0x0000000705a00000, 0x0000000705a00000| Untracked 
|  27|0x0000000705c00000, 0x0000000705c00000, 0x0000000705e00000|  0%| F|  |TAMS 0x0000000705c00000, 0x0000000705c00000| Untracked 
|  28|0x0000000705e00000, 0x0000000705e00000, 0x0000000706000000|  0%| F|  |TAMS 0x0000000705e00000, 0x0000000705e00000| Untracked 
|  29|0x0000000706000000, 0x0000000706000000, 0x0000000706200000|  0%| F|  |TAMS 0x0000000706000000, 0x0000000706000000| Untracked 
|  30|0x0000000706200000, 0x0000000706200000, 0x0000000706400000|  0%| F|  |TAMS 0x0000000706200000, 0x0000000706200000| Untracked 
|  31|0x0000000706400000, 0x0000000706400000, 0x0000000706600000|  0%| F|  |TAMS 0x0000000706400000, 0x0000000706400000| Untracked 
|  32|0x0000000706600000, 0x0000000706600000, 0x0000000706800000|  0%| F|  |TAMS 0x0000000706600000, 0x0000000706600000| Untracked 
|  33|0x0000000706800000, 0x0000000706800000, 0x0000000706a00000|  0%| F|  |TAMS 0x0000000706800000, 0x0000000706800000| Untracked 
|  34|0x0000000706a00000, 0x0000000706a00000, 0x0000000706c00000|  0%| F|  |TAMS 0x0000000706a00000, 0x0000000706a00000| Untracked 
|  35|0x0000000706c00000, 0x0000000706c00000, 0x0000000706e00000|  0%| F|  |TAMS 0x0000000706c00000, 0x0000000706c00000| Untracked 
|  36|0x0000000706e00000, 0x0000000706e00000, 0x0000000707000000|  0%| F|  |TAMS 0x0000000706e00000, 0x0000000706e00000| Untracked 
|  37|0x0000000707000000, 0x0000000707000000, 0x0000000707200000|  0%| F|  |TAMS 0x0000000707000000, 0x0000000707000000| Untracked 
|  38|0x0000000707200000, 0x0000000707200000, 0x0000000707400000|  0%| F|  |TAMS 0x0000000707200000, 0x0000000707200000| Untracked 
|  39|0x0000000707400000, 0x0000000707400000, 0x0000000707600000|  0%| F|  |TAMS 0x0000000707400000, 0x0000000707400000| Untracked 
|  40|0x0000000707600000, 0x0000000707600000, 0x0000000707800000|  0%| F|  |TAMS 0x0000000707600000, 0x0000000707600000| Untracked 
|  41|0x0000000707800000, 0x0000000707800000, 0x0000000707a00000|  0%| F|  |TAMS 0x0000000707800000, 0x0000000707800000| Untracked 
|  42|0x0000000707a00000, 0x0000000707a00000, 0x0000000707c00000|  0%| F|  |TAMS 0x0000000707a00000, 0x0000000707a00000| Untracked 
|  43|0x0000000707c00000, 0x0000000707c00000, 0x0000000707e00000|  0%| F|  |TAMS 0x0000000707c00000, 0x0000000707c00000| Untracked 
|  44|0x0000000707e00000, 0x0000000707e00000, 0x0000000708000000|  0%| F|  |TAMS 0x0000000707e00000, 0x0000000707e00000| Untracked 
|  45|0x0000000708000000, 0x0000000708000000, 0x0000000708200000|  0%| F|  |TAMS 0x0000000708000000, 0x0000000708000000| Untracked 
|  46|0x0000000708200000, 0x0000000708200000, 0x0000000708400000|  0%| F|  |TAMS 0x0000000708200000, 0x0000000708200000| Untracked 
|  47|0x0000000708400000, 0x0000000708400000, 0x0000000708600000|  0%| F|  |TAMS 0x0000000708400000, 0x0000000708400000| Untracked 
|  48|0x0000000708600000, 0x0000000708600000, 0x0000000708800000|  0%| F|  |TAMS 0x0000000708600000, 0x0000000708600000| Untracked 
|  49|0x0000000708800000, 0x0000000708800000, 0x0000000708a00000|  0%| F|  |TAMS 0x0000000708800000, 0x0000000708800000| Untracked 
|  50|0x0000000708a00000, 0x0000000708a00000, 0x0000000708c00000|  0%| F|  |TAMS 0x0000000708a00000, 0x0000000708a00000| Untracked 
|  51|0x0000000708c00000, 0x0000000708c00000, 0x0000000708e00000|  0%| F|  |TAMS 0x0000000708c00000, 0x0000000708c00000| Untracked 
|  52|0x0000000708e00000, 0x0000000708e00000, 0x0000000709000000|  0%| F|  |TAMS 0x0000000708e00000, 0x0000000708e00000| Untracked 
|  53|0x0000000709000000, 0x0000000709000000, 0x0000000709200000|  0%| F|  |TAMS 0x0000000709000000, 0x0000000709000000| Untracked 
|  54|0x0000000709200000, 0x0000000709200000, 0x0000000709400000|  0%| F|  |TAMS 0x0000000709200000, 0x0000000709200000| Untracked 
|  55|0x0000000709400000, 0x0000000709400000, 0x0000000709600000|  0%| F|  |TAMS 0x0000000709400000, 0x0000000709400000| Untracked 
|  56|0x0000000709600000, 0x0000000709600000, 0x0000000709800000|  0%| F|  |TAMS 0x0000000709600000, 0x0000000709600000| Untracked 
|  57|0x0000000709800000, 0x0000000709800000, 0x0000000709a00000|  0%| F|  |TAMS 0x0000000709800000, 0x0000000709800000| Untracked 
|  58|0x0000000709a00000, 0x0000000709a00000, 0x0000000709c00000|  0%| F|  |TAMS 0x0000000709a00000, 0x0000000709a00000| Untracked 
|  59|0x0000000709c00000, 0x0000000709c00000, 0x0000000709e00000|  0%| F|  |TAMS 0x0000000709c00000, 0x0000000709c00000| Untracked 
|  60|0x0000000709e00000, 0x0000000709e00000, 0x000000070a000000|  0%| F|  |TAMS 0x0000000709e00000, 0x0000000709e00000| Untracked 
|  61|0x000000070a000000, 0x000000070a000000, 0x000000070a200000|  0%| F|  |TAMS 0x000000070a000000, 0x000000070a000000| Untracked 
|  62|0x000000070a200000, 0x000000070a200000, 0x000000070a400000|  0%| F|  |TAMS 0x000000070a200000, 0x000000070a200000| Untracked 
|  63|0x000000070a400000, 0x000000070a400000, 0x000000070a600000|  0%| F|  |TAMS 0x000000070a400000, 0x000000070a400000| Untracked 
|  64|0x000000070a600000, 0x000000070a600000, 0x000000070a800000|  0%| F|  |TAMS 0x000000070a600000, 0x000000070a600000| Untracked 
|  65|0x000000070a800000, 0x000000070a800000, 0x000000070aa00000|  0%| F|  |TAMS 0x000000070a800000, 0x000000070a800000| Untracked 
|  66|0x000000070aa00000, 0x000000070aa00000, 0x000000070ac00000|  0%| F|  |TAMS 0x000000070aa00000, 0x000000070aa00000| Untracked 
|  67|0x000000070ac00000, 0x000000070ac00000, 0x000000070ae00000|  0%| F|  |TAMS 0x000000070ac00000, 0x000000070ac00000| Untracked 
|  68|0x000000070ae00000, 0x000000070ae00000, 0x000000070b000000|  0%| F|  |TAMS 0x000000070ae00000, 0x000000070ae00000| Untracked 
|  69|0x000000070b000000, 0x000000070b000000, 0x000000070b200000|  0%| F|  |TAMS 0x000000070b000000, 0x000000070b000000| Untracked 
|  70|0x000000070b200000, 0x000000070b200000, 0x000000070b400000|  0%| F|  |TAMS 0x000000070b200000, 0x000000070b200000| Untracked 
|  71|0x000000070b400000, 0x000000070b400000, 0x000000070b600000|  0%| F|  |TAMS 0x000000070b400000, 0x000000070b400000| Untracked 
|  72|0x000000070b600000, 0x000000070b600000, 0x000000070b800000|  0%| F|  |TAMS 0x000000070b600000, 0x000000070b600000| Untracked 
|  73|0x000000070b800000, 0x000000070b800000, 0x000000070ba00000|  0%| F|  |TAMS 0x000000070b800000, 0x000000070b800000| Untracked 
|  74|0x000000070ba00000, 0x000000070ba00000, 0x000000070bc00000|  0%| F|  |TAMS 0x000000070ba00000, 0x000000070ba00000| Untracked 
|  75|0x000000070bc00000, 0x000000070bc00000, 0x000000070be00000|  0%| F|  |TAMS 0x000000070bc00000, 0x000000070bc00000| Untracked 
|  76|0x000000070be00000, 0x000000070be00000, 0x000000070c000000|  0%| F|  |TAMS 0x000000070be00000, 0x000000070be00000| Untracked 
|  77|0x000000070c000000, 0x000000070c000000, 0x000000070c200000|  0%| F|  |TAMS 0x000000070c000000, 0x000000070c000000| Untracked 
|  78|0x000000070c200000, 0x000000070c200000, 0x000000070c400000|  0%| F|  |TAMS 0x000000070c200000, 0x000000070c200000| Untracked 
|  79|0x000000070c400000, 0x000000070c400000, 0x000000070c600000|  0%| F|  |TAMS 0x000000070c400000, 0x000000070c400000| Untracked 
|  80|0x000000070c600000, 0x000000070c600000, 0x000000070c800000|  0%| F|  |TAMS 0x000000070c600000, 0x000000070c600000| Untracked 
|  81|0x000000070c800000, 0x000000070c800000, 0x000000070ca00000|  0%| F|  |TAMS 0x000000070c800000, 0x000000070c800000| Untracked 
|  82|0x000000070ca00000, 0x000000070ca00000, 0x000000070cc00000|  0%| F|  |TAMS 0x000000070ca00000, 0x000000070ca00000| Untracked 
|  83|0x000000070cc00000, 0x000000070cc00000, 0x000000070ce00000|  0%| F|  |TAMS 0x000000070cc00000, 0x000000070cc00000| Untracked 
|  84|0x000000070ce00000, 0x000000070ce00000, 0x000000070d000000|  0%| F|  |TAMS 0x000000070ce00000, 0x000000070ce00000| Untracked 
|  85|0x000000070d000000, 0x000000070d000000, 0x000000070d200000|  0%| F|  |TAMS 0x000000070d000000, 0x000000070d000000| Untracked 
|  86|0x000000070d200000, 0x000000070d200000, 0x000000070d400000|  0%| F|  |TAMS 0x000000070d200000, 0x000000070d200000| Untracked 
|  87|0x000000070d400000, 0x000000070d400000, 0x000000070d600000|  0%| F|  |TAMS 0x000000070d400000, 0x000000070d400000| Untracked 
|  88|0x000000070d600000, 0x000000070d600000, 0x000000070d800000|  0%| F|  |TAMS 0x000000070d600000, 0x000000070d600000| Untracked 
|  89|0x000000070d800000, 0x000000070d800000, 0x000000070da00000|  0%| F|  |TAMS 0x000000070d800000, 0x000000070d800000| Untracked 
|  90|0x000000070da00000, 0x000000070da00000, 0x000000070dc00000|  0%| F|  |TAMS 0x000000070da00000, 0x000000070da00000| Untracked 
|  91|0x000000070dc00000, 0x000000070dc00000, 0x000000070de00000|  0%| F|  |TAMS 0x000000070dc00000, 0x000000070dc00000| Untracked 
|  92|0x000000070de00000, 0x000000070de00000, 0x000000070e000000|  0%| F|  |TAMS 0x000000070de00000, 0x000000070de00000| Untracked 
|  93|0x000000070e000000, 0x000000070e000000, 0x000000070e200000|  0%| F|  |TAMS 0x000000070e000000, 0x000000070e000000| Untracked 
|  94|0x000000070e200000, 0x000000070e200000, 0x000000070e400000|  0%| F|  |TAMS 0x000000070e200000, 0x000000070e200000| Untracked 
|  95|0x000000070e400000, 0x000000070e400000, 0x000000070e600000|  0%| F|  |TAMS 0x000000070e400000, 0x000000070e400000| Untracked 
|  96|0x000000070e600000, 0x000000070e600000, 0x000000070e800000|  0%| F|  |TAMS 0x000000070e600000, 0x000000070e600000| Untracked 
|  97|0x000000070e800000, 0x000000070e800000, 0x000000070ea00000|  0%| F|  |TAMS 0x000000070e800000, 0x000000070e800000| Untracked 
|  98|0x000000070ea00000, 0x000000070ea00000, 0x000000070ec00000|  0%| F|  |TAMS 0x000000070ea00000, 0x000000070ea00000| Untracked 
|  99|0x000000070ec00000, 0x000000070ec00000, 0x000000070ee00000|  0%| F|  |TAMS 0x000000070ec00000, 0x000000070ec00000| Untracked 
| 100|0x000000070ee00000, 0x000000070ee00000, 0x000000070f000000|  0%| F|  |TAMS 0x000000070ee00000, 0x000000070ee00000| Untracked 
| 101|0x000000070f000000, 0x000000070f000000, 0x000000070f200000|  0%| F|  |TAMS 0x000000070f000000, 0x000000070f000000| Untracked 
| 102|0x000000070f200000, 0x000000070f200000, 0x000000070f400000|  0%| F|  |TAMS 0x000000070f200000, 0x000000070f200000| Untracked 
| 103|0x000000070f400000, 0x000000070f400000, 0x000000070f600000|  0%| F|  |TAMS 0x000000070f400000, 0x000000070f400000| Untracked 
| 104|0x000000070f600000, 0x000000070f600000, 0x000000070f800000|  0%| F|  |TAMS 0x000000070f600000, 0x000000070f600000| Untracked 
| 105|0x000000070f800000, 0x000000070f800000, 0x000000070fa00000|  0%| F|  |TAMS 0x000000070f800000, 0x000000070f800000| Untracked 
| 106|0x000000070fa00000, 0x000000070fa00000, 0x000000070fc00000|  0%| F|  |TAMS 0x000000070fa00000, 0x000000070fa00000| Untracked 
| 107|0x000000070fc00000, 0x000000070fc00000, 0x000000070fe00000|  0%| F|  |TAMS 0x000000070fc00000, 0x000000070fc00000| Untracked 
| 108|0x000000070fe00000, 0x000000070fe00000, 0x0000000710000000|  0%| F|  |TAMS 0x000000070fe00000, 0x000000070fe00000| Untracked 
| 109|0x0000000710000000, 0x0000000710000000, 0x0000000710200000|  0%| F|  |TAMS 0x0000000710000000, 0x0000000710000000| Untracked 
| 110|0x0000000710200000, 0x0000000710200000, 0x0000000710400000|  0%| F|  |TAMS 0x0000000710200000, 0x0000000710200000| Untracked 
| 111|0x0000000710400000, 0x0000000710400000, 0x0000000710600000|  0%| F|  |TAMS 0x0000000710400000, 0x0000000710400000| Untracked 
| 112|0x0000000710600000, 0x0000000710600000, 0x0000000710800000|  0%| F|  |TAMS 0x0000000710600000, 0x0000000710600000| Untracked 
| 113|0x0000000710800000, 0x0000000710800000, 0x0000000710a00000|  0%| F|  |TAMS 0x0000000710800000, 0x0000000710800000| Untracked 
| 114|0x0000000710a00000, 0x0000000710a00000, 0x0000000710c00000|  0%| F|  |TAMS 0x0000000710a00000, 0x0000000710a00000| Untracked 
| 115|0x0000000710c00000, 0x0000000710c00000, 0x0000000710e00000|  0%| F|  |TAMS 0x0000000710c00000, 0x0000000710c00000| Untracked 
| 116|0x0000000710e00000, 0x0000000710e00000, 0x0000000711000000|  0%| F|  |TAMS 0x0000000710e00000, 0x0000000710e00000| Untracked 
| 117|0x0000000711000000, 0x0000000711000000, 0x0000000711200000|  0%| F|  |TAMS 0x0000000711000000, 0x0000000711000000| Untracked 
| 118|0x0000000711200000, 0x0000000711200000, 0x0000000711400000|  0%| F|  |TAMS 0x0000000711200000, 0x0000000711200000| Untracked 
| 119|0x0000000711400000, 0x0000000711400000, 0x0000000711600000|  0%| F|  |TAMS 0x0000000711400000, 0x0000000711400000| Untracked 
| 120|0x0000000711600000, 0x0000000711600000, 0x0000000711800000|  0%| F|  |TAMS 0x0000000711600000, 0x0000000711600000| Untracked 
| 121|0x0000000711800000, 0x0000000711800000, 0x0000000711a00000|  0%| F|  |TAMS 0x0000000711800000, 0x0000000711800000| Untracked 
| 122|0x0000000711a00000, 0x0000000711a00000, 0x0000000711c00000|  0%| F|  |TAMS 0x0000000711a00000, 0x0000000711a00000| Untracked 
| 123|0x0000000711c00000, 0x0000000711c00000, 0x0000000711e00000|  0%| F|  |TAMS 0x0000000711c00000, 0x0000000711c00000| Untracked 
| 124|0x0000000711e00000, 0x0000000711e00000, 0x0000000712000000|  0%| F|  |TAMS 0x0000000711e00000, 0x0000000711e00000| Untracked 
| 125|0x0000000712000000, 0x0000000712000000, 0x0000000712200000|  0%| F|  |TAMS 0x0000000712000000, 0x0000000712000000| Untracked 
| 126|0x0000000712200000, 0x0000000712200000, 0x0000000712400000|  0%| F|  |TAMS 0x0000000712200000, 0x0000000712200000| Untracked 
| 127|0x0000000712400000, 0x0000000712400000, 0x0000000712600000|  0%| F|  |TAMS 0x0000000712400000, 0x0000000712400000| Untracked 
| 128|0x0000000712600000, 0x0000000712600000, 0x0000000712800000|  0%| F|  |TAMS 0x0000000712600000, 0x0000000712600000| Untracked 
| 129|0x0000000712800000, 0x0000000712800000, 0x0000000712a00000|  0%| F|  |TAMS 0x0000000712800000, 0x0000000712800000| Untracked 
| 130|0x0000000712a00000, 0x0000000712a00000, 0x0000000712c00000|  0%| F|  |TAMS 0x0000000712a00000, 0x0000000712a00000| Untracked 
| 131|0x0000000712c00000, 0x0000000712c00000, 0x0000000712e00000|  0%| F|  |TAMS 0x0000000712c00000, 0x0000000712c00000| Untracked 
| 132|0x0000000712e00000, 0x0000000712e00000, 0x0000000713000000|  0%| F|  |TAMS 0x0000000712e00000, 0x0000000712e00000| Untracked 
| 133|0x0000000713000000, 0x0000000713000000, 0x0000000713200000|  0%| F|  |TAMS 0x0000000713000000, 0x0000000713000000| Untracked 
| 134|0x0000000713200000, 0x0000000713200000, 0x0000000713400000|  0%| F|  |TAMS 0x0000000713200000, 0x0000000713200000| Untracked 
| 135|0x0000000713400000, 0x0000000713400000, 0x0000000713600000|  0%| F|  |TAMS 0x0000000713400000, 0x0000000713400000| Untracked 
| 136|0x0000000713600000, 0x0000000713600000, 0x0000000713800000|  0%| F|  |TAMS 0x0000000713600000, 0x0000000713600000| Untracked 
| 137|0x0000000713800000, 0x0000000713800000, 0x0000000713a00000|  0%| F|  |TAMS 0x0000000713800000, 0x0000000713800000| Untracked 
| 138|0x0000000713a00000, 0x0000000713a00000, 0x0000000713c00000|  0%| F|  |TAMS 0x0000000713a00000, 0x0000000713a00000| Untracked 
| 139|0x0000000713c00000, 0x0000000713c00000, 0x0000000713e00000|  0%| F|  |TAMS 0x0000000713c00000, 0x0000000713c00000| Untracked 
| 140|0x0000000713e00000, 0x0000000713e00000, 0x0000000714000000|  0%| F|  |TAMS 0x0000000713e00000, 0x0000000713e00000| Untracked 
| 141|0x0000000714000000, 0x0000000714000000, 0x0000000714200000|  0%| F|  |TAMS 0x0000000714000000, 0x0000000714000000| Untracked 
| 142|0x0000000714200000, 0x0000000714200000, 0x0000000714400000|  0%| F|  |TAMS 0x0000000714200000, 0x0000000714200000| Untracked 
| 143|0x0000000714400000, 0x0000000714400000, 0x0000000714600000|  0%| F|  |TAMS 0x0000000714400000, 0x0000000714400000| Untracked 
| 144|0x0000000714600000, 0x0000000714600000, 0x0000000714800000|  0%| F|  |TAMS 0x0000000714600000, 0x0000000714600000| Untracked 
| 145|0x0000000714800000, 0x0000000714800000, 0x0000000714a00000|  0%| F|  |TAMS 0x0000000714800000, 0x0000000714800000| Untracked 
| 146|0x0000000714a00000, 0x0000000714a00000, 0x0000000714c00000|  0%| F|  |TAMS 0x0000000714a00000, 0x0000000714a00000| Untracked 
| 147|0x0000000714c00000, 0x0000000714c00000, 0x0000000714e00000|  0%| F|  |TAMS 0x0000000714c00000, 0x0000000714c00000| Untracked 
| 148|0x0000000714e00000, 0x0000000714e00000, 0x0000000715000000|  0%| F|  |TAMS 0x0000000714e00000, 0x0000000714e00000| Untracked 
| 149|0x0000000715000000, 0x0000000715000000, 0x0000000715200000|  0%| F|  |TAMS 0x0000000715000000, 0x0000000715000000| Untracked 
| 150|0x0000000715200000, 0x0000000715200000, 0x0000000715400000|  0%| F|  |TAMS 0x0000000715200000, 0x0000000715200000| Untracked 
| 151|0x0000000715400000, 0x0000000715400000, 0x0000000715600000|  0%| F|  |TAMS 0x0000000715400000, 0x0000000715400000| Untracked 
| 152|0x0000000715600000, 0x0000000715600000, 0x0000000715800000|  0%| F|  |TAMS 0x0000000715600000, 0x0000000715600000| Untracked 
| 153|0x0000000715800000, 0x0000000715800000, 0x0000000715a00000|  0%| F|  |TAMS 0x0000000715800000, 0x0000000715800000| Untracked 
| 154|0x0000000715a00000, 0x0000000715a00000, 0x0000000715c00000|  0%| F|  |TAMS 0x0000000715a00000, 0x0000000715a00000| Untracked 
| 155|0x0000000715c00000, 0x0000000715c00000, 0x0000000715e00000|  0%| F|  |TAMS 0x0000000715c00000, 0x0000000715c00000| Untracked 
| 156|0x0000000715e00000, 0x0000000715e00000, 0x0000000716000000|  0%| F|  |TAMS 0x0000000715e00000, 0x0000000715e00000| Untracked 
| 157|0x0000000716000000, 0x0000000716000000, 0x0000000716200000|  0%| F|  |TAMS 0x0000000716000000, 0x0000000716000000| Untracked 
| 158|0x0000000716200000, 0x0000000716200000, 0x0000000716400000|  0%| F|  |TAMS 0x0000000716200000, 0x0000000716200000| Untracked 
| 159|0x0000000716400000, 0x0000000716400000, 0x0000000716600000|  0%| F|  |TAMS 0x0000000716400000, 0x0000000716400000| Untracked 
| 160|0x0000000716600000, 0x0000000716600000, 0x0000000716800000|  0%| F|  |TAMS 0x0000000716600000, 0x0000000716600000| Untracked 
| 161|0x0000000716800000, 0x0000000716800000, 0x0000000716a00000|  0%| F|  |TAMS 0x0000000716800000, 0x0000000716800000| Untracked 
| 162|0x0000000716a00000, 0x0000000716a00000, 0x0000000716c00000|  0%| F|  |TAMS 0x0000000716a00000, 0x0000000716a00000| Untracked 
| 163|0x0000000716c00000, 0x0000000716c00000, 0x0000000716e00000|  0%| F|  |TAMS 0x0000000716c00000, 0x0000000716c00000| Untracked 
| 164|0x0000000716e00000, 0x0000000716e00000, 0x0000000717000000|  0%| F|  |TAMS 0x0000000716e00000, 0x0000000716e00000| Untracked 
| 165|0x0000000717000000, 0x0000000717000000, 0x0000000717200000|  0%| F|  |TAMS 0x0000000717000000, 0x0000000717000000| Untracked 
| 166|0x0000000717200000, 0x0000000717200000, 0x0000000717400000|  0%| F|  |TAMS 0x0000000717200000, 0x0000000717200000| Untracked 
| 167|0x0000000717400000, 0x0000000717400000, 0x0000000717600000|  0%| F|  |TAMS 0x0000000717400000, 0x0000000717400000| Untracked 
| 168|0x0000000717600000, 0x0000000717600000, 0x0000000717800000|  0%| F|  |TAMS 0x0000000717600000, 0x0000000717600000| Untracked 
| 169|0x0000000717800000, 0x0000000717800000, 0x0000000717a00000|  0%| F|  |TAMS 0x0000000717800000, 0x0000000717800000| Untracked 
| 170|0x0000000717a00000, 0x0000000717a00000, 0x0000000717c00000|  0%| F|  |TAMS 0x0000000717a00000, 0x0000000717a00000| Untracked 
| 171|0x0000000717c00000, 0x0000000717c00000, 0x0000000717e00000|  0%| F|  |TAMS 0x0000000717c00000, 0x0000000717c00000| Untracked 
| 172|0x0000000717e00000, 0x0000000717e00000, 0x0000000718000000|  0%| F|  |TAMS 0x0000000717e00000, 0x0000000717e00000| Untracked 
| 173|0x0000000718000000, 0x0000000718000000, 0x0000000718200000|  0%| F|  |TAMS 0x0000000718000000, 0x0000000718000000| Untracked 
| 174|0x0000000718200000, 0x0000000718200000, 0x0000000718400000|  0%| F|  |TAMS 0x0000000718200000, 0x0000000718200000| Untracked 
| 175|0x0000000718400000, 0x0000000718400000, 0x0000000718600000|  0%| F|  |TAMS 0x0000000718400000, 0x0000000718400000| Untracked 
| 176|0x0000000718600000, 0x0000000718600000, 0x0000000718800000|  0%| F|  |TAMS 0x0000000718600000, 0x0000000718600000| Untracked 
| 177|0x0000000718800000, 0x0000000718800000, 0x0000000718a00000|  0%| F|  |TAMS 0x0000000718800000, 0x0000000718800000| Untracked 
| 178|0x0000000718a00000, 0x0000000718a00000, 0x0000000718c00000|  0%| F|  |TAMS 0x0000000718a00000, 0x0000000718a00000| Untracked 
| 179|0x0000000718c00000, 0x0000000718c00000, 0x0000000718e00000|  0%| F|  |TAMS 0x0000000718c00000, 0x0000000718c00000| Untracked 
| 180|0x0000000718e00000, 0x0000000718e00000, 0x0000000719000000|  0%| F|  |TAMS 0x0000000718e00000, 0x0000000718e00000| Untracked 
| 181|0x0000000719000000, 0x0000000719000000, 0x0000000719200000|  0%| F|  |TAMS 0x0000000719000000, 0x0000000719000000| Untracked 
| 182|0x0000000719200000, 0x0000000719200000, 0x0000000719400000|  0%| F|  |TAMS 0x0000000719200000, 0x0000000719200000| Untracked 
| 183|0x0000000719400000, 0x0000000719400000, 0x0000000719600000|  0%| F|  |TAMS 0x0000000719400000, 0x0000000719400000| Untracked 
| 184|0x0000000719600000, 0x0000000719600000, 0x0000000719800000|  0%| F|  |TAMS 0x0000000719600000, 0x0000000719600000| Untracked 
| 185|0x0000000719800000, 0x0000000719800000, 0x0000000719a00000|  0%| F|  |TAMS 0x0000000719800000, 0x0000000719800000| Untracked 
| 186|0x0000000719a00000, 0x0000000719a00000, 0x0000000719c00000|  0%| F|  |TAMS 0x0000000719a00000, 0x0000000719a00000| Untracked 
| 187|0x0000000719c00000, 0x0000000719c00000, 0x0000000719e00000|  0%| F|  |TAMS 0x0000000719c00000, 0x0000000719c00000| Untracked 
| 188|0x0000000719e00000, 0x0000000719e00000, 0x000000071a000000|  0%| F|  |TAMS 0x0000000719e00000, 0x0000000719e00000| Untracked 
| 189|0x000000071a000000, 0x000000071a000000, 0x000000071a200000|  0%| F|  |TAMS 0x000000071a000000, 0x000000071a000000| Untracked 
| 190|0x000000071a200000, 0x000000071a200000, 0x000000071a400000|  0%| F|  |TAMS 0x000000071a200000, 0x000000071a200000| Untracked 
| 191|0x000000071a400000, 0x000000071a400000, 0x000000071a600000|  0%| F|  |TAMS 0x000000071a400000, 0x000000071a400000| Untracked 
| 192|0x000000071a600000, 0x000000071a600000, 0x000000071a800000|  0%| F|  |TAMS 0x000000071a600000, 0x000000071a600000| Untracked 
| 193|0x000000071a800000, 0x000000071a800000, 0x000000071aa00000|  0%| F|  |TAMS 0x000000071a800000, 0x000000071a800000| Untracked 
| 194|0x000000071aa00000, 0x000000071aa00000, 0x000000071ac00000|  0%| F|  |TAMS 0x000000071aa00000, 0x000000071aa00000| Untracked 
| 195|0x000000071ac00000, 0x000000071ac00000, 0x000000071ae00000|  0%| F|  |TAMS 0x000000071ac00000, 0x000000071ac00000| Untracked 
| 196|0x000000071ae00000, 0x000000071ae00000, 0x000000071b000000|  0%| F|  |TAMS 0x000000071ae00000, 0x000000071ae00000| Untracked 
| 197|0x000000071b000000, 0x000000071b000000, 0x000000071b200000|  0%| F|  |TAMS 0x000000071b000000, 0x000000071b000000| Untracked 
| 198|0x000000071b200000, 0x000000071b200000, 0x000000071b400000|  0%| F|  |TAMS 0x000000071b200000, 0x000000071b200000| Untracked 
| 199|0x000000071b400000, 0x000000071b400000, 0x000000071b600000|  0%| F|  |TAMS 0x000000071b400000, 0x000000071b400000| Untracked 
| 200|0x000000071b600000, 0x000000071b600000, 0x000000071b800000|  0%| F|  |TAMS 0x000000071b600000, 0x000000071b600000| Untracked 
| 201|0x000000071b800000, 0x000000071b800000, 0x000000071ba00000|  0%| F|  |TAMS 0x000000071b800000, 0x000000071b800000| Untracked 
| 202|0x000000071ba00000, 0x000000071ba00000, 0x000000071bc00000|  0%| F|  |TAMS 0x000000071ba00000, 0x000000071ba00000| Untracked 
| 203|0x000000071bc00000, 0x000000071bc00000, 0x000000071be00000|  0%| F|  |TAMS 0x000000071bc00000, 0x000000071bc00000| Untracked 
| 204|0x000000071be00000, 0x000000071be00000, 0x000000071c000000|  0%| F|  |TAMS 0x000000071be00000, 0x000000071be00000| Untracked 
| 205|0x000000071c000000, 0x000000071c000000, 0x000000071c200000|  0%| F|  |TAMS 0x000000071c000000, 0x000000071c000000| Untracked 
| 206|0x000000071c200000, 0x000000071c200000, 0x000000071c400000|  0%| F|  |TAMS 0x000000071c200000, 0x000000071c200000| Untracked 
| 207|0x000000071c400000, 0x000000071c400000, 0x000000071c600000|  0%| F|  |TAMS 0x000000071c400000, 0x000000071c400000| Untracked 
| 208|0x000000071c600000, 0x000000071c600000, 0x000000071c800000|  0%| F|  |TAMS 0x000000071c600000, 0x000000071c600000| Untracked 
| 209|0x000000071c800000, 0x000000071c800000, 0x000000071ca00000|  0%| F|  |TAMS 0x000000071c800000, 0x000000071c800000| Untracked 
| 210|0x000000071ca00000, 0x000000071ca00000, 0x000000071cc00000|  0%| F|  |TAMS 0x000000071ca00000, 0x000000071ca00000| Untracked 
| 211|0x000000071cc00000, 0x000000071cc00000, 0x000000071ce00000|  0%| F|  |TAMS 0x000000071cc00000, 0x000000071cc00000| Untracked 
| 212|0x000000071ce00000, 0x000000071ce00000, 0x000000071d000000|  0%| F|  |TAMS 0x000000071ce00000, 0x000000071ce00000| Untracked 
| 213|0x000000071d000000, 0x000000071d000000, 0x000000071d200000|  0%| F|  |TAMS 0x000000071d000000, 0x000000071d000000| Untracked 
| 214|0x000000071d200000, 0x000000071d200000, 0x000000071d400000|  0%| F|  |TAMS 0x000000071d200000, 0x000000071d200000| Untracked 
| 215|0x000000071d400000, 0x000000071d400000, 0x000000071d600000|  0%| F|  |TAMS 0x000000071d400000, 0x000000071d400000| Untracked 
| 216|0x000000071d600000, 0x000000071d600000, 0x000000071d800000|  0%| F|  |TAMS 0x000000071d600000, 0x000000071d600000| Untracked 
| 217|0x000000071d800000, 0x000000071d800000, 0x000000071da00000|  0%| F|  |TAMS 0x000000071d800000, 0x000000071d800000| Untracked 
| 218|0x000000071da00000, 0x000000071da00000, 0x000000071dc00000|  0%| F|  |TAMS 0x000000071da00000, 0x000000071da00000| Untracked 
| 219|0x000000071dc00000, 0x000000071dc00000, 0x000000071de00000|  0%| F|  |TAMS 0x000000071dc00000, 0x000000071dc00000| Untracked 
| 220|0x000000071de00000, 0x000000071de00000, 0x000000071e000000|  0%| F|  |TAMS 0x000000071de00000, 0x000000071de00000| Untracked 
| 221|0x000000071e000000, 0x000000071e000000, 0x000000071e200000|  0%| F|  |TAMS 0x000000071e000000, 0x000000071e000000| Untracked 
| 222|0x000000071e200000, 0x000000071e400000, 0x000000071e400000|100%| S|CS|TAMS 0x000000071e200000, 0x000000071e200000| Complete 
| 223|0x000000071e400000, 0x000000071e600000, 0x000000071e600000|100%| S|CS|TAMS 0x000000071e400000, 0x000000071e400000| Complete 
| 224|0x000000071e600000, 0x000000071e800000, 0x000000071e800000|100%| S|CS|TAMS 0x000000071e600000, 0x000000071e600000| Complete 
| 225|0x000000071e800000, 0x000000071ea00000, 0x000000071ea00000|100%| S|CS|TAMS 0x000000071e800000, 0x000000071e800000| Complete 
| 226|0x000000071ea00000, 0x000000071ea00000, 0x000000071ec00000|  0%| F|  |TAMS 0x000000071ea00000, 0x000000071ea00000| Untracked 
| 227|0x000000071ec00000, 0x000000071ec00000, 0x000000071ee00000|  0%| F|  |TAMS 0x000000071ec00000, 0x000000071ec00000| Untracked 
| 228|0x000000071ee00000, 0x000000071ee00000, 0x000000071f000000|  0%| F|  |TAMS 0x000000071ee00000, 0x000000071ee00000| Untracked 
| 229|0x000000071f000000, 0x000000071f000000, 0x000000071f200000|  0%| F|  |TAMS 0x000000071f000000, 0x000000071f000000| Untracked 
| 230|0x000000071f200000, 0x000000071f200000, 0x000000071f400000|  0%| F|  |TAMS 0x000000071f200000, 0x000000071f200000| Untracked 
| 231|0x000000071f400000, 0x000000071f400000, 0x000000071f600000|  0%| F|  |TAMS 0x000000071f400000, 0x000000071f400000| Untracked 
| 232|0x000000071f600000, 0x000000071f600000, 0x000000071f800000|  0%| F|  |TAMS 0x000000071f600000, 0x000000071f600000| Untracked 
| 233|0x000000071f800000, 0x000000071f800000, 0x000000071fa00000|  0%| F|  |TAMS 0x000000071f800000, 0x000000071f800000| Untracked 
| 234|0x000000071fa00000, 0x000000071fa00000, 0x000000071fc00000|  0%| F|  |TAMS 0x000000071fa00000, 0x000000071fa00000| Untracked 
| 235|0x000000071fc00000, 0x000000071fc00000, 0x000000071fe00000|  0%| F|  |TAMS 0x000000071fc00000, 0x000000071fc00000| Untracked 
| 236|0x000000071fe00000, 0x000000071fe00000, 0x0000000720000000|  0%| F|  |TAMS 0x000000071fe00000, 0x000000071fe00000| Untracked 
| 237|0x0000000720000000, 0x0000000720000000, 0x0000000720200000|  0%| F|  |TAMS 0x0000000720000000, 0x0000000720000000| Untracked 
| 238|0x0000000720200000, 0x0000000720200000, 0x0000000720400000|  0%| F|  |TAMS 0x0000000720200000, 0x0000000720200000| Untracked 
| 239|0x0000000720400000, 0x00000007204f1ec8, 0x0000000720600000| 47%| E|  |TAMS 0x0000000720400000, 0x0000000720400000| Complete 
| 240|0x0000000720600000, 0x0000000720800000, 0x0000000720800000|100%| E|CS|TAMS 0x0000000720600000, 0x0000000720600000| Complete 
| 241|0x0000000720800000, 0x0000000720a00000, 0x0000000720a00000|100%| E|CS|TAMS 0x0000000720800000, 0x0000000720800000| Complete 
| 242|0x0000000720a00000, 0x0000000720c00000, 0x0000000720c00000|100%| E|CS|TAMS 0x0000000720a00000, 0x0000000720a00000| Complete 
| 243|0x0000000720c00000, 0x0000000720e00000, 0x0000000720e00000|100%| E|CS|TAMS 0x0000000720c00000, 0x0000000720c00000| Complete 
| 244|0x0000000720e00000, 0x0000000721000000, 0x0000000721000000|100%| E|CS|TAMS 0x0000000720e00000, 0x0000000720e00000| Complete 
| 245|0x0000000721000000, 0x0000000721200000, 0x0000000721200000|100%| E|CS|TAMS 0x0000000721000000, 0x0000000721000000| Complete 
| 246|0x0000000721200000, 0x0000000721400000, 0x0000000721400000|100%| E|CS|TAMS 0x0000000721200000, 0x0000000721200000| Complete 
| 247|0x0000000721400000, 0x0000000721600000, 0x0000000721600000|100%| E|CS|TAMS 0x0000000721400000, 0x0000000721400000| Complete 
| 248|0x0000000721600000, 0x0000000721800000, 0x0000000721800000|100%| E|CS|TAMS 0x0000000721600000, 0x0000000721600000| Complete 
| 249|0x0000000721800000, 0x0000000721a00000, 0x0000000721a00000|100%| E|CS|TAMS 0x0000000721800000, 0x0000000721800000| Complete 
| 250|0x0000000721a00000, 0x0000000721c00000, 0x0000000721c00000|100%| E|CS|TAMS 0x0000000721a00000, 0x0000000721a00000| Complete 
| 251|0x0000000721c00000, 0x0000000721e00000, 0x0000000721e00000|100%| E|CS|TAMS 0x0000000721c00000, 0x0000000721c00000| Complete 
| 252|0x0000000721e00000, 0x0000000722000000, 0x0000000722000000|100%| E|CS|TAMS 0x0000000721e00000, 0x0000000721e00000| Complete 
| 253|0x0000000722000000, 0x0000000722200000, 0x0000000722200000|100%| E|CS|TAMS 0x0000000722000000, 0x0000000722000000| Complete 
| 254|0x0000000722200000, 0x0000000722400000, 0x0000000722400000|100%| E|CS|TAMS 0x0000000722200000, 0x0000000722200000| Complete 
| 255|0x0000000722400000, 0x0000000722600000, 0x0000000722600000|100%| E|CS|TAMS 0x0000000722400000, 0x0000000722400000| Complete 

Card table byte_map: [0x000002011c870000,0x000002011d060000] _byte_map_base: 0x000002011905d000

Marking Bits (Prev, Next): (CMBitMap*) 0x000002010526ecd0, (CMBitMap*) 0x000002010526ed10
 Prev Bits: [0x000002011d850000, 0x00000201217b8000)
 Next Bits: [0x00000201217c0000, 0x0000020125728000)

Polling page: 0x0000020103150000

Metaspace:

Usage:
  Non-class:     14.28 MB used.
      Class:      1.93 MB used.
       Both:     16.21 MB used.

Virtual space:
  Non-class space:       64.00 MB reserved,      14.44 MB ( 23%) committed,  1 nodes.
      Class space:        1.00 GB reserved,       2.06 MB ( <1%) committed,  1 nodes.
             Both:        1.06 GB reserved,      16.50 MB (  2%) committed. 

Chunk freelists:
   Non-Class:  722.00 KB
       Class:  1.83 MB
        Both:  2.53 MB

MaxMetaspaceSize: unlimited
CompressedClassSpaceSize: 1.00 GB
Initial GC threshold: 21.00 MB
Current GC threshold: 21.00 MB
CDS: on
MetaspaceReclaimPolicy: balanced
 - commit_granule_bytes: 65536.
 - commit_granule_words: 8192.
 - virtual_space_node_default_size: 8388608.
 - enlarge_chunks_in_place: 1.
 - new_chunks_are_fully_committed: 0.
 - uncommit_free_chunks: 1.
 - use_allocation_guard: 0.


Internal statistics:

num_allocs_failed_limit: 0.
num_arena_births: 416.
num_arena_deaths: 0.
num_vsnodes_births: 2.
num_vsnodes_deaths: 0.
num_space_committed: 264.
num_space_uncommitted: 0.
num_chunks_returned_to_freelist: 0.
num_chunks_taken_from_freelist: 949.
num_chunk_merges: 0.
num_chunk_splits: 626.
num_chunks_enlarged: 452.
num_inconsistent_stats: 0.

CodeHeap 'non-profiled nmethods': size=120000Kb used=1459Kb max_used=1459Kb free=118540Kb
 bounds [0x0000020114600000, 0x0000020114870000, 0x000002011bb30000]
CodeHeap 'profiled nmethods': size=120000Kb used=6202Kb max_used=6202Kb free=113797Kb
 bounds [0x000002010d0d0000, 0x000002010d6e0000, 0x0000020114600000]
CodeHeap 'non-nmethods': size=5760Kb used=1203Kb max_used=1246Kb free=4556Kb
 bounds [0x000002010cb30000, 0x000002010cda0000, 0x000002010d0d0000]
 total_blobs=3553 nmethods=3066 adapters=399
 compilation: enabled
              stopped_count=0, restarted_count=0
 full_count=0

Compilation events (20 events):
Event: 1.708 Thread 0x000002012839d110 3009       1       org.apache.maven.model.Resource::getTargetPath (5 bytes)
Event: 1.708 Thread 0x000002012839d110 nmethod 3009 0x0000020114761c10 code [0x0000020114761da0, 0x0000020114761e78]
Event: 1.708 Thread 0x000002012839d110 3011       3       org.eclipse.aether.repository.RepositoryPolicy::<init> (38 bytes)
Event: 1.709 Thread 0x000002012839d110 nmethod 3011 0x000002010d6c7c10 code [0x000002010d6c7dc0, 0x000002010d6c80b8]
Event: 1.709 Thread 0x000002012839d110 3012       3       org.apache.maven.repository.internal.ArtifactDescriptorUtils::toRepositoryPolicy (52 bytes)
Event: 1.709 Thread 0x000002012839d110 nmethod 3012 0x000002010d6c8190 code [0x000002010d6c8380, 0x000002010d6c8818]
Event: 1.709 Thread 0x000002012839d110 3010       1       org.apache.maven.model.Resource::getFiltering (5 bytes)
Event: 1.709 Thread 0x000002012839d110 nmethod 3010 0x0000020114761f10 code [0x00000201147620a0, 0x0000020114762178]
Event: 1.709 Thread 0x000002012839d110 3013       1       org.eclipse.aether.resolution.ArtifactDescriptorResult::getArtifact (5 bytes)
Event: 1.709 Thread 0x000002012839d110 nmethod 3013 0x0000020114762210 code [0x00000201147623a0, 0x0000020114762478]
Event: 1.709 Thread 0x000002012839d110 3014       1       org.eclipse.aether.resolution.ArtifactDescriptorResult::getRelocations (5 bytes)
Event: 1.709 Thread 0x000002012839d110 nmethod 3014 0x0000020114762510 code [0x00000201147626a0, 0x0000020114762778]
Event: 1.709 Thread 0x000002012839d110 3015       1       org.eclipse.aether.resolution.ArtifactDescriptorResult::getAliases (5 bytes)
Event: 1.709 Thread 0x000002012839d110 nmethod 3015 0x0000020114762810 code [0x00000201147629a0, 0x0000020114762a78]
Event: 1.709 Thread 0x000002012839d110 3016       1       org.eclipse.aether.graph.DefaultDependencyNode::getChildren (5 bytes)
Event: 1.709 Thread 0x000002012839d110 nmethod 3016 0x0000020114762b10 code [0x0000020114762ca0, 0x0000020114762d78]
Event: 1.709 Thread 0x000002012839d110 3017       1       org.eclipse.aether.util.version.GenericVersionConstraint::getRange (5 bytes)
Event: 1.709 Thread 0x000002012839d110 nmethod 3017 0x0000020114762e10 code [0x0000020114762fa0, 0x0000020114763078]
Event: 1.710 Thread 0x000002012839d110 3018       1       java.util.Formatter$FixedString::index (3 bytes)
Event: 1.710 Thread 0x000002012839d110 nmethod 3018 0x0000020114763110 code [0x00000201147632a0, 0x0000020114763378]

GC Heap History (6 events):
Event: 0.530 GC heap before
{Heap before GC invocations=0 (full 0):
 garbage-first heap   total 524288K, used 26624K [0x0000000702600000, 0x0000000800000000)
  region size 2048K, 12 young (24576K), 0 survivors (0K)
 Metaspace       used 4145K, committed 4352K, reserved 1114112K
  class space    used 461K, committed 576K, reserved 1048576K
}
Event: 0.534 GC heap after
{Heap after GC invocations=1 (full 0):
 garbage-first heap   total 524288K, used 11037K [0x0000000702600000, 0x0000000800000000)
  region size 2048K, 2 young (4096K), 2 survivors (4096K)
 Metaspace       used 4145K, committed 4352K, reserved 1114112K
  class space    used 461K, committed 576K, reserved 1048576K
}
Event: 0.897 GC heap before
{Heap before GC invocations=1 (full 0):
 garbage-first heap   total 524288K, used 31517K [0x0000000702600000, 0x0000000800000000)
  region size 2048K, 12 young (24576K), 2 survivors (4096K)
 Metaspace       used 9783K, committed 10048K, reserved 1114112K
  class space    used 1176K, committed 1280K, reserved 1048576K
}
Event: 0.900 GC heap after
{Heap after GC invocations=2 (full 0):
 garbage-first heap   total 524288K, used 12914K [0x0000000702600000, 0x0000000800000000)
  region size 2048K, 1 young (2048K), 1 survivors (2048K)
 Metaspace       used 9783K, committed 10048K, reserved 1114112K
  class space    used 1176K, committed 1280K, reserved 1048576K
}
Event: 1.560 GC heap before
{Heap before GC invocations=2 (full 0):
 garbage-first heap   total 524288K, used 72306K [0x0000000702600000, 0x0000000800000000)
  region size 2048K, 30 young (61440K), 1 survivors (2048K)
 Metaspace       used 16378K, committed 16640K, reserved 1114112K
  class space    used 1973K, committed 2112K, reserved 1048576K
}
Event: 1.565 GC heap after
{Heap after GC invocations=3 (full 0):
 garbage-first heap   total 524288K, used 22822K [0x0000000702600000, 0x0000000800000000)
  region size 2048K, 4 young (8192K), 4 survivors (8192K)
 Metaspace       used 16378K, committed 16640K, reserved 1114112K
  class space    used 1973K, committed 2112K, reserved 1048576K
}

Deoptimization events (20 events):
Event: 1.693 Thread 0x00000201051fd5c0 Uncommon trap: trap_request=0xffffffbe fr.pc=0x000002011475e488 relative=0x0000000000000a48
Event: 1.693 Thread 0x00000201051fd5c0 Uncommon trap: reason=profile_predicate action=maybe_recompile pc=0x000002011475e488 method=java.util.regex.Pattern$CharPropertyGreedy.match(Ljava/util/regex/Matcher;ILjava/lang/CharSequence;)Z @ 15 c2
Event: 1.693 Thread 0x00000201051fd5c0 DEOPT PACKING pc=0x000002011475e488 sp=0x00000021b56fb6d0
Event: 1.693 Thread 0x00000201051fd5c0 DEOPT UNPACKING pc=0x000002010cb823a3 sp=0x00000021b56fb660 mode 2
Event: 1.693 Thread 0x00000201051fd5c0 Uncommon trap: trap_request=0xffffffbe fr.pc=0x000002011475e488 relative=0x0000000000000a48
Event: 1.693 Thread 0x00000201051fd5c0 Uncommon trap: reason=profile_predicate action=maybe_recompile pc=0x000002011475e488 method=java.util.regex.Pattern$CharPropertyGreedy.match(Ljava/util/regex/Matcher;ILjava/lang/CharSequence;)Z @ 15 c2
Event: 1.693 Thread 0x00000201051fd5c0 DEOPT PACKING pc=0x000002011475e488 sp=0x00000021b56fb300
Event: 1.693 Thread 0x00000201051fd5c0 DEOPT UNPACKING pc=0x000002010cb823a3 sp=0x00000021b56fb290 mode 2
Event: 1.693 Thread 0x00000201051fd5c0 Uncommon trap: trap_request=0xffffffbe fr.pc=0x000002011475e488 relative=0x0000000000000a48
Event: 1.693 Thread 0x00000201051fd5c0 Uncommon trap: reason=profile_predicate action=maybe_recompile pc=0x000002011475e488 method=java.util.regex.Pattern$CharPropertyGreedy.match(Ljava/util/regex/Matcher;ILjava/lang/CharSequence;)Z @ 15 c2
Event: 1.693 Thread 0x00000201051fd5c0 DEOPT PACKING pc=0x000002011475e488 sp=0x00000021b56fb300
Event: 1.693 Thread 0x00000201051fd5c0 DEOPT UNPACKING pc=0x000002010cb823a3 sp=0x00000021b56fb290 mode 2
Event: 1.693 Thread 0x00000201051fd5c0 Uncommon trap: trap_request=0xffffffbe fr.pc=0x000002011475e488 relative=0x0000000000000a48
Event: 1.693 Thread 0x00000201051fd5c0 Uncommon trap: reason=profile_predicate action=maybe_recompile pc=0x000002011475e488 method=java.util.regex.Pattern$CharPropertyGreedy.match(Ljava/util/regex/Matcher;ILjava/lang/CharSequence;)Z @ 15 c2
Event: 1.694 Thread 0x00000201051fd5c0 DEOPT PACKING pc=0x000002011475e488 sp=0x00000021b56fb0c0
Event: 1.694 Thread 0x00000201051fd5c0 DEOPT UNPACKING pc=0x000002010cb823a3 sp=0x00000021b56fb070 mode 2
Event: 1.703 Thread 0x00000201051fd5c0 Uncommon trap: trap_request=0xffffff45 fr.pc=0x00000201147161c8 relative=0x0000000000000428
Event: 1.703 Thread 0x00000201051fd5c0 Uncommon trap: reason=unstable_if action=reinterpret pc=0x00000201147161c8 method=org.codehaus.plexus.util.xml.pull.MXParser.nextImpl()I @ 1162 c2
Event: 1.703 Thread 0x00000201051fd5c0 DEOPT PACKING pc=0x00000201147161c8 sp=0x00000021b56fb870
Event: 1.703 Thread 0x00000201051fd5c0 DEOPT UNPACKING pc=0x000002010cb823a3 sp=0x00000021b56fb818 mode 2

Classes loaded (20 events):
Event: 1.285 Loading class java/util/AbstractMap$2
Event: 1.285 Loading class java/util/AbstractMap$2 done
Event: 1.285 Loading class java/util/AbstractMap$2$1
Event: 1.285 Loading class java/util/AbstractMap$2$1 done
Event: 1.306 Loading class sun/nio/fs/WindowsFileSystemProvider$1
Event: 1.306 Loading class sun/nio/fs/WindowsFileSystemProvider$1 done
Event: 1.307 Loading class sun/nio/ch/FileLockImpl
Event: 1.307 Loading class sun/nio/ch/FileLockImpl done
Event: 1.307 Loading class sun/nio/ch/FileLockTable
Event: 1.307 Loading class sun/nio/ch/FileLockTable done
Event: 1.307 Loading class sun/nio/ch/FileKey
Event: 1.307 Loading class sun/nio/ch/FileKey done
Event: 1.307 Loading class sun/nio/ch/FileLockTable$FileLockReference
Event: 1.307 Loading class sun/nio/ch/FileLockTable$FileLockReference done
Event: 1.307 Loading class java/nio/channels/spi/AbstractInterruptibleChannel$1
Event: 1.307 Loading class sun/nio/ch/Interruptible
Event: 1.307 Loading class sun/nio/ch/Interruptible done
Event: 1.307 Loading class java/nio/channels/spi/AbstractInterruptibleChannel$1 done
Event: 1.343 Loading class java/lang/Process
Event: 1.343 Loading class java/lang/Process done

Classes unloaded (0 events):
No events

Classes redefined (0 events):
No events

Internal exceptions (20 events):
Event: 0.903 Thread 0x00000201051fd5c0 Exception <a 'sun/nio/fs/WindowsException'{0x000000072241b6f0}> (0x000000072241b6f0) 
thrown [s\open\src\hotspot\share\prims\jni.cpp, line 516]
Event: 0.909 Thread 0x00000201051fd5c0 Exception <a 'java/lang/NoSuchMethodError'{0x00000007224a18e8}: 'int java.lang.invoke.DirectMethodHandle$Holder.invokeStaticInit(java.lang.Object, java.lang.Object, java.lang.Object, int)'> (0x00000007224a18e8) 
thrown [s\open\src\hotspot\share\interpreter\linkResolver.cpp, line 759]
Event: 1.229 Thread 0x00000201051fd5c0 Exception <a 'java/lang/NoSuchMethodError'{0x0000000720eb1ea8}: 'java.lang.Object java.lang.invoke.Invokers$Holder.invokeExact_MT(java.lang.Object, java.lang.Object, java.lang.Object, java.lang.Object, java.lang.Object)'> (0x0000000720eb1ea8) 
thrown [s\open\src\hotspot\share\interpreter\linkResolver.cpp, line 759]
Event: 1.229 Thread 0x00000201051fd5c0 Exception <a 'java/lang/NoSuchMethodError'{0x0000000720eb6b58}: 'void java.lang.invoke.DirectMethodHandle$Holder.invokeVirtual(java.lang.Object, java.lang.Object)'> (0x0000000720eb6b58) 
thrown [s\open\src\hotspot\share\interpreter\linkResolver.cpp, line 759]
Event: 1.230 Thread 0x00000201051fd5c0 Exception <a 'java/lang/NoSuchMethodError'{0x0000000720ebe640}: 'java.lang.Object java.lang.invoke.DirectMethodHandle$Holder.newInvokeSpecial(java.lang.Object, java.lang.Object, java.lang.Object, java.lang.Object, java.lang.Object, java.lang.Object, java.lang.Object, java.lang.Object)'> (0x0000000720ebe640) 
thrown [s\open\src\hotspot\share\interpreter\linkResolver.cpp, line 759]
Event: 1.230 Thread 0x00000201051fd5c0 Exception <a 'java/lang/NoSuchMethodError'{0x0000000720ec4390}: 'java.lang.Object java.lang.invoke.DirectMethodHandle$Holder.invokeSpecial(java.lang.Object, java.lang.Object, java.lang.Object, java.lang.Object, java.lang.Object, java.lang.Object, java.lang.Object, java.lang.Object, java.lang.Object)'> (0x0000000720ec4390) 
thrown [s\open\src\hotspot\share\interpreter\linkResolver.cpp, line 759]
Event: 1.233 Thread 0x00000201051fd5c0 Exception <a 'java/lang/NoSuchMethodError'{0x0000000720f00b48}: 'java.lang.Object java.lang.invoke.DirectMethodHandle$Holder.newInvokeSpecial(java.lang.Object, java.lang.Object, java.lang.Object, java.lang.Object, java.lang.Object, java.lang.Object, java.lang.Object, java.lang.Object, java.lang.Object, java.lang.Object, java.lang.Object)'> (0x0000000720f00b48) 
thrown [s\open\src\hotspot\share\interpreter\linkResolver.cpp, line 759]
Event: 1.233 Thread 0x00000201051fd5c0 Exception <a 'java/lang/NoSuchMethodError'{0x0000000720f05fd8}: 'java.lang.Object java.lang.invoke.DirectMethodHandle$Holder.invokeSpecial(java.lang.Object, java.lang.Object, java.lang.Object, java.lang.Object, java.lang.Object, java.lang.Object, java.lang.Object, java.lang.Object, java.lang.Object, java.lang.Object, java.lang.Object, java.lang.Object)'> (0x0000000720f05fd8) 
thrown [s\open\src\hotspot\share\interpreter\linkResolver.cpp, line 759]
Event: 1.246 Thread 0x00000201051fd5c0 Exception <a 'java/lang/NoSuchMethodError'{0x0000000720fd50a8}: 'java.lang.Object java.lang.invoke.DirectMethodHandle$Holder.newInvokeSpecial(java.lang.Object, java.lang.Object, java.lang.Object, java.lang.Object, java.lang.Object, java.lang.Object, java.lang.Object, java.lang.Object, java.lang.Object)'> (0x0000000720fd50a8) 
thrown [s\open\src\hotspot\share\interpreter\linkResolver.cpp, line 759]
Event: 1.247 Thread 0x00000201051fd5c0 Exception <a 'java/lang/NoSuchMethodError'{0x0000000720fda640}: 'java.lang.Object java.lang.invoke.DirectMethodHandle$Holder.invokeSpecial(java.lang.Object, java.lang.Object, java.lang.Object, java.lang.Object, java.lang.Object, java.lang.Object, java.lang.Object, java.lang.Object, java.lang.Object, java.lang.Object)'> (0x0000000720fda640) 
thrown [s\open\src\hotspot\share\interpreter\linkResolver.cpp, line 759]
Event: 1.250 Thread 0x00000201051fd5c0 Exception <a 'java/lang/NoSuchMethodError'{0x0000000720c19548}: 'java.lang.Object java.lang.invoke.DirectMethodHandle$Holder.newInvokeSpecial(java.lang.Object, java.lang.Object, java.lang.Object, java.lang.Object, java.lang.Object, java.lang.Object, java.lang.Object, java.lang.Object, java.lang.Object, java.lang.Object, java.lang.Object, java.lang.Object, java.lang.Object)'> (0x0000000720c19548) 
thrown [s\open\src\hotspot\share\interpreter\linkResolver.cpp, line 759]
Event: 1.250 Thread 0x00000201051fd5c0 Exception <a 'java/lang/NoSuchMethodError'{0x0000000720c1ed20}: 'java.lang.Object java.lang.invoke.DirectMethodHandle$Holder.invokeSpecial(java.lang.Object, java.lang.Object, java.lang.Object, java.lang.Object, java.lang.Object, java.lang.Object, java.lang.Object, java.lang.Object, java.lang.Object, java.lang.Object, java.lang.Object, java.lang.Object, java.lang.Object, java.lang.Object)'> (0x0000000720c1ed20) 
thrown [s\open\src\hotspot\share\interpreter\linkResolver.cpp, line 759]
Event: 1.281 Thread 0x00000201051fd5c0 Exception <a 'sun/nio/fs/WindowsException'{0x0000000720a57218}> (0x0000000720a57218) 
thrown [s\open\src\hotspot\share\prims\jni.cpp, line 516]
Event: 1.285 Thread 0x00000201051fd5c0 Exception <a 'sun/nio/fs/WindowsException'{0x0000000720a84868}> (0x0000000720a84868) 
thrown [s\open\src\hotspot\share\prims\jni.cpp, line 516]
Event: 1.288 Thread 0x00000201051fd5c0 Exception <a 'sun/nio/fs/WindowsException'{0x0000000720abd7b8}> (0x0000000720abd7b8) 
thrown [s\open\src\hotspot\share\prims\jni.cpp, line 516]
Event: 1.345 Thread 0x00000201051fd5c0 Exception <a 'sun/nio/fs/WindowsException'{0x00000007204d6bc8}> (0x00000007204d6bc8) 
thrown [s\open\src\hotspot\share\prims\jni.cpp, line 516]
Event: 1.345 Thread 0x00000201051fd5c0 Exception <a 'sun/nio/fs/WindowsException'{0x00000007204d7048}> (0x00000007204d7048) 
thrown [s\open\src\hotspot\share\prims\jni.cpp, line 516]
Event: 1.346 Thread 0x00000201051fd5c0 Exception <a 'sun/nio/fs/WindowsException'{0x00000007204d9780}> (0x00000007204d9780) 
thrown [s\open\src\hotspot\share\prims\jni.cpp, line 516]
Event: 1.347 Thread 0x00000201051fd5c0 Exception <a 'sun/nio/fs/WindowsException'{0x00000007204f5060}> (0x00000007204f5060) 
thrown [s\open\src\hotspot\share\prims\jni.cpp, line 516]
Event: 1.685 Thread 0x00000201051fd5c0 Implicit null exception at 0x00000201146340f2 to 0x00000201146343a4

VM Operations (20 events):
Event: 0.602 Executing VM operation: HandshakeAllThreads
Event: 0.602 Executing VM operation: HandshakeAllThreads done
Event: 0.666 Executing VM operation: HandshakeAllThreads
Event: 0.666 Executing VM operation: HandshakeAllThreads done
Event: 0.672 Executing VM operation: HandshakeAllThreads
Event: 0.672 Executing VM operation: HandshakeAllThreads done
Event: 0.679 Executing VM operation: HandshakeAllThreads
Event: 0.679 Executing VM operation: HandshakeAllThreads done
Event: 0.822 Executing VM operation: HandshakeAllThreads
Event: 0.822 Executing VM operation: HandshakeAllThreads done
Event: 0.897 Executing VM operation: G1CollectForAllocation
Event: 0.900 Executing VM operation: G1CollectForAllocation done
Event: 1.197 Executing VM operation: HandshakeAllThreads
Event: 1.197 Executing VM operation: HandshakeAllThreads done
Event: 1.280 Executing VM operation: HandshakeAllThreads
Event: 1.280 Executing VM operation: HandshakeAllThreads done
Event: 1.362 Executing VM operation: ICBufferFull
Event: 1.362 Executing VM operation: ICBufferFull done
Event: 1.560 Executing VM operation: G1CollectForAllocation
Event: 1.565 Executing VM operation: G1CollectForAllocation done

Events (20 events):
Event: 0.030 Thread 0x000002012c5fc960 Thread added: 0x000002012c5fc960
Event: 0.030 Thread 0x000002012c5fe090 Thread added: 0x000002012c5fe090
Event: 0.033 Loaded shared library C:\Users\OVERY\.jdks\openjdk-18.0.2.1\bin\net.dll
Event: 0.034 Loaded shared library C:\Users\OVERY\.jdks\openjdk-18.0.2.1\bin\nio.dll
Event: 0.036 Loaded shared library C:\Users\OVERY\.jdks\openjdk-18.0.2.1\bin\zip.dll
Event: 0.044 Thread 0x000002012c69a1b0 Thread added: 0x000002012c69a1b0
Event: 0.083 Loaded shared library C:\Users\OVERY\.jdks\openjdk-18.0.2.1\bin\management.dll
Event: 0.085 Loaded shared library C:\Users\OVERY\.jdks\openjdk-18.0.2.1\bin\management_ext.dll
Event: 0.097 Loaded shared library C:\Users\OVERY\.jdks\openjdk-18.0.2.1\bin\jimage.dll
Event: 0.297 Thread 0x000002012c69a1b0 Thread exited: 0x000002012c69a1b0
Event: 0.305 Thread 0x000002012ce46580 Thread added: 0x000002012ce46580
Event: 0.313 Thread 0x000002012d0cc3e0 Thread added: 0x000002012d0cc3e0
Event: 0.371 Thread 0x000002012d2a4a30 Thread added: 0x000002012d2a4a30
Event: 0.405 Thread 0x000002012d5e7f30 Thread added: 0x000002012d5e7f30
Event: 0.405 Thread 0x000002012d4a8af0 Thread added: 0x000002012d4a8af0
Event: 0.405 Thread 0x000002012d4a8fb0 Thread added: 0x000002012d4a8fb0
Event: 0.649 Thread 0x000002012d991da0 Thread added: 0x000002012d991da0
Event: 0.701 Thread 0x000002012db87150 Thread added: 0x000002012db87150
Event: 0.854 Thread 0x000002012dd56c10 Thread added: 0x000002012dd56c10
Event: 0.915 Loaded shared library C:\Users\OVERY\.jdks\openjdk-18.0.2.1\bin\verify.dll


Dynamic libraries:
0x00007ff60b3b0000 - 0x00007ff60b3be000 	C:\Users\OVERY\.jdks\openjdk-18.0.2.1\bin\java.exe
0x00007ffb1bd30000 - 0x00007ffb1bf47000 	C:\WINDOWS\SYSTEM32\ntdll.dll
0x00007ffb1b380000 - 0x00007ffb1b444000 	C:\WINDOWS\System32\KERNEL32.DLL
0x00007ffb196e0000 - 0x00007ffb19a86000 	C:\WINDOWS\System32\KERNELBASE.dll
0x00007ffb190e0000 - 0x00007ffb191f1000 	C:\WINDOWS\System32\ucrtbase.dll
0x00007ffb15360000 - 0x00007ffb1537a000 	C:\Users\OVERY\.jdks\openjdk-18.0.2.1\bin\VCRUNTIME140.dll
0x00007ffb15340000 - 0x00007ffb15357000 	C:\Users\OVERY\.jdks\openjdk-18.0.2.1\bin\jli.dll
0x00007ffb1b450000 - 0x00007ffb1b5fd000 	C:\WINDOWS\System32\USER32.dll
0x00007ffb190b0000 - 0x00007ffb190d6000 	C:\WINDOWS\System32\win32u.dll
0x00007ffb0e020000 - 0x00007ffb0e2b3000 	C:\WINDOWS\WinSxS\amd64_microsoft.windows.common-controls_6595b64144ccf1df_6.0.22621.2361_none_2712ced57382f843\COMCTL32.dll
0x00007ffb1a0d0000 - 0x00007ffb1a0f9000 	C:\WINDOWS\System32\GDI32.dll
0x00007ffb1a880000 - 0x00007ffb1a927000 	C:\WINDOWS\System32\msvcrt.dll
0x00007ffb19410000 - 0x00007ffb19528000 	C:\WINDOWS\System32\gdi32full.dll
0x00007ffb19200000 - 0x00007ffb1929a000 	C:\WINDOWS\System32\msvcp_win.dll
0x00007ffb1b600000 - 0x00007ffb1b631000 	C:\WINDOWS\System32\IMM32.DLL
0x00007ffb153d0000 - 0x00007ffb153dc000 	C:\Users\OVERY\.jdks\openjdk-18.0.2.1\bin\vcruntime140_1.dll
0x00007ffb0d240000 - 0x00007ffb0d2cd000 	C:\Users\OVERY\.jdks\openjdk-18.0.2.1\bin\msvcp140.dll
0x00007ffadcaf0000 - 0x00007ffadd701000 	C:\Users\OVERY\.jdks\openjdk-18.0.2.1\bin\server\jvm.dll
0x00007ffb1a020000 - 0x00007ffb1a0d0000 	C:\WINDOWS\System32\ADVAPI32.dll
0x00007ffb19db0000 - 0x00007ffb19e56000 	C:\WINDOWS\System32\sechost.dll
0x00007ffb1a9c0000 - 0x00007ffb1aad7000 	C:\WINDOWS\System32\RPCRT4.dll
0x00007ffb1a9b0000 - 0x00007ffb1a9b8000 	C:\WINDOWS\System32\PSAPI.DLL
0x00007ffb12df0000 - 0x00007ffb12dfa000 	C:\WINDOWS\SYSTEM32\VERSION.dll
0x00007ffafd640000 - 0x00007ffafd649000 	C:\WINDOWS\SYSTEM32\WSOCK32.dll
0x00007ffb0bd70000 - 0x00007ffb0bda4000 	C:\WINDOWS\SYSTEM32\WINMM.dll
0x00007ffb1a930000 - 0x00007ffb1a9a1000 	C:\WINDOWS\System32\WS2_32.dll
0x00007ffb18050000 - 0x00007ffb18068000 	C:\WINDOWS\SYSTEM32\kernel.appcore.dll
0x00007ffb15330000 - 0x00007ffb1533a000 	C:\Users\OVERY\.jdks\openjdk-18.0.2.1\bin\jimage.dll
0x00007ffb168a0000 - 0x00007ffb16ace000 	C:\WINDOWS\SYSTEM32\DBGHELP.DLL
0x00007ffb1a410000 - 0x00007ffb1a79a000 	C:\WINDOWS\System32\combase.dll
0x00007ffb1a7a0000 - 0x00007ffb1a877000 	C:\WINDOWS\System32\OLEAUT32.dll
0x00007ffb06850000 - 0x00007ffb06882000 	C:\WINDOWS\SYSTEM32\dbgcore.DLL
0x00007ffb19530000 - 0x00007ffb195aa000 	C:\WINDOWS\System32\bcryptPrimitives.dll
0x00007ffb0d210000 - 0x00007ffb0d235000 	C:\Users\OVERY\.jdks\openjdk-18.0.2.1\bin\java.dll
0x00007ffb03930000 - 0x00007ffb03a06000 	C:\Users\OVERY\.jdks\openjdk-18.0.2.1\bin\jsvml.dll
0x00007ffb1ab20000 - 0x00007ffb1b378000 	C:\WINDOWS\System32\SHELL32.dll
0x00007ffb16fc0000 - 0x00007ffb178b2000 	C:\WINDOWS\SYSTEM32\windows.storage.dll
0x00007ffb16e50000 - 0x00007ffb16f8e000 	C:\WINDOWS\SYSTEM32\wintypes.dll
0x00007ffb1b770000 - 0x00007ffb1b863000 	C:\WINDOWS\System32\SHCORE.dll
0x00007ffb19c50000 - 0x00007ffb19cae000 	C:\WINDOWS\System32\shlwapi.dll
0x00007ffb18fe0000 - 0x00007ffb19006000 	C:\WINDOWS\SYSTEM32\profapi.dll
0x00007ffb05690000 - 0x00007ffb056a3000 	C:\Users\OVERY\.jdks\openjdk-18.0.2.1\bin\net.dll
0x00007ffb13310000 - 0x00007ffb13447000 	C:\WINDOWS\SYSTEM32\WINHTTP.dll
0x00007ffb18590000 - 0x00007ffb185f9000 	C:\WINDOWS\system32\mswsock.dll
0x00007ffb05670000 - 0x00007ffb05686000 	C:\Users\OVERY\.jdks\openjdk-18.0.2.1\bin\nio.dll
0x00007ffb05650000 - 0x00007ffb05668000 	C:\Users\OVERY\.jdks\openjdk-18.0.2.1\bin\zip.dll
0x00007ffb14b50000 - 0x00007ffb14b59000 	C:\Users\OVERY\.jdks\openjdk-18.0.2.1\bin\management.dll
0x00007ffaf3df0000 - 0x00007ffaf3dfb000 	C:\Users\OVERY\.jdks\openjdk-18.0.2.1\bin\management_ext.dll
0x00007ffb188b0000 - 0x00007ffb188cb000 	C:\WINDOWS\SYSTEM32\CRYPTSP.dll
0x00007ffb18010000 - 0x00007ffb18045000 	C:\WINDOWS\system32\rsaenh.dll
0x00007ffb18630000 - 0x00007ffb1865c000 	C:\WINDOWS\SYSTEM32\USERENV.dll
0x00007ffb18a50000 - 0x00007ffb18a78000 	C:\WINDOWS\SYSTEM32\bcrypt.dll
0x00007ffb18790000 - 0x00007ffb1879c000 	C:\WINDOWS\SYSTEM32\CRYPTBASE.dll
0x00007ffb17b60000 - 0x00007ffb17b8d000 	C:\WINDOWS\SYSTEM32\IPHLPAPI.DLL
0x00007ffb1aae0000 - 0x00007ffb1aae9000 	C:\WINDOWS\System32\NSI.dll
0x00007ffb13070000 - 0x00007ffb13089000 	C:\WINDOWS\SYSTEM32\dhcpcsvc6.DLL
0x00007ffb13050000 - 0x00007ffb1306f000 	C:\WINDOWS\SYSTEM32\dhcpcsvc.DLL
0x00007ffb17b90000 - 0x00007ffb17c89000 	C:\WINDOWS\SYSTEM32\DNSAPI.dll
0x00007ffb0d200000 - 0x00007ffb0d210000 	C:\Users\OVERY\.jdks\openjdk-18.0.2.1\bin\verify.dll
0x00007ffafa7e0000 - 0x00007ffafa7f7000 	C:\WINDOWS\system32\napinsp.dll
0x00007ffafa7a0000 - 0x00007ffafa7bb000 	C:\WINDOWS\system32\pnrpnsp.dll
0x00007ffafa780000 - 0x00007ffafa791000 	C:\WINDOWS\System32\winrnr.dll
0x00007ffafa760000 - 0x00007ffafa775000 	C:\WINDOWS\system32\wshbth.dll
0x00007ffafa730000 - 0x00007ffafa751000 	C:\WINDOWS\system32\nlansp_c.dll
0x00007ffb11240000 - 0x00007ffb1124a000 	C:\Windows\System32\rasadhlp.dll
0x00007ffb12610000 - 0x00007ffb12694000 	C:\WINDOWS\System32\fwpuclnt.dll

dbghelp: loaded successfully - version: 4.0.5 - missing functions: none
symbol engine: initialized successfully - sym options: 0x614 - pdb path: .;C:\Users\OVERY\.jdks\openjdk-18.0.2.1\bin;C:\WINDOWS\SYSTEM32;C:\WINDOWS\WinSxS\amd64_microsoft.windows.common-controls_6595b64144ccf1df_6.0.22621.2361_none_2712ced57382f843;C:\Users\OVERY\.jdks\openjdk-18.0.2.1\bin\server

VM Arguments:
jvm_args: -Xms512M 
java_command: C:\Users\OVERY\AppData\Local\Temp\surefire5474371655908614480\surefirebooter-20231114000755991_3.jar C:\Users\OVERY\AppData\Local\Temp\surefire5474371655908614480 2023-11-14T00-07-55_841-jvmRun1 surefire-20231114000755991_1tmp surefire_0-20231114000755991_2tmp
java_class_path (initial): C:\Users\OVERY\AppData\Local\Temp\surefire5474371655908614480\surefirebooter-20231114000755991_3.jar
Launcher Type: SUN_STANDARD

[Global flags]
     intx CICompilerCount                          = 4                                         {product} {ergonomic}
     uint ConcGCThreads                            = 3                                         {product} {ergonomic}
     uint G1ConcRefinementThreads                  = 10                                        {product} {ergonomic}
   size_t G1HeapRegionSize                         = 2097152                                   {product} {ergonomic}
    uintx GCDrainStackTargetSize                   = 64                                        {product} {ergonomic}
   size_t InitialHeapSize                          = 536870912                                 {product} {command line}
   size_t MarkStackSize                            = 4194304                                   {product} {ergonomic}
   size_t MaxHeapSize                              = 4255121408                                {product} {ergonomic}
   size_t MaxNewSize                               = 2552233984                                {product} {ergonomic}
   size_t MinHeapDeltaBytes                        = 2097152                                   {product} {ergonomic}
   size_t MinHeapSize                              = 536870912                                 {product} {command line}
    uintx NonNMethodCodeHeapSize                   = 5839372                                {pd product} {ergonomic}
    uintx NonProfiledCodeHeapSize                  = 122909434                              {pd product} {ergonomic}
    uintx ProfiledCodeHeapSize                     = 122909434                              {pd product} {ergonomic}
    uintx ReservedCodeCacheSize                    = 251658240                              {pd product} {ergonomic}
     bool SegmentedCodeCache                       = true                                      {product} {ergonomic}
   size_t SoftMaxHeapSize                          = 4255121408                             {manageable} {ergonomic}
     bool UseCompressedClassPointers               = true                           {product lp64_product} {ergonomic}
     bool UseCompressedOops                        = true                           {product lp64_product} {ergonomic}
     bool UseG1GC                                  = true                                      {product} {ergonomic}
     bool UseLargePagesIndividualAllocation        = false                                  {pd product} {ergonomic}

Logging:
Log output configuration:
 #0: stdout all=warning uptime,level,tags foldmultilines=false
 #1: stderr all=off uptime,level,tags foldmultilines=false

Environment Variables:
JAVA_HOME=C:\Program Files\Java\jdk-17
_JAVA_OPTIONS=-Xms512M
PATH=C:\Program Files\Common Files\Oracle\Java\javapath;C:\Windows\System32\Wbem;C:\Windows\System32\WindowsPowerShell\v1.0\;C:\Windows\System32\OpenSSH\;C:\Program Files (x86)\NVIDIA Corporation\PhysX\Common;C:\Program Files\NVIDIA Corporation\NVIDIA NvDLISR;C:\Program Files\Git\cmd;C:\Program Files\apache-maven-3.8.6\bin;C:\WINDOWS\system32;C:\WINDOWS;C:\WINDOWS\System32\Wbem;C:\WINDOWS\System32\WindowsPowerShell\v1.0\;C:\WINDOWS\System32\OpenSSH\;C:\Program Files\nodejs\;C:\Program Files\dotnet\;C:\Program Files (x86)\Microsoft Visual Studio\2022\BuildTools\VC\Tools\MSVC\14.30.30705\bin\HostX64\x64;C:\Program Files\Docker\Docker\resources\bin;C:\Program Files\Java\jdk-17\bin;C:\Users\OVERY\AppData\Local\Microsoft\WindowsApps;C:\Users\OVERY\AppData\Local\Programs\Microsoft VS Code\bin;C:\Program Files\JetBrains\IntelliJ IDEA 2023.1.2\bin;;C:\Users\OVERY\AppData\Roaming\npm;C:\Program Files\heroku\bin;C:\Program Files (x86)\Microsoft Visual Studio\2022\BuildTools\VC\Tools\MSVC\14.30.30705\bin\HostX64\x64;
USERNAME=OVERY
OS=Windows_NT
PROCESSOR_IDENTIFIER=Intel64 Family 6 Model 151 Stepping 5, GenuineIntel



---------------  S Y S T E M  ---------------

OS:
 Windows 11 , 64 bit Build 22621 (10.0.22621.2428)
OS uptime: 0 days 0:35 hours
Hyper-V role detected

CPU: total 12 (initial active 12) (6 cores per cpu, 2 threads per core) family 6 model 151 stepping 5 microcode 0x1e, cx8, cmov, fxsr, ht, mmx, 3dnowpref, sse, sse2, sse3, ssse3, sse4.1, sse4.2, popcnt, lzcnt, tsc, tscinvbit, avx, avx2, aes, erms, clmul, bmi1, bmi2, adx, sha, fma, vzeroupper, clflush, clflushopt, clwb, hv, serialize

Memory: 4k page, system-wide physical 16225M (2478M free)
TotalPageFile size 18273M (AvailPageFile size 5M)
current process WorkingSet (physical memory assigned to process): 175M, peak: 175M
current process commit charge ("private bytes"): 668M, peak: 668M

vm_info: OpenJDK 64-Bit Server VM (18.0.2.1+1-1) for windows-amd64 JRE (18.0.2.1+1-1), built on Aug 16 2022 01:44:29 by "mach5one" with MS VC++ 16.8 / 16.9 (VS2019)

END.
